{"C:\\Users\\canto\\Documents\\ale\\SUPSI\\Bachelor\\Tesi\\MLSmartPhysio_platform\\Frontend\\src\\AtomicComponents\\Header.jsx": {"path":"C:\\Users\\canto\\Documents\\ale\\SUPSI\\Bachelor\\Tesi\\MLSmartPhysio_platform\\Frontend\\src\\AtomicComponents\\Header.jsx","statementMap":{"0":{"start":{"line":4,"column":15},"end":{"line":14,"column":1}},"1":{"start":{"line":5,"column":4},"end":{"line":13,"column":6}}},"fnMap":{"0":{"name":"(anonymous_0)","decl":{"start":{"line":4,"column":15},"end":{"line":4,"column":16}},"loc":{"start":{"line":4,"column":21},"end":{"line":14,"column":1}},"line":4}},"branchMap":{"0":{"loc":{"start":{"line":9,"column":23},"end":{"line":9,"column":75}},"type":"binary-expr","locations":[{"start":{"line":9,"column":23},"end":{"line":9,"column":57}},{"start":{"line":9,"column":61},"end":{"line":9,"column":75}}],"line":9}},"s":{"0":1,"1":5},"f":{"0":5},"b":{"0":[5,5]},"_coverageSchema":"1a1c01bbd47fc00a2c39e90264f33305004495a9","hash":"2b3e10e1b53a9b6569867e4ae912d5d4a566d551"}
,"C:\\Users\\canto\\Documents\\ale\\SUPSI\\Bachelor\\Tesi\\MLSmartPhysio_platform\\Frontend\\src\\AtomicComponents\\MessageHandlerModel.jsx": {"path":"C:\\Users\\canto\\Documents\\ale\\SUPSI\\Bachelor\\Tesi\\MLSmartPhysio_platform\\Frontend\\src\\AtomicComponents\\MessageHandlerModel.jsx","statementMap":{"0":{"start":{"line":4,"column":28},"end":{"line":19,"column":1}},"1":{"start":{"line":5,"column":4},"end":{"line":10,"column":22}},"2":{"start":{"line":6,"column":22},"end":{"line":8,"column":16}},"3":{"start":{"line":7,"column":12},"end":{"line":7,"column":35}},"4":{"start":{"line":7,"column":25},"end":{"line":7,"column":35}},"5":{"start":{"line":9,"column":8},"end":{"line":9,"column":41}},"6":{"start":{"line":9,"column":21},"end":{"line":9,"column":40}},"7":{"start":{"line":12,"column":4},"end":{"line":12,"column":34}},"8":{"start":{"line":12,"column":22},"end":{"line":12,"column":34}},"9":{"start":{"line":14,"column":4},"end":{"line":18,"column":6}}},"fnMap":{"0":{"name":"(anonymous_0)","decl":{"start":{"line":4,"column":28},"end":{"line":4,"column":29}},"loc":{"start":{"line":4,"column":76},"end":{"line":19,"column":1}},"line":4},"1":{"name":"(anonymous_1)","decl":{"start":{"line":5,"column":14},"end":{"line":5,"column":15}},"loc":{"start":{"line":5,"column":20},"end":{"line":10,"column":5}},"line":5},"2":{"name":"(anonymous_2)","decl":{"start":{"line":6,"column":33},"end":{"line":6,"column":34}},"loc":{"start":{"line":6,"column":39},"end":{"line":8,"column":9}},"line":6},"3":{"name":"(anonymous_3)","decl":{"start":{"line":9,"column":15},"end":{"line":9,"column":16}},"loc":{"start":{"line":9,"column":21},"end":{"line":9,"column":40}},"line":9}},"branchMap":{"0":{"loc":{"start":{"line":4,"column":44},"end":{"line":4,"column":60}},"type":"default-arg","locations":[{"start":{"line":4,"column":51},"end":{"line":4,"column":60}}],"line":4},"1":{"loc":{"start":{"line":7,"column":12},"end":{"line":7,"column":35}},"type":"if","locations":[{"start":{"line":7,"column":12},"end":{"line":7,"column":35}},{"start":{},"end":{}}],"line":7},"2":{"loc":{"start":{"line":12,"column":4},"end":{"line":12,"column":34}},"type":"if","locations":[{"start":{"line":12,"column":4},"end":{"line":12,"column":34}},{"start":{},"end":{}}],"line":12}},"s":{"0":1,"1":5,"2":2,"3":0,"4":0,"5":2,"6":2,"7":5,"8":5,"9":0},"f":{"0":5,"1":2,"2":0,"3":2},"b":{"0":[0],"1":[0,0],"2":[5,0]},"_coverageSchema":"1a1c01bbd47fc00a2c39e90264f33305004495a9","hash":"414faadb445b9ac47beb13aaa1c5e107973aa656"}
,"C:\\Users\\canto\\Documents\\ale\\SUPSI\\Bachelor\\Tesi\\MLSmartPhysio_platform\\Frontend\\src\\Pages\\AddPatientPage.jsx": {"path":"C:\\Users\\canto\\Documents\\ale\\SUPSI\\Bachelor\\Tesi\\MLSmartPhysio_platform\\Frontend\\src\\Pages\\AddPatientPage.jsx","statementMap":{"0":{"start":{"line":11,"column":23},"end":{"line":156,"column":1}},"1":{"start":{"line":12,"column":28},"end":{"line":12,"column":40}},"2":{"start":{"line":13,"column":34},"end":{"line":13,"column":46}},"3":{"start":{"line":14,"column":40},"end":{"line":14,"column":52}},"4":{"start":{"line":15,"column":52},"end":{"line":15,"column":64}},"5":{"start":{"line":16,"column":48},"end":{"line":16,"column":60}},"6":{"start":{"line":17,"column":32},"end":{"line":17,"column":44}},"7":{"start":{"line":18,"column":38},"end":{"line":18,"column":50}},"8":{"start":{"line":20,"column":21},"end":{"line":20,"column":34}},"9":{"start":{"line":21,"column":25},"end":{"line":21,"column":37}},"10":{"start":{"line":23,"column":34},"end":{"line":23,"column":46}},"11":{"start":{"line":24,"column":42},"end":{"line":24,"column":61}},"12":{"start":{"line":26,"column":29},"end":{"line":65,"column":5}},"13":{"start":{"line":27,"column":8},"end":{"line":64,"column":9}},"14":{"start":{"line":28,"column":26},"end":{"line":28,"column":55}},"15":{"start":{"line":29,"column":29},"end":{"line":45,"column":13}},"16":{"start":{"line":47,"column":12},"end":{"line":47,"column":57}},"17":{"start":{"line":48,"column":12},"end":{"line":48,"column":38}},"18":{"start":{"line":50,"column":12},"end":{"line":52,"column":20}},"19":{"start":{"line":51,"column":16},"end":{"line":51,"column":36}},"20":{"start":{"line":54,"column":12},"end":{"line":54,"column":36}},"21":{"start":{"line":57,"column":16},"end":{"line":61,"column":53}},"22":{"start":{"line":63,"column":12},"end":{"line":63,"column":33}},"23":{"start":{"line":67,"column":4},"end":{"line":153,"column":6}},"24":{"start":{"line":83,"column":108},"end":{"line":83,"column":131}},"25":{"start":{"line":87,"column":114},"end":{"line":87,"column":140}},"26":{"start":{"line":93,"column":121},"end":{"line":93,"column":150}},"27":{"start":{"line":97,"column":134},"end":{"line":97,"column":169}},"28":{"start":{"line":106,"column":49},"end":{"line":106,"column":82}},"29":{"start":{"line":118,"column":49},"end":{"line":118,"column":77}},"30":{"start":{"line":126,"column":127},"end":{"line":126,"column":144}},"31":{"start":{"line":130,"column":131},"end":{"line":130,"column":150}},"32":{"start":{"line":142,"column":93},"end":{"line":142,"column":107}},"33":{"start":{"line":146,"column":76},"end":{"line":146,"column":95}},"34":{"start":{"line":150,"column":31},"end":{"line":150,"column":50}}},"fnMap":{"0":{"name":"(anonymous_0)","decl":{"start":{"line":11,"column":23},"end":{"line":11,"column":24}},"loc":{"start":{"line":11,"column":29},"end":{"line":156,"column":1}},"line":11},"1":{"name":"(anonymous_1)","decl":{"start":{"line":26,"column":29},"end":{"line":26,"column":30}},"loc":{"start":{"line":26,"column":40},"end":{"line":65,"column":5}},"line":26},"2":{"name":"(anonymous_2)","decl":{"start":{"line":50,"column":23},"end":{"line":50,"column":24}},"loc":{"start":{"line":50,"column":28},"end":{"line":52,"column":13}},"line":50},"3":{"name":"(anonymous_3)","decl":{"start":{"line":83,"column":101},"end":{"line":83,"column":102}},"loc":{"start":{"line":83,"column":108},"end":{"line":83,"column":131}},"line":83},"4":{"name":"(anonymous_4)","decl":{"start":{"line":87,"column":107},"end":{"line":87,"column":108}},"loc":{"start":{"line":87,"column":114},"end":{"line":87,"column":140}},"line":87},"5":{"name":"(anonymous_5)","decl":{"start":{"line":93,"column":114},"end":{"line":93,"column":115}},"loc":{"start":{"line":93,"column":121},"end":{"line":93,"column":150}},"line":93},"6":{"name":"(anonymous_6)","decl":{"start":{"line":97,"column":127},"end":{"line":97,"column":128}},"loc":{"start":{"line":97,"column":134},"end":{"line":97,"column":169}},"line":97},"7":{"name":"(anonymous_7)","decl":{"start":{"line":106,"column":42},"end":{"line":106,"column":43}},"loc":{"start":{"line":106,"column":49},"end":{"line":106,"column":82}},"line":106},"8":{"name":"(anonymous_8)","decl":{"start":{"line":118,"column":42},"end":{"line":118,"column":43}},"loc":{"start":{"line":118,"column":49},"end":{"line":118,"column":77}},"line":118},"9":{"name":"(anonymous_9)","decl":{"start":{"line":126,"column":121},"end":{"line":126,"column":122}},"loc":{"start":{"line":126,"column":127},"end":{"line":126,"column":144}},"line":126},"10":{"name":"(anonymous_10)","decl":{"start":{"line":130,"column":125},"end":{"line":130,"column":126}},"loc":{"start":{"line":130,"column":131},"end":{"line":130,"column":150}},"line":130},"11":{"name":"(anonymous_11)","decl":{"start":{"line":142,"column":87},"end":{"line":142,"column":88}},"loc":{"start":{"line":142,"column":93},"end":{"line":142,"column":107}},"line":142},"12":{"name":"(anonymous_12)","decl":{"start":{"line":146,"column":70},"end":{"line":146,"column":71}},"loc":{"start":{"line":146,"column":76},"end":{"line":146,"column":95}},"line":146},"13":{"name":"(anonymous_13)","decl":{"start":{"line":150,"column":25},"end":{"line":150,"column":26}},"loc":{"start":{"line":150,"column":31},"end":{"line":150,"column":50}},"line":150}},"branchMap":{"0":{"loc":{"start":{"line":57,"column":16},"end":{"line":61,"column":53}},"type":"cond-expr","locations":[{"start":{"line":58,"column":22},"end":{"line":58,"column":41}},{"start":{"line":59,"column":22},"end":{"line":61,"column":53}}],"line":57},"1":{"loc":{"start":{"line":59,"column":22},"end":{"line":61,"column":53}},"type":"binary-expr","locations":[{"start":{"line":59,"column":22},"end":{"line":59,"column":51}},{"start":{"line":60,"column":20},"end":{"line":60,"column":47}},{"start":{"line":61,"column":20},"end":{"line":61,"column":53}}],"line":59}},"s":{"0":1,"1":9,"2":9,"3":9,"4":9,"5":9,"6":9,"7":9,"8":9,"9":9,"10":9,"11":9,"12":9,"13":1,"14":1,"15":1,"16":1,"17":1,"18":1,"19":0,"20":0,"21":0,"22":0,"23":9,"24":1,"25":1,"26":1,"27":1,"28":1,"29":1,"30":1,"31":0,"32":0,"33":0,"34":0},"f":{"0":9,"1":1,"2":0,"3":1,"4":1,"5":1,"6":1,"7":1,"8":1,"9":1,"10":0,"11":0,"12":0,"13":0},"b":{"0":[0,0],"1":[0,0,0]},"_coverageSchema":"1a1c01bbd47fc00a2c39e90264f33305004495a9","hash":"53f662f78e87f67cd29b9830a46a46beb353a096"}
,"C:\\Users\\canto\\Documents\\ale\\SUPSI\\Bachelor\\Tesi\\MLSmartPhysio_platform\\Frontend\\src\\Pages\\DoctorMainPage.jsx": {"path":"C:\\Users\\canto\\Documents\\ale\\SUPSI\\Bachelor\\Tesi\\MLSmartPhysio_platform\\Frontend\\src\\Pages\\DoctorMainPage.jsx","statementMap":{"0":{"start":{"line":9,"column":23},"end":{"line":120,"column":1}},"1":{"start":{"line":10,"column":48},"end":{"line":10,"column":58}},"2":{"start":{"line":11,"column":64},"end":{"line":11,"column":74}},"3":{"start":{"line":12,"column":56},"end":{"line":12,"column":66}},"4":{"start":{"line":14,"column":21},"end":{"line":14,"column":34}},"5":{"start":{"line":15,"column":21},"end":{"line":15,"column":34}},"6":{"start":{"line":18,"column":4},"end":{"line":22,"column":19}},"7":{"start":{"line":19,"column":8},"end":{"line":19,"column":30}},"8":{"start":{"line":20,"column":8},"end":{"line":20,"column":38}},"9":{"start":{"line":21,"column":8},"end":{"line":21,"column":34}},"10":{"start":{"line":24,"column":32},"end":{"line":36,"column":5}},"11":{"start":{"line":25,"column":8},"end":{"line":35,"column":9}},"12":{"start":{"line":26,"column":26},"end":{"line":26,"column":55}},"13":{"start":{"line":27,"column":29},"end":{"line":31,"column":14}},"14":{"start":{"line":32,"column":12},"end":{"line":32,"column":52}},"15":{"start":{"line":34,"column":12},"end":{"line":34,"column":66}},"16":{"start":{"line":38,"column":36},"end":{"line":60,"column":5}},"17":{"start":{"line":39,"column":8},"end":{"line":59,"column":9}},"18":{"start":{"line":40,"column":26},"end":{"line":40,"column":55}},"19":{"start":{"line":41,"column":29},"end":{"line":45,"column":14}},"20":{"start":{"line":47,"column":26},"end":{"line":47,"column":36}},"21":{"start":{"line":48,"column":12},"end":{"line":48,"column":39}},"22":{"start":{"line":50,"column":30},"end":{"line":54,"column":14}},"23":{"start":{"line":51,"column":32},"end":{"line":51,"column":50}},"24":{"start":{"line":52,"column":16},"end":{"line":52,"column":45}},"25":{"start":{"line":53,"column":16},"end":{"line":53,"column":61}},"26":{"start":{"line":56,"column":12},"end":{"line":56,"column":52}},"27":{"start":{"line":58,"column":12},"end":{"line":58,"column":84}},"28":{"start":{"line":62,"column":40},"end":{"line":74,"column":5}},"29":{"start":{"line":63,"column":8},"end":{"line":73,"column":9}},"30":{"start":{"line":64,"column":26},"end":{"line":64,"column":55}},"31":{"start":{"line":65,"column":29},"end":{"line":69,"column":14}},"32":{"start":{"line":70,"column":12},"end":{"line":70,"column":60}},"33":{"start":{"line":72,"column":12},"end":{"line":72,"column":74}},"34":{"start":{"line":77,"column":4},"end":{"line":119,"column":6}},"35":{"start":{"line":82,"column":36},"end":{"line":82,"column":60}},"36":{"start":{"line":86,"column":36},"end":{"line":86,"column":62}},"37":{"start":{"line":90,"column":36},"end":{"line":90,"column":61}}},"fnMap":{"0":{"name":"(anonymous_0)","decl":{"start":{"line":9,"column":23},"end":{"line":9,"column":24}},"loc":{"start":{"line":9,"column":29},"end":{"line":120,"column":1}},"line":9},"1":{"name":"(anonymous_1)","decl":{"start":{"line":18,"column":14},"end":{"line":18,"column":15}},"loc":{"start":{"line":18,"column":20},"end":{"line":22,"column":5}},"line":18},"2":{"name":"(anonymous_2)","decl":{"start":{"line":24,"column":32},"end":{"line":24,"column":33}},"loc":{"start":{"line":24,"column":44},"end":{"line":36,"column":5}},"line":24},"3":{"name":"(anonymous_3)","decl":{"start":{"line":38,"column":36},"end":{"line":38,"column":37}},"loc":{"start":{"line":38,"column":48},"end":{"line":60,"column":5}},"line":38},"4":{"name":"(anonymous_4)","decl":{"start":{"line":50,"column":51},"end":{"line":50,"column":52}},"loc":{"start":{"line":50,"column":58},"end":{"line":54,"column":13}},"line":50},"5":{"name":"(anonymous_5)","decl":{"start":{"line":62,"column":40},"end":{"line":62,"column":41}},"loc":{"start":{"line":62,"column":52},"end":{"line":74,"column":5}},"line":62},"6":{"name":"(anonymous_6)","decl":{"start":{"line":82,"column":30},"end":{"line":82,"column":31}},"loc":{"start":{"line":82,"column":36},"end":{"line":82,"column":60}},"line":82},"7":{"name":"(anonymous_7)","decl":{"start":{"line":86,"column":30},"end":{"line":86,"column":31}},"loc":{"start":{"line":86,"column":36},"end":{"line":86,"column":62}},"line":86},"8":{"name":"(anonymous_8)","decl":{"start":{"line":90,"column":30},"end":{"line":90,"column":31}},"loc":{"start":{"line":90,"column":36},"end":{"line":90,"column":61}},"line":90}},"branchMap":{},"s":{"0":1,"1":2,"2":2,"3":2,"4":2,"5":2,"6":2,"7":1,"8":1,"9":1,"10":2,"11":1,"12":1,"13":1,"14":1,"15":0,"16":2,"17":1,"18":1,"19":1,"20":1,"21":1,"22":1,"23":3,"24":3,"25":3,"26":1,"27":0,"28":2,"29":1,"30":1,"31":1,"32":1,"33":0,"34":2,"35":0,"36":0,"37":0},"f":{"0":2,"1":1,"2":1,"3":1,"4":3,"5":1,"6":0,"7":0,"8":0},"b":{},"_coverageSchema":"1a1c01bbd47fc00a2c39e90264f33305004495a9","hash":"39e0253b49f9529339c6e20fef58c86af0453f94"}
,"C:\\Users\\canto\\Documents\\ale\\SUPSI\\Bachelor\\Tesi\\MLSmartPhysio_platform\\Frontend\\src\\Pages\\PatientDetailsPage.jsx": {"path":"C:\\Users\\canto\\Documents\\ale\\SUPSI\\Bachelor\\Tesi\\MLSmartPhysio_platform\\Frontend\\src\\Pages\\PatientDetailsPage.jsx","statementMap":{"0":{"start":{"line":7,"column":27},"end":{"line":163,"column":1}},"1":{"start":{"line":8,"column":19},"end":{"line":8,"column":30}},"2":{"start":{"line":9,"column":21},"end":{"line":9,"column":34}},"3":{"start":{"line":11,"column":34},"end":{"line":11,"column":48}},"4":{"start":{"line":12,"column":40},"end":{"line":12,"column":55}},"5":{"start":{"line":13,"column":34},"end":{"line":13,"column":46}},"6":{"start":{"line":14,"column":42},"end":{"line":14,"column":61}},"7":{"start":{"line":16,"column":4},"end":{"line":18,"column":11}},"8":{"start":{"line":17,"column":8},"end":{"line":17,"column":31}},"9":{"start":{"line":20,"column":33},"end":{"line":30,"column":5}},"10":{"start":{"line":21,"column":8},"end":{"line":29,"column":9}},"11":{"start":{"line":22,"column":26},"end":{"line":22,"column":55}},"12":{"start":{"line":23,"column":29},"end":{"line":25,"column":14}},"13":{"start":{"line":26,"column":12},"end":{"line":26,"column":38}},"14":{"start":{"line":28,"column":12},"end":{"line":28,"column":78}},"15":{"start":{"line":32,"column":33},"end":{"line":51,"column":5}},"16":{"start":{"line":33,"column":8},"end":{"line":50,"column":9}},"17":{"start":{"line":34,"column":26},"end":{"line":34,"column":55}},"18":{"start":{"line":35,"column":12},"end":{"line":37,"column":15}},"19":{"start":{"line":38,"column":12},"end":{"line":38,"column":59}},"20":{"start":{"line":39,"column":12},"end":{"line":39,"column":38}},"21":{"start":{"line":40,"column":12},"end":{"line":40,"column":33}},"22":{"start":{"line":42,"column":12},"end":{"line":42,"column":36}},"23":{"start":{"line":44,"column":16},"end":{"line":48,"column":48}},"24":{"start":{"line":49,"column":12},"end":{"line":49,"column":33}},"25":{"start":{"line":53,"column":25},"end":{"line":59,"column":5}},"26":{"start":{"line":54,"column":47},"end":{"line":54,"column":55}},"27":{"start":{"line":55,"column":8},"end":{"line":58,"column":11}},"28":{"start":{"line":61,"column":25},"end":{"line":72,"column":5}},"29":{"start":{"line":62,"column":8},"end":{"line":71,"column":9}},"30":{"start":{"line":64,"column":16},"end":{"line":64,"column":30}},"31":{"start":{"line":66,"column":16},"end":{"line":66,"column":32}},"32":{"start":{"line":68,"column":16},"end":{"line":68,"column":31}},"33":{"start":{"line":70,"column":16},"end":{"line":70,"column":34}},"34":{"start":{"line":74,"column":4},"end":{"line":74,"column":76}},"35":{"start":{"line":74,"column":18},"end":{"line":74,"column":76}},"36":{"start":{"line":76,"column":4},"end":{"line":162,"column":6}},"37":{"start":{"line":92,"column":58},"end":{"line":92,"column":84}},"38":{"start":{"line":118,"column":53},"end":{"line":118,"column":111}},"39":{"start":{"line":138,"column":169},"end":{"line":138,"column":213}},"40":{"start":{"line":139,"column":171},"end":{"line":139,"column":216}},"41":{"start":{"line":155,"column":64},"end":{"line":155,"column":90}},"42":{"start":{"line":159,"column":89},"end":{"line":159,"column":103}}},"fnMap":{"0":{"name":"(anonymous_0)","decl":{"start":{"line":7,"column":27},"end":{"line":7,"column":28}},"loc":{"start":{"line":7,"column":33},"end":{"line":163,"column":1}},"line":7},"1":{"name":"(anonymous_1)","decl":{"start":{"line":16,"column":14},"end":{"line":16,"column":15}},"loc":{"start":{"line":16,"column":20},"end":{"line":18,"column":5}},"line":16},"2":{"name":"(anonymous_2)","decl":{"start":{"line":20,"column":33},"end":{"line":20,"column":34}},"loc":{"start":{"line":20,"column":45},"end":{"line":30,"column":5}},"line":20},"3":{"name":"(anonymous_3)","decl":{"start":{"line":32,"column":33},"end":{"line":32,"column":34}},"loc":{"start":{"line":32,"column":45},"end":{"line":51,"column":5}},"line":32},"4":{"name":"(anonymous_4)","decl":{"start":{"line":53,"column":25},"end":{"line":53,"column":26}},"loc":{"start":{"line":53,"column":32},"end":{"line":59,"column":5}},"line":53},"5":{"name":"(anonymous_5)","decl":{"start":{"line":61,"column":25},"end":{"line":61,"column":26}},"loc":{"start":{"line":61,"column":41},"end":{"line":72,"column":5}},"line":61},"6":{"name":"(anonymous_6)","decl":{"start":{"line":92,"column":52},"end":{"line":92,"column":53}},"loc":{"start":{"line":92,"column":58},"end":{"line":92,"column":84}},"line":92},"7":{"name":"(anonymous_7)","decl":{"start":{"line":118,"column":46},"end":{"line":118,"column":47}},"loc":{"start":{"line":118,"column":53},"end":{"line":118,"column":111}},"line":118},"8":{"name":"(anonymous_8)","decl":{"start":{"line":138,"column":163},"end":{"line":138,"column":164}},"loc":{"start":{"line":138,"column":169},"end":{"line":138,"column":213}},"line":138},"9":{"name":"(anonymous_9)","decl":{"start":{"line":139,"column":165},"end":{"line":139,"column":166}},"loc":{"start":{"line":139,"column":171},"end":{"line":139,"column":216}},"line":139},"10":{"name":"(anonymous_10)","decl":{"start":{"line":155,"column":58},"end":{"line":155,"column":59}},"loc":{"start":{"line":155,"column":64},"end":{"line":155,"column":90}},"line":155},"11":{"name":"(anonymous_11)","decl":{"start":{"line":159,"column":83},"end":{"line":159,"column":84}},"loc":{"start":{"line":159,"column":89},"end":{"line":159,"column":103}},"line":159}},"branchMap":{"0":{"loc":{"start":{"line":44,"column":16},"end":{"line":48,"column":48}},"type":"cond-expr","locations":[{"start":{"line":45,"column":22},"end":{"line":45,"column":41}},{"start":{"line":46,"column":22},"end":{"line":48,"column":48}}],"line":44},"1":{"loc":{"start":{"line":46,"column":22},"end":{"line":48,"column":48}},"type":"binary-expr","locations":[{"start":{"line":46,"column":22},"end":{"line":46,"column":51}},{"start":{"line":47,"column":20},"end":{"line":47,"column":47}},{"start":{"line":48,"column":20},"end":{"line":48,"column":48}}],"line":46},"2":{"loc":{"start":{"line":57,"column":20},"end":{"line":57,"column":57}},"type":"cond-expr","locations":[{"start":{"line":57,"column":42},"end":{"line":57,"column":49}},{"start":{"line":57,"column":52},"end":{"line":57,"column":57}}],"line":57},"3":{"loc":{"start":{"line":62,"column":8},"end":{"line":71,"column":9}},"type":"switch","locations":[{"start":{"line":63,"column":12},"end":{"line":64,"column":30}},{"start":{"line":65,"column":12},"end":{"line":66,"column":32}},{"start":{"line":67,"column":12},"end":{"line":68,"column":31}},{"start":{"line":69,"column":12},"end":{"line":70,"column":34}}],"line":62},"4":{"loc":{"start":{"line":74,"column":4},"end":{"line":74,"column":76}},"type":"if","locations":[{"start":{"line":74,"column":4},"end":{"line":74,"column":76}},{"start":{},"end":{}}],"line":74},"5":{"loc":{"start":{"line":81,"column":21},"end":{"line":81,"column":67}},"type":"binary-expr","locations":[{"start":{"line":81,"column":21},"end":{"line":81,"column":55}},{"start":{"line":81,"column":59},"end":{"line":81,"column":67}}],"line":81},"6":{"loc":{"start":{"line":91,"column":43},"end":{"line":91,"column":74}},"type":"cond-expr","locations":[{"start":{"line":91,"column":56},"end":{"line":91,"column":69}},{"start":{"line":91,"column":72},"end":{"line":91,"column":74}}],"line":91},"7":{"loc":{"start":{"line":98,"column":29},"end":{"line":98,"column":105}},"type":"cond-expr","locations":[{"start":{"line":98,"column":50},"end":{"line":98,"column":75}},{"start":{"line":98,"column":78},"end":{"line":98,"column":105}}],"line":98},"8":{"loc":{"start":{"line":107,"column":71},"end":{"line":107,"column":165}},"type":"cond-expr","locations":[{"start":{"line":107,"column":84},"end":{"line":107,"column":150}},{"start":{"line":107,"column":153},"end":{"line":107,"column":165}}],"line":107},"9":{"loc":{"start":{"line":108,"column":77},"end":{"line":108,"column":247}},"type":"cond-expr","locations":[{"start":{"line":108,"column":90},"end":{"line":108,"column":196}},{"start":{"line":108,"column":199},"end":{"line":108,"column":247}}],"line":108},"10":{"loc":{"start":{"line":111,"column":74},"end":{"line":111,"column":177}},"type":"cond-expr","locations":[{"start":{"line":111,"column":87},"end":{"line":111,"column":159}},{"start":{"line":111,"column":162},"end":{"line":111,"column":177}}],"line":111},"11":{"loc":{"start":{"line":114,"column":29},"end":{"line":122,"column":97}},"type":"cond-expr","locations":[{"start":{"line":115,"column":34},"end":{"line":120,"column":34}},{"start":{"line":122,"column":34},"end":{"line":122,"column":97}}],"line":114},"12":{"loc":{"start":{"line":126,"column":78},"end":{"line":126,"column":190}},"type":"cond-expr","locations":[{"start":{"line":126,"column":91},"end":{"line":126,"column":169}},{"start":{"line":126,"column":172},"end":{"line":126,"column":190}}],"line":126},"13":{"loc":{"start":{"line":127,"column":73},"end":{"line":132,"column":42}},"type":"cond-expr","locations":[{"start":{"line":128,"column":28},"end":{"line":131,"column":34}},{"start":{"line":132,"column":28},"end":{"line":132,"column":42}}],"line":127},"14":{"loc":{"start":{"line":135,"column":85},"end":{"line":135,"column":215}},"type":"cond-expr","locations":[{"start":{"line":135,"column":98},"end":{"line":135,"column":188}},{"start":{"line":135,"column":191},"end":{"line":135,"column":215}}],"line":135},"15":{"loc":{"start":{"line":136,"column":78},"end":{"line":141,"column":61}},"type":"cond-expr","locations":[{"start":{"line":137,"column":28},"end":{"line":140,"column":34}},{"start":{"line":141,"column":28},"end":{"line":141,"column":61}}],"line":136},"16":{"loc":{"start":{"line":141,"column":28},"end":{"line":141,"column":61}},"type":"cond-expr","locations":[{"start":{"line":141,"column":49},"end":{"line":141,"column":54}},{"start":{"line":141,"column":57},"end":{"line":141,"column":61}}],"line":141},"17":{"loc":{"start":{"line":146,"column":17},"end":{"line":152,"column":17}},"type":"binary-expr","locations":[{"start":{"line":146,"column":17},"end":{"line":146,"column":27}},{"start":{"line":147,"column":20},"end":{"line":151,"column":26}}],"line":146}},"s":{"0":1,"1":7,"2":7,"3":7,"4":7,"5":7,"6":7,"7":7,"8":2,"9":7,"10":2,"11":2,"12":2,"13":2,"14":0,"15":7,"16":1,"17":1,"18":1,"19":1,"20":1,"21":1,"22":0,"23":0,"24":0,"25":7,"26":1,"27":1,"28":7,"29":0,"30":0,"31":0,"32":0,"33":0,"34":7,"35":2,"36":5,"37":1,"38":0,"39":0,"40":0,"41":0,"42":0},"f":{"0":7,"1":2,"2":2,"3":1,"4":1,"5":0,"6":1,"7":0,"8":0,"9":0,"10":0,"11":0},"b":{"0":[0,0],"1":[0,0,0],"2":[0,1],"3":[0,0,0,0],"4":[2,5],"5":[5,0],"6":[2,3],"7":[5,0],"8":[2,3],"9":[2,3],"10":[2,3],"11":[2,3],"12":[2,3],"13":[2,3],"14":[2,3],"15":[2,3],"16":[3,0],"17":[5,2]},"_coverageSchema":"1a1c01bbd47fc00a2c39e90264f33305004495a9","hash":"8e4841a8177ff5f5e83aae226a84958ca93340db"}
,"C:\\Users\\canto\\Documents\\ale\\SUPSI\\Bachelor\\Tesi\\MLSmartPhysio_platform\\Frontend\\src\\Pages\\PatientListPage.jsx": {"path":"C:\\Users\\canto\\Documents\\ale\\SUPSI\\Bachelor\\Tesi\\MLSmartPhysio_platform\\Frontend\\src\\Pages\\PatientListPage.jsx","statementMap":{"0":{"start":{"line":8,"column":24},"end":{"line":207,"column":1}},"1":{"start":{"line":9,"column":36},"end":{"line":9,"column":48}},"2":{"start":{"line":10,"column":52},"end":{"line":10,"column":64}},"3":{"start":{"line":11,"column":40},"end":{"line":11,"column":52}},"4":{"start":{"line":12,"column":50},"end":{"line":12,"column":64}},"5":{"start":{"line":13,"column":38},"end":{"line":13,"column":53}},"6":{"start":{"line":14,"column":34},"end":{"line":14,"column":46}},"7":{"start":{"line":15,"column":42},"end":{"line":15,"column":61}},"8":{"start":{"line":17,"column":21},"end":{"line":17,"column":34}},"9":{"start":{"line":19,"column":29},"end":{"line":31,"column":5}},"10":{"start":{"line":20,"column":8},"end":{"line":30,"column":9}},"11":{"start":{"line":21,"column":29},"end":{"line":25,"column":14}},"12":{"start":{"line":26,"column":12},"end":{"line":26,"column":39}},"13":{"start":{"line":27,"column":12},"end":{"line":27,"column":47}},"14":{"start":{"line":29,"column":12},"end":{"line":29,"column":77}},"15":{"start":{"line":33,"column":22},"end":{"line":36,"column":5}},"16":{"start":{"line":34,"column":8},"end":{"line":34,"column":38}},"17":{"start":{"line":35,"column":8},"end":{"line":35,"column":27}},"18":{"start":{"line":38,"column":26},"end":{"line":74,"column":5}},"19":{"start":{"line":39,"column":8},"end":{"line":73,"column":9}},"20":{"start":{"line":40,"column":26},"end":{"line":40,"column":55}},"21":{"start":{"line":42,"column":29},"end":{"line":54,"column":13}},"22":{"start":{"line":56,"column":30},"end":{"line":56,"column":47}},"23":{"start":{"line":57,"column":12},"end":{"line":57,"column":63}},"24":{"start":{"line":59,"column":12},"end":{"line":59,"column":55}},"25":{"start":{"line":60,"column":12},"end":{"line":60,"column":38}},"26":{"start":{"line":61,"column":12},"end":{"line":61,"column":46}},"27":{"start":{"line":63,"column":12},"end":{"line":63,"column":36}},"28":{"start":{"line":66,"column":16},"end":{"line":70,"column":64}},"29":{"start":{"line":72,"column":12},"end":{"line":72,"column":33}},"30":{"start":{"line":76,"column":26},"end":{"line":104,"column":5}},"31":{"start":{"line":77,"column":8},"end":{"line":103,"column":9}},"32":{"start":{"line":78,"column":26},"end":{"line":78,"column":55}},"33":{"start":{"line":79,"column":12},"end":{"line":83,"column":15}},"34":{"start":{"line":85,"column":12},"end":{"line":85,"column":58}},"35":{"start":{"line":86,"column":12},"end":{"line":86,"column":38}},"36":{"start":{"line":88,"column":12},"end":{"line":88,"column":81}},"37":{"start":{"line":88,"column":34},"end":{"line":88,"column":79}},"38":{"start":{"line":88,"column":53},"end":{"line":88,"column":78}},"39":{"start":{"line":89,"column":12},"end":{"line":89,"column":89}},"40":{"start":{"line":89,"column":42},"end":{"line":89,"column":87}},"41":{"start":{"line":89,"column":61},"end":{"line":89,"column":86}},"42":{"start":{"line":90,"column":12},"end":{"line":90,"column":32}},"43":{"start":{"line":91,"column":12},"end":{"line":91,"column":37}},"44":{"start":{"line":93,"column":12},"end":{"line":93,"column":36}},"45":{"start":{"line":96,"column":16},"end":{"line":100,"column":53}},"46":{"start":{"line":102,"column":12},"end":{"line":102,"column":33}},"47":{"start":{"line":106,"column":25},"end":{"line":116,"column":5}},"48":{"start":{"line":107,"column":8},"end":{"line":107,"column":29}},"49":{"start":{"line":108,"column":22},"end":{"line":108,"column":41}},"50":{"start":{"line":109,"column":25},"end":{"line":114,"column":9}},"51":{"start":{"line":110,"column":12},"end":{"line":113,"column":54}},"52":{"start":{"line":115,"column":8},"end":{"line":115,"column":38}},"53":{"start":{"line":118,"column":4},"end":{"line":120,"column":11}},"54":{"start":{"line":119,"column":8},"end":{"line":119,"column":27}},"55":{"start":{"line":122,"column":4},"end":{"line":206,"column":6}},"56":{"start":{"line":139,"column":41},"end":{"line":139,"column":69}},"57":{"start":{"line":150,"column":28},"end":{"line":179,"column":34}},"58":{"start":{"line":151,"column":91},"end":{"line":151,"column":107}},"59":{"start":{"line":165,"column":84},"end":{"line":165,"column":121}},"60":{"start":{"line":169,"column":84},"end":{"line":169,"column":104}},"61":{"start":{"line":173,"column":84},"end":{"line":173,"column":121}},"62":{"start":{"line":192,"column":73},"end":{"line":192,"column":92}},"63":{"start":{"line":198,"column":74},"end":{"line":198,"column":93}},"64":{"start":{"line":203,"column":31},"end":{"line":203,"column":45}}},"fnMap":{"0":{"name":"(anonymous_0)","decl":{"start":{"line":8,"column":24},"end":{"line":8,"column":25}},"loc":{"start":{"line":8,"column":30},"end":{"line":207,"column":1}},"line":8},"1":{"name":"(anonymous_1)","decl":{"start":{"line":19,"column":29},"end":{"line":19,"column":30}},"loc":{"start":{"line":19,"column":41},"end":{"line":31,"column":5}},"line":19},"2":{"name":"(anonymous_2)","decl":{"start":{"line":33,"column":22},"end":{"line":33,"column":23}},"loc":{"start":{"line":33,"column":37},"end":{"line":36,"column":5}},"line":33},"3":{"name":"(anonymous_3)","decl":{"start":{"line":38,"column":26},"end":{"line":38,"column":27}},"loc":{"start":{"line":38,"column":47},"end":{"line":74,"column":5}},"line":38},"4":{"name":"(anonymous_4)","decl":{"start":{"line":76,"column":26},"end":{"line":76,"column":27}},"loc":{"start":{"line":76,"column":38},"end":{"line":104,"column":5}},"line":76},"5":{"name":"(anonymous_5)","decl":{"start":{"line":88,"column":24},"end":{"line":88,"column":25}},"loc":{"start":{"line":88,"column":34},"end":{"line":88,"column":79}},"line":88},"6":{"name":"(anonymous_6)","decl":{"start":{"line":88,"column":46},"end":{"line":88,"column":47}},"loc":{"start":{"line":88,"column":53},"end":{"line":88,"column":78}},"line":88},"7":{"name":"(anonymous_7)","decl":{"start":{"line":89,"column":32},"end":{"line":89,"column":33}},"loc":{"start":{"line":89,"column":42},"end":{"line":89,"column":87}},"line":89},"8":{"name":"(anonymous_8)","decl":{"start":{"line":89,"column":54},"end":{"line":89,"column":55}},"loc":{"start":{"line":89,"column":61},"end":{"line":89,"column":86}},"line":89},"9":{"name":"(anonymous_9)","decl":{"start":{"line":106,"column":25},"end":{"line":106,"column":26}},"loc":{"start":{"line":106,"column":36},"end":{"line":116,"column":5}},"line":106},"10":{"name":"(anonymous_10)","decl":{"start":{"line":109,"column":41},"end":{"line":109,"column":42}},"loc":{"start":{"line":110,"column":12},"end":{"line":113,"column":54}},"line":110},"11":{"name":"(anonymous_11)","decl":{"start":{"line":118,"column":14},"end":{"line":118,"column":15}},"loc":{"start":{"line":118,"column":20},"end":{"line":120,"column":5}},"line":118},"12":{"name":"(anonymous_12)","decl":{"start":{"line":139,"column":34},"end":{"line":139,"column":35}},"loc":{"start":{"line":139,"column":41},"end":{"line":139,"column":69}},"line":139},"13":{"name":"(anonymous_13)","decl":{"start":{"line":149,"column":45},"end":{"line":149,"column":46}},"loc":{"start":{"line":150,"column":28},"end":{"line":179,"column":34}},"line":150},"14":{"name":"(anonymous_14)","decl":{"start":{"line":151,"column":85},"end":{"line":151,"column":86}},"loc":{"start":{"line":151,"column":91},"end":{"line":151,"column":107}},"line":151},"15":{"name":"(anonymous_15)","decl":{"start":{"line":165,"column":78},"end":{"line":165,"column":79}},"loc":{"start":{"line":165,"column":84},"end":{"line":165,"column":121}},"line":165},"16":{"name":"(anonymous_16)","decl":{"start":{"line":169,"column":78},"end":{"line":169,"column":79}},"loc":{"start":{"line":169,"column":84},"end":{"line":169,"column":104}},"line":169},"17":{"name":"(anonymous_17)","decl":{"start":{"line":173,"column":78},"end":{"line":173,"column":79}},"loc":{"start":{"line":173,"column":84},"end":{"line":173,"column":121}},"line":173},"18":{"name":"(anonymous_18)","decl":{"start":{"line":192,"column":67},"end":{"line":192,"column":68}},"loc":{"start":{"line":192,"column":73},"end":{"line":192,"column":92}},"line":192},"19":{"name":"(anonymous_19)","decl":{"start":{"line":198,"column":68},"end":{"line":198,"column":69}},"loc":{"start":{"line":198,"column":74},"end":{"line":198,"column":93}},"line":198},"20":{"name":"(anonymous_20)","decl":{"start":{"line":203,"column":25},"end":{"line":203,"column":26}},"loc":{"start":{"line":203,"column":31},"end":{"line":203,"column":45}},"line":203}},"branchMap":{"0":{"loc":{"start":{"line":66,"column":16},"end":{"line":70,"column":64}},"type":"cond-expr","locations":[{"start":{"line":67,"column":22},"end":{"line":67,"column":41}},{"start":{"line":68,"column":22},"end":{"line":70,"column":64}}],"line":66},"1":{"loc":{"start":{"line":68,"column":22},"end":{"line":70,"column":64}},"type":"binary-expr","locations":[{"start":{"line":68,"column":22},"end":{"line":68,"column":51}},{"start":{"line":69,"column":20},"end":{"line":69,"column":47}},{"start":{"line":70,"column":20},"end":{"line":70,"column":64}}],"line":68},"2":{"loc":{"start":{"line":96,"column":16},"end":{"line":100,"column":53}},"type":"cond-expr","locations":[{"start":{"line":97,"column":22},"end":{"line":97,"column":41}},{"start":{"line":98,"column":22},"end":{"line":100,"column":53}}],"line":96},"3":{"loc":{"start":{"line":98,"column":22},"end":{"line":100,"column":53}},"type":"binary-expr","locations":[{"start":{"line":98,"column":22},"end":{"line":98,"column":51}},{"start":{"line":99,"column":20},"end":{"line":99,"column":47}},{"start":{"line":100,"column":20},"end":{"line":100,"column":53}}],"line":98},"4":{"loc":{"start":{"line":110,"column":12},"end":{"line":113,"column":54}},"type":"binary-expr","locations":[{"start":{"line":110,"column":12},"end":{"line":110,"column":48}},{"start":{"line":111,"column":12},"end":{"line":111,"column":51}},{"start":{"line":112,"column":12},"end":{"line":112,"column":77}},{"start":{"line":113,"column":12},"end":{"line":113,"column":54}}],"line":110},"5":{"loc":{"start":{"line":146,"column":21},"end":{"line":181,"column":21}},"type":"cond-expr","locations":[{"start":{"line":147,"column":24},"end":{"line":147,"column":99}},{"start":{"line":149,"column":24},"end":{"line":180,"column":26}}],"line":146},"6":{"loc":{"start":{"line":155,"column":49},"end":{"line":155,"column":119}},"type":"cond-expr","locations":[{"start":{"line":155,"column":64},"end":{"line":155,"column":89}},{"start":{"line":155,"column":92},"end":{"line":155,"column":119}}],"line":155},"7":{"loc":{"start":{"line":185,"column":13},"end":{"line":196,"column":13}},"type":"binary-expr","locations":[{"start":{"line":185,"column":13},"end":{"line":185,"column":22}},{"start":{"line":186,"column":16},"end":{"line":195,"column":22}}],"line":185}},"s":{"0":1,"1":6,"2":6,"3":6,"4":6,"5":6,"6":6,"7":6,"8":6,"9":6,"10":2,"11":2,"12":2,"13":2,"14":0,"15":6,"16":0,"17":0,"18":6,"19":0,"20":0,"21":0,"22":0,"23":0,"24":0,"25":0,"26":0,"27":0,"28":0,"29":0,"30":6,"31":0,"32":0,"33":0,"34":0,"35":0,"36":0,"37":0,"38":0,"39":0,"40":0,"41":0,"42":0,"43":0,"44":0,"45":0,"46":0,"47":6,"48":2,"49":2,"50":2,"51":4,"52":2,"53":6,"54":2,"55":6,"56":2,"57":5,"58":0,"59":0,"60":0,"61":0,"62":0,"63":0,"64":0},"f":{"0":6,"1":2,"2":0,"3":0,"4":0,"5":0,"6":0,"7":0,"8":0,"9":2,"10":4,"11":2,"12":2,"13":5,"14":0,"15":0,"16":0,"17":0,"18":0,"19":0,"20":0},"b":{"0":[0,0],"1":[0,0,0],"2":[0,0],"3":[0,0,0],"4":[4,3,3,3],"5":[3,3],"6":[3,2],"7":[6,0]},"_coverageSchema":"1a1c01bbd47fc00a2c39e90264f33305004495a9","hash":"e3a9ed593f632906fd9214825c8e00de9ead22e2"}
,"C:\\Users\\canto\\Documents\\ale\\SUPSI\\Bachelor\\Tesi\\MLSmartPhysio_platform\\Frontend\\src\\Pages\\PatientSessionListPage.jsx": {"path":"C:\\Users\\canto\\Documents\\ale\\SUPSI\\Bachelor\\Tesi\\MLSmartPhysio_platform\\Frontend\\src\\Pages\\PatientSessionListPage.jsx","statementMap":{"0":{"start":{"line":8,"column":31},"end":{"line":210,"column":1}},"1":{"start":{"line":9,"column":52},"end":{"line":9,"column":64}},"2":{"start":{"line":10,"column":50},"end":{"line":10,"column":64}},"3":{"start":{"line":11,"column":38},"end":{"line":11,"column":53}},"4":{"start":{"line":12,"column":40},"end":{"line":12,"column":52}},"5":{"start":{"line":13,"column":19},"end":{"line":13,"column":30}},"6":{"start":{"line":14,"column":21},"end":{"line":14,"column":34}},"7":{"start":{"line":16,"column":34},"end":{"line":16,"column":46}},"8":{"start":{"line":17,"column":42},"end":{"line":17,"column":61}},"9":{"start":{"line":19,"column":31},"end":{"line":30,"column":5}},"10":{"start":{"line":20,"column":8},"end":{"line":29,"column":9}},"11":{"start":{"line":21,"column":29},"end":{"line":25,"column":14}},"12":{"start":{"line":26,"column":12},"end":{"line":26,"column":47}},"13":{"start":{"line":28,"column":12},"end":{"line":28,"column":75}},"14":{"start":{"line":32,"column":39},"end":{"line":46,"column":5}},"15":{"start":{"line":33,"column":8},"end":{"line":45,"column":9}},"16":{"start":{"line":34,"column":33},"end":{"line":36,"column":14}},"17":{"start":{"line":37,"column":12},"end":{"line":37,"column":72}},"18":{"start":{"line":39,"column":37},"end":{"line":41,"column":14}},"19":{"start":{"line":42,"column":12},"end":{"line":42,"column":80}},"20":{"start":{"line":44,"column":12},"end":{"line":44,"column":85}},"21":{"start":{"line":48,"column":28},"end":{"line":57,"column":5}},"22":{"start":{"line":49,"column":20},"end":{"line":49,"column":49}},"23":{"start":{"line":50,"column":21},"end":{"line":50,"column":48}},"24":{"start":{"line":51,"column":8},"end":{"line":51,"column":24}},"25":{"start":{"line":52,"column":8},"end":{"line":52,"column":33}},"26":{"start":{"line":53,"column":8},"end":{"line":53,"column":40}},"27":{"start":{"line":54,"column":8},"end":{"line":54,"column":21}},"28":{"start":{"line":55,"column":8},"end":{"line":55,"column":40}},"29":{"start":{"line":56,"column":8},"end":{"line":56,"column":33}},"30":{"start":{"line":59,"column":26},"end":{"line":87,"column":5}},"31":{"start":{"line":60,"column":8},"end":{"line":86,"column":9}},"32":{"start":{"line":61,"column":12},"end":{"line":63,"column":15}},"33":{"start":{"line":65,"column":12},"end":{"line":67,"column":15}},"34":{"start":{"line":69,"column":12},"end":{"line":71,"column":15}},"35":{"start":{"line":73,"column":12},"end":{"line":73,"column":58}},"36":{"start":{"line":74,"column":12},"end":{"line":74,"column":38}},"37":{"start":{"line":76,"column":12},"end":{"line":76,"column":83}},"38":{"start":{"line":76,"column":42},"end":{"line":76,"column":81}},"39":{"start":{"line":76,"column":61},"end":{"line":76,"column":80}},"40":{"start":{"line":78,"column":12},"end":{"line":78,"column":36}},"41":{"start":{"line":80,"column":16},"end":{"line":84,"column":49}},"42":{"start":{"line":85,"column":12},"end":{"line":85,"column":33}},"43":{"start":{"line":89,"column":4},"end":{"line":91,"column":13}},"44":{"start":{"line":90,"column":8},"end":{"line":90,"column":29}},"45":{"start":{"line":93,"column":29},"end":{"line":96,"column":7}},"46":{"start":{"line":93,"column":71},"end":{"line":96,"column":5}},"47":{"start":{"line":98,"column":29},"end":{"line":106,"column":6}},"48":{"start":{"line":99,"column":24},"end":{"line":99,"column":74}},"49":{"start":{"line":100,"column":27},"end":{"line":100,"column":61}},"50":{"start":{"line":101,"column":8},"end":{"line":105,"column":10}},"51":{"start":{"line":108,"column":4},"end":{"line":209,"column":6}},"52":{"start":{"line":124,"column":41},"end":{"line":124,"column":70}},"53":{"start":{"line":137,"column":28},"end":{"line":177,"column":34}},"54":{"start":{"line":141,"column":40},"end":{"line":141,"column":72}},"55":{"start":{"line":142,"column":40},"end":{"line":142,"column":59}},"56":{"start":{"line":157,"column":48},"end":{"line":159,"column":50}},"57":{"start":{"line":166,"column":84},"end":{"line":166,"column":113}},"58":{"start":{"line":171,"column":84},"end":{"line":171,"column":123}},"59":{"start":{"line":183,"column":69},"end":{"line":183,"column":95}},"60":{"start":{"line":185,"column":89},"end":{"line":185,"column":103}},"61":{"start":{"line":196,"column":36},"end":{"line":196,"column":73}},"62":{"start":{"line":197,"column":36},"end":{"line":197,"column":56}},"63":{"start":{"line":198,"column":36},"end":{"line":198,"column":61}},"64":{"start":{"line":203,"column":73},"end":{"line":203,"column":92}}},"fnMap":{"0":{"name":"(anonymous_0)","decl":{"start":{"line":8,"column":31},"end":{"line":8,"column":32}},"loc":{"start":{"line":8,"column":37},"end":{"line":210,"column":1}},"line":8},"1":{"name":"(anonymous_1)","decl":{"start":{"line":19,"column":31},"end":{"line":19,"column":32}},"loc":{"start":{"line":19,"column":43},"end":{"line":30,"column":5}},"line":19},"2":{"name":"(anonymous_2)","decl":{"start":{"line":32,"column":39},"end":{"line":32,"column":40}},"loc":{"start":{"line":32,"column":60},"end":{"line":46,"column":5}},"line":32},"3":{"name":"(anonymous_3)","decl":{"start":{"line":48,"column":28},"end":{"line":48,"column":29}},"loc":{"start":{"line":48,"column":52},"end":{"line":57,"column":5}},"line":48},"4":{"name":"(anonymous_4)","decl":{"start":{"line":59,"column":26},"end":{"line":59,"column":27}},"loc":{"start":{"line":59,"column":47},"end":{"line":87,"column":5}},"line":59},"5":{"name":"(anonymous_5)","decl":{"start":{"line":76,"column":32},"end":{"line":76,"column":33}},"loc":{"start":{"line":76,"column":42},"end":{"line":76,"column":81}},"line":76},"6":{"name":"(anonymous_6)","decl":{"start":{"line":76,"column":54},"end":{"line":76,"column":55}},"loc":{"start":{"line":76,"column":61},"end":{"line":76,"column":80}},"line":76},"7":{"name":"(anonymous_7)","decl":{"start":{"line":89,"column":14},"end":{"line":89,"column":15}},"loc":{"start":{"line":89,"column":20},"end":{"line":91,"column":5}},"line":89},"8":{"name":"(anonymous_8)","decl":{"start":{"line":93,"column":50},"end":{"line":93,"column":51}},"loc":{"start":{"line":93,"column":71},"end":{"line":96,"column":5}},"line":93},"9":{"name":"(anonymous_9)","decl":{"start":{"line":98,"column":53},"end":{"line":98,"column":54}},"loc":{"start":{"line":98,"column":66},"end":{"line":106,"column":5}},"line":98},"10":{"name":"(anonymous_10)","decl":{"start":{"line":124,"column":34},"end":{"line":124,"column":35}},"loc":{"start":{"line":124,"column":41},"end":{"line":124,"column":70}},"line":124},"11":{"name":"(anonymous_11)","decl":{"start":{"line":136,"column":46},"end":{"line":136,"column":47}},"loc":{"start":{"line":137,"column":28},"end":{"line":177,"column":34}},"line":137},"12":{"name":"(anonymous_12)","decl":{"start":{"line":140,"column":45},"end":{"line":140,"column":46}},"loc":{"start":{"line":140,"column":51},"end":{"line":143,"column":37}},"line":140},"13":{"name":"(anonymous_13)","decl":{"start":{"line":156,"column":53},"end":{"line":156,"column":54}},"loc":{"start":{"line":157,"column":48},"end":{"line":159,"column":50}},"line":157},"14":{"name":"(anonymous_14)","decl":{"start":{"line":166,"column":78},"end":{"line":166,"column":79}},"loc":{"start":{"line":166,"column":84},"end":{"line":166,"column":113}},"line":166},"15":{"name":"(anonymous_15)","decl":{"start":{"line":171,"column":78},"end":{"line":171,"column":79}},"loc":{"start":{"line":171,"column":84},"end":{"line":171,"column":123}},"line":171},"16":{"name":"(anonymous_16)","decl":{"start":{"line":183,"column":63},"end":{"line":183,"column":64}},"loc":{"start":{"line":183,"column":69},"end":{"line":183,"column":95}},"line":183},"17":{"name":"(anonymous_17)","decl":{"start":{"line":185,"column":83},"end":{"line":185,"column":84}},"loc":{"start":{"line":185,"column":89},"end":{"line":185,"column":103}},"line":185},"18":{"name":"(anonymous_18)","decl":{"start":{"line":195,"column":41},"end":{"line":195,"column":42}},"loc":{"start":{"line":195,"column":53},"end":{"line":199,"column":33}},"line":195},"19":{"name":"(anonymous_19)","decl":{"start":{"line":203,"column":67},"end":{"line":203,"column":68}},"loc":{"start":{"line":203,"column":73},"end":{"line":203,"column":92}},"line":203}},"branchMap":{"0":{"loc":{"start":{"line":80,"column":16},"end":{"line":84,"column":49}},"type":"cond-expr","locations":[{"start":{"line":81,"column":22},"end":{"line":81,"column":41}},{"start":{"line":82,"column":22},"end":{"line":84,"column":49}}],"line":80},"1":{"loc":{"start":{"line":82,"column":22},"end":{"line":84,"column":49}},"type":"binary-expr","locations":[{"start":{"line":82,"column":22},"end":{"line":82,"column":51}},{"start":{"line":83,"column":20},"end":{"line":83,"column":47}},{"start":{"line":84,"column":20},"end":{"line":84,"column":49}}],"line":82},"2":{"loc":{"start":{"line":102,"column":12},"end":{"line":104,"column":59}},"type":"binary-expr","locations":[{"start":{"line":102,"column":12},"end":{"line":102,"column":71}},{"start":{"line":103,"column":12},"end":{"line":103,"column":40}},{"start":{"line":104,"column":12},"end":{"line":104,"column":59}}],"line":102},"3":{"loc":{"start":{"line":130,"column":17},"end":{"line":180,"column":17}},"type":"cond-expr","locations":[{"start":{"line":131,"column":20},"end":{"line":133,"column":26}},{"start":{"line":135,"column":20},"end":{"line":179,"column":25}}],"line":130},"4":{"loc":{"start":{"line":137,"column":38},"end":{"line":137,"column":58}},"type":"binary-expr","locations":[{"start":{"line":137,"column":38},"end":{"line":137,"column":49}},{"start":{"line":137,"column":53},"end":{"line":137,"column":58}}],"line":137},"5":{"loc":{"start":{"line":187,"column":13},"end":{"line":207,"column":13}},"type":"binary-expr","locations":[{"start":{"line":187,"column":13},"end":{"line":187,"column":22}},{"start":{"line":188,"column":16},"end":{"line":206,"column":22}}],"line":187}},"s":{"0":1,"1":6,"2":6,"3":6,"4":6,"5":6,"6":6,"7":6,"8":6,"9":6,"10":2,"11":2,"12":2,"13":0,"14":6,"15":0,"16":0,"17":0,"18":0,"19":0,"20":0,"21":6,"22":0,"23":0,"24":0,"25":0,"26":0,"27":0,"28":0,"29":0,"30":6,"31":0,"32":0,"33":0,"34":0,"35":0,"36":0,"37":0,"38":0,"39":0,"40":0,"41":0,"42":0,"43":6,"44":2,"45":6,"46":8,"47":6,"48":8,"49":8,"50":8,"51":6,"52":2,"53":5,"54":0,"55":0,"56":0,"57":0,"58":0,"59":0,"60":0,"61":0,"62":0,"63":0,"64":0},"f":{"0":6,"1":2,"2":0,"3":0,"4":0,"5":0,"6":0,"7":2,"8":8,"9":8,"10":2,"11":5,"12":0,"13":0,"14":0,"15":0,"16":0,"17":0,"18":0,"19":0},"b":{"0":[0,0],"1":[0,0,0],"2":[8,4,3],"3":[3,3],"4":[5,0],"5":[6,0]},"_coverageSchema":"1a1c01bbd47fc00a2c39e90264f33305004495a9","hash":"f8afb05310c6524ea95b1829ea739099aefe8234"}
,"C:\\Users\\canto\\Documents\\ale\\SUPSI\\Bachelor\\Tesi\\MLSmartPhysio_platform\\Frontend\\src\\Pages\\SessionDetailsPage.jsx": {"path":"C:\\Users\\canto\\Documents\\ale\\SUPSI\\Bachelor\\Tesi\\MLSmartPhysio_platform\\Frontend\\src\\Pages\\SessionDetailsPage.jsx","statementMap":{"0":{"start":{"line":10,"column":27},"end":{"line":150,"column":1}},"1":{"start":{"line":11,"column":19},"end":{"line":11,"column":30}},"2":{"start":{"line":12,"column":21},"end":{"line":12,"column":34}},"3":{"start":{"line":14,"column":34},"end":{"line":14,"column":48}},"4":{"start":{"line":15,"column":40},"end":{"line":15,"column":55}},"5":{"start":{"line":16,"column":34},"end":{"line":16,"column":46}},"6":{"start":{"line":17,"column":42},"end":{"line":17,"column":61}},"7":{"start":{"line":19,"column":21},"end":{"line":19,"column":34}},"8":{"start":{"line":20,"column":38},"end":{"line":20,"column":73}},"9":{"start":{"line":22,"column":4},"end":{"line":24,"column":11}},"10":{"start":{"line":23,"column":8},"end":{"line":23,"column":30}},"11":{"start":{"line":26,"column":32},"end":{"line":36,"column":5}},"12":{"start":{"line":27,"column":8},"end":{"line":35,"column":9}},"13":{"start":{"line":28,"column":26},"end":{"line":28,"column":55}},"14":{"start":{"line":29,"column":29},"end":{"line":31,"column":14}},"15":{"start":{"line":32,"column":12},"end":{"line":32,"column":38}},"16":{"start":{"line":34,"column":12},"end":{"line":34,"column":80}},"17":{"start":{"line":38,"column":33},"end":{"line":61,"column":5}},"18":{"start":{"line":39,"column":8},"end":{"line":60,"column":9}},"19":{"start":{"line":40,"column":26},"end":{"line":40,"column":55}},"20":{"start":{"line":41,"column":28},"end":{"line":41,"column":52}},"21":{"start":{"line":43,"column":12},"end":{"line":45,"column":15}},"22":{"start":{"line":47,"column":12},"end":{"line":47,"column":59}},"23":{"start":{"line":48,"column":12},"end":{"line":48,"column":38}},"24":{"start":{"line":49,"column":12},"end":{"line":49,"column":33}},"25":{"start":{"line":51,"column":12},"end":{"line":51,"column":52}},"26":{"start":{"line":52,"column":12},"end":{"line":52,"column":36}},"27":{"start":{"line":54,"column":16},"end":{"line":58,"column":48}},"28":{"start":{"line":59,"column":12},"end":{"line":59,"column":33}},"29":{"start":{"line":63,"column":25},"end":{"line":66,"column":5}},"30":{"start":{"line":64,"column":32},"end":{"line":64,"column":40}},"31":{"start":{"line":65,"column":8},"end":{"line":65,"column":50}},"32":{"start":{"line":68,"column":4},"end":{"line":72,"column":18}},"33":{"start":{"line":69,"column":8},"end":{"line":71,"column":9}},"34":{"start":{"line":70,"column":12},"end":{"line":70,"column":46}},"35":{"start":{"line":74,"column":4},"end":{"line":74,"column":84}},"36":{"start":{"line":74,"column":18},"end":{"line":74,"column":84}},"37":{"start":{"line":76,"column":4},"end":{"line":149,"column":6}},"38":{"start":{"line":86,"column":66},"end":{"line":86,"column":92}},"39":{"start":{"line":138,"column":31},"end":{"line":138,"column":72}},"40":{"start":{"line":146,"column":31},"end":{"line":146,"column":45}}},"fnMap":{"0":{"name":"(anonymous_0)","decl":{"start":{"line":10,"column":27},"end":{"line":10,"column":28}},"loc":{"start":{"line":10,"column":33},"end":{"line":150,"column":1}},"line":10},"1":{"name":"(anonymous_1)","decl":{"start":{"line":22,"column":14},"end":{"line":22,"column":15}},"loc":{"start":{"line":22,"column":20},"end":{"line":24,"column":5}},"line":22},"2":{"name":"(anonymous_2)","decl":{"start":{"line":26,"column":32},"end":{"line":26,"column":33}},"loc":{"start":{"line":26,"column":44},"end":{"line":36,"column":5}},"line":26},"3":{"name":"(anonymous_3)","decl":{"start":{"line":38,"column":33},"end":{"line":38,"column":34}},"loc":{"start":{"line":38,"column":45},"end":{"line":61,"column":5}},"line":38},"4":{"name":"(anonymous_4)","decl":{"start":{"line":63,"column":25},"end":{"line":63,"column":26}},"loc":{"start":{"line":63,"column":32},"end":{"line":66,"column":5}},"line":63},"5":{"name":"(anonymous_5)","decl":{"start":{"line":68,"column":14},"end":{"line":68,"column":15}},"loc":{"start":{"line":68,"column":20},"end":{"line":72,"column":5}},"line":68},"6":{"name":"(anonymous_6)","decl":{"start":{"line":86,"column":60},"end":{"line":86,"column":61}},"loc":{"start":{"line":86,"column":66},"end":{"line":86,"column":92}},"line":86},"7":{"name":"(anonymous_7)","decl":{"start":{"line":138,"column":25},"end":{"line":138,"column":26}},"loc":{"start":{"line":138,"column":31},"end":{"line":138,"column":72}},"line":138},"8":{"name":"(anonymous_8)","decl":{"start":{"line":146,"column":25},"end":{"line":146,"column":26}},"loc":{"start":{"line":146,"column":31},"end":{"line":146,"column":45}},"line":146}},"branchMap":{"0":{"loc":{"start":{"line":54,"column":16},"end":{"line":58,"column":48}},"type":"cond-expr","locations":[{"start":{"line":55,"column":22},"end":{"line":55,"column":41}},{"start":{"line":56,"column":22},"end":{"line":58,"column":48}}],"line":54},"1":{"loc":{"start":{"line":56,"column":22},"end":{"line":58,"column":48}},"type":"binary-expr","locations":[{"start":{"line":56,"column":22},"end":{"line":56,"column":51}},{"start":{"line":57,"column":20},"end":{"line":57,"column":47}},{"start":{"line":58,"column":20},"end":{"line":58,"column":48}}],"line":56},"2":{"loc":{"start":{"line":69,"column":8},"end":{"line":71,"column":9}},"type":"if","locations":[{"start":{"line":69,"column":8},"end":{"line":71,"column":9}},{"start":{},"end":{}}],"line":69},"3":{"loc":{"start":{"line":69,"column":12},"end":{"line":69,"column":47}},"type":"binary-expr","locations":[{"start":{"line":69,"column":12},"end":{"line":69,"column":22}},{"start":{"line":69,"column":26},"end":{"line":69,"column":47}}],"line":69},"4":{"loc":{"start":{"line":74,"column":4},"end":{"line":74,"column":84}},"type":"if","locations":[{"start":{"line":74,"column":4},"end":{"line":74,"column":84}},{"start":{},"end":{}}],"line":74},"5":{"loc":{"start":{"line":109,"column":29},"end":{"line":120,"column":29}},"type":"cond-expr","locations":[{"start":{"line":110,"column":32},"end":{"line":115,"column":34}},{"start":{"line":117,"column":32},"end":{"line":119,"column":38}}],"line":109},"6":{"loc":{"start":{"line":123,"column":25},"end":{"line":129,"column":25}},"type":"binary-expr","locations":[{"start":{"line":123,"column":25},"end":{"line":123,"column":35}},{"start":{"line":124,"column":28},"end":{"line":128,"column":34}}],"line":123}},"s":{"0":1,"1":7,"2":7,"3":7,"4":7,"5":7,"6":7,"7":7,"8":7,"9":7,"10":2,"11":7,"12":2,"13":2,"14":2,"15":2,"16":0,"17":7,"18":1,"19":1,"20":1,"21":1,"22":1,"23":1,"24":1,"25":0,"26":0,"27":0,"28":0,"29":7,"30":1,"31":1,"32":7,"33":5,"34":2,"35":7,"36":2,"37":5,"38":1,"39":0,"40":0},"f":{"0":7,"1":2,"2":2,"3":1,"4":1,"5":5,"6":1,"7":0,"8":0},"b":{"0":[0,0],"1":[0,0,0],"2":[2,3],"3":[5,4],"4":[2,5],"5":[2,3],"6":[5,2]},"_coverageSchema":"1a1c01bbd47fc00a2c39e90264f33305004495a9","hash":"851e2fb86bf38349b68cc6538e40c26f58791b5e"}
,"C:\\Users\\canto\\Documents\\ale\\SUPSI\\Bachelor\\Tesi\\MLSmartPhysio_platform\\Frontend\\src\\Pages\\AppointmentsPages\\AppointmentsListPage.jsx": {"path":"C:\\Users\\canto\\Documents\\ale\\SUPSI\\Bachelor\\Tesi\\MLSmartPhysio_platform\\Frontend\\src\\Pages\\AppointmentsPages\\AppointmentsListPage.jsx","statementMap":{"0":{"start":{"line":12,"column":28},"end":{"line":307,"column":1}},"1":{"start":{"line":13,"column":32},"end":{"line":13,"column":44}},"2":{"start":{"line":14,"column":46},"end":{"line":14,"column":60}},"3":{"start":{"line":15,"column":44},"end":{"line":15,"column":59}},"4":{"start":{"line":16,"column":21},"end":{"line":16,"column":34}},"5":{"start":{"line":17,"column":34},"end":{"line":17,"column":46}},"6":{"start":{"line":18,"column":42},"end":{"line":18,"column":61}},"7":{"start":{"line":20,"column":4},"end":{"line":22,"column":11}},"8":{"start":{"line":21,"column":8},"end":{"line":21,"column":28}},"9":{"start":{"line":24,"column":30},"end":{"line":50,"column":5}},"10":{"start":{"line":25,"column":8},"end":{"line":49,"column":46}},"11":{"start":{"line":31,"column":36},"end":{"line":46,"column":18}},"12":{"start":{"line":32,"column":33},"end":{"line":32,"column":56}},"13":{"start":{"line":33,"column":36},"end":{"line":33,"column":62}},"14":{"start":{"line":34,"column":20},"end":{"line":45,"column":22}},"15":{"start":{"line":47,"column":16},"end":{"line":47,"column":39}},"16":{"start":{"line":49,"column":26},"end":{"line":49,"column":44}},"17":{"start":{"line":52,"column":21},"end":{"line":57,"column":5}},"18":{"start":{"line":53,"column":23},"end":{"line":53,"column":38}},"19":{"start":{"line":54,"column":21},"end":{"line":54,"column":31}},"20":{"start":{"line":55,"column":8},"end":{"line":55,"column":53}},"21":{"start":{"line":56,"column":8},"end":{"line":56,"column":47}},"22":{"start":{"line":59,"column":30},"end":{"line":75,"column":5}},"23":{"start":{"line":60,"column":8},"end":{"line":74,"column":9}},"24":{"start":{"line":61,"column":12},"end":{"line":65,"column":15}},"25":{"start":{"line":66,"column":12},"end":{"line":66,"column":62}},"26":{"start":{"line":67,"column":12},"end":{"line":67,"column":38}},"27":{"start":{"line":69,"column":12},"end":{"line":69,"column":61}},"28":{"start":{"line":69,"column":30},"end":{"line":69,"column":59}},"29":{"start":{"line":69,"column":47},"end":{"line":69,"column":58}},"30":{"start":{"line":70,"column":12},"end":{"line":70,"column":35}},"31":{"start":{"line":72,"column":12},"end":{"line":72,"column":36}},"32":{"start":{"line":73,"column":12},"end":{"line":73,"column":74}},"33":{"start":{"line":77,"column":31},"end":{"line":113,"column":5}},"34":{"start":{"line":78,"column":26},"end":{"line":78,"column":29}},"35":{"start":{"line":79,"column":8},"end":{"line":112,"column":10}},"36":{"start":{"line":85,"column":24},"end":{"line":85,"column":44}},"37":{"start":{"line":86,"column":24},"end":{"line":86,"column":48}},"38":{"start":{"line":87,"column":24},"end":{"line":87,"column":46}},"39":{"start":{"line":115,"column":4},"end":{"line":306,"column":6}},"40":{"start":{"line":225,"column":24},"end":{"line":225,"column":53}},"41":{"start":{"line":226,"column":24},"end":{"line":226,"column":46}},"42":{"start":{"line":233,"column":35},"end":{"line":233,"column":64}},"43":{"start":{"line":256,"column":31},"end":{"line":256,"column":50}},"44":{"start":{"line":293,"column":47},"end":{"line":293,"column":69}},"45":{"start":{"line":297,"column":85},"end":{"line":297,"column":120}},"46":{"start":{"line":304,"column":89},"end":{"line":304,"column":103}}},"fnMap":{"0":{"name":"(anonymous_0)","decl":{"start":{"line":12,"column":28},"end":{"line":12,"column":29}},"loc":{"start":{"line":12,"column":34},"end":{"line":307,"column":1}},"line":12},"1":{"name":"(anonymous_1)","decl":{"start":{"line":20,"column":14},"end":{"line":20,"column":15}},"loc":{"start":{"line":20,"column":20},"end":{"line":22,"column":5}},"line":20},"2":{"name":"(anonymous_2)","decl":{"start":{"line":24,"column":30},"end":{"line":24,"column":31}},"loc":{"start":{"line":24,"column":36},"end":{"line":50,"column":5}},"line":24},"3":{"name":"(anonymous_3)","decl":{"start":{"line":30,"column":18},"end":{"line":30,"column":19}},"loc":{"start":{"line":30,"column":25},"end":{"line":48,"column":13}},"line":30},"4":{"name":"(anonymous_4)","decl":{"start":{"line":31,"column":49},"end":{"line":31,"column":50}},"loc":{"start":{"line":31,"column":56},"end":{"line":46,"column":17}},"line":31},"5":{"name":"(anonymous_5)","decl":{"start":{"line":49,"column":19},"end":{"line":49,"column":20}},"loc":{"start":{"line":49,"column":26},"end":{"line":49,"column":44}},"line":49},"6":{"name":"(anonymous_6)","decl":{"start":{"line":52,"column":21},"end":{"line":52,"column":22}},"loc":{"start":{"line":52,"column":31},"end":{"line":57,"column":5}},"line":52},"7":{"name":"(anonymous_7)","decl":{"start":{"line":59,"column":30},"end":{"line":59,"column":31}},"loc":{"start":{"line":59,"column":44},"end":{"line":75,"column":5}},"line":59},"8":{"name":"(anonymous_8)","decl":{"start":{"line":69,"column":22},"end":{"line":69,"column":23}},"loc":{"start":{"line":69,"column":30},"end":{"line":69,"column":59}},"line":69},"9":{"name":"(anonymous_9)","decl":{"start":{"line":69,"column":42},"end":{"line":69,"column":43}},"loc":{"start":{"line":69,"column":47},"end":{"line":69,"column":58}},"line":69},"10":{"name":"(anonymous_10)","decl":{"start":{"line":77,"column":31},"end":{"line":77,"column":32}},"loc":{"start":{"line":77,"column":40},"end":{"line":113,"column":5}},"line":77},"11":{"name":"(anonymous_11)","decl":{"start":{"line":84,"column":29},"end":{"line":84,"column":30}},"loc":{"start":{"line":84,"column":36},"end":{"line":88,"column":21}},"line":84},"12":{"name":"(anonymous_12)","decl":{"start":{"line":224,"column":32},"end":{"line":224,"column":33}},"loc":{"start":{"line":224,"column":42},"end":{"line":227,"column":21}},"line":224},"13":{"name":"(anonymous_13)","decl":{"start":{"line":233,"column":29},"end":{"line":233,"column":30}},"loc":{"start":{"line":233,"column":35},"end":{"line":233,"column":64}},"line":233},"14":{"name":"(anonymous_14)","decl":{"start":{"line":256,"column":25},"end":{"line":256,"column":26}},"loc":{"start":{"line":256,"column":31},"end":{"line":256,"column":50}},"line":256},"15":{"name":"(anonymous_15)","decl":{"start":{"line":293,"column":41},"end":{"line":293,"column":42}},"loc":{"start":{"line":293,"column":47},"end":{"line":293,"column":69}},"line":293},"16":{"name":"(anonymous_16)","decl":{"start":{"line":297,"column":79},"end":{"line":297,"column":80}},"loc":{"start":{"line":297,"column":85},"end":{"line":297,"column":120}},"line":297},"17":{"name":"(anonymous_17)","decl":{"start":{"line":304,"column":83},"end":{"line":304,"column":84}},"loc":{"start":{"line":304,"column":89},"end":{"line":304,"column":103}},"line":304}},"branchMap":{"0":{"loc":{"start":{"line":32,"column":33},"end":{"line":32,"column":56}},"type":"binary-expr","locations":[{"start":{"line":32,"column":33},"end":{"line":32,"column":50}},{"start":{"line":32,"column":54},"end":{"line":32,"column":56}}],"line":32},"1":{"loc":{"start":{"line":33,"column":36},"end":{"line":33,"column":62}},"type":"binary-expr","locations":[{"start":{"line":33,"column":36},"end":{"line":33,"column":56}},{"start":{"line":33,"column":60},"end":{"line":33,"column":62}}],"line":33},"2":{"loc":{"start":{"line":36,"column":31},"end":{"line":36,"column":78}},"type":"binary-expr","locations":[{"start":{"line":36,"column":31},"end":{"line":36,"column":60}},{"start":{"line":36,"column":64},"end":{"line":36,"column":78}}],"line":36},"3":{"loc":{"start":{"line":268,"column":13},"end":{"line":302,"column":13}},"type":"binary-expr","locations":[{"start":{"line":268,"column":13},"end":{"line":268,"column":26}},{"start":{"line":268,"column":30},"end":{"line":268,"column":42}},{"start":{"line":269,"column":16},"end":{"line":301,"column":24}}],"line":268},"4":{"loc":{"start":{"line":290,"column":57},"end":{"line":290,"column":97}},"type":"binary-expr","locations":[{"start":{"line":290,"column":57},"end":{"line":290,"column":90}},{"start":{"line":290,"column":94},"end":{"line":290,"column":97}}],"line":290}},"s":{"0":1,"1":5,"2":5,"3":5,"4":5,"5":5,"6":5,"7":5,"8":2,"9":5,"10":2,"11":2,"12":2,"13":2,"14":2,"15":2,"16":0,"17":5,"18":2,"19":2,"20":2,"21":2,"22":5,"23":0,"24":0,"25":0,"26":0,"27":0,"28":0,"29":0,"30":0,"31":0,"32":0,"33":5,"34":3,"35":3,"36":0,"37":0,"38":0,"39":5,"40":1,"41":1,"42":0,"43":0,"44":0,"45":0,"46":0},"f":{"0":5,"1":2,"2":2,"3":2,"4":2,"5":0,"6":2,"7":0,"8":0,"9":0,"10":3,"11":0,"12":1,"13":0,"14":0,"15":0,"16":0,"17":0},"b":{"0":[2,0],"1":[2,0],"2":[2,0],"3":[5,1,1],"4":[1,0]},"_coverageSchema":"1a1c01bbd47fc00a2c39e90264f33305004495a9","hash":"e69e4c46d36ffd0b91deb572e2235fcf2867584b"}
,"C:\\Users\\canto\\Documents\\ale\\SUPSI\\Bachelor\\Tesi\\MLSmartPhysio_platform\\Frontend\\src\\Pages\\AppointmentsPages\\TakeAppointmentPage.jsx": {"path":"C:\\Users\\canto\\Documents\\ale\\SUPSI\\Bachelor\\Tesi\\MLSmartPhysio_platform\\Frontend\\src\\Pages\\AppointmentsPages\\TakeAppointmentPage.jsx","statementMap":{"0":{"start":{"line":8,"column":28},"end":{"line":172,"column":1}},"1":{"start":{"line":9,"column":36},"end":{"line":9,"column":48}},"2":{"start":{"line":10,"column":28},"end":{"line":10,"column":40}},"3":{"start":{"line":11,"column":28},"end":{"line":11,"column":40}},"4":{"start":{"line":12,"column":30},"end":{"line":12,"column":42}},"5":{"start":{"line":13,"column":50},"end":{"line":13,"column":64}},"6":{"start":{"line":14,"column":38},"end":{"line":14,"column":53}},"7":{"start":{"line":15,"column":34},"end":{"line":15,"column":46}},"8":{"start":{"line":16,"column":42},"end":{"line":16,"column":61}},"9":{"start":{"line":17,"column":40},"end":{"line":17,"column":52}},"10":{"start":{"line":19,"column":20},"end":{"line":19,"column":32}},"11":{"start":{"line":20,"column":21},"end":{"line":20,"column":34}},"12":{"start":{"line":22,"column":4},"end":{"line":35,"column":11}},"13":{"start":{"line":23,"column":30},"end":{"line":33,"column":9}},"14":{"start":{"line":24,"column":12},"end":{"line":32,"column":13}},"15":{"start":{"line":25,"column":30},"end":{"line":25,"column":59}},"16":{"start":{"line":26,"column":28},"end":{"line":28,"column":18}},"17":{"start":{"line":29,"column":16},"end":{"line":29,"column":38}},"18":{"start":{"line":31,"column":16},"end":{"line":31,"column":67}},"19":{"start":{"line":34,"column":8},"end":{"line":34,"column":24}},"20":{"start":{"line":37,"column":22},"end":{"line":41,"column":5}},"21":{"start":{"line":38,"column":8},"end":{"line":38,"column":38}},"22":{"start":{"line":39,"column":8},"end":{"line":39,"column":27}},"23":{"start":{"line":40,"column":8},"end":{"line":40,"column":23}},"24":{"start":{"line":43,"column":25},"end":{"line":69,"column":5}},"25":{"start":{"line":44,"column":8},"end":{"line":44,"column":27}},"26":{"start":{"line":45,"column":8},"end":{"line":68,"column":9}},"27":{"start":{"line":46,"column":26},"end":{"line":46,"column":55}},"28":{"start":{"line":47,"column":12},"end":{"line":51,"column":14}},"29":{"start":{"line":52,"column":12},"end":{"line":52,"column":59}},"30":{"start":{"line":53,"column":12},"end":{"line":53,"column":38}},"31":{"start":{"line":54,"column":12},"end":{"line":54,"column":32}},"32":{"start":{"line":55,"column":12},"end":{"line":55,"column":24}},"33":{"start":{"line":56,"column":12},"end":{"line":56,"column":24}},"34":{"start":{"line":57,"column":12},"end":{"line":57,"column":25}},"35":{"start":{"line":58,"column":12},"end":{"line":58,"column":37}},"36":{"start":{"line":60,"column":12},"end":{"line":60,"column":36}},"37":{"start":{"line":62,"column":16},"end":{"line":66,"column":53}},"38":{"start":{"line":67,"column":12},"end":{"line":67,"column":33}},"39":{"start":{"line":71,"column":29},"end":{"line":73,"column":5}},"40":{"start":{"line":72,"column":8},"end":{"line":72,"column":97}},"41":{"start":{"line":75,"column":4},"end":{"line":171,"column":6}},"42":{"start":{"line":90,"column":41},"end":{"line":90,"column":70}},"43":{"start":{"line":103,"column":28},"end":{"line":116,"column":33}},"44":{"start":{"line":112,"column":78},"end":{"line":112,"column":94}},"45":{"start":{"line":133,"column":57},"end":{"line":133,"column":80}},"46":{"start":{"line":141,"column":44},"end":{"line":141,"column":103}},"47":{"start":{"line":150,"column":81},"end":{"line":150,"column":104}},"48":{"start":{"line":154,"column":73},"end":{"line":154,"column":97}},"49":{"start":{"line":158,"column":69},"end":{"line":158,"column":88}},"50":{"start":{"line":165,"column":89},"end":{"line":165,"column":103}},"51":{"start":{"line":167,"column":64},"end":{"line":167,"column":89}}},"fnMap":{"0":{"name":"(anonymous_0)","decl":{"start":{"line":8,"column":28},"end":{"line":8,"column":29}},"loc":{"start":{"line":8,"column":34},"end":{"line":172,"column":1}},"line":8},"1":{"name":"(anonymous_1)","decl":{"start":{"line":22,"column":14},"end":{"line":22,"column":15}},"loc":{"start":{"line":22,"column":20},"end":{"line":35,"column":5}},"line":22},"2":{"name":"(anonymous_2)","decl":{"start":{"line":23,"column":30},"end":{"line":23,"column":31}},"loc":{"start":{"line":23,"column":42},"end":{"line":33,"column":9}},"line":23},"3":{"name":"(anonymous_3)","decl":{"start":{"line":37,"column":22},"end":{"line":37,"column":23}},"loc":{"start":{"line":37,"column":37},"end":{"line":41,"column":5}},"line":37},"4":{"name":"(anonymous_4)","decl":{"start":{"line":43,"column":25},"end":{"line":43,"column":26}},"loc":{"start":{"line":43,"column":38},"end":{"line":69,"column":5}},"line":43},"5":{"name":"(anonymous_5)","decl":{"start":{"line":71,"column":45},"end":{"line":71,"column":46}},"loc":{"start":{"line":72,"column":8},"end":{"line":72,"column":97}},"line":72},"6":{"name":"(anonymous_6)","decl":{"start":{"line":90,"column":34},"end":{"line":90,"column":35}},"loc":{"start":{"line":90,"column":41},"end":{"line":90,"column":70}},"line":90},"7":{"name":"(anonymous_7)","decl":{"start":{"line":102,"column":46},"end":{"line":102,"column":47}},"loc":{"start":{"line":103,"column":28},"end":{"line":116,"column":33}},"line":103},"8":{"name":"(anonymous_8)","decl":{"start":{"line":112,"column":72},"end":{"line":112,"column":73}},"loc":{"start":{"line":112,"column":78},"end":{"line":112,"column":94}},"line":112},"9":{"name":"(anonymous_9)","decl":{"start":{"line":133,"column":50},"end":{"line":133,"column":51}},"loc":{"start":{"line":133,"column":57},"end":{"line":133,"column":80}},"line":133},"10":{"name":"(anonymous_10)","decl":{"start":{"line":140,"column":49},"end":{"line":140,"column":50}},"loc":{"start":{"line":141,"column":44},"end":{"line":141,"column":103}},"line":141},"11":{"name":"(anonymous_11)","decl":{"start":{"line":150,"column":74},"end":{"line":150,"column":75}},"loc":{"start":{"line":150,"column":81},"end":{"line":150,"column":104}},"line":150},"12":{"name":"(anonymous_12)","decl":{"start":{"line":154,"column":66},"end":{"line":154,"column":67}},"loc":{"start":{"line":154,"column":73},"end":{"line":154,"column":97}},"line":154},"13":{"name":"(anonymous_13)","decl":{"start":{"line":158,"column":63},"end":{"line":158,"column":64}},"loc":{"start":{"line":158,"column":69},"end":{"line":158,"column":88}},"line":158},"14":{"name":"(anonymous_14)","decl":{"start":{"line":165,"column":83},"end":{"line":165,"column":84}},"loc":{"start":{"line":165,"column":89},"end":{"line":165,"column":103}},"line":165},"15":{"name":"(anonymous_15)","decl":{"start":{"line":167,"column":58},"end":{"line":167,"column":59}},"loc":{"start":{"line":167,"column":64},"end":{"line":167,"column":89}},"line":167}},"branchMap":{"0":{"loc":{"start":{"line":62,"column":16},"end":{"line":66,"column":53}},"type":"cond-expr","locations":[{"start":{"line":63,"column":22},"end":{"line":63,"column":41}},{"start":{"line":64,"column":22},"end":{"line":66,"column":53}}],"line":62},"1":{"loc":{"start":{"line":64,"column":22},"end":{"line":66,"column":53}},"type":"binary-expr","locations":[{"start":{"line":64,"column":22},"end":{"line":64,"column":51}},{"start":{"line":65,"column":20},"end":{"line":65,"column":47}},{"start":{"line":66,"column":20},"end":{"line":66,"column":53}}],"line":64},"2":{"loc":{"start":{"line":96,"column":17},"end":{"line":119,"column":17}},"type":"cond-expr","locations":[{"start":{"line":97,"column":20},"end":{"line":99,"column":26}},{"start":{"line":101,"column":20},"end":{"line":118,"column":25}}],"line":96},"3":{"loc":{"start":{"line":122,"column":13},"end":{"line":163,"column":13}},"type":"binary-expr","locations":[{"start":{"line":122,"column":13},"end":{"line":122,"column":22}},{"start":{"line":123,"column":16},"end":{"line":162,"column":22}}],"line":122},"4":{"loc":{"start":{"line":141,"column":44},"end":{"line":141,"column":103}},"type":"binary-expr","locations":[{"start":{"line":141,"column":44},"end":{"line":141,"column":75}},{"start":{"line":141,"column":79},"end":{"line":141,"column":103}}],"line":141}},"s":{"0":1,"1":5,"2":5,"3":5,"4":5,"5":5,"6":5,"7":5,"8":5,"9":5,"10":5,"11":5,"12":5,"13":2,"14":2,"15":2,"16":2,"17":2,"18":0,"19":2,"20":5,"21":1,"22":1,"23":1,"24":5,"25":0,"26":0,"27":0,"28":0,"29":0,"30":0,"31":0,"32":0,"33":0,"34":0,"35":0,"36":0,"37":0,"38":0,"39":5,"40":6,"41":5,"42":0,"43":6,"44":1,"45":0,"46":0,"47":0,"48":0,"49":0,"50":0,"51":0},"f":{"0":5,"1":2,"2":2,"3":1,"4":0,"5":6,"6":0,"7":6,"8":1,"9":0,"10":0,"11":0,"12":0,"13":0,"14":0,"15":0},"b":{"0":[0,0],"1":[0,0,0],"2":[2,3],"3":[5,1],"4":[0,0]},"_coverageSchema":"1a1c01bbd47fc00a2c39e90264f33305004495a9","hash":"97e210f3bfc6aa862e1f92f7e816cf676f1c857c"}
,"C:\\Users\\canto\\Documents\\ale\\SUPSI\\Bachelor\\Tesi\\MLSmartPhysio_platform\\Frontend\\src\\Pages\\SessionPages\\ConnectionGateModel.jsx": {"path":"C:\\Users\\canto\\Documents\\ale\\SUPSI\\Bachelor\\Tesi\\MLSmartPhysio_platform\\Frontend\\src\\Pages\\SessionPages\\ConnectionGateModel.jsx","statementMap":{"0":{"start":{"line":6,"column":28},"end":{"line":124,"column":1}},"1":{"start":{"line":7,"column":38},"end":{"line":7,"column":53}},"2":{"start":{"line":8,"column":34},"end":{"line":8,"column":48}},"3":{"start":{"line":9,"column":38},"end":{"line":9,"column":53}},"4":{"start":{"line":10,"column":30},"end":{"line":10,"column":42}},"5":{"start":{"line":11,"column":29},"end":{"line":11,"column":41}},"6":{"start":{"line":12,"column":25},"end":{"line":12,"column":37}},"7":{"start":{"line":14,"column":4},"end":{"line":20,"column":11}},"8":{"start":{"line":15,"column":23},"end":{"line":15,"column":62}},"9":{"start":{"line":16,"column":8},"end":{"line":19,"column":9}},"10":{"start":{"line":17,"column":12},"end":{"line":17,"column":31}},"11":{"start":{"line":18,"column":12},"end":{"line":18,"column":30}},"12":{"start":{"line":22,"column":33},"end":{"line":49,"column":5}},"13":{"start":{"line":23,"column":8},"end":{"line":23,"column":52}},"14":{"start":{"line":25,"column":8},"end":{"line":48,"column":9}},"15":{"start":{"line":26,"column":24},"end":{"line":26,"column":83}},"16":{"start":{"line":28,"column":12},"end":{"line":43,"column":13}},"17":{"start":{"line":29,"column":16},"end":{"line":42,"column":17}},"18":{"start":{"line":31,"column":20},"end":{"line":31,"column":68}},"19":{"start":{"line":33,"column":20},"end":{"line":33,"column":39}},"20":{"start":{"line":34,"column":20},"end":{"line":34,"column":38}},"21":{"start":{"line":36,"column":20},"end":{"line":36,"column":61}},"22":{"start":{"line":37,"column":20},"end":{"line":37,"column":60}},"23":{"start":{"line":40,"column":20},"end":{"line":40,"column":63}},"24":{"start":{"line":41,"column":20},"end":{"line":41,"column":40}},"25":{"start":{"line":45,"column":12},"end":{"line":47,"column":13}},"26":{"start":{"line":46,"column":16},"end":{"line":46,"column":65}},"27":{"start":{"line":52,"column":4},"end":{"line":89,"column":20}},"28":{"start":{"line":53,"column":8},"end":{"line":53,"column":36}},"29":{"start":{"line":55,"column":27},"end":{"line":65,"column":9}},"30":{"start":{"line":56,"column":12},"end":{"line":56,"column":29}},"31":{"start":{"line":57,"column":12},"end":{"line":57,"column":32}},"32":{"start":{"line":58,"column":12},"end":{"line":64,"column":13}},"33":{"start":{"line":59,"column":16},"end":{"line":59,"column":76}},"34":{"start":{"line":61,"column":16},"end":{"line":61,"column":71}},"35":{"start":{"line":63,"column":16},"end":{"line":63,"column":34}},"36":{"start":{"line":67,"column":8},"end":{"line":75,"column":9}},"37":{"start":{"line":68,"column":12},"end":{"line":68,"column":25}},"38":{"start":{"line":69,"column":12},"end":{"line":69,"column":35}},"39":{"start":{"line":71,"column":12},"end":{"line":71,"column":80}},"40":{"start":{"line":72,"column":12},"end":{"line":74,"column":22}},"41":{"start":{"line":73,"column":16},"end":{"line":73,"column":63}},"42":{"start":{"line":73,"column":44},"end":{"line":73,"column":63}},"43":{"start":{"line":77,"column":35},"end":{"line":79,"column":9}},"44":{"start":{"line":78,"column":12},"end":{"line":78,"column":75}},"45":{"start":{"line":81,"column":8},"end":{"line":81,"column":68}},"46":{"start":{"line":83,"column":8},"end":{"line":88,"column":10}},"47":{"start":{"line":84,"column":12},"end":{"line":84,"column":41}},"48":{"start":{"line":85,"column":12},"end":{"line":85,"column":53}},"49":{"start":{"line":86,"column":12},"end":{"line":86,"column":52}},"50":{"start":{"line":87,"column":12},"end":{"line":87,"column":75}},"51":{"start":{"line":91,"column":4},"end":{"line":121,"column":5}},"52":{"start":{"line":92,"column":8},"end":{"line":120,"column":10}},"53":{"start":{"line":108,"column":36},"end":{"line":108,"column":56}},"54":{"start":{"line":109,"column":36},"end":{"line":109,"column":53}},"55":{"start":{"line":110,"column":36},"end":{"line":110,"column":123}},"56":{"start":{"line":110,"column":104},"end":{"line":110,"column":121}},"57":{"start":{"line":123,"column":4},"end":{"line":123,"column":28}}},"fnMap":{"0":{"name":"(anonymous_0)","decl":{"start":{"line":6,"column":28},"end":{"line":6,"column":29}},"loc":{"start":{"line":6,"column":34},"end":{"line":124,"column":1}},"line":6},"1":{"name":"(anonymous_1)","decl":{"start":{"line":14,"column":14},"end":{"line":14,"column":15}},"loc":{"start":{"line":14,"column":20},"end":{"line":20,"column":5}},"line":14},"2":{"name":"(anonymous_2)","decl":{"start":{"line":22,"column":33},"end":{"line":22,"column":34}},"loc":{"start":{"line":22,"column":45},"end":{"line":49,"column":5}},"line":22},"3":{"name":"(anonymous_3)","decl":{"start":{"line":52,"column":14},"end":{"line":52,"column":15}},"loc":{"start":{"line":52,"column":20},"end":{"line":89,"column":5}},"line":52},"4":{"name":"(anonymous_4)","decl":{"start":{"line":55,"column":27},"end":{"line":55,"column":28}},"loc":{"start":{"line":55,"column":39},"end":{"line":65,"column":9}},"line":55},"5":{"name":"(anonymous_5)","decl":{"start":{"line":72,"column":51},"end":{"line":72,"column":52}},"loc":{"start":{"line":72,"column":57},"end":{"line":74,"column":13}},"line":72},"6":{"name":"(anonymous_6)","decl":{"start":{"line":77,"column":35},"end":{"line":77,"column":36}},"loc":{"start":{"line":77,"column":41},"end":{"line":79,"column":9}},"line":77},"7":{"name":"(anonymous_7)","decl":{"start":{"line":83,"column":15},"end":{"line":83,"column":16}},"loc":{"start":{"line":83,"column":21},"end":{"line":88,"column":9}},"line":83},"8":{"name":"(anonymous_8)","decl":{"start":{"line":107,"column":41},"end":{"line":107,"column":42}},"loc":{"start":{"line":107,"column":47},"end":{"line":111,"column":33}},"line":107},"9":{"name":"(anonymous_9)","decl":{"start":{"line":110,"column":98},"end":{"line":110,"column":99}},"loc":{"start":{"line":110,"column":104},"end":{"line":110,"column":121}},"line":110}},"branchMap":{"0":{"loc":{"start":{"line":16,"column":8},"end":{"line":19,"column":9}},"type":"if","locations":[{"start":{"line":16,"column":8},"end":{"line":19,"column":9}},{"start":{},"end":{}}],"line":16},"1":{"loc":{"start":{"line":28,"column":12},"end":{"line":43,"column":13}},"type":"if","locations":[{"start":{"line":28,"column":12},"end":{"line":43,"column":13}},{"start":{},"end":{}}],"line":28},"2":{"loc":{"start":{"line":29,"column":16},"end":{"line":42,"column":17}},"type":"if","locations":[{"start":{"line":29,"column":16},"end":{"line":42,"column":17}},{"start":{"line":38,"column":23},"end":{"line":42,"column":17}}],"line":29},"3":{"loc":{"start":{"line":45,"column":12},"end":{"line":47,"column":13}},"type":"if","locations":[{"start":{"line":45,"column":12},"end":{"line":47,"column":13}},{"start":{},"end":{}}],"line":45},"4":{"loc":{"start":{"line":67,"column":8},"end":{"line":75,"column":9}},"type":"if","locations":[{"start":{"line":67,"column":8},"end":{"line":75,"column":9}},{"start":{},"end":{}
[...]
:176,"column":4},"end":{"line":241,"column":6}},"75":{"start":{"line":224,"column":24},"end":{"line":224,"column":43}},"76":{"start":{"line":225,"column":24},"end":{"line":225,"column":51}},"77":{"start":{"line":232,"column":24},"end":{"line":232,"column":43}},"78":{"start":{"line":233,"column":24},"end":{"line":233,"column":44}}},"fnMap":{"0":{"name":"(anonymous_0)","decl":{"start":{"line":17,"column":21},"end":{"line":17,"column":22}},"loc":{"start":{"line":17,"column":27},"end":{"line":242,"column":1}},"line":17},"1":{"name":"(anonymous_1)","decl":{"start":{"line":24,"column":67},"end":{"line":24,"column":68}},"loc":{"start":{"line":24,"column":73},"end":{"line":24,"column":75}},"line":24},"2":{"name":"(anonymous_2)","decl":{"start":{"line":35,"column":14},"end":{"line":35,"column":15}},"loc":{"start":{"line":35,"column":20},"end":{"line":60,"column":5}},"line":35},"3":{"name":"(anonymous_3)","decl":{"start":{"line":40,"column":37},"end":{"line":40,"column":38}},"loc":{"start":{"line":40,"column":43},"end":{"line":57,"column":9}},"line":40},"4":{"name":"(anonymous_4)","decl":{"start":{"line":43,"column":25},"end":{"line":43,"column":26}},"loc":{"start":{"line":43,"column":33},"end":{"line":56,"column":13}},"line":43},"5":{"name":"(anonymous_5)","decl":{"start":{"line":46,"column":57},"end":{"line":46,"column":58}},"loc":{"start":{"line":46,"column":63},"end":{"line":46,"column":65}},"line":46},"6":{"name":"(anonymous_6)","decl":{"start":{"line":49,"column":32},"end":{"line":49,"column":33}},"loc":{"start":{"line":49,"column":56},"end":{"line":55,"column":17}},"line":49},"7":{"name":"(anonymous_7)","decl":{"start":{"line":59,"column":15},"end":{"line":59,"column":16}},"loc":{"start":{"line":59,"column":21},"end":{"line":59,"column":44}},"line":59},"8":{"name":"(anonymous_8)","decl":{"start":{"line":65,"column":14},"end":{"line":65,"column":15}},"loc":{"start":{"line":65,"column":20},"end":{"line":71,"column":5}},"line":65},"9":{"name":"(anonymous_9)","decl":{"start":{"line":69,"column":51},"end":{"line":69,"column":52}},"loc":{"start":{"line":69,"column":57},"end":{"line":69,"column":59}},"line":69},"10":{"name":"(anonymous_10)","decl":{"start":{"line":76,"column":24},"end":{"line":76,"column":25}},"loc":{"start":{"line":76,"column":36},"end":{"line":88,"column":5}},"line":76},"11":{"name":"(anonymous_11)","decl":{"start":{"line":93,"column":23},"end":{"line":93,"column":24}},"loc":{"start":{"line":93,"column":35},"end":{"line":104,"column":5}},"line":93},"12":{"name":"(anonymous_12)","decl":{"start":{"line":109,"column":28},"end":{"line":109,"column":29}},"loc":{"start":{"line":109,"column":38},"end":{"line":111,"column":5}},"line":109},"13":{"name":"(anonymous_13)","decl":{"start":{"line":116,"column":31},"end":{"line":116,"column":32}},"loc":{"start":{"line":116,"column":50},"end":{"line":129,"column":5}},"line":116},"14":{"name":"(anonymous_14)","decl":{"start":{"line":122,"column":52},"end":{"line":122,"column":53}},"loc":{"start":{"line":123,"column":20},"end":{"line":123,"column":68}},"line":123},"15":{"name":"(anonymous_15)","decl":{"start":{"line":134,"column":27},"end":{"line":134,"column":28}},"loc":{"start":{"line":134,"column":33},"end":{"line":140,"column":5}},"line":134},"16":{"name":"(anonymous_16)","decl":{"start":{"line":145,"column":29},"end":{"line":145,"column":30}},"loc":{"start":{"line":145,"column":41},"end":{"line":150,"column":5}},"line":145},"17":{"name":"(anonymous_17)","decl":{"start":{"line":155,"column":33},"end":{"line":155,"column":34}},"loc":{"start":{"line":155,"column":45},"end":{"line":160,"column":5}},"line":155},"18":{"name":"(anonymous_18)","decl":{"start":{"line":165,"column":28},"end":{"line":165,"column":29}},"loc":{"start":{"line":165,"column":52},"end":{"line":174,"column":5}},"line":165},"19":{"name":"(anonymous_19)","decl":{"start":{"line":223,"column":29},"end":{"line":223,"column":30}},"loc":{"start":{"line":223,"column":41},"end":{"line":226,"column":21}},"line":223},"20":{"name":"(anonymous_20)","decl":{"start":{"line":231,"column":29},"end":{"line":231,"column":30}},"loc":{"start":{"line":231,"column":41},"end":{"line":234,"column":21}},"line":231}},"branchMap":{"0":{"loc":{"start":{"line":36,"column":8},"end":{"line":36,"column":91}},"type":"if","locations":[{"start":{"line":36,"column":8},"end":{"line":36,"column":91}},{"start":{},"end":{}}],"line":36},"1":{"loc":{"start":{"line":36,"column":12},"end":{"line":36,"column":82}},"type":"binary-expr","locations":[{"start":{"line":36,"column":12},"end":{"line":36,"column":24}},{"start":{"line":36,"column":28},"end":{"line":36,"column":82}}],"line":36},"2":{"loc":{"start":{"line":38,"column":28},"end":{"line":38,"column":68}},"type":"cond-expr","locations":[{"start":{"line":38,"column":63},"end":{"line":38,"column":64}},{"start":{"line":38,"column":67},"end":{"line":38,"column":68}}],"line":38},"3":{"loc":{"start":{"line":45,"column":16},"end":{"line":47,"column":17}},"type":"if","locations":[{"start":{"line":45,"column":16},"end":{"line":47,"column":17}},{"start":{},"end":{}}],"line":45},"4":{"loc":{"start":{"line":52,"column":31},"end":{"line":52,"column":64}},"type":"binary-expr","locations":[{"start":{"line":52,"column":31},"end":{"line":52,"column":59}},{"start":{"line":52,"column":63},"end":{"line":52,"column":64}}],"line":52},"5":{"loc":{"start":{"line":66,"column":8},"end":{"line":66,"column":75}},"type":"if","locations":[{"start":{"line":66,"column":8},"end":{"line":66,"column":75}},{"start":{},"end":{}}],"line":66},"6":{"loc":{"start":{"line":68,"column":28},"end":{"line":68,"column":68}},"type":"cond-expr","locations":[{"start":{"line":68,"column":63},"end":{"line":68,"column":64}},{"start":{"line":68,"column":67},"end":{"line":68,"column":68}}],"line":68},"7":{"loc":{"start":{"line":117,"column":8},"end":{"line":128,"column":9}},"type":"if","locations":[{"start":{"line":117,"column":8},"end":{"line":128,"column":9}},{"start":{},"end":{}}],"line":117},"8":{"loc":{"start":{"line":117,"column":12},"end":{"line":118,"column":61}},"type":"binary-expr","locations":[{"start":{"line":117,"column":13},"end":{"line":117,"column":45}},{"start":{"line":117,"column":49},"end":{"line":117,"column":67}},{"start":{"line":118,"column":13},"end":{"line":118,"column":41}},{"start":{"line":118,"column":45},"end":{"line":118,"column":60}}],"line":117},"9":{"loc":{"start":{"line":120,"column":12},"end":{"line":127,"column":13}},"type":"if","locations":[{"start":{"line":120,"column":12},"end":{"line":127,"column":13}},{"start":{"line":125,"column":19},"end":{"line":127,"column":13}}],"line":120},"10":{"loc":{"start":{"line":123,"column":20},"end":{"line":123,"column":68}},"type":"cond-expr","locations":[{"start":{"line":123,"column":61},"end":{"line":123,"column":64}},{"start":{"line":123,"column":67},"end":{"line":123,"column":68}}],"line":123},"11":{"loc":{"start":{"line":123,"column":20},"end":{"line":123,"column":58}},"type":"binary-expr","locations":[{"start":{"line":123,"column":20},"end":{"line":123,"column":43}},{"start":{"line":123,"column":47},"end":{"line":123,"column":58}}],"line":123},"12":{"loc":{"start":{"line":135,"column":8},"end":{"line":139,"column":9}},"type":"if","locations":[{"start":{"line":135,"column":8},"end":{"line":139,"column":9}},{"start":{"line":137,"column":15},"end":{"line":139,"column":9}}],"line":135},"13":{"loc":{"start":{"line":137,"column":15},"end":{"line":139,"column":9}},"type":"if","locations":[{"start":{"line":137,"column":15},"end":{"line":139,"column":9}},{"start":{},"end":{}}],"line":137},"14":{"loc":{"start":{"line":200,"column":46},"end":{"line":200,"column":117}},"type":"cond-expr","locations":[{"start":{"line":200,"column":81},"end":{"line":200,"column":97}},{"start":{"line":200,"column":100},"end":{"line":200,"column":117}}],"line":200}},"s":{"0":1,"1":4,"2":4,"3":4,"4":4,"5":4,"6":4,"7":32,"8":4,"9":4,"10":4,"11":4,"12":3,"13":2,"14":1,"15":1,"16":0,"17":0,"18":0,"19":0,"20":0,"21":0,"22":0,"23":0,"24":1,"25":1,"26":4,"27":2,"28":1,"29":1,"30":1,"31":8,"32":1,"33":4,"34":1,"35":1,"36":1,"37":1,"38":1,"39":0,"40":4,"41":1,"42":1,"43":1,"44":1,"45":0,"46":4,"47":1,"48":4,"49":0,"50":0,"51":0,"52":0,"53":0,"54":4,"55":1,"56":1,"57":0,"58":0,"59":4,"60":1,"61":1,"62":4,"63":0,"64":0,"65":4,"66":1,"67":1,"68":1,"69":1,"70":1,"71":1,"72":1,"73":1,"74":4,"75":0,"76":0,"77":0,"78":0},"f":{"0":4,"1":32,"2":3,"3":0,"4":0,"5":0,"6":0,"7":1,"8":2,"9":8,"10":1,"11":1,"12":1,"13":0,"14":0,"15":1,"16":1,"17":0,"18":1,"19":0,"20":0},"b":{"0":[2,1],"1":[3,1],"2":[0,1],"3":[0,0],"4":[0,0],"5":[1,1],"6":[0,1],"7":[0,0],"8":[0,0,0,0],"9":[0,0],"10":[0,0],"11":[0,0],"12":[1,0],"13":[0,0],"14":[0,4]},"_coverageSchema":"1a1c01bbd47fc00a2c39e90264f33305004495a9","hash":"9d6df4cb01d5566b48fdda3610cec31e7d10f4b9"}
,"C:\\Users\\canto\\Documents\\ale\\SUPSI\\Bachelor\\Tesi\\MLSmartPhysio_platform\\Frontend\\src\\Pages\\loginPages\\LoginPage.jsx": {"path":"C:\\Users\\canto\\Documents\\ale\\SUPSI\\Bachelor\\Tesi\\MLSmartPhysio_platform\\Frontend\\src\\Pages\\loginPages\\LoginPage.jsx","statementMap":{"0":{"start":{"line":9,"column":18},"end":{"line":94,"column":1}},"1":{"start":{"line":10,"column":30},"end":{"line":10,"column":42}},"2":{"start":{"line":11,"column":36},"end":{"line":11,"column":48}},"3":{"start":{"line":12,"column":21},"end":{"line":12,"column":34}},"4":{"start":{"line":14,"column":34},"end":{"line":14,"column":46}},"5":{"start":{"line":15,"column":42},"end":{"line":15,"column":61}},"6":{"start":{"line":17,"column":24},"end":{"line":50,"column":5}},"7":{"start":{"line":18,"column":8},"end":{"line":49,"column":9}},"8":{"start":{"line":19,"column":29},"end":{"line":22,"column":14}},"9":{"start":{"line":24,"column":26},"end":{"line":24,"column":45}},"10":{"start":{"line":25,"column":12},"end":{"line":25,"column":49}},"11":{"start":{"line":27,"column":28},"end":{"line":27,"column":65}},"12":{"start":{"line":28,"column":12},"end":{"line":28,"column":49}},"13":{"start":{"line":29,"column":12},"end":{"line":29,"column":85}},"14":{"start":{"line":31,"column":12},"end":{"line":31,"column":38}},"15":{"start":{"line":32,"column":12},"end":{"line":32,"column":57}},"16":{"start":{"line":34,"column":12},"end":{"line":36,"column":21}},"17":{"start":{"line":35,"column":16},"end":{"line":35,"column":36}},"18":{"start":{"line":39,"column":12},"end":{"line":39,"column":36}},"19":{"start":{"line":42,"column":16},"end":{"line":46,"column":45}},"20":{"start":{"line":48,"column":12},"end":{"line":48,"column":33}},"21":{"start":{"line":52,"column":4},"end":{"line":93,"column":6}},"22":{"start":{"line":68,"column":41},"end":{"line":68,"column":65}},"23":{"start":{"line":78,"column":41},"end":{"line":78,"column":68}},"24":{"start":{"line":83,"column":69},"end":{"line":83,"column":94}},"25":{"start":{"line":89,"column":35},"end":{"line":89,"column":49}}},"fnMap":{"0":{"name":"(anonymous_0)","decl":{"start":{"line":9,"column":18},"end":{"line":9,"column":19}},"loc":{"start":{"line":9,"column":24},"end":{"line":94,"column":1}},"line":9},"1":{"name":"(anonymous_1)","decl":{"start":{"line":17,"column":24},"end":{"line":17,"column":25}},"loc":{"start":{"line":17,"column":36},"end":{"line":50,"column":5}},"line":17},"2":{"name":"(anonymous_2)","decl":{"start":{"line":34,"column":23},"end":{"line":34,"column":24}},"loc":{"start":{"line":34,"column":29},"end":{"line":36,"column":13}},"line":34},"3":{"name":"(anonymous_3)","decl":{"start":{"line":68,"column":34},"end":{"line":68,"column":35}},"loc":{"start":{"line":68,"column":41},"end":{"line":68,"column":65}},"line":68},"4":{"name":"(anonymous_4)","decl":{"start":{"line":78,"column":34},"end":{"line":78,"column":35}},"loc":{"start":{"line":78,"column":41},"end":{"line":78,"column":68}},"line":78},"5":{"name":"(anonymous_5)","decl":{"start":{"line":83,"column":63},"end":{"line":83,"column":64}},"loc":{"start":{"line":83,"column":69},"end":{"line":83,"column":94}},"line":83},"6":{"name":"(anonymous_6)","decl":{"start":{"line":89,"column":29},"end":{"line":89,"column":30}},"loc":{"start":{"line":89,"column":35},"end":{"line":89,"column":49}},"line":89}},"branchMap":{"0":{"loc":{"start":{"line":42,"column":16},"end":{"line":46,"column":45}},"type":"cond-expr","locations":[{"start":{"line":43,"column":22},"end":{"line":43,"column":41}},{"start":{"line":44,"column":22},"end":{"line":46,"column":45}}],"line":42},"1":{"loc":{"start":{"line":44,"column":22},"end":{"line":46,"column":45}},"type":"binary-expr","locations":[{"start":{"line":44,"column":22},"end":{"line":44,"column":51}},{"start":{"line":45,"column":20},"end":{"line":45,"column":47}},{"start":{"line":46,"column":20},"end":{"line":46,"column":45}}],"line":44}},"s":{"0":1,"1":8,"2":8,"3":8,"4":8,"5":8,"6":8,"7":2,"8":2,"9":1,"10":1,"11":1,"12":1,"13":1,"14":1,"15":1,"16":1,"17":1,"18":1,"19":1,"20":1,"21":8,"22":2,"23":2,"24":0,"25":0},"f":{"0":8,"1":2,"2":1,"3":2,"4":2,"5":0,"6":0},"b":{"0":[0,1],"1":[1,0,0]},"_coverageSchema":"1a1c01bbd47fc00a2c39e90264f33305004495a9","hash":"d42be104d55cc49d94da9ded8b33f0d0a2d57f74"}
,"C:\\Users\\canto\\Documents\\ale\\SUPSI\\Bachelor\\Tesi\\MLSmartPhysio_platform\\Frontend\\src\\Pages\\loginPages\\RegistrationPage.jsx": {"path":"C:\\Users\\canto\\Documents\\ale\\SUPSI\\Bachelor\\Tesi\\MLSmartPhysio_platform\\Frontend\\src\\Pages\\loginPages\\RegistrationPage.jsx","statementMap":{"0":{"start":{"line":9,"column":25},"end":{"line":176,"column":1}},"1":{"start":{"line":10,"column":28},"end":{"line":10,"column":40}},"2":{"start":{"line":11,"column":34},"end":{"line":11,"column":46}},"3":{"start":{"line":12,"column":40},"end":{"line":12,"column":52}},"4":{"start":{"line":13,"column":48},"end":{"line":13,"column":60}},"5":{"start":{"line":14,"column":30},"end":{"line":14,"column":42}},"6":{"start":{"line":15,"column":36},"end":{"line":15,"column":48}},"7":{"start":{"line":16,"column":46},"end":{"line":16,"column":58}},"8":{"start":{"line":17,"column":38},"end":{"line":17,"column":50}},"9":{"start":{"line":19,"column":21},"end":{"line":19,"column":34}},"10":{"start":{"line":20,"column":25},"end":{"line":20,"column":37}},"11":{"start":{"line":21,"column":34},"end":{"line":21,"column":46}},"12":{"start":{"line":22,"column":42},"end":{"line":22,"column":61}},"13":{"start":{"line":24,"column":31},"end":{"line":62,"column":5}},"14":{"start":{"line":25,"column":8},"end":{"line":61,"column":9}},"15":{"start":{"line":26,"column":29},"end":{"line":35,"column":14}},"16":{"start":{"line":37,"column":26},"end":{"line":37,"column":45}},"17":{"start":{"line":38,"column":12},"end":{"line":38,"column":49}},"18":{"start":{"line":40,"column":28},"end":{"line":40,"column":65}},"19":{"start":{"line":41,"column":12},"end":{"line":41,"column":85}},"20":{"start":{"line":43,"column":12},"end":{"line":43,"column":62}},"21":{"start":{"line":44,"column":12},"end":{"line":44,"column":38}},"22":{"start":{"line":46,"column":12},"end":{"line":48,"column":21}},"23":{"start":{"line":47,"column":16},"end":{"line":47,"column":36}},"24":{"start":{"line":51,"column":12},"end":{"line":51,"column":36}},"25":{"start":{"line":54,"column":16},"end":{"line":58,"column":53}},"26":{"start":{"line":60,"column":12},"end":{"line":60,"column":33}},"27":{"start":{"line":64,"column":4},"end":{"line":175,"column":6}},"28":{"start":{"line":69,"column":43},"end":{"line":69,"column":61}},"29":{"start":{"line":84,"column":49},"end":{"line":84,"column":72}},"30":{"start":{"line":94,"column":49},"end":{"line":94,"column":75}},"31":{"start":{"line":104,"column":49},"end":{"line":104,"column":78}},"32":{"start":{"line":114,"column":49},"end":{"line":114,"column":82}},"33":{"start":{"line":124,"column":49},"end":{"line":124,"column":73}},"34":{"start":{"line":137,"column":53},"end":{"line":137,"column":81}},"35":{"start":{"line":142,"column":51},"end":{"line":142,"column":120}},"36":{"start":{"line":155,"column":49},"end":{"line":155,"column":76}},"37":{"start":{"line":165,"column":49},"end":{"line":165,"column":81}},"38":{"start":{"line":171,"column":97},"end":{"line":171,"column":111}}},"fnMap":{"0":{"name":"(anonymous_0)","decl":{"start":{"line":9,"column":25},"end":{"line":9,"column":26}},"loc":{"start":{"line":9,"column":31},"end":{"line":176,"column":1}},"line":9},"1":{"name":"(anonymous_1)","decl":{"start":{"line":24,"column":31},"end":{"line":24,"column":32}},"loc":{"start":{"line":24,"column":43},"end":{"line":62,"column":5}},"line":24},"2":{"name":"(anonymous_2)","decl":{"start":{"line":46,"column":23},"end":{"line":46,"column":24}},"loc":{"start":{"line":46,"column":29},"end":{"line":48,"column":13}},"line":46},"3":{"name":"(anonymous_3)","decl":{"start":{"line":69,"column":37},"end":{"line":69,"column":38}},"loc":{"start":{"line":69,"column":43},"end":{"line":69,"column":61}},"line":69},"4":{"name":"(anonymous_4)","decl":{"start":{"line":84,"column":42},"end":{"line":84,"column":43}},"loc":{"start":{"line":84,"column":49},"end":{"line":84,"column":72}},"line":84},"5":{"name":"(anonymous_5)","decl":{"start":{"line":94,"column":42},"end":{"line":94,"column":43}},"loc":{"start":{"line":94,"column":49},"end":{"line":94,"column":75}},"line":94},"6":{"name":"(anonymous_6)","decl":{"start":{"line":104,"column":42},"end":{"line":104,"column":43}},"loc":{"start":{"line":104,"column":49},"end":{"line":104,"column":78}},"line":104},"7":{"name":"(anonymous_7)","decl":{"start":{"line":114,"column":42},"end":{"line":114,"column":43}},"loc":{"start":{"line":114,"column":49},"end":{"line":114,"column":82}},"line":114},"8":{"name":"(anonymous_8)","decl":{"start":{"line":124,"column":42},"end":{"line":124,"column":43}},"loc":{"start":{"line":124,"column":49},"end":{"line":124,"column":73}},"line":124},"9":{"name":"(anonymous_9)","decl":{"start":{"line":137,"column":46},"end":{"line":137,"column":47}},"loc":{"start":{"line":137,"column":53},"end":{"line":137,"column":81}},"line":137},"10":{"name":"(anonymous_10)","decl":{"start":{"line":142,"column":45},"end":{"line":142,"column":46}},"loc":{"start":{"line":142,"column":51},"end":{"line":142,"column":120}},"line":142},"11":{"name":"(anonymous_11)","decl":{"start":{"line":155,"column":42},"end":{"line":155,"column":43}},"loc":{"start":{"line":155,"column":49},"end":{"line":155,"column":76}},"line":155},"12":{"name":"(anonymous_12)","decl":{"start":{"line":165,"column":42},"end":{"line":165,"column":43}},"loc":{"start":{"line":165,"column":49},"end":{"line":165,"column":81}},"line":165},"13":{"name":"(anonymous_13)","decl":{"start":{"line":171,"column":91},"end":{"line":171,"column":92}},"loc":{"start":{"line":171,"column":97},"end":{"line":171,"column":111}},"line":171}},"branchMap":{"0":{"loc":{"start":{"line":54,"column":16},"end":{"line":58,"column":53}},"type":"cond-expr","locations":[{"start":{"line":55,"column":22},"end":{"line":55,"column":41}},{"start":{"line":56,"column":22},"end":{"line":58,"column":53}}],"line":54},"1":{"loc":{"start":{"line":56,"column":22},"end":{"line":58,"column":53}},"type":"binary-expr","locations":[{"start":{"line":56,"column":22},"end":{"line":56,"column":51}},{"start":{"line":57,"column":20},"end":{"line":57,"column":47}},{"start":{"line":58,"column":20},"end":{"line":58,"column":53}}],"line":56},"2":{"loc":{"start":{"line":142,"column":51},"end":{"line":142,"column":120}},"type":"binary-expr","locations":[{"start":{"line":142,"column":51},"end":{"line":142,"column":87}},{"start":{"line":142,"column":91},"end":{"line":142,"column":120}}],"line":142}},"s":{"0":1,"1":12,"2":12,"3":12,"4":12,"5":12,"6":12,"7":12,"8":12,"9":12,"10":12,"11":12,"12":12,"13":12,"14":2,"15":2,"16":1,"17":1,"18":1,"19":1,"20":1,"21":1,"22":1,"23":1,"24":1,"25":1,"26":1,"27":12,"28":0,"29":1,"30":1,"31":1,"32":1,"33":1,"34":0,"35":0,"36":1,"37":1,"38":0},"f":{"0":12,"1":2,"2":1,"3":0,"4":1,"5":1,"6":1,"7":1,"8":1,"9":0,"10":0,"11":1,"12":1,"13":0},"b":{"0":[0,1],"1":[1,0,0],"2":[0,0]},"_coverageSchema":"1a1c01bbd47fc00a2c39e90264f33305004495a9","hash":"6c6ce0f1d3fbbbb3a40345d7fedd0925d892fea4"}
}
