TN:
SF:src\AtomicComponents\Header.jsx
FN:4,(anonymous_0)
FNF:1
FNH:1
FNDA:5,(anonymous_0)
DA:4,1
DA:5,5
LF:2
LH:2
BRDA:9,0,0,5
BRDA:9,0,1,5
BRF:2
BRH:2
end_of_record
TN:
SF:src\AtomicComponents\MessageHandlerModel.jsx
FN:4,(anonymous_0)
FN:5,(anonymous_1)
FN:6,(anonymous_2)
FN:9,(anonymous_3)
FNF:4
FNH:3
FNDA:5,(anonymous_0)
FNDA:2,(anonymous_1)
FNDA:0,(anonymous_2)
FNDA:2,(anonymous_3)
DA:4,1
DA:5,5
DA:6,2
DA:7,0
DA:9,2
DA:12,5
DA:14,0
LF:7
LH:5
BRDA:4,0,0,0
BRDA:7,1,0,0
BRDA:7,1,1,0
BRDA:12,2,0,5
BRDA:12,2,1,0
BRF:5
BRH:1
end_of_record
TN:
SF:src\Pages\AddPatientPage.jsx
FN:11,(anonymous_0)
FN:26,(anonymous_1)
FN:50,(anonymous_2)
FN:83,(anonymous_3)
FN:87,(anonymous_4)
FN:93,(anonymous_5)
FN:97,(anonymous_6)
FN:106,(anonymous_7)
FN:118,(anonymous_8)
FN:126,(anonymous_9)
FN:130,(anonymous_10)
FN:142,(anonymous_11)
FN:146,(anonymous_12)
FN:150,(anonymous_13)
FNF:14
FNH:9
FNDA:9,(anonymous_0)
FNDA:1,(anonymous_1)
FNDA:0,(anonymous_2)
FNDA:1,(anonymous_3)
FNDA:1,(anonymous_4)
FNDA:1,(anonymous_5)
FNDA:1,(anonymous_6)
FNDA:1,(anonymous_7)
FNDA:1,(anonymous_8)
FNDA:1,(anonymous_9)
FNDA:0,(anonymous_10)
FNDA:0,(anonymous_11)
FNDA:0,(anonymous_12)
FNDA:0,(anonymous_13)
DA:11,1
DA:12,9
DA:13,9
DA:14,9
DA:15,9
DA:16,9
DA:17,9
DA:18,9
DA:20,9
DA:21,9
DA:23,9
DA:24,9
DA:26,9
DA:27,1
DA:28,1
DA:29,1
DA:47,1
DA:48,1
DA:50,1
DA:51,0
DA:54,0
DA:57,0
DA:63,0
DA:67,9
DA:83,1
DA:87,1
DA:93,1
DA:97,1
DA:106,1
DA:118,1
DA:126,1
DA:130,0
DA:142,0
DA:146,0
DA:150,0
LF:35
LH:27
BRDA:57,0,0,0
BRDA:57,0,1,0
BRDA:59,1,0,0
BRDA:59,1,1,0
BRDA:59,1,2,0
BRF:5
BRH:0
end_of_record
TN:
SF:src\Pages\DoctorMainPage.jsx
FN:9,(anonymous_0)
FN:18,(anonymous_1)
FN:24,(anonymous_2)
FN:38,(anonymous_3)
FN:50,(anonymous_4)
FN:62,(anonymous_5)
FN:82,(anonymous_6)
FN:86,(anonymous_7)
FN:90,(anonymous_8)
FNF:9
FNH:6
FNDA:2,(anonymous_0)
FNDA:1,(anonymous_1)
FNDA:1,(anonymous_2)
FNDA:1,(anonymous_3)
FNDA:3,(anonymous_4)
FNDA:1,(anonymous_5)
FNDA:0,(anonymous_6)
FNDA:0,(anonymous_7)
FNDA:0,(anonymous_8)
DA:9,1
DA:10,2
DA:11,2
DA:12,2
DA:14,2
DA:15,2
DA:18,2
DA:19,1
DA:20,1
DA:21,1
DA:24,2
DA:25,1
DA:26,1
DA:27,1
DA:32,1
DA:34,0
DA:38,2
DA:39,1
DA:40,1
DA:41,1
DA:47,1
DA:48,1
DA:50,1
DA:51,3
DA:52,3
DA:53,3
DA:56,1
DA:58,0
DA:62,2
DA:63,1
DA:64,1
DA:65,1
DA:70,1
DA:72,0
DA:77,2
DA:82,0
DA:86,0
DA:90,0
LF:38
LH:32
BRF:0
BRH:0
end_of_record
TN:
SF:src\Pages\PatientDetailsPage.jsx
FN:7,(anonymous_0)
FN:16,(anonymous_1)
FN:20,(anonymous_2)
FN:32,(anonymous_3)
FN:53,(anonymous_4)
FN:61,(anonymous_5)
FN:92,(anonymous_6)
FN:118,(anonymous_7)
FN:138,(anonymous_8)
FN:139,(anonymous_9)
FN:155,(anonymous_10)
FN:159,(anonymous_11)
FNF:12
FNH:6
FNDA:7,(anonymous_0)
FNDA:2,(anonymous_1)
FNDA:2,(anonymous_2)
FNDA:1,(anonymous_3)
FNDA:1,(anonymous_4)
FNDA:0,(anonymous_5)
FNDA:1,(anonymous_6)
FNDA:0,(anonymous_7)
FNDA:0,(anonymous_8)
FNDA:0,(anonymous_9)
FNDA:0,(anonymous_10)
FNDA:0,(anonymous_11)
DA:7,1
DA:8,7
DA:9,7
DA:11,7
DA:12,7
DA:13,7
DA:14,7
DA:16,7
DA:17,2
DA:20,7
DA:21,2
DA:22,2
DA:23,2
DA:26,2
DA:28,0
DA:32,7
DA:33,1
DA:34,1
DA:35,1
DA:38,1
DA:39,1
DA:40,1
DA:42,0
DA:44,0
DA:49,0
DA:53,7
DA:54,1
DA:55,1
DA:61,7
DA:62,0
DA:64,0
DA:66,0
DA:68,0
DA:70,0
DA:74,7
DA:76,5
DA:92,1
DA:118,0
DA:138,0
DA:139,0
DA:155,0
DA:159,0
LF:42
LH:28
BRDA:44,0,0,0
BRDA:44,0,1,0
BRDA:46,1,0,0
BRDA:46,1,1,0
BRDA:46,1,2,0
BRDA:57,2,0,0
BRDA:57,2,1,1
BRDA:62,3,0,0
BRDA:62,3,1,0
BRDA:62,3,2,0
BRDA:62,3,3,0
BRDA:74,4,0,2
BRDA:74,4,1,5
BRDA:81,5,0,5
BRDA:81,5,1,0
BRDA:91,6,0,2
BRDA:91,6,1,3
BRDA:98,7,0,5
BRDA:98,7,1,0
BRDA:107,8,0,2
BRDA:107,8,1,3
BRDA:108,9,0,2
BRDA:108,9,1,3
BRDA:111,10,0,2
BRDA:111,10,1,3
BRDA:114,11,0,2
BRDA:114,11,1,3
BRDA:126,12,0,2
BRDA:126,12,1,3
BRDA:127,13,0,2
BRDA:127,13,1,3
BRDA:135,14,0,2
BRDA:135,14,1,3
BRDA:136,15,0,2
BRDA:136,15,1,3
BRDA:141,16,0,3
BRDA:141,16,1,0
BRDA:146,17,0,5
BRDA:146,17,1,2
BRF:39
BRH:26
end_of_record
TN:
SF:src\Pages\PatientListPage.jsx
FN:8,(anonymous_0)
FN:19,(anonymous_1)
FN:33,(anonymous_2)
FN:38,(anonymous_3)
FN:76,(anonymous_4)
FN:88,(anonymous_5)
FN:88,(anonymous_6)
FN:89,(anonymous_7)
FN:89,(anonymous_8)
FN:106,(anonymous_9)
FN:109,(anonymous_10)
FN:118,(anonymous_11)
FN:139,(anonymous_12)
FN:149,(anonymous_13)
FN:151,(anonymous_14)
FN:165,(anonymous_15)
FN:169,(anonymous_16)
FN:173,(anonymous_17)
FN:192,(anonymous_18)
FN:198,(anonymous_19)
FN:203,(anonymous_20)
FNF:21
FNH:7
FNDA:6,(anonymous_0)
FNDA:2,(anonymous_1)
FNDA:0,(anonymous_2)
FNDA:0,(anonymous_3)
FNDA:0,(anonymous_4)
FNDA:0,(anonymous_5)
FNDA:0,(anonymous_6)
FNDA:0,(anonymous_7)
FNDA:0,(anonymous_8)
FNDA:2,(anonymous_9)
FNDA:4,(anonymous_10)
FNDA:2,(anonymous_11)
FNDA:2,(anonymous_12)
FNDA:5,(anonymous_13)
FNDA:0,(anonymous_14)
FNDA:0,(anonymous_15)
FNDA:0,(anonymous_16)
FNDA:0,(anonymous_17)
FNDA:0,(anonymous_18)
FNDA:0,(anonymous_19)
FNDA:0,(anonymous_20)
DA:8,1
DA:9,6
DA:10,6
DA:11,6
DA:12,6
DA:13,6
DA:14,6
DA:15,6
DA:17,6
DA:19,6
DA:20,2
DA:21,2
DA:26,2
DA:27,2
DA:29,0
DA:33,6
DA:34,0
DA:35,0
DA:38,6
DA:39,0
DA:40,0
DA:42,0
DA:56,0
DA:57,0
DA:59,0
DA:60,0
DA:61,0
DA:63,0
DA:66,0
DA:72,0
DA:76,6
DA:77,0
DA:78,0
DA:79,0
DA:85,0
DA:86,0
DA:88,0
DA:89,0
DA:90,0
DA:91,0
DA:93,0
DA:96,0
DA:102,0
DA:106,6
DA:107,2
DA:108,2
DA:109,2
DA:110,4
DA:115,2
DA:118,6
DA:119,2
DA:122,6
DA:139,2
DA:150,5
DA:151,0
DA:165,0
DA:169,0
DA:173,0
DA:192,0
DA:198,0
DA:203,0
LF:61
LH:28
BRDA:66,0,0,0
BRDA:66,0,1,0
BRDA:68,1,0,0
BRDA:68,1,1,0
BRDA:68,1,2,0
BRDA:96,2,0,0
BRDA:96,2,1,0
BRDA:98,3,0,0
BRDA:98,3,1,0
BRDA:98,3,2,0
BRDA:110,4,0,4
BRDA:110,4,1,3
BRDA:110,4,2,3
BRDA:110,4,3,3
BRDA:146,5,0,3
BRDA:146,5,1,3
BRDA:155,6,0,3
BRDA:155,6,1,2
BRDA:185,7,0,6
BRDA:185,7,1,0
BRF:20
BRH:9
end_of_record
TN:
SF:src\Pages\PatientSessionListPage.jsx
FN:8,(anonymous_0)
FN:19,(anonymous_1)
FN:32,(anonymous_2)
FN:48,(anonymous_3)
FN:59,(anonymous_4)
FN:76,(anonymous_5)
FN:76,(anonymous_6)
FN:89,(anonymous_7)
FN:93,(anonymous_8)
FN:98,(anonymous_9)
FN:124,(anonymous_10)
FN:136,(anonymous_11)
FN:140,(anonymous_12)
FN:156,(anonymous_13)
FN:166,(anonymous_14)
FN:171,(anonymous_15)
FN:183,(anonymous_16)
FN:185,(anonymous_17)
FN:195,(anonymous_18)
FN:203,(anonymous_19)
FNF:20
FNH:7
FNDA:6,(anonymous_0)
FNDA:2,(anonymous_1)
FNDA:0,(anonymous_2)
FNDA:0,(anonymous_3)
FNDA:0,(anonymous_4)
FNDA:0,(anonymous_5)
FNDA:0,(anonymous_6)
FNDA:2,(anonymous_7)
FNDA:8,(anonymous_8)
FNDA:8,(anonymous_9)
FNDA:2,(anonymous_10)
FNDA:5,(anonymous_11)
FNDA:0,(anonymous_12)
FNDA:0,(anonymous_13)
FNDA:0,(anonymous_14)
FNDA:0,(anonymous_15)
FNDA:0,(anonymous_16)
FNDA:0,(anonymous_17)
FNDA:0,(anonymous_18)
FNDA:0,(anonymous_19)
DA:8,1
DA:9,6
DA:10,6
DA:11,6
DA:12,6
DA:13,6
DA:14,6
DA:16,6
DA:17,6
DA:19,6
DA:20,2
DA:21,2
DA:26,2
DA:28,0
DA:32,6
DA:33,0
DA:34,0
DA:37,0
DA:39,0
DA:42,0
DA:44,0
DA:48,6
DA:49,0
DA:50,0
DA:51,0
DA:52,0
DA:53,0
DA:54,0
DA:55,0
DA:56,0
DA:59,6
DA:60,0
DA:61,0
DA:65,0
DA:69,0
DA:73,0
DA:74,0
DA:76,0
DA:78,0
DA:80,0
DA:85,0
DA:89,6
DA:90,2
DA:93,8
DA:98,6
DA:99,8
DA:100,8
DA:101,8
DA:108,6
DA:124,2
DA:137,5
DA:141,0
DA:142,0
DA:157,0
DA:166,0
DA:171,0
DA:183,0
DA:185,0
DA:196,0
DA:197,0
DA:198,0
DA:203,0
LF:62
LH:26
BRDA:80,0,0,0
BRDA:80,0,1,0
BRDA:82,1,0,0
BRDA:82,1,1,0
BRDA:82,1,2,0
BRDA:102,2,0,8
BRDA:102,2,1,4
BRDA:102,2,2,3
BRDA:130,3,0,3
BRDA:130,3,1,3
BRDA:137,4,0,5
BRDA:137,4,1,0
BRDA:187,5,0,6
BRDA:187,5,1,0
BRF:14
BRH:7
end_of_record
TN:
SF:src\Pages\SessionDetailsPage.jsx
FN:10,(anonymous_0)
FN:22,(anonymous_1)
FN:26,(anonymous_2)
FN:38,(anonymous_3)
FN:63,(anonymous_4)
FN:68,(anonymous_5)
FN:86,(anonymous_6)
FN:138,(anonymous_7)
FN:146,(anonymous_8)
FNF:9
FNH:7
FNDA:7,(anonymous_0)
FNDA:2,(anonymous_1)
FNDA:2,(anonymous_2)
FNDA:1,(anonymous_3)
FNDA:1,(anonymous_4)
FNDA:5,(anonymous_5)
FNDA:1,(anonymous_6)
FNDA:0,(anonymous_7)
FNDA:0,(anonymous_8)
DA:10,1
DA:11,7
DA:12,7
DA:14,7
DA:15,7
DA:16,7
DA:17,7
DA:19,7
DA:20,7
DA:22,7
DA:23,2
DA:26,7
DA:27,2
DA:28,2
DA:29,2
DA:32,2
DA:34,0
DA:38,7
DA:39,1
DA:40,1
DA:41,1
DA:43,1
DA:47,1
DA:48,1
DA:49,1
DA:51,0
DA:52,0
DA:54,0
DA:59,0
DA:63,7
DA:64,1
DA:65,1
DA:68,7
DA:69,5
DA:70,2
DA:74,7
DA:76,5
DA:86,1
DA:138,0
DA:146,0
LF:40
LH:33
BRDA:54,0,0,0
BRDA:54,0,1,0
BRDA:56,1,0,0
BRDA:56,1,1,0
BRDA:56,1,2,0
BRDA:69,2,0,2
BRDA:69,2,1,3
BRDA:69,3,0,5
BRDA:69,3,1,4
BRDA:74,4,0,2
BRDA:74,4,1,5
BRDA:109,5,0,2
BRDA:109,5,1,3
BRDA:123,6,0,5
BRDA:123,6,1,2
BRF:15
BRH:10
end_of_record
TN:
SF:src\Pages\AppointmentsPages\AppointmentsListPage.jsx
FN:12,(anonymous_0)
FN:20,(anonymous_1)
FN:24,(anonymous_2)
FN:30,(anonymous_3)
FN:31,(anonymous_4)
FN:49,(anonymous_5)
FN:52,(anonymous_6)
FN:59,(anonymous_7)
FN:69,(anonymous_8)
FN:69,(anonymous_9)
FN:77,(anonymous_10)
FN:84,(anonymous_11)
FN:224,(anonymous_12)
FN:233,(anonymous_13)
FN:256,(anonymous_14)
FN:293,(anonymous_15)
FN:297,(anonymous_16)
FN:304,(anonymous_17)
FNF:18
FNH:8
FNDA:5,(anonymous_0)
FNDA:2,(anonymous_1)
FNDA:2,(anonymous_2)
FNDA:2,(anonymous_3)
FNDA:2,(anonymous_4)
FNDA:0,(anonymous_5)
FNDA:2,(anonymous_6)
FNDA:0,(anonymous_7)
FNDA:0,(anonymous_8)
FNDA:0,(anonymous_9)
FNDA:3,(anonymous_10)
FNDA:0,(anonymous_11)
FNDA:1,(anonymous_12)
FNDA:0,(anonymous_13)
FNDA:0,(anonymous_14)
FNDA:0,(anonymous_15)
FNDA:0,(anonymous_16)
FNDA:0,(anonymous_17)
DA:12,1
DA:13,5
DA:14,5
DA:15,5
DA:16,5
DA:17,5
DA:18,5
DA:20,5
DA:21,2
DA:24,5
DA:25,2
DA:31,2
DA:32,2
DA:33,2
DA:34,2
DA:47,2
DA:49,0
DA:52,5
DA:53,2
DA:54,2
DA:55,2
DA:56,2
DA:59,5
DA:60,0
DA:61,0
DA:66,0
DA:67,0
DA:69,0
DA:70,0
DA:72,0
DA:73,0
DA:77,5
DA:78,3
DA:79,3
DA:85,0
DA:86,0
DA:87,0
DA:115,5
DA:225,1
DA:226,1
DA:233,0
DA:256,0
DA:293,0
DA:297,0
DA:304,0
LF:45
LH:28
BRDA:32,0,0,2
BRDA:32,0,1,0
BRDA:33,1,0,2
BRDA:33,1,1,0
BRDA:36,2,0,2
BRDA:36,2,1,0
BRDA:268,3,0,5
BRDA:268,3,1,1
BRDA:268,3,2,1
BRDA:290,4,0,1
BRDA:290,4,1,0
BRF:11
BRH:7
end_of_record
TN:
SF:src\Pages\AppointmentsPages\TakeAppointmentPage.jsx
FN:8,(anonymous_0)
FN:22,(anonymous_1)
FN:23,(anonymous_2)
FN:37,(anonymous_3)
FN:43,(anonymous_4)
FN:71,(anonymous_5)
FN:90,(anonymous_6)
FN:102,(anonymous_7)
FN:112,(anonymous_8)
FN:133,(anonymous_9)
FN:140,(anonymous_10)
FN:150,(anonymous_11)
FN:154,(anonymous_12)
FN:158,(anonymous_13)
FN:165,(anonymous_14)
FN:167,(anonymous_15)
FNF:16
FNH:7
FNDA:5,(anonymous_0)
FNDA:2,(anonymous_1)
FNDA:2,(anonymous_2)
FNDA:1,(anonymous_3)
FNDA:0,(anonymous_4)
FNDA:6,(anonymous_5)
FNDA:0,(anonymous_6)
FNDA:6,(anonymous_7)
FNDA:1,(anonymous_8)
FNDA:0,(anonymous_9)
FNDA:0,(anonymous_10)
FNDA:0,(anonymous_11)
FNDA:0,(anonymous_12)
FNDA:0,(anonymous_13)
FNDA:0,(anonymous_14)
FNDA:0,(anonymous_15)
DA:8,1
DA:9,5
DA:10,5
DA:11,5
DA:12,5
DA:13,5
DA:14,5
DA:15,5
DA:16,5
DA:17,5
DA:19,5
DA:20,5
DA:22,5
DA:23,2
DA:24,2
DA:25,2
DA:26,2
DA:29,2
DA:31,0
DA:34,2
DA:37,5
DA:38,1
DA:39,1
DA:40,1
DA:43,5
DA:44,0
DA:45,0
DA:46,0
DA:47,0
DA:52,0
DA:53,0
DA:54,0
DA:55,0
DA:56,0
DA:57,0
DA:58,0
DA:60,0
DA:62,0
DA:67,0
DA:71,5
DA:72,6
DA:75,5
DA:90,0
DA:103,6
DA:112,1
DA:133,0
DA:141,0
DA:150,0
DA:154,0
DA:158,0
DA:165,0
DA:167,0
LF:52
LH:29
BRDA:62,0,0,0
BRDA:62,0,1,0
BRDA:64,1,0,0
BRDA:64,1,1,0
BRDA:64,1,2,0
BRDA:96,2,0,2
BRDA:96,2,1,3
BRDA:122,3,0,5
BRDA:122,3,1,1
BRDA:141,4,0,0
BRDA:141,4,1,0
BRF:11
BRH:4
end_of_record
TN:
SF:src\Pages\SessionPages\ConnectionGateModel.jsx
FN:6,(anonymous_0)
FN:14,(anonymous_1)
FN:22,(anonymous_2)
FN:52,(anonymous_3)
FN:55,(anonymous_4)
FN:72,(anonymous_5)
FN:77,(anonymous_6)
FN:83,(anonymous_7)
FN:107,(anonymous_8)
FN:110,(anonymous_9)
FNF:10
FNH:6
FNDA:6,(anonymous_0)
FNDA:3,(anonymous_1)
FNDA:4,(anonymous_2)
FNDA:5,(anonymous_3)
FNDA:4,(anonymous_4)
FNDA:0,(anonymous_5)
FNDA:0,(anonymous_6)
FNDA:5,(anonymous_7)
FNDA:0,(anonymous_8)
FNDA:0,(anonymous_9)
DA:6,1
DA:7,6
DA:8,6
DA:9,6
DA:10,6
DA:11,6
DA:12,6
DA:14,6
DA:15,3
DA:16,3
DA:17,1
DA:18,1
DA:22,6
DA:23,4
DA:25,4
DA:26,4
DA:28,4
DA:29,4
DA:31,0
DA:33,0
DA:34,0
DA:36,0
DA:37,0
DA:40,4
DA:41,4
DA:45,0
DA:46,0
DA:52,6
DA:53,5
DA:55,5
DA:56,4
DA:57,4
DA:58,4
DA:59,4
DA:61,0
DA:63,4
DA:67,5
DA:68,4
DA:69,4
DA:71,4
DA:72,4
DA:73,0
DA:77,5
DA:78,0
DA:81,5
DA:83,5
DA:84,5
DA:85,5
DA:86,5
DA:87,5
DA:91,6
DA:92,5
DA:108,0
DA:109,0
DA:110,0
DA:123,1
LF:56
LH:43
BRDA:16,0,0,1
BRDA:16,0,1,2
BRDA:28,1,0,4
BRDA:28,1,1,0
BRDA:29,2,0,0
BRDA:29,2,1,4
BRDA:45,3,0,0
BRDA:45,3,1,0
BRDA:67,4,0,4
BRDA:67,4,1,1
BRDA:73,5,0,0
BRDA:73,5,1,0
BRDA:73,6,0,0
BRDA:73,6,1,0
BRDA:91,7,0,5
BRDA:91,7,1,1
BRDA:94,8,0,5
BRDA:94,8,1,3
BRDA:102,9,0,5
BRDA:102,9,1,2
BRDA:105,10,0,2
BRDA:105,10,1,0
BRF:22
BRH:13
end_of_record
TN:
SF:src\Pages\SessionPages\ControlPanel.jsx
FN:17,(anonymous_0)
FN:24,(anonymous_1)
FN:35,(anonymous_2)
FN:40,(anonymous_3)
FN:43,(anonymous_4)
FN:46,(anonymous_5)
FN:49,(anonymous_6)
FN:59,(anonymous_7)
FN:65,(anonymous_8)
FN:69,(anonymous_9)
FN:76,(anonymous_10)
FN:93,(anonymous_11)
FN:109,(anonymous_12)
FN:116,(anonymous_13)
FN:122,(anonymous_14)
FN:134,(anonymous_15)
FN:145,(anonymous_16)
FN:155,(anonymous_17)
FN:165,(anonymous_18)
FN:223,(anonymous_19)
FN:231,(anonymous_20)
FNF:21
FNH:12
FNDA:4,(anonymous_0)
FNDA:32,(anonymous_1)
FNDA:3,(anonymous_2)
FNDA:0,(anonymous_3)
FNDA:0,(anonymous_4)
FNDA:0,(anonymous_5)
FNDA:0,(anonymous_6)
FNDA:1,(anonymous_7)
FNDA:2,(anonymous_8)
FNDA:8,(anonymous_9)
FNDA:1,(anonymous_10)
FNDA:1,(anonymous_11)
FNDA:1,(anonymous_12)
FNDA:0,(anonymous_13)
FNDA:0,(anonymous_14)
FNDA:1,(anonymous_15)
FNDA:1,(anonymous_16)
FNDA:0,(anonymous_17)
FNDA:1,(anonymous_18)
FNDA:0,(anonymous_19)
FNDA:0,(anonymous_20)
DA:17,1
DA:18,4
DA:19,4
DA:21,4
DA:22,4
DA:23,4
DA:24,32
DA:25,4
DA:27,4
DA:29,4
DA:35,4
DA:36,3
DA:38,1
DA:40,1
DA:41,0
DA:43,0
DA:45,0
DA:46,0
DA:49,0
DA:50,0
DA:54,0
DA:59,1
DA:65,4
DA:66,2
DA:68,1
DA:69,8
DA:70,1
DA:76,4
DA:77,1
DA:78,1
DA:79,1
DA:80,1
DA:84,1
DA:86,0
DA:93,4
DA:94,1
DA:95,1
DA:96,1
DA:100,1
DA:102,0
DA:109,4
DA:110,1
DA:116,4
DA:117,0
DA:120,0
DA:122,0
DA:123,0
DA:126,0
DA:134,4
DA:135,1
DA:136,1
DA:137,0
DA:138,0
DA:145,4
DA:146,1
DA:149,1
DA:155,4
DA:156,0
DA:159,0
DA:165,4
DA:166,1
DA:167,1
DA:168,1
DA:169,1
DA:170,1
DA:171,1
DA:172,1
DA:173,1
DA:176,4
DA:224,0
DA:225,0
DA:232,0
DA:233,0
LF:73
LH:51
BRDA:36,0,0,2
BRDA:36,0,1,1
BRDA:36,1,0,3
BRDA:36,1,1,1
BRDA:38,2,0,0
BRDA:38,2,1,1
BRDA:45,3,0,0
BRDA:45,3,1,0
BRDA:52,4,0,0
BRDA:52,4,1,0
BRDA:66,5,0,1
BRDA:66,5,1,1
BRDA:68,6,0,0
BRDA:68,6,1,1
BRDA:117,7,0,0
BRDA:117,7,1,0
BRDA:117,8,0,0
BRDA:117,8,1,0
BRDA:117,8,2,0
BRDA:117,8,3,0
BRDA:120,9,0,0
BRDA:120,9,1,0
BRDA:123,10,0,0
BRDA:123,10,1,0
BRDA:123,11,0,0
BRDA:123,11,1,0
BRDA:135,12,0,1
BRDA:135,12,1,0
BRDA:137,13,0,0
BRDA:137,13,1,0
BRDA:200,14,0,0
BRDA:200,14,1,4
BRF:32
BRH:10
end_of_record
TN:
SF:src\Pages\loginPages\LoginPage.jsx
FN:9,(anonymous_0)
FN:17,(anonymous_1)
FN:34,(anonymous_2)
FN:68,(anonymous_3)
FN:78,(anonymous_4)
FN:83,(anonymous_5)
FN:89,(anonymous_6)
FNF:7
FNH:5
FNDA:8,(anonymous_0)
FNDA:2,(anonymous_1)
FNDA:1,(anonymous_2)
FNDA:2,(anonymous_3)
FNDA:2,(anonymous_4)
FNDA:0,(anonymous_5)
FNDA:0,(anonymous_6)
DA:9,1
DA:10,8
DA:11,8
DA:12,8
DA:14,8
DA:15,8
DA:17,8
DA:18,2
DA:19,2
DA:24,1
DA:25,1
DA:27,1
DA:28,1
DA:29,1
DA:31,1
DA:32,1
DA:34,1
DA:35,1
DA:39,1
DA:42,1
DA:48,1
DA:52,8
DA:68,2
DA:78,2
DA:83,0
DA:89,0
LF:26
LH:24
BRDA:42,0,0,0
BRDA:42,0,1,1
BRDA:44,1,0,1
BRDA:44,1,1,0
BRDA:44,1,2,0
BRF:5
BRH:2
end_of_record
TN:
SF:src\Pages\loginPages\RegistrationPage.jsx
FN:9,(anonymous_0)
FN:24,(anonymous_1)
FN:46,(anonymous_2)
FN:69,(anonymous_3)
FN:84,(anonymous_4)
FN:94,(anonymous_5)
FN:104,(anonymous_6)
FN:114,(anonymous_7)
FN:124,(anonymous_8)
FN:137,(anonymous_9)
FN:142,(anonymous_10)
FN:155,(anonymous_11)
FN:165,(anonymous_12)
FN:171,(anonymous_13)
FNF:14
FNH:10
FNDA:12,(anonymous_0)
FNDA:2,(anonymous_1)
FNDA:1,(anonymous_2)
FNDA:0,(anonymous_3)
FNDA:1,(anonymous_4)
FNDA:1,(anonymous_5)
FNDA:1,(anonymous_6)
FNDA:1,(anonymous_7)
FNDA:1,(anonymous_8)
FNDA:0,(anonymous_9)
FNDA:0,(anonymous_10)
FNDA:1,(anonymous_11)
FNDA:1,(anonymous_12)
FNDA:0,(anonymous_13)
DA:9,1
DA:10,12
DA:11,12
DA:12,12
DA:13,12
DA:14,12
DA:15,12
DA:16,12
DA:17,12
DA:19,12
DA:20,12
DA:21,12
DA:22,12
DA:24,12
DA:25,2
DA:26,2
DA:37,1
DA:38,1
DA:40,1
DA:41,1
DA:43,1
DA:44,1
DA:46,1
DA:47,1
DA:51,1
DA:54,1
DA:60,1
DA:64,12
DA:69,0
DA:84,1
DA:94,1
DA:104,1
DA:114,1
DA:124,1
DA:137,0
DA:142,0
DA:155,1
DA:165,1
DA:171,0
LF:39
LH:35
BRDA:54,0,0,0
BRDA:54,0,1,1
BRDA:56,1,0,1
BRDA:56,1,1,0
BRDA:56,1,2,0
BRDA:142,2,0,0
BRDA:142,2,1,0
BRF:7
BRH:2
end_of_record
