{"C:\\Users\\canto\\Documents\\ale\\SUPSI\\Bachelor\\Tesi\\MLSmartPhysio_platform\\Backend\\src\\config\\serialConfig.js": {"path":"C:\\Users\\canto\\Documents\\ale\\SUPSI\\Bachelor\\Tesi\\MLSmartPhysio_platform\\Backend\\src\\config\\serialConfig.js","statementMap":{"0":{"start":{"line":2,"column":23},"end":{"line":2,"column":44}},"1":{"start":{"line":3,"column":27},"end":{"line":3,"column":65}},"2":{"start":{"line":6,"column":21},"end":{"line":6,"column":29}},"3":{"start":{"line":9,"column":19},"end":{"line":9,"column":62}},"4":{"start":{"line":12,"column":23},"end":{"line":12,"column":25}},"5":{"start":{"line":15,"column":18},"end":{"line":15,"column":20}},"6":{"start":{"line":18,"column":24},"end":{"line":18,"column":29}},"7":{"start":{"line":21,"column":25},"end":{"line":27,"column":1}},"8":{"start":{"line":22,"column":4},"end":{"line":26,"column":7}},"9":{"start":{"line":30,"column":24},"end":{"line":38,"column":1}},"10":{"start":{"line":31,"column":4},"end":{"line":37,"column":5}},"11":{"start":{"line":32,"column":8},"end":{"line":36,"column":11}},"12":{"start":{"line":33,"column":12},"end":{"line":35,"column":13}},"13":{"start":{"line":34,"column":16},"end":{"line":34,"column":98}},"14":{"start":{"line":41,"column":25},"end":{"line":57,"column":1}},"15":{"start":{"line":42,"column":4},"end":{"line":45,"column":5}},"16":{"start":{"line":43,"column":8},"end":{"line":43,"column":37}},"17":{"start":{"line":43,"column":24},"end":{"line":43,"column":37}},"18":{"start":{"line":44,"column":8},"end":{"line":44,"column":15}},"19":{"start":{"line":47,"column":4},"end":{"line":53,"column":7}},"20":{"start":{"line":48,"column":8},"end":{"line":52,"column":9}},"21":{"start":{"line":51,"column":12},"end":{"line":51,"column":77}},"22":{"start":{"line":56,"column":4},"end":{"line":56,"column":103}},"23":{"start":{"line":56,"column":21},"end":{"line":56,"column":94}},"24":{"start":{"line":61,"column":22},"end":{"line":105,"column":1}},"25":{"start":{"line":62,"column":4},"end":{"line":104,"column":7}},"26":{"start":{"line":63,"column":20},"end":{"line":63,"column":35}},"27":{"start":{"line":64,"column":28},"end":{"line":64,"column":67}},"28":{"start":{"line":66,"column":8},"end":{"line":103,"column":9}},"29":{"start":{"line":67,"column":12},"end":{"line":102,"column":13}},"30":{"start":{"line":68,"column":16},"end":{"line":68,"column":70}},"31":{"start":{"line":69,"column":16},"end":{"line":69,"column":50}},"32":{"start":{"line":70,"column":16},"end":{"line":70,"column":75}},"33":{"start":{"line":72,"column":16},"end":{"line":95,"column":17}},"34":{"start":{"line":73,"column":20},"end":{"line":92,"column":21}},"35":{"start":{"line":74,"column":24},"end":{"line":89,"column":27}},"36":{"start":{"line":75,"column":28},"end":{"line":88,"column":31}},"37":{"start":{"line":76,"column":32},"end":{"line":87,"column":33}},"38":{"start":{"line":77,"column":36},"end":{"line":77,"column":78}},"39":{"start":{"line":78,"column":36},"end":{"line":78,"column":63}},"40":{"start":{"line":79,"column":36},"end":{"line":79,"column":49}},"41":{"start":{"line":80,"column":39},"end":{"line":87,"column":33}},"42":{"start":{"line":81,"column":36},"end":{"line":81,"column":107}},"43":{"start":{"line":82,"column":36},"end":{"line":82,"column":52}},"44":{"start":{"line":84,"column":36},"end":{"line":84,"column":85}},"45":{"start":{"line":85,"column":36},"end":{"line":85,"column":63}},"46":{"start":{"line":86,"column":36},"end":{"line":86,"column":49}},"47":{"start":{"line":91,"column":24},"end":{"line":91,"column":51}},"48":{"start":{"line":94,"column":20},"end":{"line":94,"column":96}},"49":{"start":{"line":97,"column":16},"end":{"line":101,"column":17}},"50":{"start":{"line":98,"column":20},"end":{"line":98,"column":43}},"51":{"start":{"line":99,"column":20},"end":{"line":99,"column":45}},"52":{"start":{"line":100,"column":20},"end":{"line":100,"column":30}},"53":{"start":{"line":109,"column":24},"end":{"line":134,"column":1}},"54":{"start":{"line":110,"column":4},"end":{"line":119,"column":5}},"55":{"start":{"line":111,"column":8},"end":{"line":111,"column":83}},"56":{"start":{"line":113,"column":8},"end":{"line":116,"column":9}},"57":{"start":{"line":114,"column":12},"end":{"line":114,"column":35}},"58":{"start":{"line":115,"column":12},"end":{"line":115,"column":21}},"59":{"start":{"line":118,"column":8},"end":{"line":118,"column":15}},"60":{"start":{"line":122,"column":23},"end":{"line":128,"column":23}},"61":{"start":{"line":123,"column":8},"end":{"line":127,"column":9}},"62":{"start":{"line":124,"column":12},"end":{"line":124,"column":35}},"63":{"start":{"line":125,"column":12},"end":{"line":125,"column":36}},"64":{"start":{"line":126,"column":12},"end":{"line":126,"column":81}},"65":{"start":{"line":131,"column":4},"end":{"line":131,"column":70}},"66":{"start":{"line":133,"column":4},"end":{"line":133,"column":22}},"67":{"start":{"line":138,"column":16},"end":{"line":219,"column":1}},"68":{"start":{"line":139,"column":18},"end":{"line":139,"column":41}},"69":{"start":{"line":140,"column":4},"end":{"line":140,"column":78}},"70":{"start":{"line":142,"column":4},"end":{"line":146,"column":5}},"71":{"start":{"line":144,"column":8},"end":{"line":144,"column":84}},"72":{"start":{"line":145,"column":8},"end":{"line":145,"column":32}},"73":{"start":{"line":148,"column":4},"end":{"line":152,"column":5}},"74":{"start":{"line":150,"column":8},"end":{"line":150,"column":58}},"75":{"start":{"line":151,"column":8},"end":{"line":151,"column":20}},"76":{"start":{"line":155,"column":4},"end":{"line":212,"column":5}},"77":{"start":{"line":156,"column":8},"end":{"line":160,"column":9}},"78":{"start":{"line":158,"column":12},"end":{"line":158,"column":62}},"79":{"start":{"line":159,"column":12},"end":{"line":159,"column":21}},"80":{"start":{"line":163,"column":23},"end":{"line":163,"column":50}},"81":{"start":{"line":166,"column":23},"end":{"line":166,"column":77}},"82":{"start":{"line":168,"column":25},"end":{"line":168,"column":42}},"83":{"start":{"line":171,"column":26},"end":{"line":196,"column":10}},"84":{"start":{"line":172,"column":12},"end":{"line":195,"column":15}},"85":{"start":{"line":173,"column":16},"end":{"line":176,"column":17}},"86":{"start":{"line":174,"column":20},"end":{"line":174,"column":82}},"87":{"start":{"line":175,"column":20},"end":{"line":175,"column":39}},"88":{"start":{"line":178,"column":16},"end":{"line":178,"column":71}},"89":{"start":{"line":180,"column":16},"end":{"line":188,"column":19}},"90":{"start":{"line":182,"column":20},"end":{"line":182,"column":84}},"91":{"start":{"line":183,"column":20},"end":{"line":187,"column":21}},"92":{"start":{"line":184,"column":24},"end":{"line":184,"column":47}},"93":{"start":{"line":185,"column":24},"end":{"line":185,"column":48}},"94":{"start":{"line":186,"column":24},"end":{"line":186,"column":36}},"95":{"start":{"line":191,"column":35},"end":{"line":191,"column":93}},"96":{"start":{"line":194,"column":16},"end":{"line":194,"column":96}},"97":{"start":{"line":198,"column":8},"end":{"line":211,"column":9}},"98":{"start":{"line":199,"column":12},"end":{"line":199,"column":28}},"99":{"start":{"line":200,"column":12},"end":{"line":200,"column":63}},"100":{"start":{"line":202,"column":12},"end":{"line":206,"column":13}},"101":{"start":{"line":204,"column":16},"end":{"line":204,"column":100}},"102":{"start":{"line":205,"column":16},"end":{"line":205,"column":40}},"103":{"start":{"line":209,"column":27},"end":{"line":209,"column":81}},"104":{"start":{"line":210,"column":12},"end":{"line":210,"column":70}},"105":{"start":{"line":215,"column":4},"end":{"line":215,"column":56}},"106":{"start":{"line":216,"column":4},"end":{"line":216,"column":82}},"107":{"start":{"line":218,"column":4},"end":{"line":218,"column":96}},"108":{"start":{"line":222,"column":14},"end":{"line":222,"column":69}},"109":{"start":{"line":222,"column":22},"end":{"line":222,"column":69}},"110":{"start":{"line":222,"column":45},"end":{"line":222,"column":68}},"111":{"start":{"line":223,"column":20},"end":{"line":223,"column":25}},"112":{"start":{"line":225,"column":25},"end":{"line":263,"column":1}},"113":{"start":{"line":226,"column":4},"end":{"line":228,"column":5}},"114":{"start":{"line":227,"column":8},"end":{"line":227,"column":20}},"115":{"start":{"line":230,"column":4},"end":{"line":230,"column":25}},"116":{"start":{"line":231,"column":4},"end":{"line":231,"column":30}},"117":{"start":{"line":233,"column":19},"end":{"line":233,"column":20}},"118":{"start":{"line":235,"column":4},"end":{"line":259,"column":5}},"119":{"start":{"line":236,"column":8},"end":{"line":236,"column":19}},"120":{"start":{"line":237,"column":8},"end":{"line":237,"column":64}},"121":{"start":{"line":238,"column":8},"end":{"line":238,"column":67}},"122":{"start":{"line":240,"column":8},"end":{"line":249,"column":9}},"123":{"start":{"line":241,"column":27},"end":{"line":241,"column":42}},"124":{"start":{"line":242,"column":12},"end":{"line":246,"column":13}},"125":{"start":{"line":243,"column":16},"end":{"line":243,"column":77}},"126":{"start":{"line":244,"column":16},"end":{"line":244,"column":38}},"127":{"start":{"line":245,"column":16},"end":{"line":245,"column":30}},"128":{"start":{"line":248,"column":12},"end":{"line":248,"column":53}},"129":{"start":{"line":251,"column":8},"end":{"line":255,"column":9}},"130":{"start":{"line":252,"column":12},"end":{"line":252,"column":69}},"131":{"start":{"line":253,"column":12},"end":{"line":253,"column":34}},"132":{"start":{"line":254,"column":12},"end":{"line":254,"column":24}},"133":{"start":{"line":257,"column":8},"end":{"line":257,"column":69}},"134":{"start":{"line":258,"column":8},"end":{"line":258,"column":34}},"135":{"start":{"line":261,"column":4},"end":{"line":261,"column":26}},"136":{"start":{"line":262,"column":4},"end":{"line":262,"column":16}},"137":{"start":{"line":266,"column":20},"end":{"line":268,"column":1}},"138":{"start":{"line":267,"column":4},"end":{"line":267,"column":29}},"139":{"start":{"line":270,"column":23},"end":{"line":272,"column":1}},"140":{"start":{"line":271,"column":4},"end":{"line":271,"column":30}},"141":{"start":{"line":274,"column":0},"end":{"line":287,"column":2}},"142":{"start":{"line":279,"column":26},"end":{"line":279,"column":37}},"143":{"start":{"line":281,"column":8},"end":{"line":281,"column":30}},"144":{"start":{"line":282,"column":8},"end":{"line":282,"column":25}},"145":{"start":{"line":283,"column":8},"end":{"line":283,"column":59}}},"fnMap":{"0":{"name":"(anonymous_0)","decl":{"start":{"line":21,"column":25},"end":{"line":21,"column":26}},"loc":{"start":{"line":21,"column":35},"end":{"line":27,"column":1}},"line":21},"1":{"name":"(anonymous_1)","decl":{"start":{"line":30,"column":24},"end":{"line":30,"column":25}},"loc":{"start":{"line":30,"column":36},"end":{"line":38,"column":1}},"line":30},"2":{"name":"(anonymous_2)","decl":{"start":{"line":32,"column":21},"end":{"line":32,"column":22}},"loc":{"start":{"line":32,"column":30},"end":{"line":36,"column":9}},"line":32},"3":{"name":"(anonymous_3)","decl":{"start":{"line":41,"column":25},"end":{"line":41,"column":26}},"loc":{"start":{"line":41,"column":91},"end":{"line":57,"column":1}},"line":41},"4":{"name":"(anonymous_4)","decl":{"start":{"line":47,"column":33},"end":{"line":47,"column":34}},"loc":{"start":{"line":47,"column":42},"end":{"line":53,"column":5}},"line":47},"5":{"name":"(anonymous_5)","decl":{"start":{"line":56,"column":15},"end":{"line":56,"column":16}},"loc":{"start":{"line":56,"column":21},"end":{"line":56,"column":94}},"line":56},"6":{"name":"(anonymous_6)","decl":{"start":{"line":61,"column":22},"end":{"line":61,"column":23}},"loc":{"start":{"line":61,"column":97},"end":{"line":105,"column":1}},"line":61},"7":{"name":"(anonymous_7)","decl":{"start":{"line":62,"column":22},"end":{"line":62,"column":23}},"loc":{"start":{"line":62,"column":38},"end":{"line":104,"column":5}},"line":62},"8":{"name":"(anonymous_8)","decl":{"start":{"line":74,"column":42},"end":{"line":74,"column":43}},"loc":{"start":{"line":74,"column":56},"end":{"line":89,"column":25}},"line":74},"9":{"name":"(anonymous_9)","decl":{"start":{"line":75,"column":40},"end":{"line":75,"column":41}},"loc":{"start":{"line":75,"column":49},"end":{"line":88,"column":29}},"line":75},"10":{"name":"(anonymous_10)","decl":{"start":{"line":109,"column":24},"end":{"line":109,"column":25}},"loc":{"start":{"line":109,"column":88},"end":{"line":134,"column":1}},"line":109},"11":{"name":"(anonymous_11)","decl":{"start":{"line":122,"column":34},"end":{"line":122,"column":35}},"loc":{"start":{"line":122,"column":40},"end":{"line":128,"column":5}},"line":122},"12":{"name":"(anonymous_12)","decl":{"start":{"line":131,"column":50},"end":{"line":131,"column":51}},"loc":{"start":{"line":131,"column":56},"end":{"line":131,"column":58}},"line":131},"13":{"name":"(anonymous_13)","decl":{"start":{"line":138,"column":16},"end":{"line":138,"column":17}},"loc":{"start":{"line":138,"column":28},"end":{"line":219,"column":1}},"line":138},"14":{"name":"(anonymous_14)","decl":{"start":{"line":171,"column":38},"end":{"line":171,"column":39}},"loc":{"start":{"line":171,"column":59},"end":{"line":196,"column":9}},"line":171},"15":{"name":"(anonymous_15)","decl":{"start":{"line":172,"column":24},"end":{"line":172,"column":25}},"loc":{"start":{"line":172,"column":33},"end":{"line":195,"column":13}},"line":172},"16":{"name":"(anonymous_16)","decl":{"start":{"line":180,"column":35},"end":{"line":180,"column":36}},"loc":{"start":{"line":180,"column":44},"end":{"line":188,"column":17}},"line":180},"17":{"name":"(anonymous_17)","decl":{"start":{"line":222,"column":14},"end":{"line":222,"column":15}},"loc":{"start":{"line":222,"column":22},"end":{"line":222,"column":69}},"line":222},"18":{"name":"(anonymous_18)","decl":{"start":{"line":222,"column":34},"end":{"line":222,"column":35}},"loc":{"start":{"line":222,"column":45},"end":{"line":222,"column":68}},"line":222},"19":{"name":"(anonymous_19)","decl":{"start":{"line":225,"column":25},"end":{"line":225,"column":26}},"loc":{"start":{"line":225,"column":72},"end":{"line":263,"column":1}},"line":225},"20":{"name":"(anonymous_20)","decl":{"start":{"line":266,"column":20},"end":{"line":266,"column":21}},"loc":{"start":{"line":266,"column":26},"end":{"line":268,"column":1}},"line":266},"21":{"name":"(anonymous_21)","decl":{"start":{"line":270,"column":23},"end":{"line":270,"column":24}},"loc":{"start":{"line":270,"column":29},"end":{"line":272,"column":1}},"line":270},"22":{"name":"(anonymous_22)","decl":{"start":{"line":279,"column":20},"end":{"line":279,"column":21}},"loc":{"start":{"line":279,"column":26},"end":{"line":279,"column":37}},"line":279},"23":{"name":"(anonymous_23)","decl":{"start":{"line":280,"column":21},"end":{"line":280,"column":22}},"loc":{"start":{"line":280,"column":27},"end":{"line":284,"column":5}},"line":280}},"branchMap":{"0":{"loc":{"start":{"line":31,"column":4},"end":{"line":37,"column":5}},"type":"if","locations":[{"start":{"line":31,"column":4},"end":{"line":37,"column":5}},{"start":{},"end":{}}],"line":31},"1":{"loc":{"start":{"line":31,"column":8},"end":{"line":31,"column":31}},"type":"binary-expr","locations":[{"start":{"line":31,"column":8},"end":{"line":31,"column":14}},{"start":{"line":31,"column":18},"end":{"line":31,"column":31}}],"line":31},"2":{"loc":{"start":{"line":33,"column":12},"end":{"line":35,"column":13}},"type":"if","locations":[{"start":{"line":33,"column":12},"end":{"line":35,"column":13}},{"start":{},"end":{}}],"line":33},"3":{"loc":{"start":{"line":41,"column":43},"end":{"line":41,"column":53}},"type":"default-arg","locations":[{"start":{"line":41,"column":51},"end":{"line":41,"column":53}}],"line":41},"4":{"loc":{"start":{"line":41,"column":55},"end":{"line":41,"column":64}},"type":"default-arg","locations":[{"start":{"line":41,"column":63},"end":{"line":41,"column":64}}],"line":41},"5":{"loc":{"start":{"line":42,"column":4},"end":{"line":45,"column":5}},"type":"if","locations":[{"start":{"line":42,"column":4},"end":{"line":45,"column":5}},{"start":{},"end":{}}],"line":42},"6":{"loc":{"start":{"line":43,"column":8},"end":{"line":43,"column":37}},"type":"if","locations":[{"start":{"line":43,"column":8},"end":{"line":43,"column":37}},{"start":{},"end":{}}],"line":43},"7":{"loc":{"start":{"line":48,"column":8},"end":{"line":52,"column":9}},"type":"if","locations":[{"start":{"line":48,"column":8},"end":{"line":52,"column":9}},{"start":{"line":50,"column":15},"end":{"line":52,"column":9}}],"line":48},"8":{"loc":{"start":{"line":67,"column":12},"end":{"line":102,"column":13}},"type":"if","locations":[{"start":{"line":67,"column":12},"end":{"line":102,"column":13}},{"start":{},"end":{}}],"line":67},"9":{"loc":{"start":{"line":67,"column":16},"end":{"line":67,"column":69}},"type":"binary-expr","locations":[{"start":{"line":67,"column":16},"end":{"line":67,"column":42}},{"start":{"line":67,"column":46},"end":{"line":67,"column":69}}],"line":67},"10":{"loc":{"start":{"line":73,"column":20},"end":{"line":92,"column":21}},"type":"if","locations":[{"start":{"line":73,"column":20},"end":{"line":92,"column":21}},{"start":{"line":90,"column":27},"end":{"line":92,"column":21}}],"line":73},"11":{"loc":{"start":{"line":76,"column":32},"end":{"line":87,"column":33}},"type":"if","locations":[{"start":{"line":76,"column":32},"end":{"line":87,"column":33}},{"start":{"line":80,"column":39},"end":{"line":87,"column":33}}],"line":76},"12":{"loc":{"start":{"line":76,"column":36},"end":{"line":76,"column":79}},"type":"binary-expr","locations":[{"start":{"line":76,"column":36},"end":{"line":76,"column":39}},{"start":{"line":76,"column":43},"end":{"line":76,"column":79}}],"line":76},"13":{"loc":{"start":{"line":80,"column":39},"end":{"line":87,"column":33}},"type":"if","locations":[{"start":{"line":80,"column":39},"end":{"line":87,"column":33}},{"start":{"line":83,"column":39},"end":{"line":87,"column":33}}],"line":80},"14":{"loc":{"start":{"line":97,"column":16},"end":{"line":101,"column":17}},"type":"if","locations":[{"start":{"line":97,"column":16},"end":{"line":101,"column":17}},{"start":{},"end":{}}],"line":97},"15":{"loc":{"start":{"line":97,"column":20},"end":{"line":97,"column":57}},"type":"binary-expr","locations":[{"start":{"line":97,"column":20},"end":{"line":97,"column":36}},{"start":{"line":97,"column":40},"end":{"line":97,"column":57}}],"line":97},"16":{"loc":{"start":{"line":109,"column":41},"end":{"line":109,"column":63}},"type":"default-arg","locations":[{"start":{"line":109,"column":59},"end":{"line":109,"column":63}}],"line":109},"17":{"loc":{"start":{"line":110,"column":4},"end":{"line":119,"column":5}},"type":"if","locations":[{"start":{"line":110,"column":4},"end":{"line":119,"column":5}},{"start":{},"end":{}}],"line":110},"18":{"loc":{"start":{"line":113,"column":8},"end":{"line":116,"column":9}},"type":"if","locations":[{"start":{"line":113,"column":8},"end":{"line":116,"column":9}},{"start":{},"end":{}}],"line":113},"19":{"loc":{"start":{"line":123,"column":8},"end":{"line":127,"column":9}},"type":"if","locations":[{"start":{"line":123,"column":8},"end":{"line":127,"column":9}},{"start":{},"end":{}}],"line":123},"20":{"loc":{"start":{"line":142,"column":4},"end":{"line":146,"column":5}},"type":"if","locations":[{"start":{"line":142,"column":4},"end":{"line":146,"column":5}},{"start":{},"end":{}}],"line":142},"21":{"loc":{"start":{"line":148,"column":4},"end":{"line":152,"column":5}},"type":"if","locations":[{"start":{"line":148,"column":4},"end":{"line":152,"column":5}},{"start":{},"end":{}}],"line":148},"22":{"loc":{"start":{"line":156,"column":8},"end":{"line":160,"column":9}},"type":"if","locations":[{"start":{"line":156,"column":8},"end":{"line":160,"column":9}},{"start":{},"end":{}}],"line":156},"23":{"loc":{"start":{"line":173,"column":16},"end":{"line":176,"column":17}},"type":"if","locations":[{"start":{"line":173,"column":16},"end":{"line":176,"column":17}},{"start":{},"end":{}}],"line":173},"24":{"loc":{"start":{"line":183,"column":20},"end":{"line":187,"column":21}},"type":"if","locations":[{"start":{"line":183,"column":20},"end":{"line":187,"column":21}},{"start":{},"end":{}}],"line":183},"25":{"loc":{"start":{"line":202,"column":12},"end":{"line":206,"column":13}},"type":"if","locations":[{"start":{"line":202,"column":12},"end":{"line":206,"column":13}},{"start":{},"end":{}}],"line":202},"26":{"loc":{"start":{"line":209,"column":27},"end":{"line":209,"column":81}},"type":"cond-expr","locations":[{"start":{"line":209,"column":52},"end":{"line":209,"column":65}},{"start":{"line":209,"column":68},"end":{"line":209,"column":81}}],"line":209},"27":{"loc":{"start":{"line":218,"column":11},"end":{"line":218,"column":95}},"type":"cond-expr","locations":[{"start":{"line":218,"column":72},"end":{"line":218,"column":88}},{"start":{"line":218,"column":91},"end":{"line":218,"column":95}}],"line":218},"28":{"loc":{"start":{"line":225,"column":32},"end":{"line":225,"column":46}},"type":"default-arg","locations":[{"start":{"line":225,"column":45},"end":{"line":225,"column":46}}],"line":225},"29":{"loc":{"start":{"line":225,"column":48},"end":{"line":225,"column":67}},"type":"default-arg","locations":[{"start":{"line":225,"column":63},"end":{"line":225,"column":67}}],"line":225},"30":{"loc":{"start":{"line":226,"column":4},"end":{"line":228,"column":5}},"type":"if","locations":[{"start":{"line":226,"column":4},"end":{"line":228,"column":5}},{"start":{},"end":{}}],"line":226},"31":{"loc":{"start":{"line":242,"column":12},"end":{"line":246,"column":13}},"type":"if","locations":[{"start":{"line":242,"column":12},"end":{"line":246,"column":13}},{"start":{},"end":{}}],"line":242},"32":{"loc":{"start":{"line":242,"column":16},"end":{"line":242,"column":85}},"type":"binary-expr","locations":[{"start":{"line":242,"column":16},"end":{"line":242,"column":22}},{"start":{"line":242,"column":26},"end":{"line":242,"column":54}},{"start":{"line":242,"column":58},"end":{"line":242,"column":85}}],"line":242},"33":{"loc":{"start":{"line":251,"column":8},"end":{"line":255,"column":9}},"type":"if","locations":[{"start":{"line":251,"column":8},"end":{"line":255,"column":9}},{"start":{},"end":{}}],"line":251},"34":{"loc":{"start":{"line":251,"column":12},"end":{"line":251,"column":52}},"type":"binary-expr","locations":[{"start":{"line":251,"column":12},"end":{"line":251,"column":26}},{"start":{"line":251,"column":30},"end":{"line":251,"column":52}}],"line":251}},"s":{"0":3,"1":3,"2":3,"3":3,"4":3,"5":3,"6":3,"7":3,"8":3,"9":3,"10":3,"11":3,"12":3,"13":0,"14":3,"15":18,"16":3,"17":3,"18":3,"19":15,"20":15,"21":15,"22":15,"23":15,"24":3,"25":3,"26":0,"27":0,"28":0,"29":0,"30":0,"31":0,"32":0,"33":0,"34":0,"35":0,"36":0,"37":0,"38":0,"39":0,"40":0,"41":0,"42":0,"43":0,"44":0,"45":0,"46":0,"47":0,"48":0,"49":0,"50":0,"51":0,"52":0,"53":3,"54":3,"55":0,"56":0,"57":0,"58":0,"59":0,"60":3,"61":3,"62":3,"63":3,"64":3,"65":3,"66":3,"67":3,"68":3,"69":3,"70":3,"71":0,"72":0,"73":3,"74":0,"75":0,"76":3,"77":3,"78":0,"79":0,"80":3,"81":3,"82":3,"83":3,"84":3,"85":3,"86":0,"87":0,"88":3,"89":3,"90":0,"91":0,"92":0,"93":0,"94":0,"95":3,"96":3,"97":3,"98":3,"99":0,"100":0,"101":0,"102":0,"103":3,"104":3,"105":3,"106":3,"107":3,"108":3,"109":1,"110":1,"111":3,"112":3,"113":1,"114":0,"115":1,"116":1,"117":1,"118":1,"119":2,"120":2,"121":2,"122":2,"123":2,"124":2,"125":0,"126":0,"127":0,"128":0,"129":2,"130":1,"131":1,"132":1,"133":1,"134":1,"135":0,"136":0,"137":3,"138":0,"139":3,"140":0,"141":3,"142":2,"143":4,"144":4,"145":4},"f":{"0":3,"1":3,"2":3,"3":18,"4":15,"5":15,"6":3,"7":0,"8":0,"9":0,"10":3,"11":3,"12":3,"13":3,"14":3,"15":3,"16":0,"17":1,"18":1,"19":1,"20":0,"21":0,"22":2,"23":4},"b":{"0":[3,0],"1":[3,3],"2":[0,3],"3":[0],"4":[0],"5":[3,15],"6":[3,0],"7":[0,15],"8":[0,0],"9":[0,0],"10":[0,0],"11":[0,0],"12":[0,0],"13":[0,0],"14":[0,0],"15":[0,0],"16":[0],"17":[0,3],"18":[0,0],"19":[3,0],"20":[0,3],"21":[0,3],"22":[0,3],"23":[0,3],"24":[0,0],"25":[0,0],"26":[3,0],"27":[0,3],"28":[0],"29":[0],"30":[0,1],"31":[0,2],"32":[2,0,0],"33":[1,1],"34":[2,2]},"_coverageSchema":"1a1c01bbd47fc00a2c39e90264f33305004495a9","hash":"2fd7f8a0cb450df0d8b5b8b64c2c1b4ab2521ae0"}
,"C:\\Users\\canto\\Documents\\ale\\SUPSI\\Bachelor\\Tesi\\MLSmartPhysio_platform\\Backend\\src\\controller\\DoctorController.js": {"path":"C:\\Users\\canto\\Documents\\ale\\SUPSI\\Bachelor\\Tesi\\MLSmartPhysio_platform\\Backend\\src\\controller\\DoctorController.js","statementMap":{"0":{"start":{"line":1,"column":22},"end":{"line":1,"column":59}},"1":{"start":{"line":2,"column":16},"end":{"line":2,"column":35}},"2":{"start":{"line":4,"column":12},"end":{"line":4,"column":21}},"3":{"start":{"line":5,"column":0},"end":{"line":5,"column":24}},"4":{"start":{"line":7,"column":22},"end":{"line":15,"column":1}},"5":{"start":{"line":8,"column":4},"end":{"line":14,"column":5}},"6":{"start":{"line":9,"column":21},"end":{"line":9,"column":56}},"7":{"start":{"line":11,"column":8},"end":{"line":11,"column":35}},"8":{"start":{"line":13,"column":8},"end":{"line":13,"column":84}},"9":{"start":{"line":17,"column":22},"end":{"line":24,"column":1}},"10":{"start":{"line":18,"column":4},"end":{"line":23,"column":5}},"11":{"start":{"line":19,"column":27},"end":{"line":19,"column":75}},"12":{"start":{"line":20,"column":8},"end":{"line":20,"column":29}},"13":{"start":{"line":22,"column":8},"end":{"line":22,"column":105}},"14":{"start":{"line":26,"column":30},"end":{"line":33,"column":1}},"15":{"start":{"line":27,"column":4},"end":{"line":32,"column":5}},"16":{"start":{"line":28,"column":35},"end":{"line":28,"column":89}},"17":{"start":{"line":29,"column":8},"end":{"line":29,"column":49}},"18":{"start":{"line":31,"column":8},"end":{"line":31,"column":124}},"19":{"start":{"line":36,"column":24},"end":{"line":44,"column":1}},"20":{"start":{"line":37,"column":4},"end":{"line":43,"column":5}},"21":{"start":{"line":38,"column":27},"end":{"line":38,"column":35}},"22":{"start":{"line":39,"column":26},"end":{"line":39,"column":73}},"23":{"start":{"line":40,"column":8},"end":{"line":40,"column":40}},"24":{"start":{"line":42,"column":8},"end":{"line":42,"column":82}},"25":{"start":{"line":47,"column":25},"end":{"line":55,"column":1}},"26":{"start":{"line":48,"column":4},"end":{"line":54,"column":5}},"27":{"start":{"line":49,"column":23},"end":{"line":49,"column":70}},"28":{"start":{"line":51,"column":8},"end":{"line":51,"column":37}},"29":{"start":{"line":53,"column":8},"end":{"line":53,"column":80}},"30":{"start":{"line":57,"column":0},"end":{"line":63,"column":2}}},"fnMap":{"0":{"name":"(anonymous_0)","decl":{"start":{"line":7,"column":22},"end":{"line":7,"column":23}},"loc":{"start":{"line":7,"column":42},"end":{"line":15,"column":1}},"line":7},"1":{"name":"(anonymous_1)","decl":{"start":{"line":17,"column":22},"end":{"line":17,"column":23}},"loc":{"start":{"line":17,"column":40},"end":{"line":24,"column":1}},"line":17},"2":{"name":"(anonymous_2)","decl":{"start":{"line":26,"column":30},"end":{"line":26,"column":31}},"loc":{"start":{"line":26,"column":49},"end":{"line":33,"column":1}},"line":26},"3":{"name":"(anonymous_3)","decl":{"start":{"line":36,"column":24},"end":{"line":36,"column":25}},"loc":{"start":{"line":36,"column":44},"end":{"line":44,"column":1}},"line":36},"4":{"name":"(anonymous_4)","decl":{"start":{"line":47,"column":25},"end":{"line":47,"column":26}},"loc":{"start":{"line":47,"column":43},"end":{"line":55,"column":1}},"line":47}},"branchMap":{},"s":{"0":2,"1":2,"2":2,"3":2,"4":2,"5":1,"6":1,"7":1,"8":0,"9":2,"10":1,"11":1,"12":1,"13":0,"14":2,"15":1,"16":1,"17":1,"18":0,"19":2,"20":1,"21":1,"22":1,"23":1,"24":0,"25":2,"26":1,"27":1,"28":1,"29":0,"30":2},"f":{"0":1,"1":1,"2":1,"3":1,"4":1},"b":{},"_coverageSchema":"1a1c01bbd47fc00a2c39e90264f33305004495a9","hash":"d2eefe050e21cd198c48b051400976ae7d3c0c0a"}
,"C:\\Users\\canto\\Documents\\ale\\SUPSI\\Bachelor\\Tesi\\MLSmartPhysio_platform\\Backend\\src\\controller\\appointmentsController.js": {"path":"C:\\Users\\canto\\Documents\\ale\\SUPSI\\Bachelor\\Tesi\\MLSmartPhysio_platform\\Backend\\src\\controller\\appointmentsController.js","statementMap":{"0":{"start":{"line":1,"column":28},"end":{"line":1,"column":70}},"1":{"start":{"line":3,"column":27},"end":{"line":11,"column":1}},"2":{"start":{"line":4,"column":4},"end":{"line":10,"column":5}},"3":{"start":{"line":5,"column":8},"end":{"line":5,"column":58}},"4":{"start":{"line":6,"column":29},"end":{"line":6,"column":86}},"5":{"start":{"line":7,"column":8},"end":{"line":7,"column":43}},"6":{"start":{"line":9,"column":8},"end":{"line":9,"column":55}},"7":{"start":{"line":13,"column":31},"end":{"line":20,"column":1}},"8":{"start":{"line":14,"column":4},"end":{"line":19,"column":5}},"9":{"start":{"line":15,"column":29},"end":{"line":15,"column":90}},"10":{"start":{"line":16,"column":8},"end":{"line":16,"column":43}},"11":{"start":{"line":18,"column":8},"end":{"line":18,"column":55}},"12":{"start":{"line":22,"column":31},"end":{"line":29,"column":1}},"13":{"start":{"line":23,"column":4},"end":{"line":28,"column":5}},"14":{"start":{"line":24,"column":29},"end":{"line":24,"column":90}},"15":{"start":{"line":25,"column":8},"end":{"line":25,"column":43}},"16":{"start":{"line":27,"column":8},"end":{"line":27,"column":55}},"17":{"start":{"line":31,"column":27},"end":{"line":38,"column":1}},"18":{"start":{"line":32,"column":4},"end":{"line":37,"column":5}},"19":{"start":{"line":33,"column":32},"end":{"line":33,"column":99}},"20":{"start":{"line":34,"column":8},"end":{"line":34,"column":46}},"21":{"start":{"line":36,"column":8},"end":{"line":36,"column":55}},"22":{"start":{"line":40,"column":30},"end":{"line":47,"column":1}},"23":{"start":{"line":41,"column":4},"end":{"line":46,"column":5}},"24":{"start":{"line":42,"column":8},"end":{"line":42,"column":58}},"25":{"start":{"line":43,"column":8},"end":{"line":43,"column":85}},"26":{"start":{"line":45,"column":8},"end":{"line":45,"column":62}},"27":{"start":{"line":49,"column":30},"end":{"line":60,"column":1}},"28":{"start":{"line":50,"column":4},"end":{"line":58,"column":5}},"29":{"start":{"line":51,"column":36},"end":{"line":51,"column":111}},"30":{"start":{"line":52,"column":8},"end":{"line":54,"column":9}},"31":{"start":{"line":53,"column":12},"end":{"line":53,"column":95}},"32":{"start":{"line":55,"column":8},"end":{"line":55,"column":81}},"33":{"start":{"line":57,"column":8},"end":{"line":57,"column":74}},"34":{"start":{"line":65,"column":0},"end":{"line":72,"column":2}}},"fnMap":{"0":{"name":"(anonymous_0)","decl":{"start":{"line":3,"column":27},"end":{"line":3,"column":28}},"loc":{"start":{"line":3,"column":47},"end":{"line":11,"column":1}},"line":3},"1":{"name":"(anonymous_1)","decl":{"start":{"line":13,"column":31},"end":{"line":13,"column":32}},"loc":{"start":{"line":13,"column":51},"end":{"line":20,"column":1}},"line":13},"2":{"name":"(anonymous_2)","decl":{"start":{"line":22,"column":31},"end":{"line":22,"column":32}},"loc":{"start":{"line":22,"column":51},"end":{"line":29,"column":1}},"line":22},"3":{"name":"(anonymous_3)","decl":{"start":{"line":31,"column":27},"end":{"line":31,"column":28}},"loc":{"start":{"line":31,"column":46},"end":{"line":38,"column":1}},"line":31},"4":{"name":"(anonymous_4)","decl":{"start":{"line":40,"column":30},"end":{"line":40,"column":31}},"loc":{"start":{"line":40,"column":50},"end":{"line":47,"column":1}},"line":40},"5":{"name":"(anonymous_5)","decl":{"start":{"line":49,"column":30},"end":{"line":49,"column":31}},"loc":{"start":{"line":49,"column":50},"end":{"line":60,"column":1}},"line":49}},"branchMap":{"0":{"loc":{"start":{"line":52,"column":8},"end":{"line":54,"column":9}},"type":"if","locations":[{"start":{"line":52,"column":8},"end":{"line":54,"column":9}},{"start":{},"end":{}}],"line":52}},"s":{"0":2,"1":2,"2":1,"3":1,"4":1,"5":1,"6":0,"7":2,"8":1,"9":1,"10":1,"11":0,"12":2,"13":1,"14":1,"15":1,"16":0,"17":2,"18":1,"19":1,"20":1,"21":0,"22":2,"23":1,"24":1,"25":1,"26":0,"27":2,"28":2,"29":2,"30":2,"31":1,"32":1,"33":0,"34":2},"f":{"0":1,"1":1,"2":1,"3":1,"4":1,"5":2},"b":{"0":[1,1]},"_coverageSchema":"1a1c01bbd47fc00a2c39e90264f33305004495a9","hash":"10243b51ed071d4a2963001740de59acd4ee48e3"}
,"C:\\Users\\canto\\Documents\\ale\\SUPSI\\Bachelor\\Tesi\\MLSmartPhysio_platform\\Backend\\src\\controller\\inertialDataController.js": {"path":"C:\\Users\\canto\\Documents\\ale\\SUPSI\\Bachelor\\Tesi\\MLSmartPhysio_platform\\Backend\\src\\controller\\inertialDataController.js","statementMap":{"0":{"start":{"line":2,"column":16},"end":{"line":2,"column":58}},"1":{"start":{"line":4,"column":16},"end":{"line":4,"column":34}},"2":{"start":{"line":6,"column":12},"end":{"line":6,"column":21}},"3":{"start":{"line":7,"column":0},"end":{"line":7,"column":22}},"4":{"start":{"line":10,"column":16},"end":{"line":20,"column":1}},"5":{"start":{"line":11,"column":4},"end":{"line":19,"column":5}},"6":{"start":{"line":13,"column":21},"end":{"line":13,"column":55}},"7":{"start":{"line":16,"column":8},"end":{"line":16,"column":35}},"8":{"start":{"line":18,"column":8},"end":{"line":18,"column":72}},"9":{"start":{"line":22,"column":36},"end":{"line":29,"column":1}},"10":{"start":{"line":23,"column":4},"end":{"line":28,"column":5}},"11":{"start":{"line":24,"column":28},"end":{"line":24,"column":84}},"12":{"start":{"line":25,"column":8},"end":{"line":25,"column":42}},"13":{"start":{"line":27,"column":8},"end":{"line":27,"column":53}},"14":{"start":{"line":31,"column":25},"end":{"line":38,"column":1}},"15":{"start":{"line":32,"column":4},"end":{"line":37,"column":5}},"16":{"start":{"line":34,"column":8},"end":{"line":34,"column":64}},"17":{"start":{"line":36,"column":8},"end":{"line":36,"column":83}},"18":{"start":{"line":41,"column":30},"end":{"line":49,"column":1}},"19":{"start":{"line":42,"column":4},"end":{"line":48,"column":5}},"20":{"start":{"line":44,"column":23},"end":{"line":44,"column":60}},"21":{"start":{"line":45,"column":8},"end":{"line":45,"column":25}},"22":{"start":{"line":47,"column":8},"end":{"line":47,"column":63}},"23":{"start":{"line":51,"column":39},"end":{"line":58,"column":1}},"24":{"start":{"line":52,"column":4},"end":{"line":57,"column":5}},"25":{"start":{"line":53,"column":23},"end":{"line":53,"column":89}},"26":{"start":{"line":54,"column":8},"end":{"line":54,"column":25}},"27":{"start":{"line":56,"column":8},"end":{"line":56,"column":53}},"28":{"start":{"line":60,"column":28},"end":{"line":78,"column":1}},"29":{"start":{"line":61,"column":4},"end":{"line":77,"column":5}},"30":{"start":{"line":64,"column":20},"end":{"line":64,"column":75}},"31":{"start":{"line":67,"column":8},"end":{"line":67,"column":50}},"32":{"start":{"line":70,"column":8},"end":{"line":70,"column":87}},"33":{"start":{"line":73,"column":8},"end":{"line":73,"column":34}},"34":{"start":{"line":76,"column":8},"end":{"line":76,"column":55}},"35":{"start":{"line":80,"column":0},"end":{"line":87,"column":1}}},"fnMap":{"0":{"name":"(anonymous_0)","decl":{"start":{"line":10,"column":16},"end":{"line":10,"column":17}},"loc":{"start":{"line":10,"column":36},"end":{"line":20,"column":1}},"line":10},"1":{"name":"(anonymous_1)","decl":{"start":{"line":22,"column":36},"end":{"line":22,"column":37}},"loc":{"start":{"line":22,"column":56},"end":{"line":29,"column":1}},"line":22},"2":{"name":"(anonymous_2)","decl":{"start":{"line":31,"column":25},"end":{"line":31,"column":26}},"loc":{"start":{"line":31,"column":45},"end":{"line":38,"column":1}},"line":31},"3":{"name":"(anonymous_3)","decl":{"start":{"line":41,"column":30},"end":{"line":41,"column":31}},"loc":{"start":{"line":41,"column":50},"end":{"line":49,"column":1}},"line":41},"4":{"name":"(anonymous_4)","decl":{"start":{"line":51,"column":39},"end":{"line":51,"column":40}},"loc":{"start":{"line":51,"column":58},"end":{"line":58,"column":1}},"line":51},"5":{"name":"(anonymous_5)","decl":{"start":{"line":60,"column":28},"end":{"line":60,"column":29}},"loc":{"start":{"line":60,"column":48},"end":{"line":78,"column":1}},"line":60}},"branchMap":{},"s":{"0":2,"1":2,"2":2,"3":2,"4":2,"5":2,"6":2,"7":2,"8":0,"9":2,"10":0,"11":0,"12":0,"13":0,"14":2,"15":2,"16":2,"17":0,"18":2,"19":2,"20":2,"21":2,"22":0,"23":2,"24":0,"25":0,"26":0,"27":0,"28":2,"29":2,"30":2,"31":2,"32":2,"33":2,"34":0,"35":2},"f":{"0":2,"1":0,"2":2,"3":2,"4":0,"5":2},"b":{},"_coverageSchema":"1a1c01bbd47fc00a2c39e90264f33305004495a9","hash":"8c65596088774d8c1426053c86a25299106d99fd"}
,"C:\\Users\\canto\\Documents\\ale\\SUPSI\\Bachelor\\Tesi\\MLSmartPhysio_platform\\Backend\\src\\controller\\loginController.js": {"path":"C:\\Users\\canto\\Documents\\ale\\SUPSI\\Bachelor\\Tesi\\MLSmartPhysio_platform\\Backend\\src\\controller\\loginController.js","statementMap":{"0":{"start":{"line":1,"column":21},"end":{"line":1,"column":57}},"1":{"start":{"line":2,"column":16},"end":{"line":2,"column":34}},"2":{"start":{"line":4,"column":12},"end":{"line":4,"column":21}},"3":{"start":{"line":5,"column":0},"end":{"line":5,"column":24}},"4":{"start":{"line":7,"column":24},"end":{"line":15,"column":1}},"5":{"start":{"line":8,"column":4},"end":{"line":14,"column":5}},"6":{"start":{"line":9,"column":25},"end":{"line":9,"column":33}},"7":{"start":{"line":10,"column":23},"end":{"line":10,"column":67}},"8":{"start":{"line":11,"column":8},"end":{"line":11,"column":37}},"9":{"start":{"line":13,"column":8},"end":{"line":13,"column":55}},"10":{"start":{"line":17,"column":14},"end":{"line":27,"column":1}},"11":{"start":{"line":18,"column":4},"end":{"line":26,"column":5}},"12":{"start":{"line":19,"column":22},"end":{"line":19,"column":36}},"13":{"start":{"line":20,"column":25},"end":{"line":20,"column":42}},"14":{"start":{"line":22,"column":28},"end":{"line":22,"column":69}},"15":{"start":{"line":23,"column":8},"end":{"line":23,"column":42}},"16":{"start":{"line":25,"column":8},"end":{"line":25,"column":55}},"17":{"start":{"line":29,"column":0},"end":{"line":32,"column":2}}},"fnMap":{"0":{"name":"(anonymous_0)","decl":{"start":{"line":7,"column":24},"end":{"line":7,"column":25}},"loc":{"start":{"line":7,"column":44},"end":{"line":15,"column":1}},"line":7},"1":{"name":"(anonymous_1)","decl":{"start":{"line":17,"column":14},"end":{"line":17,"column":15}},"loc":{"start":{"line":17,"column":34},"end":{"line":27,"column":1}},"line":17}},"branchMap":{},"s":{"0":2,"1":2,"2":2,"3":2,"4":2,"5":2,"6":2,"7":2,"8":1,"9":1,"10":2,"11":2,"12":2,"13":2,"14":2,"15":1,"16":1,"17":2},"f":{"0":2,"1":2},"b":{},"_coverageSchema":"1a1c01bbd47fc00a2c39e90264f33305004495a9","hash":"202592814712bc098a900a334ee343be4579f6a6"}
,"C:\\Users\\canto\\Documents\\ale\\SUPSI\\Bachelor\\Tesi\\MLSmartPhysio_platform\\Backend\\src\\controller\\patientController.js": {"path":"C:\\Users\\canto\\Documents\\ale\\SUPSI\\Bachelor\\Tesi\\MLSmartPhysio_platform\\Backend\\src\\controller\\patientController.js","statementMap":{"0":{"start":{"line":1,"column":23},"end":{"line":1,"column":60}},"1":{"start":{"line":3,"column":23},"end":{"line":10,"column":1}},"2":{"start":{"line":4,"column":4},"end":{"line":9,"column":5}},"3":{"start":{"line":5,"column":28},"end":{"line":5,"column":76}},"4":{"start":{"line":6,"column":8},"end":{"line":6,"column":42}},"5":{"start":{"line":8,"column":8},"end":{"line":8,"column":87}},"6":{"start":{"line":12,"column":23},"end":{"line":22,"column":1}},"7":{"start":{"line":13,"column":4},"end":{"line":21,"column":5}},"8":{"start":{"line":14,"column":24},"end":{"line":14,"column":87}},"9":{"start":{"line":15,"column":8},"end":{"line":17,"column":9}},"10":{"start":{"line":16,"column":12},"end":{"line":16,"column":93}},"11":{"start":{"line":18,"column":8},"end":{"line":18,"column":38}},"12":{"start":{"line":20,"column":8},"end":{"line":20,"column":111}},"13":{"start":{"line":24,"column":29},"end":{"line":31,"column":1}},"14":{"start":{"line":25,"column":4},"end":{"line":30,"column":5}},"15":{"start":{"line":26,"column":33},"end":{"line":26,"column":87}},"16":{"start":{"line":27,"column":8},"end":{"line":27,"column":47}},"17":{"start":{"line":29,"column":8},"end":{"line":29,"column":55}},"18":{"start":{"line":33,"column":25},"end":{"line":40,"column":1}},"19":{"start":{"line":34,"column":4},"end":{"line":39,"column":5}},"20":{"start":{"line":35,"column":27},"end":{"line":35,"column":87}},"21":{"start":{"line":36,"column":8},"end":{"line":36,"column":41}},"22":{"start":{"line":38,"column":8},"end":{"line":38,"column":55}},"23":{"start":{"line":42,"column":25},"end":{"line":52,"column":1}},"24":{"start":{"line":43,"column":4},"end":{"line":51,"column":5}},"25":{"start":{"line":44,"column":31},"end":{"line":44,"column":96}},"26":{"start":{"line":45,"column":8},"end":{"line":47,"column":9}},"27":{"start":{"line":46,"column":12},"end":{"line":46,"column":93}},"28":{"start":{"line":48,"column":8},"end":{"line":48,"column":45}},"29":{"start":{"line":50,"column":8},"end":{"line":50,"column":55}},"30":{"start":{"line":54,"column":26},"end":{"line":65,"column":1}},"31":{"start":{"line":55,"column":4},"end":{"line":64,"column":5}},"32":{"start":{"line":56,"column":31},"end":{"line":60,"column":9}},"33":{"start":{"line":61,"column":8},"end":{"line":61,"column":45}},"34":{"start":{"line":63,"column":8},"end":{"line":63,"column":55}},"35":{"start":{"line":67,"column":0},"end":{"line":74,"column":2}}},"fnMap":{"0":{"name":"(anonymous_0)","decl":{"start":{"line":3,"column":23},"end":{"line":3,"column":24}},"loc":{"start":{"line":3,"column":43},"end":{"line":10,"column":1}},"line":3},"1":{"name":"(anonymous_1)","decl":{"start":{"line":12,"column":23},"end":{"line":12,"column":24}},"loc":{"start":{"line":12,"column":43},"end":{"line":22,"column":1}},"line":12},"2":{"name":"(anonymous_2)","decl":{"start":{"line":24,"column":29},"end":{"line":24,"column":30}},"loc":{"start":{"line":24,"column":49},"end":{"line":31,"column":1}},"line":24},"3":{"name":"(anonymous_3)","decl":{"start":{"line":33,"column":25},"end":{"line":33,"column":26}},"loc":{"start":{"line":33,"column":45},"end":{"line":40,"column":1}},"line":33},"4":{"name":"(anonymous_4)","decl":{"start":{"line":42,"column":25},"end":{"line":42,"column":26}},"loc":{"start":{"line":42,"column":45},"end":{"line":52,"column":1}},"line":42},"5":{"name":"(anonymous_5)","decl":{"start":{"line":54,"column":26},"end":{"line":54,"column":27}},"loc":{"start":{"line":54,"column":46},"end":{"line":65,"column":1}},"line":54}},"branchMap":{"0":{"loc":{"start":{"line":15,"column":8},"end":{"line":17,"column":9}},"type":"if","locations":[{"start":{"line":15,"column":8},"end":{"line":17,"column":9}},{"start":{},"end":{}}],"line":15},"1":{"loc":{"start":{"line":45,"column":8},"end":{"line":47,"column":9}},"type":"if","locations":[{"start":{"line":45,"column":8},"end":{"line":47,"column":9}},{"start":{},"end":{}}],"line":45}},"s":{"0":2,"1":2,"2":1,"3":1,"4":1,"5":0,"6":2,"7":2,"8":2,"9":2,"10":1,"11":1,"12":0,"13":2,"14":1,"15":1,"16":1,"17":0,"18":2,"19":1,"20":1,"21":1,"22":0,"23":2,"24":2,"25":2,"26":2,"27":1,"28":1,"29":0,"30":2,"31":1,"32":1,"33":1,"34":0,"35":2},"f":{"0":1,"1":2,"2":1,"3":1,"4":2,"5":1},"b":{"0":[1,1],"1":[1,1]},"_coverageSchema":"1a1c01bbd47fc00a2c39e90264f33305004495a9","hash":"370123ec58ade173da3a492c83bb5d863fa9637a"}
,"C:\\Users\\canto\\Documents\\ale\\SUPSI\\Bachelor\\Tesi\\MLSmartPhysio_platform\\Backend\\src\\controller\\sEMGdataController.js": {"path":"C:\\Users\\canto\\Documents\\ale\\SUPSI\\Bachelor\\Tesi\\MLSmartPhysio_platform\\Backend\\src\\controller\\sEMGdataController.js","statementMap":{"0":{"start":{"line":1,"column":20},"end":{"line":1,"column":58}},"1":{"start":{"line":3,"column":16},"end":{"line":3,"column":34}},"2":{"start":{"line":5,"column":12},"end":{"line":5,"column":21}},"3":{"start":{"line":6,"column":0},"end":{"line":6,"column":24}},"4":{"start":{"line":9,"column":16},"end":{"line":20,"column":1}},"5":{"start":{"line":10,"column":4},"end":{"line":19,"column":5}},"6":{"start":{"line":12,"column":21},"end":{"line":12,"column":55}},"7":{"start":{"line":15,"column":8},"end":{"line":15,"column":35}},"8":{"start":{"line":16,"column":8},"end":{"line":16,"column":20}},"9":{"start":{"line":18,"column":8},"end":{"line":18,"column":72}},"10":{"start":{"line":22,"column":32},"end":{"line":29,"column":1}},"11":{"start":{"line":23,"column":4},"end":{"line":28,"column":5}},"12":{"start":{"line":24,"column":28},"end":{"line":24,"column":84}},"13":{"start":{"line":25,"column":8},"end":{"line":25,"column":42}},"14":{"start":{"line":27,"column":8},"end":{"line":27,"column":53}},"15":{"start":{"line":31,"column":25},"end":{"line":38,"column":1}},"16":{"start":{"line":32,"column":4},"end":{"line":37,"column":5}},"17":{"start":{"line":34,"column":8},"end":{"line":34,"column":68}},"18":{"start":{"line":36,"column":8},"end":{"line":36,"column":83}},"19":{"start":{"line":41,"column":26},"end":{"line":49,"column":1}},"20":{"start":{"line":42,"column":4},"end":{"line":48,"column":5}},"21":{"start":{"line":44,"column":23},"end":{"line":44,"column":60}},"22":{"start":{"line":45,"column":8},"end":{"line":45,"column":25}},"23":{"start":{"line":47,"column":8},"end":{"line":47,"column":63}},"24":{"start":{"line":51,"column":35},"end":{"line":58,"column":1}},"25":{"start":{"line":52,"column":4},"end":{"line":57,"column":5}},"26":{"start":{"line":53,"column":23},"end":{"line":53,"column":89}},"27":{"start":{"line":54,"column":8},"end":{"line":54,"column":25}},"28":{"start":{"line":56,"column":8},"end":{"line":56,"column":53}},"29":{"start":{"line":60,"column":24},"end":{"line":78,"column":1}},"30":{"start":{"line":61,"column":4},"end":{"line":77,"column":5}},"31":{"start":{"line":64,"column":20},"end":{"line":64,"column":75}},"32":{"start":{"line":67,"column":8},"end":{"line":67,"column":50}},"33":{"start":{"line":70,"column":8},"end":{"line":70,"column":83}},"34":{"start":{"line":73,"column":8},"end":{"line":73,"column":34}},"35":{"start":{"line":76,"column":8},"end":{"line":76,"column":55}},"36":{"start":{"line":80,"column":0},"end":{"line":87,"column":2}}},"fnMap":{"0":{"name":"(anonymous_0)","decl":{"start":{"line":9,"column":16},"end":{"line":9,"column":17}},"loc":{"start":{"line":9,"column":36},"end":{"line":20,"column":1}},"line":9},"1":{"name":"(anonymous_1)","decl":{"start":{"line":22,"column":32},"end":{"line":22,"column":33}},"loc":{"start":{"line":22,"column":52},"end":{"line":29,"column":1}},"line":22},"2":{"name":"(anonymous_2)","decl":{"start":{"line":31,"column":25},"end":{"line":31,"column":26}},"loc":{"start":{"line":31,"column":45},"end":{"line":38,"column":1}},"line":31},"3":{"name":"(anonymous_3)","decl":{"start":{"line":41,"column":26},"end":{"line":41,"column":27}},"loc":{"start":{"line":41,"column":46},"end":{"line":49,"column":1}},"line":41},"4":{"name":"(anonymous_4)","decl":{"start":{"line":51,"column":35},"end":{"line":51,"column":36}},"loc":{"start":{"line":51,"column":54},"end":{"line":58,"column":1}},"line":51},"5":{"name":"(anonymous_5)","decl":{"start":{"line":60,"column":24},"end":{"line":60,"column":25}},"loc":{"start":{"line":60,"column":44},"end":{"line":78,"column":1}},"line":60}},"branchMap":{},"s":{"0":2,"1":2,"2":2,"3":2,"4":2,"5":1,"6":1,"7":1,"8":1,"9":0,"10":2,"11":0,"12":0,"13":0,"14":0,"15":2,"16":1,"17":1,"18":0,"19":2,"20":1,"21":1,"22":1,"23":0,"24":2,"25":0,"26":0,"27":0,"28":0,"29":2,"30":1,"31":1,"32":1,"33":1,"34":1,"35":0,"36":2},"f":{"0":1,"1":0,"2":1,"3":1,"4":0,"5":1},"b":{},"_coverageSchema":"1a1c01bbd47fc00a2c39e90264f33305004495a9","hash":"7e080cc63ccd19062a2bdb99787f650ffa69cad1"}
,"C:\\Users\\canto\\Documents\\ale\\SUPSI\\Bachelor\\Tesi\\MLSmartPhysio_platform\\Backend\\src\\controller\\serialController.js": {"path":"C:\\Users\\canto\\Documents\\ale\\SUPSI\\Bachelor\\Tesi\\MLSmartPhysio_platform\\Backend\\src\\controller\\serialController.js","statementMap":{"0":{"start":{"line":1,"column":22},"end":{"line":1,"column":61}},"1":{"start":{"line":2,"column":23},"end":{"line":2,"column":60}},"2":{"start":{"line":4,"column":22},"end":{"line":11,"column":1}},"3":{"start":{"line":5,"column":4},"end":{"line":10,"column":5}},"4":{"start":{"line":7,"column":8},"end":{"line":7,"column":45}},"5":{"start":{"line":9,"column":8},"end":{"line":9,"column":85}},"6":{"start":{"line":13,"column":21},"end":{"line":20,"column":1}},"7":{"start":{"line":14,"column":4},"end":{"line":19,"column":5}},"8":{"start":{"line":16,"column":8},"end":{"line":16,"column":46}},"9":{"start":{"line":18,"column":8},"end":{"line":18,"column":86}},"10":{"start":{"line":23,"column":18},"end":{"line":26,"column":1}},"11":{"start":{"line":24,"column":19},"end":{"line":24,"column":54}},"12":{"start":{"line":25,"column":4},"end":{"line":25,"column":36}},"13":{"start":{"line":29,"column":20},"end":{"line":52,"column":1}},"14":{"start":{"line":30,"column":4},"end":{"line":51,"column":5}},"15":{"start":{"line":31,"column":24},"end":{"line":31,"column":61}},"16":{"start":{"line":32,"column":26},"end":{"line":32,"column":44}},"17":{"start":{"line":34,"column":8},"end":{"line":36,"column":9}},"18":{"start":{"line":35,"column":12},"end":{"line":35,"column":82}},"19":{"start":{"line":38,"column":8},"end":{"line":38,"column":78}},"20":{"start":{"line":40,"column":8},"end":{"line":40,"column":54}},"21":{"start":{"line":42,"column":8},"end":{"line":45,"column":9}},"22":{"start":{"line":43,"column":12},"end":{"line":43,"column":49}},"23":{"start":{"line":44,"column":12},"end":{"line":44,"column":50}},"24":{"start":{"line":47,"column":8},"end":{"line":47,"column":74}},"25":{"start":{"line":49,"column":8},"end":{"line":49,"column":61}},"26":{"start":{"line":50,"column":8},"end":{"line":50,"column":71}},"27":{"start":{"line":56,"column":0},"end":{"line":62,"column":1}}},"fnMap":{"0":{"name":"(anonymous_0)","decl":{"start":{"line":4,"column":22},"end":{"line":4,"column":23}},"loc":{"start":{"line":4,"column":34},"end":{"line":11,"column":1}},"line":4},"1":{"name":"(anonymous_1)","decl":{"start":{"line":13,"column":21},"end":{"line":13,"column":22}},"loc":{"start":{"line":13,"column":33},"end":{"line":20,"column":1}},"line":13},"2":{"name":"(anonymous_2)","decl":{"start":{"line":23,"column":18},"end":{"line":23,"column":19}},"loc":{"start":{"line":23,"column":32},"end":{"line":26,"column":1}},"line":23},"3":{"name":"(anonymous_3)","decl":{"start":{"line":29,"column":20},"end":{"line":29,"column":21}},"loc":{"start":{"line":29,"column":40},"end":{"line":52,"column":1}},"line":29}},"branchMap":{"0":{"loc":{"start":{"line":34,"column":8},"end":{"line":36,"column":9}},"type":"if","locations":[{"start":{"line":34,"column":8},"end":{"line":36,"column":9}},{"start":{},"end":{}}],"line":34},"1":{"loc":{"start":{"line":42,"column":8},"end":{"line":45,"column":9}},"type":"if","locations":[{"start":{"line":42,"column":8},"end":{"line":45,"column":9}},{"start":{},"end":{}}],"line":42}},"s":{"0":2,"1":2,"2":2,"3":1,"4":1,"5":0,"6":2,"7":1,"8":1,"9":0,"10":2,"11":1,"12":1,"13":2,"14":3,"15":3,"16":3,"17":3,"18":0,"19":3,"20":3,"21":2,"22":1,"23":1,"24":2,"25":1,"26":1,"27":2},"f":{"0":1,"1":1,"2":1,"3":3},"b":{"0":[0,3],"1":[1,1]},"_coverageSchema":"1a1c01bbd47fc00a2c39e90264f33305004495a9","hash":"113dc6bb3afd076dfb3f60a974ee4f1f309b399d"}
,"C:\\Users\\canto\\Documents\\ale\\SUPSI\\Bachelor\\Tesi\\MLSmartPhysio_platform\\Backend\\src\\controller\\sessionController.js": {"path":"C:\\Users\\canto\\Documents\\ale\\SUPSI\\Bachelor\\Tesi\\MLSmartPhysio_platform\\Backend\\src\\controller\\sessionController.js","statementMap":{"0":{"start":{"line":1,"column":23},"end":{"line":1,"column":60}},"1":{"start":{"line":3,"column":19},"end":{"line":10,"column":1}},"2":{"start":{"line":4,"column":4},"end":{"line":9,"column":5}},"3":{"start":{"line":5,"column":28},"end":{"line":5,"column":72}},"4":{"start":{"line":6,"column":8},"end":{"line":6,"column":42}},"5":{"start":{"line":8,"column":8},"end":{"line":8,"column":55}},"6":{"start":{"line":12,"column":23},"end":{"line":22,"column":1}},"7":{"start":{"line":13,"column":4},"end":{"line":21,"column":5}},"8":{"start":{"line":14,"column":28},"end":{"line":14,"column":91}},"9":{"start":{"line":15,"column":8},"end":{"line":17,"column":9}},"10":{"start":{"line":16,"column":12},"end":{"line":16,"column":75}},"11":{"start":{"line":18,"column":8},"end":{"line":18,"column":42}},"12":{"start":{"line":20,"column":8},"end":{"line":20,"column":55}},"13":{"start":{"line":24,"column":30},"end":{"line":31,"column":1}},"14":{"start":{"line":25,"column":4},"end":{"line":30,"column":5}},"15":{"start":{"line":26,"column":32},"end":{"line":26,"column":102}},"16":{"start":{"line":27,"column":8},"end":{"line":27,"column":46}},"17":{"start":{"line":29,"column":8},"end":{"line":29,"column":53}},"18":{"start":{"line":34,"column":22},"end":{"line":41,"column":1}},"19":{"start":{"line":35,"column":4},"end":{"line":40,"column":5}},"20":{"start":{"line":36,"column":27},"end":{"line":36,"column":84}},"21":{"start":{"line":37,"column":8},"end":{"line":37,"column":41}},"22":{"start":{"line":39,"column":8},"end":{"line":39,"column":55}},"23":{"start":{"line":43,"column":26},"end":{"line":54,"column":1}},"24":{"start":{"line":44,"column":4},"end":{"line":53,"column":5}},"25":{"start":{"line":46,"column":23},"end":{"line":46,"column":96}},"26":{"start":{"line":47,"column":8},"end":{"line":49,"column":9}},"27":{"start":{"line":48,"column":12},"end":{"line":48,"column":91}},"28":{"start":{"line":50,"column":8},"end":{"line":50,"column":77}},"29":{"start":{"line":52,"column":8},"end":{"line":52,"column":55}},"30":{"start":{"line":56,"column":22},"end":{"line":64,"column":1}},"31":{"start":{"line":57,"column":4},"end":{"line":63,"column":5}},"32":{"start":{"line":58,"column":32},"end":{"line":58,"column":111}},"33":{"start":{"line":59,"column":8},"end":{"line":59,"column":46}},"34":{"start":{"line":61,"column":8},"end":{"line":61,"column":69}},"35":{"start":{"line":62,"column":8},"end":{"line":62,"column":55}},"36":{"start":{"line":67,"column":0},"end":{"line":74,"column":2}}},"fnMap":{"0":{"name":"(anonymous_0)","decl":{"start":{"line":3,"column":19},"end":{"line":3,"column":20}},"loc":{"start":{"line":3,"column":39},"end":{"line":10,"column":1}},"line":3},"1":{"name":"(anonymous_1)","decl":{"start":{"line":12,"column":23},"end":{"line":12,"column":24}},"loc":{"start":{"line":12,"column":43},"end":{"line":22,"column":1}},"line":12},"2":{"name":"(anonymous_2)","decl":{"start":{"line":24,"column":30},"end":{"line":24,"column":31}},"loc":{"start":{"line":24,"column":50},"end":{"line":31,"column":1}},"line":24},"3":{"name":"(anonymous_3)","decl":{"start":{"line":34,"column":22},"end":{"line":34,"column":23}},"loc":{"start":{"line":34,"column":42},"end":{"line":41,"column":1}},"line":34},"4":{"name":"(anonymous_4)","decl":{"start":{"line":43,"column":26},"end":{"line":43,"column":27}},"loc":{"start":{"line":43,"column":46},"end":{"line":54,"column":1}},"line":43},"5":{"name":"(anonymous_5)","decl":{"start":{"line":56,"column":22},"end":{"line":56,"column":23}},"loc":{"start":{"line":56,"column":42},"end":{"line":64,"column":1}},"line":56}},"branchMap":{"0":{"loc":{"start":{"line":15,"column":8},"end":{"line":17,"column":9}},"type":"if","locations":[{"start":{"line":15,"column":8},"end":{"line":17,"column":9}},{"start":{},"end":{}}],"line":15},"1":{"loc":{"start":{"line":47,"column":8},"end":{"line":49,"column":9}},"type":"if","locations":[{"start":{"line":47,"column":8},"end":{"line":49,"column":9}},{"start":{},"end":{}}],"line":47}},"s":{"0":2,"1":2,"2":1,"3":1,"4":1,"5":0,"6":2,"7":2,"8":2,"9":2,"10":1,"11":1,"12":0,"13":2,"14":1,"15":1,"16":1,"17":0,"18":2,"19":1,"20":1,"21":1,"22":0,"23":2,"24":2,"25":2,"26":2,"27":1,"28":1,"29":0,"30":2,"31":1,"32":1,"33":1,"34":0,"35":0,"36":2},"f":{"0":1,"1":2,"2":1,"3":1,"4":2,"5":1},"b":{"0":[1,1],"1":[1,1]},"_coverageSchema":"1a1c01bbd47fc00a2c39e90264f33305004495a9","hash":"fa5ccac2cb9dc721aa6acc4aeeb03b9a27511279"}
,"C:\\Users\\canto\\Documents\\ale\\SUPSI\\Bachelor\\Tesi\\MLSmartPhysio_platform\\Backend\\src\\models\\Appointment.js": {"path":"C:\\Users\\canto\\Documents\\ale\\SUPSI\\Bachelor\\Tesi\\MLSmartPhysio_platform\\Backend\\src\\models\\Appointment.js","statementMap":{"0":{"start":{"line":1,"column":17},"end":{"line":1,"column":36}},"1":{"start":{"line":3,"column":27},"end":{"line":28,"column":2}},"2":{"start":{"line":30,"column":0},"end":{"line":30,"column":84}}},"fnMap":{},"branchMap":{},"s":{"0":8,"1":8,"2":8},"f":{},"b":{},"_coverageSchema":"1a1c01bbd47fc00a2c39e90264f33305004495a9","hash":"21e8256571d8146f8fae810315bfb6cadbb5f08b"}
,"C:\\Users\\canto\\Documents\\ale\\SUPSI\\Bachelor\\Tesi\\MLSmartPhysio_platform\\Backend\\src\\models\\Doctor.js": {"path":"C:\\Users\\canto\\Documents\\ale\\SUPSI\\Bachelor\\Tesi\\MLSmartPhysio_platform\\Backend\\src\\models\\Doctor.js","statementMap":{"0":{"start":{"line":1,"column":17},"end":{"line":1,"column":36}},"1":{"start":{"line":3,"column":21},"end":{"line":44,"column":2}},"2":{"start":{"line":46,"column":0},"end":{"line":46,"column":68}}},"fnMap":{},"branchMap":{},"s":{"0":13,"1":13,"2":13},"f":{},"b":{},"_coverageSchema":"1a1c01bbd47fc00a2c39e90264f33305004495a9","hash":"22faa3588e7564566f85d804dbbecc37fdc58c3f"}
,"C:\\Users\\canto\\Documents\\ale\\SUPSI\\Bachelor\\Tesi\\MLSmartPhysio_platform\\Backend\\src\\models\\Patient.js": {"path":"C:\\Users\\canto\\Documents\\ale\\SUPSI\\Bachelor\\Tesi\\MLSmartPhysio_platform\\Backend\\src\\models\\Patient.js","statementMap":{"0":{"start":{"line":1,"column":17},"end":{"line":1,"column":36}},"1":{"start":{"line":3,"column":22},"end":{"line":49,"column":2}},"2":{"start":{"line":51,"column":0},"end":{"line":51,"column":71}}},"fnMap":{},"branchMap":{},"s":{"0":13,"1":13,"2":13},"f":{},"b":{},"_coverageSchema":"1a1c01bbd47fc00a2c39e90264f33305004495a9","hash":"cff2e375263ea53ff7b6627fedc0c7ae2720ec3c"}
,"C:\\Users\\canto\\Documents\\ale\\SUPSI\\Bachelor\\Tesi\\MLSmartPhysio_platform\\Backend\\src\\models\\Session.js": {"path":"C:\\Users\\canto\\Documents\\ale\\SUPSI\\Bachelor\\Tesi\\MLSmartPhysio_platform\\Backend\\src\\models\\Session.js","statementMap":{"0":{"start":{"line":1,"column":17},"end":{"line":1,"column":36}},"1":{"start":{"line":3,"column":22},"end":{"line":30,"column":2}},"2":{"start":{"line":32,"column":0},"end":{"line":32,"column":71}}},"fnMap":{},"branchMap":{},"s":{"0":6,"1":6,"2":6},"f":{},"b":{},"_coverageSchema":"1a1c01bbd47fc00a2c39e90264f33305004495a9","hash":"677fc51e86573615414eeaca8305e9c1ab224064"}
,"C:\\Users\\canto\\Documents\\ale\\SUPSI\\Bachelor\\Tesi\\MLSmartPhysio_platform\\Backend\\src\\models\\inertialDataModel.js": {"path":"C:\\Users\\canto\\Documents\\ale\\SUPSI\\Bachelor\\Tesi\\MLSmartPhysio_platform\\Backend\\src\\models\\inertialDataModel.js","statementMap":{"0":{"start":{"line":1,"column":17},"end":{"line":1,"column":36}},"1":{"start":{"line":3,"column":27},"end":{"line":23,"column":2}},"2":{"start":{"line":14,"column":16},"end":{"line":14,"column":85}},"3":{"start":{"line":14,"column":60},"end":{"line":14,"column":83}},"4":{"start":{"line":25,"column":0},"end":{"line":25,"column":84}}},"fnMap":{"0":{"name":"(anonymous_0)","decl":{"start":{"line":13,"column":23},"end":{"line":13,"column":24}},"loc":{"start":{"line":13,"column":38},"end":{"line":15,"column":13}},"line":13},"1":{"name":"(anonymous_1)","decl":{"start":{"line":14,"column":53},"end":{"line":14,"column":54}},"loc":{"start":{"line":14,"column":60},"end":{"line":14,"column":83}},"line":14}},"branchMap":{"0":{"loc":{"start":{"line":14,"column":23},"end":{"line":14,"column":84}},"type":"binary-expr","locations":[{"start":{"line":14,"column":23},"end":{"line":14,"column":39}},{"start":{"line":14,"column":43},"end":{"line":14,"column":84}}],"line":14}},"s":{"0":6,"1":6,"2":3,"3":9,"4":6},"f":{"0":3,"1":9},"b":{"0":[3,1]},"_coverageSchema":"1a1c01bbd47fc00a2c39e90264f33305004495a9","hash":"a3c5d5be6bb5ebce763888045465330cca05cae6"}
,"C:\\Users\\canto\\Documents\\ale\\SUPSI\\Bachelor\\Tesi\\MLSmartPhysio_platform\\Backend\\src\\models\\sEMGdataModel.js": {"path":"C:\\Users\\canto\\Documents\\ale\\SUPSI\\Bachelor\\Tesi\\MLSmartPhysio_platform\\Backend\\src\\models\\sEMGdataModel.js","statementMap":{"0":{"start":{"line":1,"column":17},"end":{"line":1,"column":36}},"1":{"start":{"line":3,"column":23},"end":{"line":23,"column":2}},"2":{"start":{"line":14,"column":16},"end":{"line":14,"column":85}},"3":{"start":{"line":14,"column":60},"end":{"line":14,"column":83}},"4":{"start":{"line":25,"column":0},"end":{"line":25,"column":72}}},"fnMap":{"0":{"name":"(anonymous_0)","decl":{"start":{"line":13,"column":23},"end":{"line":13,"column":24}},"loc":{"start":{"line":13,"column":38},"end":{"line":15,"column":13}},"line":13},"1":{"name":"(anonymous_1)","decl":{"start":{"line":14,"column":53},"end":{"line":14,"column":54}},"loc":{"start":{"line":14,"column":60},"end":{"line":14,"column":83}},"line":14}},"branchMap":{"0":{"loc":{"start":{"line":14,"column":23},"end":{"line":14,"column":84}},"type":"binary-expr","locations":[{"start":{"line":14,"column":23},"end":{"line":14,"column":39}},{"start":{"line":14,"column":43},"end":{"line":14,"column":84}}],"line":14}},"s":{"0":6,"1":6,"2":3,"3":8,"4":6},"f":{"0":3,"1":8},"b":{"0":[3,1]},"_coverageSchema":"1a1c01bbd47fc00a2c39e90264f33305004495a9","hash":"8ef1589b3f39307b7897de5e1044ab692fc24373"}
,"C:\\Users\\canto\\Documents\\ale\\SUPSI\\Bachelor\\Tesi\\MLSmartPhysio_platform\\Backend\\src\\routes\\appointmentsRoutes.js": {"path":"C:\\Users\\canto\\Documents\\ale\\SUPSI\\Bachelor\\Tesi\\MLSmartPhysio_platform\\Backend\\src\\routes\\appointmentsRoutes.js","statementMap":{"0":{"start":{"line":1,"column":16},"end":{"line":1,"column":34}},"1":{"start":{"line":2,"column":15},"end":{"line":2,"column":31}},"2":{"start":{"line":4,"column":31},"end":{"line":4,"column":78}},"3":{"start":{"line":5,"column":13},"end":{"line":5,"column":42}},"4":{"start":{"line":7,"column":0},"end":{"line":7,"column":65}},"5":{"start":{"line":8,"column":0},"end":{"line":8,"column":73}},"6":{"start":{"line":9,"column":0},"end":{"line":9,"column":73}},"7":{"start":{"line":10,"column":0},"end":{"line":10,"column":81}},"8":{"start":{"line":11,"column":0},"end":{"line":11,"column":74}},"9":{"start":{"line":13,"column":0},"end":{"line":13,"column":24}}},"fnMap":{},"branchMap":{},"s":{"0":1,"1":1,"2":1,"3":1,"4":1,"5":1,"6":1,"7":1,"8":1,"9":1},"f":{},"b":{},"_coverageSchema":"1a1c01bbd47fc00a2c39e90264f33305004495a9","hash":"f182800e1a07656305dddb643a10b93b80ac7c08"}
,"C:\\Users\\canto\\Documents\\ale\\SUPSI\\Bachelor\\Tesi\\MLSmartPhysio_platform\\Backend\\src\\routes\\doctorRoutes.js": {"path":"C:\\Users\\canto\\Documents\\ale\\SUPSI\\Bachelor\\Tesi\\MLSmartPhysio_platform\\Backend\\src\\routes\\doctorRoutes.js","statementMap":{"0":{"start":{"line":1,"column":16},"end":{"line":1,"column":35}},"1":{"start":{"line":3,"column":15},"end":{"line":3,"column":31}},"2":{"start":{"line":5,"column":25},"end":{"line":5,"column":66}},"3":{"start":{"line":6,"column":13},"end":{"line":6,"column":42}},"4":{"start":{"line":8,"column":0},"end":{"line":8,"column":48}},"5":{"start":{"line":9,"column":0},"end":{"line":9,"column":74}},"6":{"start":{"line":10,"column":0},"end":{"line":10,"column":51}},"7":{"start":{"line":11,"column":0},"end":{"line":11,"column":51}},"8":{"start":{"line":12,"column":0},"end":{"line":12,"column":57}},"9":{"start":{"line":14,"column":0},"end":{"line":14,"column":24}}},"fnMap":{},"branchMap":{},"s":{"0":1,"1":1,"2":1,"3":1,"4":1,"5":1,"6":1,"7":1,"8":1,"9":1},"f":{},"b":{},"_coverageSchema":"1a1c01bbd47fc00a2c39e90264f33305004495a9","hash":"86d1c39c66b2fae093967b572d6cf9f3367a3899"}
,"C:\\Users\\canto\\Documents\\ale\\SUPSI\\Bachelor\\Tesi\\MLSmartPhysio_platform\\Backend\\src\\routes\\inertialDataRoutes.js": {"path":"C:\\Users\\canto\\Documents\\ale\\SUPSI\\Bachelor\\Tesi\\MLSmartPhysio_platform\\Backend\\src\\routes\\inertialDataRoutes.js","statementMap":{"0":{"start":{"line":1,"column":0},"end":{"line":1,"column":29}},"1":{"start":{"line":2,"column":15},"end":{"line":2,"column":31}},"2":{"start":{"line":4,"column":31},"end":{"line":4,"column":78}},"3":{"start":{"line":7,"column":0},"end":{"line":7,"column":48}},"4":{"start":{"line":8,"column":0},"end":{"line":8,"column":77}},"5":{"start":{"line":9,"column":0},"end":{"line":9,"column":81}},"6":{"start":{"line":11,"column":0},"end":{"line":11,"column":60}},"7":{"start":{"line":13,"column":0},"end":{"line":13,"column":65}},"8":{"start":{"line":14,"column":0},"end":{"line":14,"column":84}},"9":{"start":{"line":15,"column":0},"end":{"line":15,"column":24}}},"fnMap":{},"branchMap":{},"s":{"0":1,"1":1,"2":1,"3":1,"4":1,"5":1,"6":1,"7":1,"8":1,"9":1},"f":{},"b":{},"_coverageSchema":"1a1c01bbd47fc00a2c39e90264f33305004495a9","hash":"a18ab1ca43726672bf5b781005869a4e765356c6"}
,"C:\\Users\\canto\\Documents\\ale\\SUPSI\\Bachelor\\Tesi\\MLSmartPhysio_platform\\Backend\\src\\routes\\loginRoutes.js": {"path":"C:\\Users\\canto\\Documents\\ale\\SUPSI\\Bachelor\\Tesi\\MLSmartPhysio_platform\\Backend\\src\\routes\\loginRoutes.js","statementMap":{"0":{"start":{"line":1,"column":16},"end":{"line":1,"column":35}},"1":{"start":{"line":3,"column":15},"end":{"line":3,"column":31}},"2":{"start":{"line":5,"column":24},"end":{"line":5,"column":64}},"3":{"start":{"line":7,"column":0},"end":{"line":7,"column":58}},"4":{"start":{"line":8,"column":0},"end":{"line":8,"column":45}},"5":{"start":{"line":10,"column":0},"end":{"line":10,"column":24}}},"fnMap":{},"branchMap":{},"s":{"0":1,"1":1,"2":1,"3":1,"4":1,"5":1},"f":{},"b":{},"_coverageSchema":"1a1c01bbd47fc00a2c39e90264f33305004495a9","hash":"7952e46105daae71bbff965e8f1867fd1adf7b20"}
,"C:\\Users\\canto\\Documents\\ale\\SUPSI\\Bachelor\\Tesi\\MLSmartPhysio_platform\\Backend\\src\\routes\\patienceRoutes.js": {"path":"C:\\Users\\canto\\Documents\\ale\\SUPSI\\Bachelor\\Tesi\\MLSmartPhysio_platform\\Backend\\src\\routes\\patienceRoutes.js","statementMap":{"0":{"start":{"line":1,"column":16},"end":{"line":1,"column":34}},"1":{"start":{"line":2,"column":15},"end":{"line":2,"column":31}},"2":{"start":{"line":4,"column":26},"end":{"line":4,"column":68}},"3":{"start":{"line":5,"column":13},"end":{"line":5,"column":42}},"4":{"start":{"line":7,"column":0},"end":{"line":7,"column":56}},"5":{"start":{"line":8,"column":0},"end":{"line":8,"column":70}},"6":{"start":{"line":9,"column":0},"end":{"line":9,"column":59}},"7":{"start":{"line":10,"column":0},"end":{"line":10,"column":59}},"8":{"start":{"line":11,"column":0},"end":{"line":11,"column":64}},"9":{"start":{"line":12,"column":0},"end":{"line":12,"column":62}},"10":{"start":{"line":14,"column":0},"end":{"line":14,"column":24}}},"fnMap":{},"branchMap":{},"s":{"0":1,"1":1,"2":1,"3":1,"4":1,"5":1,"6":1,"7":1,"8":1,"9":1,"10":1},"f":{},"b":{},"_coverageSchema":"1a1c01bbd47fc00a2c39e90264f33305004495a9","hash":"858708a9cace3184b7ed8f1a0d5a69481dd4153c"}
,"C:\\Users\\canto\\Documents\\ale\\SUPSI\\Bachelor\\Tesi\\MLSmartPhysio_platform\\Backend\\src\\routes\\sEMGdataRoutes.js": {"path":"C:\\Users\\canto\\Documents\\ale\\SUPSI\\Bachelor\\Tesi\\MLSmartPhysio_platform\\Backend\\src\\routes\\sEMGdataRoutes.js","statementMap":{"0":{"start":{"line":1,"column":16},"end":{"line":1,"column":34}},"1":{"start":{"line":2,"column":15},"end":{"line":2,"column":31}},"2":{"start":{"line":4,"column":27},"end":{"line":4,"column":70}},"3":{"start":{"line":7,"column":0},"end":{"line":7,"column":44}},"4":{"start":{"line":8,"column":0},"end":{"line":8,"column":78}},"5":{"start":{"line":9,"column":0},"end":{"line":9,"column":64}},"6":{"start":{"line":12,"column":0},"end":{"line":12,"column":57}},"7":{"start":{"line":13,"column":0},"end":{"line":13,"column":76}},"8":{"start":{"line":15,"column":0},"end":{"line":15,"column":73}},"9":{"start":{"line":17,"column":0},"end":{"line":17,"column":24}}},"fnMap":{},"branchMap":{},"s":{"0":1,"1":1,"2":1,"3":1,"4":1,"5":1,"6":1,"7":1,"8":1,"9":1},"f":{},"b":{},"_coverageSchema":"1a1c01bbd47fc00a2c39e90264f33305004495a9","hash":"74d353cdf7ae0e6910d3f56c9294d4386b8ba93b"}
,"C:\\Users\\canto\\Documents\\ale\\SUPSI\\Bachelor\\Tesi\\MLSmartPhysio_platform\\Backend\\src\\routes\\serialRoutes.js": {"path":"C:\\Users\\canto\\Documents\\ale\\SUPSI\\Bachelor\\Tesi\\MLSmartPhysio_platform\\Backend\\src\\routes\\serialRoutes.js","statementMap":{"0":{"start":{"line":1,"column":16},"end":{"line":1,"column":34}},"1":{"start":{"line":2,"column":15},"end":{"line":2,"column":31}},"2":{"start":{"line":4,"column":25},"end":{"line":4,"column":66}},"3":{"start":{"line":6,"column":0},"end":{"line":6,"column":54}},"4":{"start":{"line":7,"column":0},"end":{"line":7,"column":52}},"5":{"start":{"line":8,"column":0},"end":{"line":8,"column":51}},"6":{"start":{"line":9,"column":0},"end":{"line":9,"column":50}},"7":{"start":{"line":11,"column":0},"end":{"line":11,"column":24}}},"fnMap":{},"branchMap":{},"s":{"0":1,"1":1,"2":1,"3":1,"4":1,"5":1,"6":1,"7":1},"f":{},"b":{},"_coverageSchema":"1a1c01bbd47fc00a2c39e90264f33305004495a9","hash":"649ee2a6deb81526f2aedb2110aad25a0bad34b3"}
,"C:\\Users\\canto\\Documents\\ale\\SUPSI\\Bachelor\\Tesi\\MLSmartPhysio_platform\\Backend\\src\\routes\\sessionRoutes.js": {"path":"C:\\Users\\canto\\Documents\\ale\\SUPSI\\Bachelor\\Tesi\\MLSmartPhysio_platform\\Backend\\src\\routes\\sessionRoutes.js","statementMap":{"0":{"start":{"line":1,"column":16},"end":{"line":1,"column":34}},"1":{"start":{"line":2,"column":15},"end":{"line":2,"column":31}},"2":{"start":{"line":4,"column":26},"end":{"line":4,"column":68}},"3":{"start":{"line":5,"column":13},"end":{"line":5,"column":42}},"4":{"start":{"line":7,"column":0},"end":{"line":7,"column":52}},"5":{"start":{"line":8,"column":0},"end":{"line":8,"column":59}},"6":{"start":{"line":9,"column":0},"end":{"line":9,"column":74}},"7":{"start":{"line":10,"column":0},"end":{"line":10,"column":56}},"8":{"start":{"line":11,"column":0},"end":{"line":11,"column":72}},"9":{"start":{"line":12,"column":0},"end":{"line":12,"column":65}},"10":{"start":{"line":15,"column":0},"end":{"line":15,"column":24}}},"fnMap":{},"branchMap":{},"s":{"0":1,"1":1,"2":1,"3":1,"4":1,"5":1,"6":1,"7":1,"8":1,"9":1,"10":1},"f":{},"b":{},"_coverageSchema":"1a1c01bbd47fc00a2c39e90264f33305004495a9","hash":"0ee6b28bf3a403a368b7d1b0f39bd69363cd935a"}
,"C:\\Users\\canto\\Documents\\ale\\SUPSI\\Bachelor\\Tesi\\MLSmartPhysio_platform\\Backend\\src\\services\\AppointmentsService.js": {"path":"C:\\Users\\canto\\Documents\\ale\\SUPSI\\Bachelor\\Tesi\\MLSmartPhysio_platform\\Backend\\src\\services\\AppointmentsService.js","statementMap":{"0":{"start":{"line":1,"column":26},"end":{"line":1,"column":58}},"1":{"start":{"line":2,"column":20},"end":{"line":2,"column":48}},"2":{"start":{"line":3,"column":21},"end":{"line":3,"column":49}},"3":{"start":{"line":5,"column":27},"end":{"line":12,"column":1}},"4":{"start":{"line":6,"column":4},"end":{"line":11,"column":5}},"5":{"start":{"line":7,"column":24},"end":{"line":7,"column":113}},"6":{"start":{"line":8,"column":8},"end":{"line":8,"column":23}},"7":{"start":{"line":10,"column":8},"end":{"line":10,"column":82}},"8":{"start":{"line":15,"column":31},"end":{"line":22,"column":1}},"9":{"start":{"line":16,"column":4},"end":{"line":21,"column":5}},"10":{"start":{"line":17,"column":29},"end":{"line":17,"column":79}},"11":{"start":{"line":18,"column":8},"end":{"line":18,"column":49}},"12":{"start":{"line":18,"column":39},"end":{"line":18,"column":47}},"13":{"start":{"line":20,"column":8},"end":{"line":20,"column":63}},"14":{"start":{"line":24,"column":31},"end":{"line":31,"column":1}},"15":{"start":{"line":25,"column":4},"end":{"line":30,"column":5}},"16":{"start":{"line":26,"column":29},"end":{"line":26,"column":79}},"17":{"start":{"line":27,"column":8},"end":{"line":27,"column":49}},"18":{"start":{"line":27,"column":39},"end":{"line":27,"column":47}},"19":{"start":{"line":29,"column":8},"end":{"line":29,"column":64}},"20":{"start":{"line":33,"column":27},"end":{"line":76,"column":1}},"21":{"start":{"line":34,"column":51},"end":{"line":34,"column":66}},"22":{"start":{"line":36,"column":4},"end":{"line":38,"column":5}},"23":{"start":{"line":37,"column":8},"end":{"line":37,"column":58}},"24":{"start":{"line":40,"column":31},"end":{"line":40,"column":46}},"25":{"start":{"line":41,"column":29},"end":{"line":41,"column":44}},"26":{"start":{"line":43,"column":32},"end":{"line":49,"column":5}},"27":{"start":{"line":51,"column":16},"end":{"line":51,"column":26}},"28":{"start":{"line":53,"column":4},"end":{"line":55,"column":5}},"29":{"start":{"line":54,"column":8},"end":{"line":54,"column":59}},"30":{"start":{"line":57,"column":27},"end":{"line":63,"column":6}},"31":{"start":{"line":65,"column":4},"end":{"line":65,"column":32}},"32":{"start":{"line":67,"column":4},"end":{"line":69,"column":7}},"33":{"start":{"line":71,"column":4},"end":{"line":73,"column":7}},"34":{"start":{"line":75,"column":4},"end":{"line":75,"column":26}},"35":{"start":{"line":80,"column":30},"end":{"line":90,"column":1}},"36":{"start":{"line":81,"column":4},"end":{"line":89,"column":5}},"37":{"start":{"line":82,"column":22},"end":{"line":82,"column":32}},"38":{"start":{"line":83,"column":8},"end":{"line":83,"column":35}},"39":{"start":{"line":85,"column":8},"end":{"line":85,"column":69}},"40":{"start":{"line":88,"column":8},"end":{"line":88,"column":89}},"41":{"start":{"line":92,"column":30},"end":{"line":112,"column":1}},"42":{"start":{"line":94,"column":24},"end":{"line":94,"column":97}},"43":{"start":{"line":95,"column":4},"end":{"line":97,"column":5}},"44":{"start":{"line":96,"column":8},"end":{"line":96,"column":70}},"45":{"start":{"line":99,"column":22},"end":{"line":99,"column":41}},"46":{"start":{"line":101,"column":4},"end":{"line":101,"column":62}},"47":{"start":{"line":103,"column":4},"end":{"line":105,"column":7}},"48":{"start":{"line":107,"column":4},"end":{"line":109,"column":7}},"49":{"start":{"line":111,"column":4},"end":{"line":111,"column":29}},"50":{"start":{"line":116,"column":0},"end":{"line":123,"column":2}}},"fnMap":{"0":{"name":"(anonymous_0)","decl":{"start":{"line":5,"column":27},"end":{"line":5,"column":28}},"loc":{"start":{"line":5,"column":47},"end":{"line":12,"column":1}},"line":5},"1":{"name":"(anonymous_1)","decl":{"start":{"line":15,"column":31},"end":{"line":15,"column":32}},"loc":{"start":{"line":15,"column":51},"end":{"line":22,"column":1}},"line":15},"2":{"name":"(anonymous_2)","decl":{"start":{"line":18,"column":32},"end":{"line":18,"column":33}},"loc":{"start":{"line":18,"column":39},"end":{"line":18,"column":47}},"line":18},"3":{"name":"(anonymous_3)","decl":{"start":{"line":24,"column":31},"end":{"line":24,"column":32}},"loc":{"start":{"line":24,"column":51},"end":{"line":31,"column":1}},"line":24},"4":{"name":"(anonymous_4)","decl":{"start":{"line":27,"column":32},"end":{"line":27,"column":33}},"loc":{"start":{"line":27,"column":39},"end":{"line":27,"column":47}},"line":27},"5":{"name":"(anonymous_5)","decl":{"start":{"line":33,"column":27},"end":{"line":33,"column":28}},"loc":{"start":{"line":33,"column":64},"end":{"line":76,"column":1}},"line":33},"6":{"name":"(anonymous_6)","decl":{"start":{"line":80,"column":30},"end":{"line":80,"column":31}},"loc":{"start":{"line":80,"column":42},"end":{"line":90,"column":1}},"line":80},"7":{"name":"(anonymous_7)","decl":{"start":{"line":92,"column":30},"end":{"line":92,"column":31}},"loc":{"start":{"line":92,"column":65},"end":{"line":112,"column":1}},"line":92}},"branchMap":{"0":{"loc":{"start":{"line":36,"column":4},"end":{"line":38,"column":5}},"type":"if","locations":[{"start":{"line":36,"column":4},"end":{"line":38,"column":5}},{"start":{},"end":{}}],"line":36},"1":{"loc":{"start":{"line":36,"column":8},"end":{"line":36,"column":32}},"type":"binary-expr","locations":[{"start":{"line":36,"column":8},"end":{"line":36,"column":13}},{"start":{"line":36,"column":17},"end":{"line":36,"column":22}},{"start":{"line":36,"column":26},"end":{"line":36,"column":32}}],"line":36},"2":{"loc":{"start":{"line":53,"column":4},"end":{"line":55,"column":5}},"type":"if","locations":[{"start":{"line":53,"column":4},"end":{"line":55,"column":5}},{"start":{},"end":{}}],"line":53},"3":{"loc":{"start":{"line":95,"column":4},"end":{"line":97,"column":5}},"type":"if","locations":[{"start":{"line":95,"column":4},"end":{"line":97,"column":5}},{"start":{},"end":{}}],"line":95}},"s":{"0":3,"1":3,"2":3,"3":3,"4":1,"5":1,"6":1,"7":0,"8":3,"9":1,"10":1,"11":1,"12":1,"13":0,"14":3,"15":1,"16":1,"17":1,"18":1,"19":0,"20":3,"21":5,"22":5,"23":0,"24":5,"25":5,"26":5,"27":5,"28":5,"29":0,"30":5,"31":5,"32":5,"33":5,"34":5,"35":3,"36":0,"37":0,"38":0,"39":0,"40":0,"41":3,"42":1,"43":1,"44":0,"45":1,"46":1,"47":1,"48":1,"49":1,"50":3},"f":{"0":1,"1":1,"2":1,"3":1,"4":1,"5":5,"6":0,"7":1},"b":{"0":[0,5],"1":[5,5,5],"2":[0,5],"3":[0,1]},"_coverageSchema":"1a1c01bbd47fc00a2c39e90264f33305004495a9","hash":"0a35994bcbcc276f99380b13997a3806e1685180"}
,"C:\\Users\\canto\\Documents\\ale\\SUPSI\\Bachelor\\Tesi\\MLSmartPhysio_platform\\Backend\\src\\services\\DoctorServices.js": {"path":"C:\\Users\\canto\\Documents\\ale\\SUPSI\\Bachelor\\Tesi\\MLSmartPhysio_platform\\Backend\\src\\services\\DoctorServices.js","statementMap":{"0":{"start":{"line":1,"column":15},"end":{"line":1,"column":42}},"1":{"start":{"line":5,"column":4},"end":{"line":10,"column":5}},"2":{"start":{"line":6,"column":21},"end":{"line":6,"column":40}},"3":{"start":{"line":7,"column":8},"end":{"line":7,"column":20}},"4":{"start":{"line":9,"column":8},"end":{"line":9,"column":72}},"5":{"start":{"line":14,"column":4},"end":{"line":22,"column":5}},"6":{"start":{"line":15,"column":27},"end":{"line":15,"column":58}},"7":{"start":{"line":16,"column":8},"end":{"line":18,"column":9}},"8":{"start":{"line":17,"column":12},"end":{"line":17,"column":72}},"9":{"start":{"line":19,"column":8},"end":{"line":19,"column":26}},"10":{"start":{"line":21,"column":8},"end":{"line":21,"column":84}},"11":{"start":{"line":26,"column":19},"end":{"line":26,"column":46}},"12":{"start":{"line":27,"column":4},"end":{"line":27,"column":43}},"13":{"start":{"line":31,"column":4},"end":{"line":43,"column":5}},"14":{"start":{"line":32,"column":23},"end":{"line":32,"column":54}},"15":{"start":{"line":34,"column":8},"end":{"line":36,"column":9}},"16":{"start":{"line":35,"column":12},"end":{"line":35,"column":72}},"17":{"start":{"line":39,"column":8},"end":{"line":39,"column":41}},"18":{"start":{"line":41,"column":8},"end":{"line":41,"column":80}},"19":{"start":{"line":42,"column":8},"end":{"line":42,"column":84}},"20":{"start":{"line":49,"column":4},"end":{"line":60,"column":5}},"21":{"start":{"line":50,"column":8},"end":{"line":52,"column":9}},"22":{"start":{"line":51,"column":12},"end":{"line":51,"column":62}},"23":{"start":{"line":54,"column":26},"end":{"line":54,"column":48}},"24":{"start":{"line":56,"column":28},"end":{"line":56,"column":50}},"25":{"start":{"line":57,"column":8},"end":{"line":57,"column":27}},"26":{"start":{"line":59,"column":8},"end":{"line":59,"column":67}},"27":{"start":{"line":65,"column":4},"end":{"line":75,"column":5}},"28":{"start":{"line":66,"column":30},"end":{"line":66,"column":78}},"29":{"start":{"line":68,"column":8},"end":{"line":70,"column":9}},"30":{"start":{"line":69,"column":12},"end":{"line":69,"column":81}},"31":{"start":{"line":72,"column":8},"end":{"line":72,"column":29}},"32":{"start":{"line":74,"column":8},"end":{"line":74,"column":94}},"33":{"start":{"line":78,"column":0},"end":{"line":78,"column":120}}},"fnMap":{"0":{"name":"getAllDoctors","decl":{"start":{"line":4,"column":15},"end":{"line":4,"column":28}},"loc":{"start":{"line":4,"column":31},"end":{"line":11,"column":1}},"line":4},"1":{"name":"getDoctorById","decl":{"start":{"line":13,"column":15},"end":{"line":13,"column":28}},"loc":{"start":{"line":13,"column":39},"end":{"line":23,"column":1}},"line":13},"2":{"name":"getDoctorByEmail","decl":{"start":{"line":25,"column":15},"end":{"line":25,"column":31}},"loc":{"start":{"line":25,"column":39},"end":{"line":28,"column":1}},"line":25},"3":{"name":"
[...]
umn":82}},"110":{"start":{"line":229,"column":46},"end":{"line":229,"column":80}},"111":{"start":{"line":232,"column":4},"end":{"line":235,"column":5}},"112":{"start":{"line":233,"column":8},"end":{"line":233,"column":51}},"113":{"start":{"line":234,"column":8},"end":{"line":234,"column":80}},"114":{"start":{"line":234,"column":45},"end":{"line":234,"column":78}},"115":{"start":{"line":238,"column":14},"end":{"line":238,"column":69}},"116":{"start":{"line":238,"column":22},"end":{"line":238,"column":69}},"117":{"start":{"line":238,"column":45},"end":{"line":238,"column":68}},"118":{"start":{"line":240,"column":24},"end":{"line":275,"column":1}},"119":{"start":{"line":241,"column":4},"end":{"line":241,"column":44}},"120":{"start":{"line":243,"column":4},"end":{"line":243,"column":18}},"121":{"start":{"line":244,"column":4},"end":{"line":244,"column":29}},"122":{"start":{"line":246,"column":4},"end":{"line":249,"column":5}},"123":{"start":{"line":247,"column":8},"end":{"line":247,"column":63}},"124":{"start":{"line":248,"column":8},"end":{"line":248,"column":15}},"125":{"start":{"line":251,"column":4},"end":{"line":269,"column":5}},"126":{"start":{"line":252,"column":8},"end":{"line":268,"column":9}},"127":{"start":{"line":254,"column":12},"end":{"line":267,"column":13}},"128":{"start":{"line":255,"column":16},"end":{"line":264,"column":19}},"129":{"start":{"line":256,"column":20},"end":{"line":263,"column":23}},"130":{"start":{"line":257,"column":24},"end":{"line":261,"column":25}},"131":{"start":{"line":258,"column":28},"end":{"line":258,"column":88}},"132":{"start":{"line":260,"column":28},"end":{"line":260,"column":77}},"133":{"start":{"line":262,"column":24},"end":{"line":262,"column":34}},"134":{"start":{"line":266,"column":16},"end":{"line":266,"column":59}},"135":{"start":{"line":271,"column":4},"end":{"line":271,"column":21}},"136":{"start":{"line":273,"column":4},"end":{"line":273,"column":24}},"137":{"start":{"line":274,"column":4},"end":{"line":274,"column":60}},"138":{"start":{"line":280,"column":23},"end":{"line":280,"column":54}},"139":{"start":{"line":280,"column":34},"end":{"line":280,"column":52}},"140":{"start":{"line":281,"column":26},"end":{"line":284,"column":1}},"141":{"start":{"line":282,"column":4},"end":{"line":282,"column":28}},"142":{"start":{"line":283,"column":4},"end":{"line":283,"column":26}},"143":{"start":{"line":285,"column":36},"end":{"line":285,"column":56}},"144":{"start":{"line":286,"column":34},"end":{"line":286,"column":52}},"145":{"start":{"line":288,"column":0},"end":{"line":301,"column":2}}},"fnMap":{"0":{"name":"(anonymous_0)","decl":{"start":{"line":20,"column":25},"end":{"line":20,"column":26}},"loc":{"start":{"line":20,"column":41},"end":{"line":37,"column":1}},"line":20},"1":{"name":"(anonymous_1)","decl":{"start":{"line":23,"column":24},"end":{"line":23,"column":25}},"loc":{"start":{"line":23,"column":36},"end":{"line":36,"column":5}},"line":23},"2":{"name":"(anonymous_2)","decl":{"start":{"line":27,"column":32},"end":{"line":27,"column":33}},"loc":{"start":{"line":27,"column":44},"end":{"line":35,"column":9}},"line":27},"3":{"name":"(anonymous_3)","decl":{"start":{"line":40,"column":28},"end":{"line":40,"column":29}},"loc":{"start":{"line":40,"column":34},"end":{"line":40,"column":45}},"line":40},"4":{"name":"(anonymous_4)","decl":{"start":{"line":43,"column":25},"end":{"line":43,"column":26}},"loc":{"start":{"line":43,"column":61},"end":{"line":69,"column":1}},"line":43},"5":{"name":"(anonymous_5)","decl":{"start":{"line":57,"column":45},"end":{"line":57,"column":46}},"loc":{"start":{"line":57,"column":54},"end":{"line":62,"column":17}},"line":57},"6":{"name":"(anonymous_6)","decl":{"start":{"line":67,"column":19},"end":{"line":67,"column":20}},"loc":{"start":{"line":67,"column":25},"end":{"line":67,"column":68}},"line":67},"7":{"name":"(anonymous_7)","decl":{"start":{"line":72,"column":23},"end":{"line":72,"column":24}},"loc":{"start":{"line":72,"column":35},"end":{"line":120,"column":1}},"line":72},"8":{"name":"(anonymous_8)","decl":{"start":{"line":134,"column":26},"end":{"line":134,"column":27}},"loc":{"start":{"line":134,"column":53},"end":{"line":164,"column":1}},"line":134},"9":{"name":"(anonymous_9)","decl":{"start":{"line":166,"column":25},"end":{"line":166,"column":26}},"loc":{"start":{"line":166,"column":52},"end":{"line":186,"column":1}},"line":166},"10":{"name":"(anonymous_10)","decl":{"start":{"line":189,"column":29},"end":{"line":189,"column":30}},"loc":{"start":{"line":189,"column":59},"end":{"line":196,"column":1}},"line":189},"11":{"name":"(anonymous_11)","decl":{"start":{"line":193,"column":13},"end":{"line":193,"column":14}},"loc":{"start":{"line":193,"column":18},"end":{"line":193,"column":36}},"line":193},"12":{"name":"(anonymous_12)","decl":{"start":{"line":194,"column":16},"end":{"line":194,"column":17}},"loc":{"start":{"line":194,"column":21},"end":{"line":194,"column":30}},"line":194},"13":{"name":"(anonymous_13)","decl":{"start":{"line":199,"column":27},"end":{"line":199,"column":28}},"loc":{"start":{"line":199,"column":57},"end":{"line":220,"column":1}},"line":199},"14":{"name":"(anonymous_14)","decl":{"start":{"line":222,"column":21},"end":{"line":222,"column":22}},"loc":{"start":{"line":222,"column":36},"end":{"line":236,"column":1}},"line":222},"15":{"name":"(anonymous_15)","decl":{"start":{"line":229,"column":36},"end":{"line":229,"column":37}},"loc":{"start":{"line":229,"column":46},"end":{"line":229,"column":80}},"line":229},"16":{"name":"(anonymous_16)","decl":{"start":{"line":234,"column":35},"end":{"line":234,"column":36}},"loc":{"start":{"line":234,"column":45},"end":{"line":234,"column":78}},"line":234},"17":{"name":"(anonymous_17)","decl":{"start":{"line":238,"column":14},"end":{"line":238,"column":15}},"loc":{"start":{"line":238,"column":22},"end":{"line":238,"column":69}},"line":238},"18":{"name":"(anonymous_18)","decl":{"start":{"line":238,"column":34},"end":{"line":238,"column":35}},"loc":{"start":{"line":238,"column":45},"end":{"line":238,"column":68}},"line":238},"19":{"name":"(anonymous_19)","decl":{"start":{"line":240,"column":24},"end":{"line":240,"column":25}},"loc":{"start":{"line":240,"column":36},"end":{"line":275,"column":1}},"line":240},"20":{"name":"(anonymous_20)","decl":{"start":{"line":255,"column":34},"end":{"line":255,"column":35}},"loc":{"start":{"line":255,"column":47},"end":{"line":264,"column":17}},"line":255},"21":{"name":"(anonymous_21)","decl":{"start":{"line":256,"column":33},"end":{"line":256,"column":34}},"loc":{"start":{"line":256,"column":42},"end":{"line":263,"column":21}},"line":256},"22":{"name":"(anonymous_22)","decl":{"start":{"line":280,"column":23},"end":{"line":280,"column":24}},"loc":{"start":{"line":280,"column":32},"end":{"line":280,"column":54}},"line":280},"23":{"name":"(anonymous_23)","decl":{"start":{"line":281,"column":26},"end":{"line":281,"column":27}},"loc":{"start":{"line":281,"column":41},"end":{"line":284,"column":1}},"line":281}},"branchMap":{"0":{"loc":{"start":{"line":31,"column":12},"end":{"line":34,"column":13}},"type":"if","locations":[{"start":{"line":31,"column":12},"end":{"line":34,"column":13}},{"start":{},"end":{}}],"line":31},"1":{"loc":{"start":{"line":43,"column":35},"end":{"line":43,"column":45}},"type":"default-arg","locations":[{"start":{"line":43,"column":43},"end":{"line":43,"column":45}}],"line":43},"2":{"loc":{"start":{"line":43,"column":47},"end":{"line":43,"column":56}},"type":"default-arg","locations":[{"start":{"line":43,"column":55},"end":{"line":43,"column":56}}],"line":43},"3":{"loc":{"start":{"line":45,"column":4},"end":{"line":48,"column":5}},"type":"if","locations":[{"start":{"line":45,"column":4},"end":{"line":48,"column":5}},{"start":{},"end":{}}],"line":45},"4":{"loc":{"start":{"line":45,"column":8},"end":{"line":45,"column":45}},"type":"binary-expr","locations":[{"start":{"line":45,"column":8},"end":{"line":45,"column":25}},{"start":{"line":45,"column":29},"end":{"line":45,"column":45}}],"line":45},"5":{"loc":{"start":{"line":51,"column":4},"end":{"line":68,"column":5}},"type":"if","locations":[{"start":{"line":51,"column":4},"end":{"line":68,"column":5}},{"start":{},"end":{}}],"line":51},"6":{"loc":{"start":{"line":55,"column":12},"end":{"line":63,"column":13}},"type":"if","locations":[{"start":{"line":55,"column":12},"end":{"line":63,"column":13}},{"start":{},"end":{}}],"line":55},"7":{"loc":{"start":{"line":55,"column":16},"end":{"line":55,"column":39}},"type":"binary-expr","locations":[{"start":{"line":55,"column":16},"end":{"line":55,"column":22}},{"start":{"line":55,"column":26},"end":{"line":55,"column":39}}],"line":55},"8":{"loc":{"start":{"line":58,"column":20},"end":{"line":60,"column":21}},"type":"if","locations":[{"start":{"line":58,"column":20},"end":{"line":60,"column":21}},{"start":{},"end":{}}],"line":58},"9":{"loc":{"start":{"line":75,"column":4},"end":{"line":79,"column":5}},"type":"if","locations":[{"start":{"line":75,"column":4},"end":{"line":79,"column":5}},{"start":{},"end":{}}],"line":75},"10":{"loc":{"start":{"line":88,"column":4},"end":{"line":91,"column":5}},"type":"if","locations":[{"start":{"line":88,"column":4},"end":{"line":91,"column":5}},{"start":{},"end":{}}],"line":88},"11":{"loc":{"start":{"line":94,"column":4},"end":{"line":97,"column":5}},"type":"if","locations":[{"start":{"line":94,"column":4},"end":{"line":97,"column":5}},{"start":{},"end":{}}],"line":94},"12":{"loc":{"start":{"line":94,"column":8},"end":{"line":94,"column":71}},"type":"binary-expr","locations":[{"start":{"line":94,"column":8},"end":{"line":94,"column":38}},{"start":{"line":94,"column":42},"end":{"line":94,"column":71}}],"line":94},"13":{"loc":{"start":{"line":109,"column":4},"end":{"line":112,"column":5}},"type":"if","locations":[{"start":{"line":109,"column":4},"end":{"line":112,"column":5}},{"start":{},"end":{}}],"line":109},"14":{"loc":{"start":{"line":109,"column":8},"end":{"line":109,"column":45}},"type":"binary-expr","locations":[{"start":{"line":109,"column":8},"end":{"line":109,"column":25}},{"start":{"line":109,"column":29},"end":{"line":109,"column":45}}],"line":109},"15":{"loc":{"start":{"line":149,"column":8},"end":{"line":162,"column":9}},"type":"if","locations":[{"start":{"line":149,"column":8},"end":{"line":162,"column":9}},{"start":{},"end":{}}],"line":149},"16":{"loc":{"start":{"line":155,"column":12},"end":{"line":155,"column":44}},"type":"if","locations":[{"start":{"line":155,"column":12},"end":{"line":155,"column":44}},{"start":{},"end":{}}],"line":155},"17":{"loc":{"start":{"line":158,"column":12},"end":{"line":161,"column":13}},"type":"if","locations":[{"start":{"line":158,"column":12},"end":{"line":161,"column":13}},{"start":{},"end":{}}],"line":158},"18":{"loc":{"start":{"line":175,"column":8},"end":{"line":184,"column":9}},"type":"if","locations":[{"start":{"line":175,"column":8},"end":{"line":184,"column":9}},{"start":{"line":182,"column":15},"end":{"line":184,"column":9}}],"line":175},"19":{"loc":{"start":{"line":177,"column":12},"end":{"line":177,"column":47}},"type":"if","locations":[{"start":{"line":177,"column":12},"end":{"line":177,"column":47}},{"start":{},"end":{}}],"line":177},"20":{"loc":{"start":{"line":178,"column":12},"end":{"line":181,"column":13}},"type":"if","locations":[{"start":{"line":178,"column":12},"end":{"line":181,"column":13}},{"start":{},"end":{}}],"line":178},"21":{"loc":{"start":{"line":208,"column":4},"end":{"line":217,"column":5}},"type":"if","locations":[{"start":{"line":208,"column":4},"end":{"line":217,"column":5}},{"start":{},"end":{}}],"line":208},"22":{"loc":{"start":{"line":211,"column":12},"end":{"line":215,"column":13}},"type":"if","locations":[{"start":{"line":211,"column":12},"end":{"line":215,"column":13}},{"start":{"line":213,"column":19},"end":{"line":215,"column":13}}],"line":211},"23":{"loc":{"start":{"line":223,"column":4},"end":{"line":225,"column":5}},"type":"if","locations":[{"start":{"line":223,"column":4},"end":{"line":225,"column":5}},{"start":{},"end":{}}],"line":223},"24":{"loc":{"start":{"line":223,"column":8},"end":{"line":223,"column":45}},"type":"binary-expr","locations":[{"start":{"line":223,"column":8},"end":{"line":223,"column":25}},{"start":{"line":223,"column":29},"end":{"line":223,"column":45}}],"line":223},"25":{"loc":{"start":{"line":227,"column":4},"end":{"line":230,"column":5}},"type":"if","locations":[{"start":{"line":227,"column":4},"end":{"line":230,"column":5}},{"start":{},"end":{}}],"line":227},"26":{"loc":{"start":{"line":232,"column":4},"end":{"line":235,"column":5}},"type":"if","locations":[{"start":{"line":232,"column":4},"end":{"line":235,"column":5}},{"start":{},"end":{}}],"line":232},"27":{"loc":{"start":{"line":246,"column":4},"end":{"line":249,"column":5}},"type":"if","locations":[{"start":{"line":246,"column":4},"end":{"line":249,"column":5}},{"start":{},"end":{}}],"line":246},"28":{"loc":{"start":{"line":252,"column":8},"end":{"line":268,"column":9}},"type":"if","locations":[{"start":{"line":252,"column":8},"end":{"line":268,"column":9}},{"start":{},"end":{}}],"line":252},"29":{"loc":{"start":{"line":254,"column":12},"end":{"line":267,"column":13}},"type":"if","locations":[{"start":{"line":254,"column":12},"end":{"line":267,"column":13}},{"start":{"line":265,"column":19},"end":{"line":267,"column":13}}],"line":254},"30":{"loc":{"start":{"line":257,"column":24},"end":{"line":261,"column":25}},"type":"if","locations":[{"start":{"line":257,"column":24},"end":{"line":261,"column":25}},{"start":{"line":259,"column":31},"end":{"line":261,"column":25}}],"line":257}},"s":{"0":3,"1":3,"2":3,"3":3,"4":3,"5":3,"6":3,"7":3,"8":0,"9":0,"10":0,"11":0,"12":0,"13":0,"14":0,"15":0,"16":0,"17":0,"18":3,"19":4,"20":3,"21":5,"22":1,"23":1,"24":4,"25":3,"26":6,"27":6,"28":6,"29":0,"30":6,"31":3,"32":3,"33":3,"34":2,"35":2,"36":1,"37":1,"38":1,"39":1,"40":1,"41":1,"42":0,"43":0,"44":1,"45":0,"46":0,"47":1,"48":1,"49":1,"50":1,"51":1,"52":1,"53":0,"54":0,"55":1,"56":1,"57":1,"58":3,"59":3,"60":3,"61":3,"62":3,"63":0,"64":0,"65":0,"66":0,"67":0,"68":0,"69":0,"70":0,"71":0,"72":0,"73":0,"74":0,"75":3,"76":0,"77":0,"78":0,"79":0,"80":0,"81":0,"82":0,"83":0,"84":0,"85":0,"86":0,"87":0,"88":0,"89":3,"90":1,"91":8,"92":8,"93":3,"94":1,"95":1,"96":1,"97":1,"98":1,"99":9,"100":9,"101":9,"102":0,"103":1,"104":3,"105":4,"106":1,"107":4,"108":3,"109":3,"110":0,"111":4,"112":3,"113":3,"114":0,"115":3,"116":2,"117":2,"118":3,"119":2,"120":2,"121":2,"122":2,"123":1,"124":1,"125":1,"126":2,"127":2,"128":2,"129":2,"130":2,"131":0,"132":2,"133":2,"134":0,"135":1,"136":1,"137":1,"138":3,"139":4,"140":3,"141":5,"142":5,"143":3,"144":3,"145":3},"f":{"0":0,"1":0,"2":0,"3":4,"4":5,"5":6,"6":3,"7":2,"8":0,"9":0,"10":1,"11":8,"12":8,"13":1,"14":4,"15":0,"16":0,"17":2,"18":2,"19":2,"20":2,"21":2,"22":4,"23":5},"b":{"0":[0,0],"1":[1],"2":[2],"3":[1,4],"4":[5,1],"5":[3,1],"6":[6,0],"7":[6,6],"8":[0,6],"9":[1,1],"10":[0,1],"11":[0,1],"12":[1,1],"13":[0,1],"14":[1,1],"15":[0,0],"16":[0,0],"17":[0,0],"18":[0,0],"19":[0,0],"20":[0,0],"21":[1,0],"22":[9,0],"23":[1,3],"24":[4,1],"25":[3,1],"26":[3,1],"27":[1,1],"28":[2,0],"29":[2,0],"30":[0,2]},"_coverageSchema":"1a1c01bbd47fc00a2c39e90264f33305004495a9","hash":"922395a66f6c23a7db449e4d1a60b861aba400f7"}
,"C:\\Users\\canto\\Documents\\ale\\SUPSI\\Bachelor\\Tesi\\MLSmartPhysio_platform\\Backend\\src\\services\\sessionService.js": {"path":"C:\\Users\\canto\\Documents\\ale\\SUPSI\\Bachelor\\Tesi\\MLSmartPhysio_platform\\Backend\\src\\services\\sessionService.js","statementMap":{"0":{"start":{"line":2,"column":21},"end":{"line":2,"column":49}},"1":{"start":{"line":3,"column":21},"end":{"line":3,"column":49}},"2":{"start":{"line":6,"column":19},"end":{"line":8,"column":1}},"3":{"start":{"line":7,"column":4},"end":{"line":7,"column":55}},"4":{"start":{"line":10,"column":23},"end":{"line":25,"column":1}},"5":{"start":{"line":11,"column":4},"end":{"line":11,"column":81}},"6":{"start":{"line":13,"column":19},"end":{"line":16,"column":43}},"7":{"start":{"line":18,"column":4},"end":{"line":22,"column":5}},"8":{"start":{"line":19,"column":8},"end":{"line":19,"column":69}},"9":{"start":{"line":21,"column":8},"end":{"line":21,"column":49}},"10":{"start":{"line":24,"column":4},"end":{"line":24,"column":18}},"11":{"start":{"line":29,"column":30},"end":{"line":31,"column":1}},"12":{"start":{"line":30,"column":4},"end":{"line":30,"column":75}},"13":{"start":{"line":34,"column":22},"end":{"line":53,"column":1}},"14":{"start":{"line":35,"column":18},"end":{"line":35,"column":28}},"15":{"start":{"line":36,"column":26},"end":{"line":36,"column":59}},"16":{"start":{"line":38,"column":23},"end":{"line":44,"column":6}},"17":{"start":{"line":46,"column":4},"end":{"line":46,"column":28}},"18":{"start":{"line":48,"column":4},"end":{"line":50,"column":7}},"19":{"start":{"line":52,"column":4},"end":{"line":52,"column":22}},"20":{"start":{"line":55,"column":22},"end":{"line":69,"column":1}},"21":{"start":{"line":57,"column":4},"end":{"line":57,"column":81}},"22":{"start":{"line":59,"column":26},"end":{"line":59,"column":67}},"23":{"start":{"line":61,"column":4},"end":{"line":63,"column":5}},"24":{"start":{"line":62,"column":8},"end":{"line":62,"column":66}},"25":{"start":{"line":65,"column":4},"end":{"line":65,"column":47}},"26":{"start":{"line":67,"column":4},"end":{"line":67,"column":31}},"27":{"start":{"line":68,"column":4},"end":{"line":68,"column":25}},"28":{"start":{"line":72,"column":26},"end":{"line":86,"column":1}},"29":{"start":{"line":73,"column":20},"end":{"line":76,"column":6}},"30":{"start":{"line":78,"column":4},"end":{"line":83,"column":5}},"31":{"start":{"line":80,"column":8},"end":{"line":82,"column":11}},"32":{"start":{"line":85,"column":4},"end":{"line":85,"column":19}},"33":{"start":{"line":88,"column":0},"end":{"line":95,"column":1}}},"fnMap":{"0":{"name":"(anonymous_0)","decl":{"start":{"line":6,"column":19},"end":{"line":6,"column":20}},"loc":{"start":{"line":6,"column":38},"end":{"line":8,"column":1}},"line":6},"1":{"name":"(anonymous_1)","decl":{"start":{"line":10,"column":23},"end":{"line":10,"column":24}},"loc":{"start":{"line":10,"column":54},"end":{"line":25,"column":1}},"line":10},"2":{"name":"(anonymous_2)","decl":{"start":{"line":29,"column":30},"end":{"line":29,"column":31}},"loc":{"start":{"line":29,"column":60},"end":{"line":31,"column":1}},"line":29},"3":{"name":"(anonymous_3)","decl":{"start":{"line":34,"column":22},"end":{"line":34,"column":23}},"loc":{"start":{"line":34,"column":55},"end":{"line":53,"column":1}},"line":34},"4":{"name":"(anonymous_4)","decl":{"start":{"line":55,"column":22},"end":{"line":55,"column":23}},"loc":{"start":{"line":55,"column":69},"end":{"line":69,"column":1}},"line":55},"5":{"name":"(anonymous_5)","decl":{"start":{"line":72,"column":26},"end":{"line":72,"column":27}},"loc":{"start":{"line":72,"column":57},"end":{"line":86,"column":1}},"line":72}},"branchMap":{"0":{"loc":{"start":{"line":18,"column":4},"end":{"line":22,"column":5}},"type":"if","locations":[{"start":{"line":18,"column":4},"end":{"line":22,"column":5}},{"start":{"line":20,"column":11},"end":{"line":22,"column":5}}],"line":18},"1":{"loc":{"start":{"line":61,"column":4},"end":{"line":63,"column":5}},"type":"if","locations":[{"start":{"line":61,"column":4},"end":{"line":63,"column":5}},{"start":{},"end":{}}],"line":61},"2":{"loc":{"start":{"line":78,"column":4},"end":{"line":83,"column":5}},"type":"if","locations":[{"start":{"line":78,"column":4},"end":{"line":83,"column":5}},{"start":{},"end":{}}],"line":78}},"s":{"0":5,"1":5,"2":5,"3":1,"4":5,"5":2,"6":2,"7":2,"8":0,"9":2,"10":2,"11":5,"12":1,"13":5,"14":1,"15":1,"16":1,"17":1,"18":1,"19":1,"20":5,"21":1,"22":1,"23":1,"24":0,"25":1,"26":1,"27":1,"28":5,"29":1,"30":1,"31":1,"32":1,"33":5},"f":{"0":1,"1":2,"2":1,"3":1,"4":1,"5":1},"b":{"0":[0,2],"1":[0,1],"2":[1,0]},"_coverageSchema":"1a1c01bbd47fc00a2c39e90264f33305004495a9","hash":"8d870373f1af36d18603776d4a30cf2991d17cd2"}
}
