{"C:\\Users\\canto\\Documents\\ale\\SUPSI\\Bachelor\\Tesi\\MLSmartPhysio_platform\\Backend\\src\\config\\serialConfig.js": {"path":"C:\\Users\\canto\\Documents\\ale\\SUPSI\\Bachelor\\Tesi\\MLSmartPhysio_platform\\Backend\\src\\config\\serialConfig.js","statementMap":{"0":{"start":{"line":2,"column":23},"end":{"line":2,"column":44}},"1":{"start":{"line":3,"column":27},"end":{"line":3,"column":65}},"2":{"start":{"line":6,"column":21},"end":{"line":6,"column":29}},"3":{"start":{"line":9,"column":19},"end":{"line":9,"column":62}},"4":{"start":{"line":12,"column":23},"end":{"line":12,"column":25}},"5":{"start":{"line":15,"column":18},"end":{"line":15,"column":20}},"6":{"start":{"line":18,"column":24},"end":{"line":18,"column":29}},"7":{"start":{"line":21,"column":25},"end":{"line":27,"column":1}},"8":{"start":{"line":22,"column":4},"end":{"line":26,"column":7}},"9":{"start":{"line":30,"column":24},"end":{"line":38,"column":1}},"10":{"start":{"line":31,"column":4},"end":{"line":37,"column":5}},"11":{"start":{"line":32,"column":8},"end":{"line":36,"column":11}},"12":{"start":{"line":33,"column":12},"end":{"line":35,"column":13}},"13":{"start":{"line":34,"column":16},"end":{"line":34,"column":98}},"14":{"start":{"line":41,"column":25},"end":{"line":57,"column":1}},"15":{"start":{"line":42,"column":4},"end":{"line":45,"column":5}},"16":{"start":{"line":43,"column":8},"end":{"line":43,"column":37}},"17":{"start":{"line":43,"column":24},"end":{"line":43,"column":37}},"18":{"start":{"line":44,"column":8},"end":{"line":44,"column":15}},"19":{"start":{"line":47,"column":4},"end":{"line":53,"column":7}},"20":{"start":{"line":48,"column":8},"end":{"line":52,"column":9}},"21":{"start":{"line":51,"column":12},"end":{"line":51,"column":77}},"22":{"start":{"line":56,"column":4},"end":{"line":56,"column":103}},"23":{"start":{"line":56,"column":21},"end":{"line":56,"column":94}},"24":{"start":{"line":61,"column":22},"end":{"line":105,"column":1}},"25":{"start":{"line":62,"column":4},"end":{"line":104,"column":7}},"26":{"start":{"line":63,"column":20},"end":{"line":63,"column":35}},"27":{"start":{"line":64,"column":28},"end":{"line":64,"column":67}},"28":{"start":{"line":66,"column":8},"end":{"line":103,"column":9}},"29":{"start":{"line":67,"column":12},"end":{"line":102,"column":13}},"30":{"start":{"line":68,"column":16},"end":{"line":68,"column":70}},"31":{"start":{"line":69,"column":16},"end":{"line":69,"column":50}},"32":{"start":{"line":70,"column":16},"end":{"line":70,"column":75}},"33":{"start":{"line":72,"column":16},"end":{"line":95,"column":17}},"34":{"start":{"line":73,"column":20},"end":{"line":92,"column":21}},"35":{"start":{"line":74,"column":24},"end":{"line":89,"column":27}},"36":{"start":{"line":75,"column":28},"end":{"line":88,"column":31}},"37":{"start":{"line":76,"column":32},"end":{"line":87,"column":33}},"38":{"start":{"line":77,"column":36},"end":{"line":77,"column":78}},"39":{"start":{"line":78,"column":36},"end":{"line":78,"column":63}},"40":{"start":{"line":79,"column":36},"end":{"line":79,"column":49}},"41":{"start":{"line":80,"column":39},"end":{"line":87,"column":33}},"42":{"start":{"line":81,"column":36},"end":{"line":81,"column":107}},"43":{"start":{"line":82,"column":36},"end":{"line":82,"column":52}},"44":{"start":{"line":84,"column":36},"end":{"line":84,"column":85}},"45":{"start":{"line":85,"column":36},"end":{"line":85,"column":63}},"46":{"start":{"line":86,"column":36},"end":{"line":86,"column":49}},"47":{"start":{"line":91,"column":24},"end":{"line":91,"column":51}},"48":{"start":{"line":94,"column":20},"end":{"line":94,"column":96}},"49":{"start":{"line":97,"column":16},"end":{"line":101,"column":17}},"50":{"start":{"line":98,"column":20},"end":{"line":98,"column":43}},"51":{"start":{"line":99,"column":20},"end":{"line":99,"column":45}},"52":{"start":{"line":100,"column":20},"end":{"line":100,"column":30}},"53":{"start":{"line":109,"column":24},"end":{"line":134,"column":1}},"54":{"start":{"line":110,"column":4},"end":{"line":119,"column":5}},"55":{"start":{"line":111,"column":8},"end":{"line":111,"column":83}},"56":{"start":{"line":113,"column":8},"end":{"line":116,"column":9}},"57":{"start":{"line":114,"column":12},"end":{"line":114,"column":35}},"58":{"start":{"line":115,"column":12},"end":{"line":115,"column":21}},"59":{"start":{"line":118,"column":8},"end":{"line":118,"column":15}},"60":{"start":{"line":122,"column":23},"end":{"line":128,"column":23}},"61":{"start":{"line":123,"column":8},"end":{"line":127,"column":9}},"62":{"start":{"line":124,"column":12},"end":{"line":124,"column":35}},"63":{"start":{"line":125,"column":12},"end":{"line":125,"column":36}},"64":{"start":{"line":126,"column":12},"end":{"line":126,"column":81}},"65":{"start":{"line":131,"column":4},"end":{"line":131,"column":70}},"66":{"start":{"line":133,"column":4},"end":{"line":133,"column":22}},"67":{"start":{"line":138,"column":16},"end":{"line":219,"column":1}},"68":{"start":{"line":139,"column":18},"end":{"line":139,"column":41}},"69":{"start":{"line":140,"column":4},"end":{"line":140,"column":78}},"70":{"start":{"line":142,"column":4},"end":{"line":146,"column":5}},"71":{"start":{"line":144,"column":8},"end":{"line":144,"column":84}},"72":{"start":{"line":145,"column":8},"end":{"line":145,"column":32}},"73":{"start":{"line":148,"column":4},"end":{"line":152,"column":5}},"74":{"start":{"line":150,"column":8},"end":{"line":150,"column":58}},"75":{"start":{"line":151,"column":8},"end":{"line":151,"column":20}},"76":{"start":{"line":155,"column":4},"end":{"line":212,"column":5}},"77":{"start":{"line":156,"column":8},"end":{"line":160,"column":9}},"78":{"start":{"line":158,"column":12},"end":{"line":158,"column":62}},"79":{"start":{"line":159,"column":12},"end":{"line":159,"column":21}},"80":{"start":{"line":163,"column":23},"end":{"line":163,"column":50}},"81":{"start":{"line":166,"column":23},"end":{"line":166,"column":77}},"82":{"start":{"line":168,"column":25},"end":{"line":168,"column":42}},"83":{"start":{"line":171,"column":26},"end":{"line":196,"column":10}},"84":{"start":{"line":172,"column":12},"end":{"line":195,"column":15}},"85":{"start":{"line":173,"column":16},"end":{"line":176,"column":17}},"86":{"start":{"line":174,"column":20},"end":{"line":174,"column":82}},"87":{"start":{"line":175,"column":20},"end":{"line":175,"column":39}},"88":{"start":{"line":178,"column":16},"end":{"line":178,"column":71}},"89":{"start":{"line":180,"column":16},"end":{"line":188,"column":19}},"90":{"start":{"line":182,"column":20},"end":{"line":182,"column":84}},"91":{"start":{"line":183,"column":20},"end":{"line":187,"column":21}},"92":{"start":{"line":184,"column":24},"end":{"line":184,"column":47}},"93":{"start":{"line":185,"column":24},"end":{"line":185,"column":48}},"94":{"start":{"line":186,"column":24},"end":{"line":186,"column":36}},"95":{"start":{"line":191,"column":35},"end":{"line":191,"column":93}},"96":{"start":{"line":194,"column":16},"end":{"line":194,"column":96}},"97":{"start":{"line":198,"column":8},"end":{"line":211,"column":9}},"98":{"start":{"line":199,"column":12},"end":{"line":199,"column":28}},"99":{"start":{"line":200,"column":12},"end":{"line":200,"column":63}},"100":{"start":{"line":202,"column":12},"end":{"line":206,"column":13}},"101":{"start":{"line":204,"column":16},"end":{"line":204,"column":100}},"102":{"start":{"line":205,"column":16},"end":{"line":205,"column":40}},"103":{"start":{"line":209,"column":27},"end":{"line":209,"column":81}},"104":{"start":{"line":210,"column":12},"end":{"line":210,"column":70}},"105":{"start":{"line":215,"column":4},"end":{"line":215,"column":56}},"106":{"start":{"line":216,"column":4},"end":{"line":216,"column":82}},"107":{"start":{"line":218,"column":4},"end":{"line":218,"column":96}},"108":{"start":{"line":222,"column":14},"end":{"line":222,"column":69}},"109":{"start":{"line":222,"column":22},"end":{"line":222,"column":69}},"110":{"start":{"line":222,"column":45},"end":{"line":222,"column":68}},"111":{"start":{"line":223,"column":20},"end":{"line":223,"column":25}},"112":{"start":{"line":225,"column":25},"end":{"line":263,"column":1}},"113":{"start":{"line":226,"column":4},"end":{"line":228,"column":5}},"114":{"start":{"line":227,"column":8},"end":{"line":227,"column":20}},"115":{"start":{"line":230,"column":4},"end":{"line":230,"column":25}},"116":{"start":{"line":231,"column":4},"end":{"line":231,"column":30}},"117":{"start":{"line":233,"column":19},"end":{"line":233,"column":20}},"118":{"start":{"line":235,"column":4},"end":{"line":259,"column":5}},"119":{"start":{"line":236,"column":8},"end":{"line":236,"column":19}},"120":{"start":{"line":237,"column":8},"end":{"line":237,"column":64}},"121":{"start":{"line":238,"column":8},"end":{"line":238,"column":67}},"122":{"start":{"line":240,"column":8},"end":{"line":249,"column":9}},"123":{"start":{"line":241,"column":27},"end":{"line":241,"column":42}},"124":{"start":{"line":242,"column":12},"end":{"line":246,"column":13}},"125":{"start":{"line":243,"column":16},"end":{"line":243,"column":77}},"126":{"start":{"line":244,"column":16},"end":{"line":244,"column":38}},"127":{"start":{"line":245,"column":16},"end":{"line":245,"column":30}},"128":{"start":{"line":248,"column":12},"end":{"line":248,"column":53}},"129":{"start":{"line":251,"column":8},"end":{"line":255,"column":9}},"130":{"start":{"line":252,"column":12},"end":{"line":252,"column":69}},"131":{"start":{"line":253,"column":12},"end":{"line":253,"column":34}},"132":{"start":{"line":254,"column":12},"end":{"line":254,"column":24}},"133":{"start":{"line":257,"column":8},"end":{"line":257,"column":69}},"134":{"start":{"line":258,"column":8},"end":{"line":258,"column":34}},"135":{"start":{"line":261,"column":4},"end":{"line":261,"column":26}},"136":{"start":{"line":262,"column":4},"end":{"line":262,"column":16}},"137":{"start":{"line":266,"column":20},"end":{"line":268,"column":1}},"138":{"start":{"line":267,"column":4},"end":{"line":267,"column":29}},"139":{"start":{"line":270,"column":23},"end":{"line":272,"column":1}},"140":{"start":{"line":271,"column":4},"end":{"line":271,"column":30}},"141":{"start":{"line":274,"column":0},"end":{"line":287,"column":2}},"142":{"start":{"line":279,"column":26},"end":{"line":279,"column":37}},"143":{"start":{"line":281,"column":8},"end":{"line":281,"column":30}},"144":{"start":{"line":282,"column":8},"end":{"line":282,"column":25}},"145":{"start":{"line":283,"column":8},"end":{"line":283,"column":59}}},"fnMap":{"0":{"name":"(anonymous_0)","decl":{"start":{"line":21,"column":25},"end":{"line":21,"column":26}},"loc":{"start":{"line":21,"column":35},"end":{"line":27,"column":1}},"line":21},"1":{"name":"(anonymous_1)","decl":{"start":{"line":30,"column":24},"end":{"line":30,"column":25}},"loc":{"start":{"line":30,"column":36},"end":{"line":38,"column":1}},"line":30},"2":{"name":"(anonymous_2)","decl":{"start":{"line":32,"column":21},"end":{"line":32,"column":22}},"loc":{"start":{"line":32,"column":30},"end":{"line":36,"column":9}},"line":32},"3":{"name":"(anonymous_3)","decl":{"start":{"line":41,"column":25},"end":{"line":41,"column":26}},"loc":{"start":{"line":41,"column":91},"end":{"line":57,"column":1}},"line":41},"4":{"name":"(anonymous_4)","decl":{"start":{"line":47,"column":33},"end":{"line":47,"column":34}},"loc":{"start":{"line":47,"column":42},"end":{"line":53,"column":5}},"line":47},"5":{"name":"(anonymous_5)","decl":{"start":{"line":56,"column":15},"end":{"line":56,"column":16}},"loc":{"start":{"line":56,"column":21},"end":{"line":56,"column":94}},"line":56},"6":{"name":"(anonymous_6)","decl":{"start":{"line":61,"column":22},"end":{"line":61,"column":23}},"loc":{"start":{"line":61,"column":97},"end":{"line":105,"column":1}},"line":61},"7":{"name":"(anonymous_7)","decl":{"start":{"line":62,"column":22},"end":{"line":62,"column":23}},"loc":{"start":{"line":62,"column":38},"end":{"line":104,"column":5}},"line":62},"8":{"name":"(anonymous_8)","decl":{"start":{"line":74,"column":42},"end":{"line":74,"column":43}},"loc":{"start":{"line":74,"column":56},"end":{"line":89,"column":25}},"line":74},"9":{"name":"(anonymous_9)","decl":{"start":{"line":75,"column":40},"end":{"line":75,"column":41}},"loc":{"start":{"line":75,"column":49},"end":{"line":88,"column":29}},"line":75},"10":{"name":"(anonymous_10)","decl":{"start":{"line":109,"column":24},"end":{"line":109,"column":25}},"loc":{"start":{"line":109,"column":88},"end":{"line":134,"column":1}},"line":109},"11":{"name":"(anonymous_11)","decl":{"start":{"line":122,"column":34},"end":{"line":122,"column":35}},"loc":{"start":{"line":122,"column":40},"end":{"line":128,"column":5}},"line":122},"12":{"name":"(anonymous_12)","decl":{"start":{"line":131,"column":50},"end":{"line":131,"column":51}},"loc":{"start":{"line":131,"column":56},"end":{"line":131,"column":58}},"line":131},"13":{"name":"(anonymous_13)","decl":{"start":{"line":138,"column":16},"end":{"line":138,"column":17}},"loc":{"start":{"line":138,"column":28},"end":{"line":219,"column":1}},"line":138},"14":{"name":"(anonymous_14)","decl":{"start":{"line":171,"column":38},"end":{"line":171,"column":39}},"loc":{"start":{"line":171,"column":59},"end":{"line":196,"column":9}},"line":171},"15":{"name":"(anonymous_15)","decl":{"start":{"line":172,"column":24},"end":{"line":172,"column":25}},"loc":{"start":{"line":172,"column":33},"end":{"line":195,"column":13}},"line":172},"16":{"name":"(anonymous_16)","decl":{"start":{"line":180,"column":35},"end":{"line":180,"column":36}},"loc":{"start":{"line":180,"column":44},"end":{"line":188,"column":17}},"line":180},"17":{"name":"(anonymous_17)","decl":{"start":{"line":222,"column":14},"end":{"line":222,"column":15}},"loc":{"start":{"line":222,"column":22},"end":{"line":222,"column":69}},"line":222},"18":{"name":"(anonymous_18)","decl":{"start":{"line":222,"column":34},"end":{"line":222,"column":35}},"loc":{"start":{"line":222,"column":45},"end":{"line":222,"column":68}},"line":222},"19":{"name":"(anonymous_19)","decl":{"start":{"line":225,"column":25},"end":{"line":225,"column":26}},"loc":{"start":{"line":225,"column":72},"end":{"line":263,"column":1}},"line":225},"20":{"name":"(anonymous_20)","decl":{"start":{"line":266,"column":20},"end":{"line":266,"column":21}},"loc":{"start":{"line":266,"column":26},"end":{"line":268,"column":1}},"line":266},"21":{"name":"(anonymous_21)","decl":{"start":{"line":270,"column":23},"end":{"line":270,"column":24}},"loc":{"start":{"line":270,"column":29},"end":{"line":272,"column":1}},"line":270},"22":{"name":"(anonymous_22)","decl":{"start":{"line":279,"column":20},"end":{"line":279,"column":21}},"loc":{"start":{"line":279,"column":26},"end":{"line":279,"column":37}},"line":279},"23":{"name":"(anonymous_23)","decl":{"start":{"line":280,"column":21},"end":{"line":280,"column":22}},"loc":{"start":{"line":280,"column":27},"end":{"line":284,"column":5}},"line":280}},"branchMap":{"0":{"loc":{"start":{"line":31,"column":4},"end":{"line":37,"column":5}},"type":"if","locations":[{"start":{"line":31,"column":4},"end":{"line":37,"column":5}},{"start":{},"end":{}}],"line":31},"1":{"loc":{"start":{"line":31,"column":8},"end":{"line":31,"column":31}},"type":"binary-expr","locations":[{"start":{"line":31,"column":8},"end":{"line":31,"column":14}},{"start":{"line":31,"column":18},"end":{"line":31,"column":31}}],"line":31},"2":{"loc":{"start":{"line":33,"column":12},"end":{"line":35,"column":13}},"type":"if","locations":[{"start":{"line":33,"column":12},"end":{"line":35,"column":13}},{"start":{},"end":{}}],"line":33},"3":{"loc":{"start":{"line":41,"column":43},"end":{"line":41,"column":53}},"type":"default-arg","locations":[{"start":{"line":41,"column":51},"end":{"line":41,"column":53}}],"line":41},"4":{"loc":{"start":{"line":41,"column":55},"end":{"line":41,"column":64}},"type":"default-arg","locations":[{"start":{"line":41,"column":63},"end":{"line":41,"column":64}}],"line":41},"5":{"loc":{"start":{"line":42,"column":4},"end":{"line":45,"column":5}},"type":"if","locations":[{"start":{"line":42,"column":4},"end":{"line":45,"column":5}},{"start":{},"end":{}}],"line":42},"6":{"loc":{"start":{"line":43,"column":8},"end":{"line":43,"column":37}},"type":"if","locations":[{"start":{"line":43,"column":8},"end":{"line":43,"column":37}},{"start":{},"end":{}}],"line":43},"7":{"loc":{"start":{"line":48,"column":8},"end":{"line":52,"column":9}},"type":"if","locations":[{"start":{"line":48,"column":8},"end":{"line":52,"column":9}},{"start":{"line":50,"column":15},"end":{"line":52,"column":9}}],"line":48},"8":{"loc":{"start":{"line":67,"column":12},"end":{"line":102,"column":13}},"type":"if","locations":[{"start":{"line":67,"column":12},"end":{"line":102,"column":13}},{"start":{},"end":{}}],"line":67},"9":{"loc":{"start":{"line":67,"column":16},"end":{"line":67,"column":69}},"type":"binary-expr","locations":[{"start":{"line":67,"column":16},"end":{"line":67,"column":42}},{"start":{"line":67,"column":46},"end":{"line":67,"column":69}}],"line":67},"10":{"loc":{"start":{"line":73,"column":20},"end":{"line":92,"column":21}},"type":"if","locations":[{"start":{"line":73,"column":20},"end":{"line":92,"column":21}},{"start":{"line":90,"column":27},"end":{"line":92,"column":21}}],"line":73},"11":{"loc":{"start":{"line":76,"column":32},"end":{"line":87,"column":33}},"type":"if","locations":[{"start":{"line":76,"column":32},"end":{"line":87,"column":33}},{"start":{"line":80,"column":39},"end":{"line":87,"column":33}}],"line":76},"12":{"loc":{"start":{"line":76,"column":36},"end":{"line":76,"column":79}},"type":"binary-expr","locations":[{"start":{"line":76,"column":36},"end":{"line":76,"column":39}},{"start":{"line":76,"column":43},"end":{"line":76,"column":79}}],"line":76},"13":{"loc":{"start":{"line":80,"column":39},"end":{"line":87,"column":33}},"type":"if","locations":[{"start":{"line":80,"column":39},"end":{"line":87,"column":33}},{"start":{"line":83,"column":39},"end":{"line":87,"column":33}}],"line":80},"14":{"loc":{"start":{"line":97,"column":16},"end":{"line":101,"column":17}},"type":"if","locations":[{"start":{"line":97,"column":16},"end":{"line":101,"column":17}},{"start":{},"end":{}}],"line":97},"15":{"loc":{"start":{"line":97,"column":20},"end":{"line":97,"column":57}},"type":"binary-expr","locations":[{"start":{"line":97,"column":20},"end":{"line":97,"column":36}},{"start":{"line":97,"column":40},"end":{"line":97,"column":57}}],"line":97},"16":{"loc":{"start":{"line":109,"column":41},"end":{"line":109,"column":63}},"type":"default-arg","locations":[{"start":{"line":109,"column":59},"end":{"line":109,"column":63}}],"line":109},"17":{"loc":{"start":{"line":110,"column":4},"end":{"line":119,"column":5}},"type":"if","locations":[{"start":{"line":110,"column":4},"end":{"line":119,"column":5}},{"start":{},"end":{}}],"line":110},"18":{"loc":{"start":{"line":113,"column":8},"end":{"line":116,"column":9}},"type":"if","locations":[{"start":{"line":113,"column":8},"end":{"line":116,"column":9}},{"start":{},"end":{}}],"line":113},"19":{"loc":{"start":{"line":123,"column":8},"end":{"line":127,"column":9}},"type":"if","locations":[{"start":{"line":123,"column":8},"end":{"line":127,"column":9}},{"start":{},"end":{}}],"line":123},"20":{"loc":{"start":{"line":142,"column":4},"end":{"line":146,"column":5}},"type":"if","locations":[{"start":{"line":142,"column":4},"end":{"line":146,"column":5}},{"start":{},"end":{}}],"line":142},"21":{"loc":{"start":{"line":148,"column":4},"end":{"line":152,"column":5}},"type":"if","locations":[{"start":{"line":148,"column":4},"end":{"line":152,"column":5}},{"start":{},"end":{}}],"line":148},"22":{"loc":{"start":{"line":156,"column":8},"end":{"line":160,"column":9}},"type":"if","locations":[{"start":{"line":156,"column":8},"end":{"line":160,"column":9}},{"start":{},"end":{}}],"line":156},"23":{"loc":{"start":{"line":173,"column":16},"end":{"line":176,"column":17}},"type":"if","locations":[{"start":{"line":173,"column":16},"end":{"line":176,"column":17}},{"start":{},"end":{}}],"line":173},"24":{"loc":{"start":{"line":183,"column":20},"end":{"line":187,"column":21}},"type":"if","locations":[{"start":{"line":183,"column":20},"end":{"line":187,"column":21}},{"start":{},"end":{}}],"line":183},"25":{"loc":{"start":{"line":202,"column":12},"end":{"line":206,"column":13}},"type":"if","locations":[{"start":{"line":202,"column":12},"end":{"line":206,"column":13}},{"start":{},"end":{}}],"line":202},"26":{"loc":{"start":{"line":209,"column":27},"end":{"line":209,"column":81}},"type":"cond-expr","locations":[{"start":{"line":209,"column":52},"end":{"line":209,"column":65}},{"start":{"line":209,"column":68},"end":{"line":209,"column":81}}],"line":209},"27":{"loc":{"start":{"line":218,"column":11},"end":{"line":218,"column":95}},"type":"cond-expr","locations":[{"start":{"line":218,"column":72},"end":{"line":218,"column":88}},{"start":{"line":218,"column":91},"end":{"line":218,"column":95}}],"line":218},"28":{"loc":{"start":{"line":225,"column":32},"end":{"line":225,"column":46}},"type":"default-arg","locations":[{"start":{"line":225,"column":45},"end":{"line":225,"column":46}}],"line":225},"29":{"loc":{"start":{"line":225,"column":48},"end":{"line":225,"column":67}},"type":"default-arg","locations":[{"start":{"line":225,"column":63},"end":{"line":225,"column":67}}],"line":225},"30":{"loc":{"start":{"line":226,"column":4},"end":{"line":228,"column":5}},"type":"if","locations":[{"start":{"line":226,"column":4},"end":{"line":228,"column":5}},{"start":{},"end":{}}],"line":226},"31":{"loc":{"start":{"line":242,"column":12},"end":{"line":246,"column":13}},"type":"if","locations":[{"start":{"line":242,"column":12},"end":{"line":246,"column":13}},{"start":{},"end":{}}],"line":242},"32":{"loc":{"start":{"line":242,"column":16},"end":{"line":242,"column":85}},"type":"binary-expr","locations":[{"start":{"line":242,"column":16},"end":{"line":242,"column":22}},{"start":{"line":242,"column":26},"end":{"line":242,"column":54}},{"start":{"line":242,"column":58},"end":{"line":242,"column":85}}],"line":242},"33":{"loc":{"start":{"line":251,"column":8},"end":{"line":255,"column":9}},"type":"if","locations":[{"start":{"line":251,"column":8},"end":{"line":255,"column":9}},{"start":{},"end":{}}],"line":251},"34":{"loc":{"start":{"line":251,"column":12},"end":{"line":251,"column":52}},"type":"binary-expr","locations":[{"start":{"line":251,"column":12},"end":{"line":251,"column":26}},{"start":{"line":251,"column":30},"end":{"line":251,"column":52}}],"line":251}},"s":{"0":3,"1":3,"2":3,"3":3,"4":3,"5":3,"6":3,"7":3,"8":3,"9":3,"10":3,"11":3,"12":3,"13":0,"14":3,"15":18,"16":3,"17":3,"18":3,"19":15,"20":15,"21":15,"22":15,"23":15,"24":3,"25":3,"26":0,"27":0,"28":0,"29":0,"30":0,"31":0,"32":0,"33":0,"34":0,"35":0,"36":0,"37":0,"38":0,"39":0,"40":0,"41":0,"42":0,"43":0,"44":0,"45":0,"46":0,"47":0,"48":0,"49":0,"50":0,"51":0,"52":0,"53":3,"54":3,"55":0,"56":0,"57":0,"58":0,"59":0,"60":3,"61":3,"62":3,"63":3,"64":3,"65":3,"66":3,"67":3,"68":3,"69":3,"70":3,"71":0,"72":0,"73":3,"74":0,"75":0,"76":3,"77":3,"78":0,"79":0,"80":3,"81":3,"82":3,"83":3,"84":3,"85":3,"86":0,"87":0,"88":3,"89":3,"90":0,"91":0,"92":0,"93":0,"94":0,"95":3,"96":3,"97":3,"98":3,"99":0,"100":0,"101":0,"102":0,"103":3,"104":3,"105":3,"106":3,"107":3,"108":3,"109":1,"110":1,"111":3,"112":3,"113":1,"114":0,"115":1,"116":1,"117":1,"118":1,"119":2,"120":2,"121":2,"122":2,"123":2,"124":2,"125":0,"126":0,"127":0,"128":0,"129":2,"130":1,"131":1,"132":1,"133":1,"134":1,"135":0,"136":0,"137":3,"138":0,"139":3,"140":0,"141":3,"142":2,"143":4,"144":4,"145":4},"f":{"0":3,"1":3,"2":3,"3":18,"4":15,"5":15,"6":3,"7":0,"8":0,"9":0,"10":3,"11":3,"12":3,"13":3,"14":3,"15":3,"16":0,"17":1,"18":1,"19":1,"20":0,"21":0,"22":2,"23":4},"b":{"0":[3,0],"1":[3,3],"2":[0,3],"3":[0],"4":[0],"5":[3,15],"6":[3,0],"7":[0,15],"8":[0,0],"9":[0,0],"10":[0,0],"11":[0,0],"12":[0,0],"13":[0,0],"14":[0,0],"15":[0,0],"16":[0],"17":[0,3],"18":[0,0],"19":[3,0],"20":[0,3],"21":[0,3],"22":[0,3],"23":[0,3],"24":[0,0],"25":[0,0],"26":[3,0],"27":[0,3],"28":[0],"29":[0],"30":[0,1],"31":[0,2],"32":[2,0,0],"33":[1,1],"34":[2,2]},"_coverageSchema":"1a1c01bbd47fc00a2c39e90264f33305004495a9","hash":"2fd7f8a0cb450df0d8b5b8b64c2c1b4ab2521ae0"}
,"C:\\Users\\canto\\Documents\\ale\\SUPSI\\Bachelor\\Tesi\\MLSmartPhysio_platform\\Backend\\src\\controller\\DoctorController.js": {"path":"C:\\Users\\canto\\Documents\\ale\\SUPSI\\Bachelor\\Tesi\\MLSmartPhysio_platform\\Backend\\src\\controller\\DoctorController.js","statementMap":{"0":{"start":{"line":1,"column":22},"end":{"line":1,"column":59}},"1":{"start":{"line":2,"column":16},"end":{"line":2,"column":35}},"2":{"start":{"line":4,"column":12},"end":{"line":4,"column":21}},"3":{"start":{"line":5,"column":0},"end":{"line":5,"column":24}},"4":{"start":{"line":7,"column":22},"end":{"line":15,"column":1}},"5":{"start":{"line":8,"column":4},"end":{"line":14,"column":5}},"6":{"start":{"line":9,"column":21},"end":{"line":9,"column":56}},"7":{"start":{"line":11,"column":8},"end":{"line":11,"column":35}},"8":{"start":{"line":13,"column":8},"end":{"line":13,"column":84}},"9":{"start":{"line":17,"column":22},"end":{"line":24,"column":1}},"10":{"start":{"line":18,"column":4},"end":{"line":23,"column":5}},"11":{"start":{"line":19,"column":27},"end":{"line":19,"column":75}},"12":{"start":{"line":20,"column":8},"end":{"line":20,"column":29}},"13":{"start":{"line":22,"column":8},"end":{"line":22,"column":105}},"14":{"start":{"line":26,"column":30},"end":{"line":33,"column":1}},"15":{"start":{"line":27,"column":4},"end":{"line":32,"column":5}},"16":{"start":{"line":28,"column":35},"end":{"line":28,"column":89}},"17":{"start":{"line":29,"column":8},"end":{"line":29,"column":49}},"18":{"start":{"line":31,"column":8},"end":{"line":31,"column":124}},"19":{"start":{"line":36,"column":24},"end":{"line":44,"column":1}},"20":{"start":{"line":37,"column":4},"end":{"line":43,"column":5}},"21":{"start":{"line":38,"column":27},"end":{"line":38,"column":35}},"22":{"start":{"line":39,"column":26},"end":{"line":39,"column":73}},"23":{"start":{"line":40,"column":8},"end":{"line":40,"column":40}},"24":{"start":{"line":42,"column":8},"end":{"line":42,"column":82}},"25":{"start":{"line":47,"column":25},"end":{"line":55,"column":1}},"26":{"start":{"line":48,"column":4},"end":{"line":54,"column":5}},"27":{"start":{"line":49,"column":23},"end":{"line":49,"column":70}},"28":{"start":{"line":51,"column":8},"end":{"line":51,"column":37}},"29":{"start":{"line":53,"column":8},"end":{"line":53,"column":80}},"30":{"start":{"line":57,"column":0},"end":{"line":63,"column":2}}},"fnMap":{"0":{"name":"(anonymous_0)","decl":{"start":{"line":7,"column":22},"end":{"line":7,"column":23}},"loc":{"start":{"line":7,"column":42},"end":{"line":15,"column":1}},"line":7},"1":{"name":"(anonymous_1)","decl":{"start":{"line":17,"column":22},"end":{"line":17,"column":23}},"loc":{"start":{"line":17,"column":40},"end":{"line":24,"column":1}},"line":17},"2":{"name":"(anonymous_2)","decl":{"start":{"line":26,"column":30},"end":{"line":26,"column":31}},"loc":{"start":{"line":26,"column":49},"end":{"line":33,"column":1}},"line":26},"3":{"name":"(anonymous_3)","decl":{"start":{"line":36,"column":24},"end":{"line":36,"column":25}},"loc":{"start":{"line":36,"column":44},"end":{"line":44,"column":1}},"line":36},"4":{"name":"(anonymous_4)","decl":{"start":{"line":47,"column":25},"end":{"line":47,"column":26}},"loc":{"start":{"line":47,"column":43},"end":{"line":55,"column":1}},"line":47}},"branchMap":{},"s":{"0":2,"1":2,"2":2,"3":2,"4":2,"5":1,"6":1,"7":1,"8":0,"9":2,"10":1,"11":1,"12":1,"13":0,"14":2,"15":1,"16":1,"17":1,"18":0,"19":2,"20":1,"21":1,"22":1,"23":1,"24":0,"25":2,"26":1,"27":1,"28":1,"29":0,"30":2},"f":{"0":1,"1":1,"2":1,"3":1,"4":1},"b":{},"_coverageSchema":"1a1c01bbd47fc00a2c39e90264f33305004495a9","hash":"d2eefe050e21cd198c48b051400976ae7d3c0c0a"}
,"C:\\Users\\canto\\Documents\\ale\\SUPSI\\Bachelor\\Tesi\\MLSmartPhysio_platform\\Backend\\src\\controller\\appointmentsController.js": {"path":"C:\\Users\\canto\\Documents\\ale\\SUPSI\\Bachelor\\Tesi\\MLSmartPhysio_platform\\Backend\\src\\controller\\appointmentsController.js","statementMap":{"0":{"start":{"line":1,"column":28},"end":{"line":1,"column":70}},"1":{"start":{"line":3,"column":27},"end":{"line":11,"column":1}},"2":{"start":{"line":4,"column":4},"end":{"line":10,"column":5}},"3":{"start":{"line":5,"column":8},"end":{"line":5,"column":58}},"4":{"start":{"line":6,"column":29},"end":{"line":6,"column":86}},"5":{"start":{"line":7,"column":8},"end":{"line":7,"column":43}},"6":{"start":{"line":9,"column":8},"end":{"line":9,"column":55}},"7":{"start":{"line":13,"column":31},"end":{"line":20,"column":1}},"8":{"start":{"line":14,"column":4},"end":{"line":19,"column":5}},"9":{"start":{"line":15,"column":29},"end":{"line":15,"column":90}},"10":{"start":{"line":16,"column":8},"end":{"line":16,"column":43}},"11":{"start":{"line":18,"column":8},"end":{"line":18,"column":55}},"12":{"start":{"line":22,"column":31},"end":{"line":29,"column":1}},"13":{"start":{"line":23,"column":4},"end":{"line":28,"column":5}},"14":{"start":{"line":24,"column":29},"end":{"line":24,"column":90}},"15":{"start":{"line":25,"column":8},"end":{"line":25,"column":43}},"16":{"start":{"line":27,"column":8},"end":{"line":27,"column":55}},"17":{"start":{"line":31,"column":27},"end":{"line":39,"column":1}},"18":{"start":{"line":32,"column":4},"end":{"line":38,"column":5}},"19":{"start":{"line":33,"column":21},"end":{"line":33,"column":41}},"20":{"start":{"line":34,"column":32},"end":{"line":34,"column":105}},"21":{"start":{"line":35,"column":8},"end":{"line":35,"column":46}},"22":{"start":{"line":37,"column":8},"end":{"line":37,"column":55}},"23":{"start":{"line":41,"column":30},"end":{"line":48,"column":1}},"24":{"start":{"line":42,"column":4},"end":{"line":47,"column":5}},"25":{"start":{"line":43,"column":8},"end":{"line":43,"column":58}},"26":{"start":{"line":44,"column":8},"end":{"line":44,"column":85}},"27":{"start":{"line":46,"column":8},"end":{"line":46,"column":62}},"28":{"start":{"line":50,"column":30},"end":{"line":61,"column":1}},"29":{"start":{"line":51,"column":4},"end":{"line":59,"column":5}},"30":{"start":{"line":52,"column":36},"end":{"line":52,"column":111}},"31":{"start":{"line":53,"column":8},"end":{"line":55,"column":9}},"32":{"start":{"line":54,"column":12},"end":{"line":54,"column":95}},"33":{"start":{"line":56,"column":8},"end":{"line":56,"column":81}},"34":{"start":{"line":58,"column":8},"end":{"line":58,"column":74}},"35":{"start":{"line":66,"column":0},"end":{"line":73,"column":2}}},"fnMap":{"0":{"name":"(anonymous_0)","decl":{"start":{"line":3,"column":27},"end":{"line":3,"column":28}},"loc":{"start":{"line":3,"column":47},"end":{"line":11,"column":1}},"line":3},"1":{"name":"(anonymous_1)","decl":{"start":{"line":13,"column":31},"end":{"line":13,"column":32}},"loc":{"start":{"line":13,"column":51},"end":{"line":20,"column":1}},"line":13},"2":{"name":"(anonymous_2)","decl":{"start":{"line":22,"column":31},"end":{"line":22,"column":32}},"loc":{"start":{"line":22,"column":51},"end":{"line":29,"column":1}},"line":22},"3":{"name":"(anonymous_3)","decl":{"start":{"line":31,"column":27},"end":{"line":31,"column":28}},"loc":{"start":{"line":31,"column":46},"end":{"line":39,"column":1}},"line":31},"4":{"name":"(anonymous_4)","decl":{"start":{"line":41,"column":30},"end":{"line":41,"column":31}},"loc":{"start":{"line":41,"column":50},"end":{"line":48,"column":1}},"line":41},"5":{"name":"(anonymous_5)","decl":{"start":{"line":50,"column":30},"end":{"line":50,"column":31}},"loc":{"start":{"line":50,"column":50},"end":{"line":61,"column":1}},"line":50}},"branchMap":{"0":{"loc":{"start":{"line":33,"column":21},"end":{"line":33,"column":41}},"type":"binary-expr","locations":[{"start":{"line":33,"column":21},"end":{"line":33,"column":33}},{"start":{"line":33,"column":37},"end":{"line":33,"column":41}}],"line":33},"1":{"loc":{"start":{"line":53,"column":8},"end":{"line":55,"column":9}},"type":"if","locations":[{"start":{"line":53,"column":8},"end":{"line":55,"column":9}},{"start":{},"end":{}}],"line":53}},"s":{"0":2,"1":2,"2":1,"3":1,"4":1,"5":1,"6":0,"7":2,"8":1,"9":1,"10":1,"11":0,"12":2,"13":1,"14":1,"15":1,"16":0,"17":2,"18":1,"19":1,"20":1,"21":1,"22":0,"23":2,"24":1,"25":1,"26":1,"27":0,"28":2,"29":2,"30":2,"31":2,"32":1,"33":1,"34":0,"35":2},"f":{"0":1,"1":1,"2":1,"3":1,"4":1,"5":2},"b":{"0":[1,0],"1":[1,1]},"_coverageSchema":"1a1c01bbd47fc00a2c39e90264f33305004495a9","hash":"68e23c7f8fa67f9496d0046876b345f19975c205"}
,"C:\\Users\\canto\\Documents\\ale\\SUPSI\\Bachelor\\Tesi\\MLSmartPhysio_platform\\Backend\\src\\controller\\inertialDataController.js": {"path":"C:\\Users\\canto\\Documents\\ale\\SUPSI\\Bachelor\\Tesi\\MLSmartPhysio_platform\\Backend\\src\\controller\\inertialDataController.js","statementMap":{"0":{"start":{"line":2,"column":16},"end":{"line":2,"column":58}},"1":{"start":{"line":4,"column":16},"end":{"line":4,"column":34}},"2":{"start":{"line":6,"column":12},"end":{"line":6,"column":21}},"3":{"start":{"line":7,"column":0},"end":{"line":7,"column":22}},"4":{"start":{"line":10,"column":16},"end":{"line":20,"column":1}},"5":{"start":{"line":11,"column":4},"end":{"line":19,"column":5}},"6":{"start":{"line":13,"column":21},"end":{"line":13,"column":55}},"7":{"start":{"line":16,"column":8},"end":{"line":16,"column":35}},"8":{"start":{"line":18,"column":8},"end":{"line":18,"column":72}},"9":{"start":{"line":22,"column":36},"end":{"line":29,"column":1}},"10":{"start":{"line":23,"column":4},"end":{"line":28,"column":5}},"11":{"start":{"line":24,"column":28},"end":{"line":24,"column":84}},"12":{"start":{"line":25,"column":8},"end":{"line":25,"column":42}},"13":{"start":{"line":27,"column":8},"end":{"line":27,"column":53}},"14":{"start":{"line":31,"column":25},"end":{"line":38,"column":1}},"15":{"start":{"line":32,"column":4},"end":{"line":37,"column":5}},"16":{"start":{"line":34,"column":8},"end":{"line":34,"column":64}},"17":{"start":{"line":36,"column":8},"end":{"line":36,"column":83}},"18":{"start":{"line":41,"column":30},"end":{"line":49,"column":1}},"19":{"start":{"line":42,"column":4},"end":{"line":48,"column":5}},"20":{"start":{"line":44,"column":23},"end":{"line":44,"column":60}},"21":{"start":{"line":45,"column":8},"end":{"line":45,"column":25}},"22":{"start":{"line":47,"column":8},"end":{"line":47,"column":63}},"23":{"start":{"line":51,"column":39},"end":{"line":58,"column":1}},"24":{"start":{"line":52,"column":4},"end":{"line":57,"column":5}},"25":{"start":{"line":53,"column":23},"end":{"line":53,"column":89}},"26":{"start":{"line":54,"column":8},"end":{"line":54,"column":25}},"27":{"start":{"line":56,"column":8},"end":{"line":56,"column":53}},"28":{"start":{"line":60,"column":28},"end":{"line":78,"column":1}},"29":{"start":{"line":61,"column":4},"end":{"line":77,"column":5}},"30":{"start":{"line":64,"column":20},"end":{"line":64,"column":75}},"31":{"start":{"line":67,"column":8},"end":{"line":67,"column":50}},"32":{"start":{"line":70,"column":8},"end":{"line":70,"column":87}},"33":{"start":{"line":73,"column":8},"end":{"line":73,"column":34}},"34":{"start":{"line":76,"column":8},"end":{"line":76,"column":55}},"35":{"start":{"line":80,"column":0},"end":{"line":87,"column":1}}},"fnMap":{"0":{"name":"(anonymous_0)","decl":{"start":{"line":10,"column":16},"end":{"line":10,"column":17}},"loc":{"start":{"line":10,"column":36},"end":{"line":20,"column":1}},"line":10},"1":{"name":"(anonymous_1)","decl":{"start":{"line":22,"column":36},"end":{"line":22,"column":37}},"loc":{"start":{"line":22,"column":56},"end":{"line":29,"column":1}},"line":22},"2":{"name":"(anonymous_2)","decl":{"start":{"line":31,"column":25},"end":{"line":31,"column":26}},"loc":{"start":{"line":31,"column":45},"end":{"line":38,"column":1}},"line":31},"3":{"name":"(anonymous_3)","decl":{"start":{"line":41,"column":30},"end":{"line":41,"column":31}},"loc":{"start":{"line":41,"column":50},"end":{"line":49,"column":1}},"line":41},"4":{"name":"(anonymous_4)","decl":{"start":{"line":51,"column":39},"end":{"line":51,"column":40}},"loc":{"start":{"line":51,"column":58},"end":{"line":58,"column":1}},"line":51},"5":{"name":"(anonymous_5)","decl":{"start":{"line":60,"column":28},"end":{"line":60,"column":29}},"loc":{"start":{"line":60,"column":48},"end":{"line":78,"column":1}},"line":60}},"branchMap":{},"s":{"0":2,"1":2,"2":2,"3":2,"4":2,"5":2,"6":2,"7":2,"8":0,"9":2,"10":0,"11":0,"12":0,"13":0,"14":2,"15":2,"16":2,"17":0,"18":2,"19":2,"20":2,"21":2,"22":0,"23":2,"24":0,"25":0,"26":0,"27":0,"28":2,"29":2,"30":2,"31":2,"32":2,"33":2,"34":0,"35":2},"f":{"0":2,"1":0,"2":2,"3":2,"4":0,"5":2},"b":{},"_coverageSchema":"1a1c01bbd47fc00a2c39e90264f33305004495a9","hash":"8c65596088774d8c1426053c86a25299106d99fd"}
,"C:\\Users\\canto\\Documents\\ale\\SUPSI\\Bachelor\\Tesi\\MLSmartPhysio_platform\\Backend\\src\\controller\\loginController.js": {"path":"C:\\Users\\canto\\Documents\\ale\\SUPSI\\Bachelor\\Tesi\\MLSmartPhysio_platform\\Backend\\src\\controller\\loginController.js","statementMap":{"0":{"start":{"line":1,"column":21},"end":{"line":1,"column":57}},"1":{"start":{"line":2,"column":16},"end":{"line":2,"column":34}},"2":{"start":{"line":3,"column":16},"end":{"line":3,"column":34}},"3":{"start":{"line":5,"column":12},"end":{"line":5,"column":21}},"4":{"start":{"line":6,"column":0},"end":{"line":6,"column":24}},"5":{"start":{"line":8,"column":24},"end":{"line":17,"column":1}},"6":{"start":{"line":9,"column":4},"end":{"line":16,"column":5}},"7":{"start":{"line":10,"column":21},"end":{"line":10,"column":41}},"8":{"start":{"line":11,"column":25},"end":{"line":11,"column":33}},"9":{"start":{"line":12,"column":23},"end":{"line":12,"column":73}},"10":{"start":{"line":13,"column":8},"end":{"line":13,"column":37}},"11":{"start":{"line":15,"column":8},"end":{"line":15,"column":55}},"12":{"start":{"line":19,"column":14},"end":{"line":31,"column":1}},"13":{"start":{"line":20,"column":4},"end":{"line":30,"column":5}},"14":{"start":{"line":21,"column":8},"end":{"line":21,"column":54}},"15":{"start":{"line":22,"column":21},"end":{"line":22,"column":41}},"16":{"start":{"line":23,"column":22},"end":{"line":23,"column":36}},"17":{"start":{"line":24,"column":25},"end":{"line":24,"column":42}},"18":{"start":{"line":26,"column":28},"end":{"line":26,"column":75}},"19":{"start":{"line":27,"column":8},"end":{"line":27,"column":42}},"20":{"start":{"line":29,"column":8},"end":{"line":29,"column":55}},"21":{"start":{"line":33,"column":0},"end":{"line":36,"column":2}}},"fnMap":{"0":{"name":"(anonymous_0)","decl":{"start":{"line":8,"column":24},"end":{"line":8,"column":25}},"loc":{"start":{"line":8,"column":44},"end":{"line":17,"column":1}},"line":8},"1":{"name":"(anonymous_1)","decl":{"start":{"line":19,"column":14},"end":{"line":19,"column":15}},"loc":{"start":{"line":19,"column":34},"end":{"line":31,"column":1}},"line":19}},"branchMap":{"0":{"loc":{"start":{"line":10,"column":21},"end":{"line":10,"column":41}},"type":"binary-expr","locations":[{"start":{"line":10,"column":21},"end":{"line":10,"column":33}},{"start":{"line":10,"column":37},"end":{"line":10,"column":41}}],"line":10},"1":{"loc":{"start":{"line":22,"column":21},"end":{"line":22,"column":41}},"type":"binary-expr","locations":[{"start":{"line":22,"column":21},"end":{"line":22,"column":33}},{"start":{"line":22,"column":37},"end":{"line":22,"column":41}}],"line":22}},"s":{"0":2,"1":2,"2":2,"3":2,"4":2,"5":2,"6":2,"7":2,"8":2,"9":2,"10":1,"11":1,"12":2,"13":2,"14":2,"15":2,"16":2,"17":2,"18":2,"19":1,"20":1,"21":2},"f":{"0":2,"1":2},"b":{"0":[2,0],"1":[2,0]},"_coverageSchema":"1a1c01bbd47fc00a2c39e90264f33305004495a9","hash":"ba564d72034f10d7a9aec4bd4a03f95b7554ba46"}
,"C:\\Users\\canto\\Documents\\ale\\SUPSI\\Bachelor\\Tesi\\MLSmartPhysio_platform\\Backend\\src\\controller\\patientController.js": {"path":"C:\\Users\\canto\\Documents\\ale\\SUPSI\\Bachelor\\Tesi\\MLSmartPhysio_platform\\Backend\\src\\controller\\patientController.js","statementMap":{"0":{"start":{"line":1,"column":23},"end":{"line":1,"column":60}},"1":{"start":{"line":3,"column":23},"end":{"line":10,"column":1}},"2":{"start":{"line":4,"column":4},"end":{"line":9,"column":5}},"3":{"start":{"line":5,"column":28},"end":{"line":5,"column":76}},"4":{"start":{"line":6,"column":8},"end":{"line":6,"column":42}},"5":{"start":{"line":8,"column":8},"end":{"line":8,"column":87}},"6":{"start":{"line":12,"column":23},"end":{"line":22,"column":1}},"7":{"start":{"line":13,"column":4},"end":{"line":21,"column":5}},"8":{"start":{"line":14,"column":24},"end":{"line":14,"column":87}},"9":{"start":{"line":15,"column":8},"end":{"line":17,"column":9}},"10":{"start":{"line":16,"column":12},"end":{"line":16,"column":93}},"11":{"start":{"line":18,"column":8},"end":{"line":18,"column":38}},"12":{"start":{"line":20,"column":8},"end":{"line":20,"column":111}},"13":{"start":{"line":24,"column":29},"end":{"line":31,"column":1}},"14":{"start":{"line":25,"column":4},"end":{"line":30,"column":5}},"15":{"start":{"line":26,"column":33},"end":{"line":26,"column":87}},"16":{"start":{"line":27,"column":8},"end":{"line":27,"column":47}},"17":{"start":{"line":29,"column":8},"end":{"line":29,"column":55}},"18":{"start":{"line":33,"column":25},"end":{"line":41,"column":1}},"19":{"start":{"line":34,"column":4},"end":{"line":40,"column":5}},"20":{"start":{"line":35,"column":21},"end":{"line":35,"column":41}},"21":{"start":{"line":36,"column":27},"end":{"line":36,"column":93}},"22":{"start":{"line":37,"column":8},"end":{"line":37,"column":41}},"23":{"start":{"line":39,"column":8},"end":{"line":39,"column":55}},"24":{"start":{"line":43,"column":25},"end":{"line":57,"column":1}},"25":{"start":{"line":44,"column":4},"end":{"line":56,"column":5}},"26":{"start":{"line":45,"column":31},"end":{"line":45,"column":96}},"27":{"start":{"line":48,"column":8},"end":{"line":50,"column":9}},"28":{"start":{"line":49,"column":12},"end":{"line":49,"column":91}},"29":{"start":{"line":53,"column":8},"end":{"line":53,"column":77}},"30":{"start":{"line":55,"column":8},"end":{"line":55,"column":55}},"31":{"start":{"line":59,"column":26},"end":{"line":72,"column":1}},"32":{"start":{"line":60,"column":4},"end":{"line":71,"column":5}},"33":{"start":{"line":61,"column":21},"end":{"line":61,"column":41}},"34":{"start":{"line":62,"column":31},"end":{"line":67,"column":9}},"35":{"start":{"line":68,"column":8},"end":{"line":68,"column":45}},"36":{"start":{"line":70,"column":8},"end":{"line":70,"column":55}},"37":{"start":{"line":74,"column":0},"end":{"line":81,"column":2}}},"fnMap":{"0":{"name":"(anonymous_0)","decl":{"start":{"line":3,"column":23},"end":{"line":3,"column":24}},"loc":{"start":{"line":3,"column":43},"end":{"line":10,"column":1}},"line":3},"1":{"name":"(anonymous_1)","decl":{"start":{"line":12,"column":23},"end":{"line":12,"column":24}},"loc":{"start":{"line":12,"column":43},"end":{"line":22,"column":1}},"line":12},"2":{"name":"(anonymous_2)","decl":{"start":{"line":24,"column":29},"end":{"line":24,"column":30}},"loc":{"start":{"line":24,"column":49},"end":{"line":31,"column":1}},"line":24},"3":{"name":"(anonymous_3)","decl":{"start":{"line":33,"column":25},"end":{"line":33,"column":26}},"loc":{"start":{"line":33,"column":45},"end":{"line":41,"column":1}},"line":33},"4":{"name":"(anonymous_4)","decl":{"start":{"line":43,"column":25},"end":{"line":43,"column":26}},"loc":{"start":{"line":43,"column":45},"end":{"line":57,"column":1}},"line":43},"5":{"name":"(anonymous_5)","decl":{"start":{"line":59,"column":26},"end":{"line":59,"column":27}},"loc":{"start":{"line":59,"column":46},"end":{"line":72,"column":1}},"line":59}},"branchMap":{"0":{"loc":{"start":{"line":15,"column":8},"end":{"line":17,"column":9}},"type":"if","locations":[{"start":{"line":15,"column":8},"end":{"line":17,"column":9}},{"start":{},"end":{}}],"line":15},"1":{"loc":{"start":{"line":35,"column":21},"end":{"line":35,"column":41}},"type":"binary-expr","locations":[{"start":{"line":35,"column":21},"end":{"line":35,"column":33}},{"start":{"line":35,"column":37},"end":{"line":35,"column":41}}],"line":35},"2":{"loc":{"start":{"line":48,"column":8},"end":{"line":50,"column":9}},"type":"if","locations":[{"start":{"line":48,"column":8},"end":{"line":50,"column":9}},{"start":{},"end":{}}],"line":48},"3":{"loc":{"start":{"line":48,"column":12},"end":{"line":48,"column":64}},"type":"binary-expr","locations":[{"start":{"line":48,"column":12},"end":{"line":48,"column":27}},{"start":{"line":48,"column":31},"end":{"line":48,"column":64}}],"line":48},"4":{"loc":{"start":{"line":61,"column":21},"end":{"line":61,"column":41}},"type":"binary-expr","locations":[{"start":{"line":61,"column":21},"end":{"line":61,"column":33}},{"start":{"line":61,"column":37},"end":{"line":61,"column":41}}],"line":61}},"s":{"0":2,"1":2,"2":0,"3":0,"4":0,"5":0,"6":2,"7":0,"8":0,"9":0,"10":0,"11":0,"12":0,"13":2,"14":0,"15":0,"16":0,"17":0,"18":2,"19":1,"20":1,"21":1,"22":1,"23":0,"24":2,"25":2,"26":2,"27":2,"28":1,"29":1,"30":0,"31":2,"32":1,"33":1,"34":1,"35":1,"36":0,"37":2},"f":{"0":0,"1":0,"2":0,"3":1,"4":2,"5":1},"b":{"0":[0,0],"1":[1,0],"2":[1,1],"3":[2,2],"4":[1,0]},"_coverageSchema":"1a1c01bbd47fc00a2c39e90264f33305004495a9","hash":"1f35a072fbb2b25aae5fd900ef13559fe87a763c"}
,"C:\\Users\\canto\\Documents\\ale\\SUPSI\\Bachelor\\Tesi\\MLSmartPhysio_platform\\Backend\\src\\controller\\sEMGdataController.js": {"path":"C:\\Users\\canto\\Documents\\ale\\SUPSI\\Bachelor\\Tesi\\MLSmartPhysio_platform\\Backend\\src\\controller\\sEMGdataController.js","statementMap":{"0":{"start":{"line":1,"column":20},"end":{"line":1,"column":58}},"1":{"start":{"line":3,"column":16},"end":{"line":3,"column":34}},"2":{"start":{"line":5,"column":12},"end":{"line":5,"column":21}},"3":{"start":{"line":6,"column":0},"end":{"line":6,"column":24}},"4":{"start":{"line":9,"column":16},"end":{"line":20,"column":1}},"5":{"start":{"line":10,"column":4},"end":{"line":19,"column":5}},"6":{"start":{"line":12,"column":21},"end":{"line":12,"column":55}},"7":{"start":{"line":15,"column":8},"end":{"line":15,"column":35}},"8":{"start":{"line":16,"column":8},"end":{"line":16,"column":20}},"9":{"start":{"line":18,"column":8},"end":{"line":18,"column":72}},"10":{"start":{"line":22,"column":32},"end":{"line":29,"column":1}},"11":{"start":{"line":23,"column":4},"end":{"line":28,"column":5}},"12":{"start":{"line":24,"column":28},"end":{"line":24,"column":84}},"13":{"start":{"line":25,"column":8},"end":{"line":25,"column":42}},"14":{"start":{"line":27,"column":8},"end":{"line":27,"column":53}},"15":{"start":{"line":31,"column":25},"end":{"line":38,"column":1}},"16":{"start":{"line":32,"column":4},"end":{"line":37,"column":5}},"17":{"start":{"line":34,"column":8},"end":{"line":34,"column":68}},"18":{"start":{"line":36,"column":8},"end":{"line":36,"column":83}},"19":{"start":{"line":41,"column":26},"end":{"line":49,"column":1}},"20":{"start":{"line":42,"column":4},"end":{"line":48,"column":5}},"21":{"start":{"line":44,"column":23},"end":{"line":44,"column":60}},"22":{"start":{"line":45,"column":8},"end":{"line":45,"column":25}},"23":{"start":{"line":47,"column":8},"end":{"line":47,"column":63}},"24":{"start":{"line":51,"column":35},"end":{"line":58,"column":1}},"25":{"start":{"line":52,"column":4},"end":{"line":57,"column":5}},"26":{"start":{"line":53,"column":23},"end":{"line":53,"column":89}},"27":{"start":{"line":54,"column":8},"end":{"line":54,"column":25}},"28":{"start":{"line":56,"column":8},"end":{"line":56,"column":53}},"29":{"start":{"line":60,"column":24},"end":{"line":78,"column":1}},"30":{"start":{"line":61,"column":4},"end":{"line":77,"column":5}},"31":{"start":{"line":64,"column":20},"end":{"line":64,"column":75}},"32":{"start":{"line":67,"column":8},"end":{"line":67,"column":50}},"33":{"start":{"line":70,"column":8},"end":{"line":70,"column":83}},"34":{"start":{"line":73,"column":8},"end":{"line":73,"column":34}},"35":{"start":{"line":76,"column":8},"end":{"line":76,"column":55}},"36":{"start":{"line":80,"column":0},"end":{"line":87,"column":2}}},"fnMap":{"0":{"name":"(anonymous_0)","decl":{"start":{"line":9,"column":16},"end":{"line":9,"column":17}},"loc":{"start":{"line":9,"column":36},"end":{"line":20,"column":1}},"line":9},"1":{"name":"(anonymous_1)","decl":{"start":{"line":22,"column":32},"end":{"line":22,"column":33}},"loc":{"start":{"line":22,"column":52},"end":{"line":29,"column":1}},"line":22},"2":{"name":"(anonymous_2)","decl":{"start":{"line":31,"column":25},"end":{"line":31,"column":26}},"loc":{"start":{"line":31,"column":45},"end":{"line":38,"column":1}},"line":31},"3":{"name":"(anonymous_3)","decl":{"start":{"line":41,"column":26},"end":{"line":41,"column":27}},"loc":{"start":{"line":41,"column":46},"end":{"line":49,"column":1}},"line":41},"4":{"name":"(anonymous_4)","decl":{"start":{"line":51,"column":35},"end":{"line":51,"column":36}},"loc":{"start":{"line":51,"column":54},"end":{"line":58,"column":1}},"line":51},"5":{"name":"(anonymous_5)","decl":{"start":{"line":60,"column":24},"end":{"line":60,"column":25}},"loc":{"start":{"line":60,"column":44},"end":{"line":78,"column":1}},"line":60}},"branchMap":{},"s":{"0":2,"1":2,"2":2,"3":2,"4":2,"5":1,"6":1,"7":1,"8":1,"9":0,"10":2,"11":0,"12":0,"13":0,"14":0,"15":2,"16":1,"17":1,"18":0,"19":2,"20":1,"21":1,"22":1,"23":0,"24":2,"25":0,"26":0,"27":0,"28":0,"29":2,"30":1,"31":1,"32":1,"33":1,"34":1,"35":0,"36":2},"f":{"0":1,"1":0,"2":1,"3":1,"4":0,"5":1},"b":{},"_coverageSchema":"1a1c01bbd47fc00a2c39e90264f33305004495a9","hash":"7e080cc63ccd19062a2bdb99787f650ffa69cad1"}
,"C:\\Users\\canto\\Documents\\ale\\SUPSI\\Bachelor\\Tesi\\MLSmartPhysio_platform\\Backend\\src\\controller\\serialController.js": {"path":"C:\\Users\\canto\\Documents\\ale\\SUPSI\\Bachelor\\Tesi\\MLSmartPhysio_platform\\Backend\\src\\controller\\serialController.js","statementMap":{"0":{"start":{"line":1,"column":22},"end":{"line":1,"column":61}},"1":{"start":{"line":2,"column":23},"end":{"line":2,"column":60}},"2":{"start":{"line":4,"column":22},"end":{"line":11,"column":1}},"3":{"start":{"line":5,"column":4},"end":{"line":10,"column":5}},"4":{"start":{"line":7,"column":8},"end":{"line":7,"column":45}},"5":{"start":{"line":9,"column":8},"end":{"line":9,"column":85}},"6":{"start":{"line":13,"column":21},"end":{"line":20,"column":1}},"7":{"start":{"line":14,"column":4},"end":{"line":19,"column":5}},"8":{"start":{"line":16,"column":8},"end":{"line":16,"column":46}},"9":{"start":{"line":18,"column":8},"end":{"line":18,"column":86}},"10":{"start":{"line":23,"column":18},"end":{"line":26,"column":1}},"11":{"start":{"line":24,"column":19},"end":{"line":24,"column":54}},"12":{"start":{"line":25,"column":4},"end":{"line":25,"column":36}},"13":{"start":{"line":29,"column":20},"end":{"line":52,"column":1}},"14":{"start":{"line":30,"column":4},"end":{"line":51,"column":5}},"15":{"start":{"line":31,"column":24},"end":{"line":31,"column":61}},"16":{"start":{"line":32,"column":26},"end":{"line":32,"column":44}},"17":{"start":{"line":34,"column":8},"end":{"line":36,"column":9}},"18":{"start":{"line":35,"column":12},"end":{"line":35,"column":82}},"19":{"start":{"line":38,"column":8},"end":{"line":38,"column":78}},"20":{"start":{"line":40,"column":8},"end":{"line":40,"column":54}},"21":{"start":{"line":42,"column":8},"end":{"line":45,"column":9}},"22":{"start":{"line":43,"column":12},"end":{"line":43,"column":49}},"23":{"start":{"line":44,"column":12},"end":{"line":44,"column":50}},"24":{"start":{"line":47,"column":8},"end":{"line":47,"column":74}},"25":{"start":{"line":49,"column":8},"end":{"line":49,"column":61}},"26":{"start":{"line":50,"column":8},"end":{"line":50,"column":71}},"27":{"start":{"line":56,"column":0},"end":{"line":62,"column":1}}},"fnMap":{"0":{"name":"(anonymous_0)","decl":{"start":{"line":4,"column":22},"end":{"line":4,"column":23}},"loc":{"start":{"line":4,"column":34},"end":{"line":11,"column":1}},"line":4},"1":{"name":"(anonymous_1)","decl":{"start":{"line":13,"column":21},"end":{"line":13,"column":22}},"loc":{"start":{"line":13,"column":33},"end":{"line":20,"column":1}},"line":13},"2":{"name":"(anonymous_2)","decl":{"start":{"line":23,"column":18},"end":{"line":23,"column":19}},"loc":{"start":{"line":23,"column":32},"end":{"line":26,"column":1}},"line":23},"3":{"name":"(anonymous_3)","decl":{"start":{"line":29,"column":20},"end":{"line":29,"column":21}},"loc":{"start":{"line":29,"column":40},"end":{"line":52,"column":1}},"line":29}},"branchMap":{"0":{"loc":{"start":{"line":34,"column":8},"end":{"line":36,"column":9}},"type":"if","locations":[{"start":{"line":34,"column":8},"end":{"line":36,"column":9}},{"start":{},"end":{}}],"line":34},"1":{"loc":{"start":{"line":42,"column":8},"end":{"line":45,"column":9}},"type":"if","locations":[{"start":{"line":42,"column":8},"end":{"line":45,"column":9}},{"start":{},"end":{}}],"line":42}},"s":{"0":2,"1":2,"2":2,"3":1,"4":1,"5":0,"6":2,"7":1,"8":1,"9":0,"10":2,"11":1,"12":1,"13":2,"14":3,"15":3,"16":3,"17":3,"18":0,"19":3,"20":3,"21":2,"22":1,"23":1,"24":2,"25":1,"26":1,"27":2},"f":{"0":1,"1":1,"2":1,"3":3},"b":{"0":[0,3],"1":[1,1]},"_coverageSchema":"1a1c01bbd47fc00a2c39e90264f33305004495a9","hash":"113dc6bb3afd076dfb3f60a974ee4f1f309b399d"}
,"C:\\Users\\canto\\Documents\\ale\\SUPSI\\Bachelor\\Tesi\\MLSmartPhysio_platform\\Backend\\src\\controller\\sessionController.js": {"path":"C:\\Users\\canto\\Documents\\ale\\SUPSI\\Bachelor\\Tesi\\MLSmartPhysio_platform\\Backend\\src\\controller\\sessionController.js","statementMap":{"0":{"start":{"line":1,"column":23},"end":{"line":1,"column":60}},"1":{"start":{"line":3,"column":19},"end":{"line":10,"column":1}},"2":{"start":{"line":4,"column":4},"end":{"line":9,"column":5}},"3":{"start":{"line":5,"column":28},"end":{"line":5,"column":72}},"4":{"start":{"line":6,"column":8},"end":{"line":6,"column":42}},"5":{"start":{"line":8,"column":8},"end":{"line":8,"column":55}},"6":{"start":{"line":12,"column":23},"end":{"line":22,"column":1}},"7":{"start":{"line":13,"column":4},"end":{"line":21,"column":5}},"8":{"start":{"line":14,"column":28},"end":{"line":14,"column":91}},"9":{"start":{"line":15,"column":8},"end":{"line":17,"column":9}},"10":{"start":{"line":16,"column":12},"end":{"line":16,"column":75}},"11":{"start":{"line":18,"column":8},"end":{"line":18,"column":42}},"12":{"start":{"line":20,"column":8},"end":{"line":20,"column":55}},"13":{"start":{"line":24,"column":30},"end":{"line":31,"column":1}},"14":{"start":{"line":25,"column":4},"end":{"line":30,"column":5}},"15":{"start":{"line":26,"column":32},"end":{"line":26,"column":102}},"16":{"start":{"line":27,"column":8},"end":{"line":27,"column":46}},"17":{"start":{"line":29,"column":8},"end":{"line":29,"column":53}},"18":{"start":{"line":34,"column":22},"end":{"line":41,"column":1}},"19":{"start":{"line":35,"column":4},"end":{"line":40,"column":5}},"20":{"start":{"line":36,"column":27},"end":{"line":36,"column":84}},"21":{"start":{"line":37,"column":8},"end":{"line":37,"column":41}},"22":{"start":{"line":39,"column":8},"end":{"line":39,"column":55}},"23":{"start":{"line":43,"column":26},"end":{"line":54,"column":1}},"24":{"start":{"line":44,"column":4},"end":{"line":53,"column":5}},"25":{"start":{"line":46,"column":23},"end":{"line":46,"column":96}},"26":{"start":{"line":47,"column":8},"end":{"line":49,"column":9}},"27":{"start":{"line":48,"column":12},"end":{"line":48,"column":91}},"28":{"start":{"line":50,"column":8},"end":{"line":50,"column":77}},"29":{"start":{"line":52,"column":8},"end":{"line":52,"column":55}},"30":{"start":{"line":56,"column":22},"end":{"line":64,"column":1}},"31":{"start":{"line":57,"column":4},"end":{"line":63,"column":5}},"32":{"start":{"line":58,"column":32},"end":{"line":58,"column":111}},"33":{"start":{"line":59,"column":8},"end":{"line":59,"column":46}},"34":{"start":{"line":61,"column":8},"end":{"line":61,"column":69}},"35":{"start":{"line":62,"column":8},"end":{"line":62,"column":55}},"36":{"start":{"line":66,"column":25},"end":{"line":74,"column":1}},"37":{"start":{"line":67,"column":4},"end":{"line":73,"column":5}},"38":{"start":{"line":68,"column":8},"end":{"line":68,"column":45}},"39":{"start":{"line":69,"column":23},"end":{"line":69,"column":82}},"40":{"start":{"line":70,"column":8},"end":{"line":70,"column":37}},"41":{"start":{"line":72,"column":8},"end":{"line":72,"column":53}},"42":{"start":{"line":76,"column":25},"end":{"line":83,"column":1}},"43":{"start":{"line":77,"column":4},"end":{"line":82,"column":5}},"44":{"start":{"line":78,"column":8},"end":{"line":78,"column":68}},"45":{"start":{"line":79,"column":8},"end":{"line":79,"column":24}},"46":{"start":{"line":81,"column":8},"end":{"line":81,"column":53}},"47":{"start":{"line":85,"column":27},"end":{"line":92,"column":1}},"48":{"start":{"line":86,"column":4},"end":{"line":91,"column":5}},"49":{"start":{"line":87,"column":25},"end":{"line":87,"column":107}},"50":{"start":{"line":88,"column":8},"end":{"line":88,"column":31}},"51":{"start":{"line":90,"column":8},"end":{"line":90,"column":51}},"52":{"start":{"line":98,"column":0},"end":{"line":108,"column":2}}},"fnMap":{"0":{"name":"(anonymous_0)","decl":{"start":{"line":3,"column":19},"end":{"line":3,"column":20}},"loc":{"start":{"line":3,"column":39},"end":{"line":10,"column":1}},"line":3},"1":{"name":"(anonymous_1)","decl":{"start":{"line":12,"column":23},"end":{"line":12,"column":24}},"loc":{"start":{"line":12,"column":43},"end":{"line":22,"column":1}},"line":12},"2":{"name":"(anonymous_2)","decl":{"start":{"line":24,"column":30},"end":{"line":24,"column":31}},"loc":{"start":{"line":24,"column":50},"end":{"line":31,"column":1}},"line":24},"3":{"name":"(anonymous_3)","decl":{"start":{"line":34,"column":22},"end":{"line":34,"column":23}},"loc":{"start":{"line":34,"column":42},"end":{"line":41,"column":1}},"line":34},"4":{"name":"(anonymous_4)","decl":{"start":{"line":43,"column":26},"end":{"line":43,"column":27}},"loc":{"start":{"line":43,"column":46},"end":{"line":54,"column":1}},"line":43},"5":{"name":"(anonymous_5)","decl":{"start":{"line":56,"column":22},"end":{"line":56,"column":23}},"loc":{"start":{"line":56,"column":42},"end":{"line":64,"column":1}},"line":56},"6":{"name":"(anonymous_6)","decl":{"start":{"line":66,"column":25},"end":{"line":66,"column":26}},"loc":{"start":{"line":66,"column":45},"end":{"line":74,"column":1}},"line":66},"7":{"name":"(anonymous_7)","decl":{"start":{"line":76,"column":25},"end":{"line":76,"column":26}},"loc":{"start":{"line":76,"column":45},"end":{"line":83,"column":1}},"line":76},"8":{"name":"(anonymous_8)","decl":{"start":{"line":85,"column":27},"end":{"line":85,"column":28}},"loc":{"start":{"line":85,"column":47},"end":{"line":92,"column":1}},"line":85}},"branchMap":{"0":{"loc":{"start":{"line":15,"column":8},"end":{"line":17,"column":9}},"type":"if","locations":[{"start":{"line":15,"column":8},"end":{"line":17,"column":9}},{"start":{},"end":{}}],"line":15},"1":{"loc":{"start":{"line":47,"column":8},"end":{"line":49,"column":9}},"type":"if","locations":[{"start":{"line":47,"column":8},"end":{"line":49,"column":9}},{"start":{},"end":{}}],"line":47}},"s":{"0":2,"1":2,"2":1,"3":1,"4":1,"5":0,"6":2,"7":2,"8":2,"9":2,"10":1,"11":1,"12":0,"13":2,"14":1,"15":1,"16":1,"17":0,"18":2,"19":1,"20":1,"21":1,"22":0,"23":2,"24":2,"25":2,"26":2,"27":1,"28":1,"29":0,"30":2,"31":1,"32":1,"33":1,"34":0,"35":0,"36":2,"37":0,"38":0,"39":0,"40":0,"41":0,"42":2,"43":0,"44":0,"45":0,"46":0,"47":2,"48":0,"49":0,"50":0,"51":0,"52":2},"f":{"0":1,"1":2,"2":1,"3":1,"4":2,"5":1,"6":0,"7":0,"8":0},"b":{"0":[1,1],"1":[1,1]},"_coverageSchema":"1a1c01bbd47fc00a2c39e90264f33305004495a9","hash":"612e7144251c37d648d9531c944acce7671df2ba"}
,"C:\\Users\\canto\\Documents\\ale\\SUPSI\\Bachelor\\Tesi\\MLSmartPhysio_platform\\Backend\\src\\controller\\Analysis_controller\\cleaningDataController.js": {"path":"C:\\Users\\canto\\Documents\\ale\\SUPSI\\Bachelor\\Tesi\\MLSmartPhysio_platform\\Backend\\src\\controller\\Analysis_controller\\cleaningDataController.js","statementMap":{"0":{"start":{"line":1,"column":24},"end":{"line":1,"column":88}},"1":{"start":{"line":2,"column":13},"end":{"line":2,"column":28}},"2":{"start":{"line":3,"column":11},"end":{"line":3,"column":24}},"3":{"start":{"line":8,"column":4},"end":{"line":8,"column":46}},"4":{"start":{"line":11,"column":22},"end":{"line":30,"column":1}},"5":{"start":{"line":12,"column":4},"end":{"line":29,"column":5}},"6":{"start":{"line":13,"column":73},"end":{"line":13,"column":81}},"7":{"start":{"line":15,"column":8},"end":{"line":15,"column":135}},"8":{"start":{"line":17,"column":25},"end":{"line":17,"column":64}},"9":{"start":{"line":18,"column":24},"end":{"line":18,"column":94}},"10":{"start":{"line":21,"column":8},"end":{"line":23,"column":9}},"11":{"start":{"line":22,"column":12},"end":{"line":22,"column":89}},"12":{"start":{"line":25,"column":23},"end":{"line":25,"column":110}},"13":{"start":{"line":26,"column":8},"end":{"line":26,"column":25}},"14":{"start":{"line":28,"column":8},"end":{"line":28,"column":53}},"15":{"start":{"line":32,"column":24},"end":{"line":49,"column":1}},"16":{"start":{"line":33,"column":4},"end":{"line":48,"column":5}},"17":{"start":{"line":34,"column":73},"end":{"line":34,"column":81}},"18":{"start":{"line":36,"column":8},"end":{"line":36,"column":136}},"19":{"start":{"line":37,"column":25},"end":{"line":37,"column":64}},"20":{"start":{"line":38,"column":24},"end":{"line":38,"column":94}},"21":{"start":{"line":40,"column":8},"end":{"line":42,"column":9}},"22":{"start":{"line":41,"column":12},"end":{"line":41,"column":89}},"23":{"start":{"line":44,"column":23},"end":{"line":44,"column":145}},"24":{"start":{"line":45,"column":8},"end":{"line":45,"column":25}},"25":{"start":{"line":47,"column":8},"end":{"line":47,"column":53}},"26":{"start":{"line":51,"column":29},"end":{"line":67,"column":1}},"27":{"start":{"line":52,"column":4},"end":{"line":66,"column":5}},"28":{"start":{"line":53,"column":73},"end":{"line":53,"column":81}},"29":{"start":{"line":54,"column":8},"end":{"line":54,"column":135}},"30":{"start":{"line":55,"column":25},"end":{"line":55,"column":64}},"31":{"start":{"line":56,"column":24},"end":{"line":56,"column":94}},"32":{"start":{"line":58,"column":8},"end":{"line":60,"column":9}},"33":{"start":{"line":59,"column":12},"end":{"line":59,"column":89}},"34":{"start":{"line":62,"column":23},"end":{"line":62,"column":150}},"35":{"start":{"line":63,"column":8},"end":{"line":63,"column":25}},"36":{"start":{"line":65,"column":8},"end":{"line":65,"column":53}},"37":{"start":{"line":69,"column":30},"end":{"line":85,"column":1}},"38":{"start":{"line":70,"column":4},"end":{"line":84,"column":5}},"39":{"start":{"line":71,"column":73},"end":{"line":71,"column":81}},"40":{"start":{"line":72,"column":8},"end":{"line":72,"column":135}},"41":{"start":{"line":73,"column":25},"end":{"line":73,"column":64}},"42":{"start":{"line":74,"column":24},"end":{"line":74,"column":94}},"43":{"start":{"line":76,"column":8},"end":{"line":78,"column":9}},"44":{"start":{"line":77,"column":12},"end":{"line":77,"column":89}},"45":{"start":{"line":80,"column":23},"end":{"line":80,"column":151}},"46":{"start":{"line":81,"column":8},"end":{"line":81,"column":25}},"47":{"start":{"line":83,"column":8},"end":{"line":83,"column":53}},"48":{"start":{"line":88,"column":0},"end":{"line":93,"column":2}}},"fnMap":{"0":{"name":"parseBool","decl":{"start":{"line":7,"column":9},"end":{"line":7,"column":18}},"loc":{"start":{"line":7,"column":26},"end":{"line":9,"column":1}},"line":7},"1":{"name":"(anonymous_1)","decl":{"start":{"line":11,"column":22},"end":{"line":11,"column":23}},"loc":{"start":{"line":11,"column":42},"end":{"line":30,"column":1}},"line":11},"2":{"name":"(anonymous_2)","decl":{"start":{"line":32,"column":24},"end":{"line":32,"column":25}},"loc":{"start":{"line":32,"column":44},"end":{"line":49,"column":1}},"line":32},"3":{"name":"(anonymous_3)","decl":{"start":{"line":51,"column":29},"end":{"line":51,"column":30}},"loc":{"start":{"line":51,"column":49},"end":{"line":67,"column":1}},"line":51},"4":{"name":"(anonymous_4)","decl":{"start":{"line":69,"column":30},"end":{"line":69,"column":31}},"loc":{"start":{"line":69,"column":50},"end":{"line":85,"column":1}},"line":69}},"branchMap":{"0":{"loc":{"start":{"line":8,"column":11},"end":{"line":8,"column":45}},"type":"binary-expr","locations":[{"start":{"line":8,"column":11},"end":{"line":8,"column":25}},{"start":{"line":8,"column":29},"end":{"line":8,"column":45}}],"line":8},"1":{"loc":{"start":{"line":21,"column":8},"end":{"line":23,"column":9}},"type":"if","locations":[{"start":{"line":21,"column":8},"end":{"line":23,"column":9}},{"start":{},"end":{}}],"line":21},"2":{"loc":{"start":{"line":40,"column":8},"end":{"line":42,"column":9}},"type":"if","locations":[{"start":{"line":40,"column":8},"end":{"line":42,"column":9}},{"start":{},"end":{}}],"line":40},"3":{"loc":{"start":{"line":58,"column":8},"end":{"line":60,"column":9}},"type":"if","locations":[{"start":{"line":58,"column":8},"end":{"line":60,"column":9}},{"start":{},"end":{}}],"line":58},"4":{"loc":{"start":{"line":76,"column":8},"end":{"line":78,"column":9}},"type":"if","locations":[{"start":{"line":76,"column":8},"end":{"line":78,"column":9}},{"start":{},"end":{}}],"line":76}},"s":{"0":2,"1":2,"2":2,"3":9,"4":2,"5":3,"6":3,"7":3,"8":3,"9":3,"10":3,"11":1,"12":2,"13":1,"14":1,"15":2,"16":1,"17":1,"18":1,"19":1,"20":1,"21":1,"22":0,"23":1,"24":1,"25":0,"26":2,"27":1,"28":1,"29":1,"30":1,"31":1,"32":1,"33":0,"34":1,"35":1,"36":0,"37":2,"38":1,"39":1,"40":1,"41":1,"42":1,"43":1,"44":0,"45":1,"46":1,"47":0,"48":2},"f":{"0":9,"1":3,"2":1,"3":1,"4":1},"b":{"0":[9,6],"1":[1,2],"2":[0,1],"3":[0,1],"4":[0,1]},"_coverageSchema":"1a1c01bbd47fc00a2c39e90264f33305004495a9","hash":"29c6e4f2f932b61a632076f45451e904e0d40a98"}
,"C:\\Users\\canto\\Documents\\ale\\SUPSI\\Bachelor\\Tesi\\MLSmartPhysio_platform\\Backend\\src\\controller\\Analysis_controller\\filteringDataController.js": {"path":"C:\\Users\\canto\\Documents\\ale\\SUPSI\\Bachelor\\Tesi\\MLSmartPhysio_platform\\Backend\\src\\controller\\Analysis_controller\\filteringDataController.js","statementMap":{"0":{"start":{"line":1,"column":26},"end":{"line":1,"column":91}},"1":{"start":{"line":2,"column":13},"end":{"line":2,"column":28}},"2":{"start":{"line":3,"column":11},"end":{"line":3,"column":24}},"3":{"start":{"line":8,"column":4},"end":{"line":8,"column":46}},"4":{"start":{"line":11,"column":22},"end":{"line":30,"column":1}},"5":{"start":{"line":12,"column":4},"end":{"line":29,"column":5}},"6":{"start":{"line":13,"column":54},"end":{"line":13,"column":62}},"7":{"start":{"line":15,"column":8},"end":{"line":15,"column":101}},"8":{"start":{"line":17,"column":25},"end":{"line":17,"column":64}},"9":{"start":{"line":18,"column":24},"end":{"line":18,"column":94}},"10":{"start":{"line":21,"column":8},"end":{"line":23,"column":9}},"11":{"start":{"line":22,"column":12},"end":{"line":22,"column":89}},"12":{"start":{"line":25,"column":23},"end":{"line":25,"column":84}},"13":{"start":{"line":26,"column":8},"end":{"line":26,"column":25}},"14":{"start":{"line":28,"column":8},"end":{"line":28,"column":53}},"15":{"start":{"line":32,"column":23},"end":{"line":50,"column":1}},"16":{"start":{"line":33,"column":4},"end":{"line":49,"column":5}},"17":{"start":{"line":34,"column":54},"end":{"line":34,"column":62}},"18":{"start":{"line":36,"column":8},"end":{"line":36,"column":102}},"19":{"start":{"line":38,"column":25},"end":{"line":38,"column":64}},"20":{"start":{"line":39,"column":24},"end":{"line":39,"column":94}},"21":{"start":{"line":41,"column":8},"end":{"line":43,"column":9}},"22":{"start":{"line":42,"column":12},"end":{"line":42,"column":89}},"23":{"start":{"line":45,"column":23},"end":{"line":45,"column":85}},"24":{"start":{"line":46,"column":8},"end":{"line":46,"column":25}},"25":{"start":{"line":48,"column":8},"end":{"line":48,"column":53}},"26":{"start":{"line":52,"column":20},"end":{"line":70,"column":1}},"27":{"start":{"line":53,"column":4},"end":{"line":69,"column":5}},"28":{"start":{"line":54,"column":54},"end":{"line":54,"column":62}},"29":{"start":{"line":56,"column":8},"end":{"line":56,"column":103}},"30":{"start":{"line":58,"column":25},"end":{"line":58,"column":64}},"31":{"start":{"line":59,"column":24},"end":{"line":59,"column":94}},"32":{"start":{"line":61,"column":8},"end":{"line":63,"column":9}},"33":{"start":{"line":62,"column":12},"end":{"line":62,"column":89}},"34":{"start":{"line":65,"column":23},"end":{"line":65,"column":82}},"35":{"start":{"line":66,"column":8},"end":{"line":66,"column":25}},"36":{"start":{"line":68,"column":8},"end":{"line":68,"column":53}},"37":{"start":{"line":75,"column":0},"end":{"line":79,"column":2}}},"fnMap":{"0":{"name":"parseBool","decl":{"start":{"line":7,"column":9},"end":{"line":7,"column":18}},"loc":{"start":{"line":7,"column":26},"end":{"line":9,"column":1}},"line":7},"1":{"name":"(anonymous_1)","decl":{"start":{"line":11,"column":22},"end":{"line":11,"column":23}},"loc":{"start":{"line":11,"column":42},"end":{"line":30,"column":1}},"line":11},"2":{"name":"(anonymous_2)","decl":{"start":{"line":32,"column":23},"end":{"line":32,"column":24}},"loc":{"start":{"line":32,"column":43},"end":{"line":50,"column":1}},"line":32},"3":{"name":"(anonymous_3)","decl":{"start":{"line":52,"column":20},"end":{"line":52,"column":21}},"loc":{"start":{"line":52,"column":40},"end":{"line":70,"column":1}},"line":52}},"branchMap":{"0":{"loc":{"start":{"line":8,"column":11},"end":{"line":8,"column":45}},"type":"binary-expr","locations":[{"start":{"line":8,"column":11},"end":{"line":8,"column":25}},{"start":{"line":8,"column":29},"end":{"line":8,"column":45}}],"line":8},"1":{"loc":{"start":{"line":21,"column":8},"end":{"line":23,"column":9}},"type":"if","locations":[{"start":{"line":21,"column":8},"end":{"line":23,"column":9}},{"start":{},"end":{}}],"line":21},"2":{"loc":{"start":{"line":41,"column":8},"end":{"line":43,"column":9}},"type":"if","locations":[{"start":{"line":41,"column":8},"end":{"line":43,"column":9}},{"start":{},"end":{}}],"line":41},"3":{"loc":{"start":{"line":61,"column":8},"end":{"line":63,"column":9}},"type":"if","locations":[{"start":{"line":61,"column":8},"end":{"line":63,"column":9}},{"start":{},"end":{}}],"line":61}},"s":{"0":2,"1":2,"2":2,"3":0,"4":2,"5":3,"6":3,"7":3,"8":3,"9":3,"10":3,"11":1,"12":2,"13":1,"14":1,"15":2,"16":1,"17":1,"18":1,"19":1,"20":1,"21":1,"22":0,"23":1,"24":1,"25":0,"26":2,"27":1,"28":1,"29":1,"30":1,"31":1,"32":1,"33":0,"34":1,"35":1,"36":0,"37":2},"f":{"0":0,"1":3,"2":1,"3":1},"b":{"0":[0,0],"1":[1,2],"2":[0,1],"3":[0,1]},"_coverageSchema":"1a1c01bbd47fc00a2c39e90264f33305004495a9","hash":"1c89c489af701e1f811ff53d54424da230f592ec"}
,"C:\\Users\\canto\\Documents\\ale\\SUPSI\\Bachelor\\Tesi\\MLSmartPhysio_platform\\Backend\\src\\controller\\Analysis_controller\\normalizationDataController.js": {"path":"C:\\Users\\canto\\Documents\\ale\\SUPSI\\Bachelor\\Tesi\\MLSmartPhysio_platform\\Backend\\src\\controller\\Analysis_controller\\normalizationDataController.js","statementMap":{"0":{"start":{"line":1,"column":29},"end":{"line":1,"column":98}},"1":{"start":{"line":2,"column":13},"end":{"line":2,"column":28}},"2":{"start":{"line":3,"column":11},"end":{"line":3,"column":24}},"3":{"start":{"line":5,"column":28},"end":{"line":24,"column":1}},"4":{"start":{"line":6,"column":4},"end":{"line":23,"column":5}},"5":{"start":{"line":7,"column":40},"end":{"line":7,"column":48}},"6":{"start":{"line":9,"column":8},"end":{"line":9,"column":56}},"7":{"start":{"line":11,"column":25},"end":{"line":11,"column":64}},"8":{"start":{"line":12,"column":24},"end":{"line":12,"column":94}},"9":{"start":{"line":15,"column":8},"end":{"line":17,"column":9}},"10":{"start":{"line":16,"column":12},"end":{"line":16,"column":89}},"11":{"start":{"line":19,"column":23},"end":{"line":19,"column":78}},"12":{"start":{"line":20,"column":8},"end":{"line":20,"column":25}},"13":{"start":{"line":22,"column":8},"end":{"line":22,"column":53}},"14":{"start":{"line":26,"column":30},"end":{"line":45,"column":1}},"15":{"start":{"line":27,"column":4},"end":{"line":44,"column":5}},"16":{"start":{"line":28,"column":40},"end":{"line":28,"column":48}},"17":{"start":{"line":30,"column":8},"end":{"line":30,"column":57}},"18":{"start":{"line":32,"column":25},"end":{"line":32,"column":64}},"19":{"start":{"line":33,"column":24},"end":{"line":33,"column":94}},"20":{"start":{"line":36,"column":8},"end":{"line":38,"column":9}},"21":{"start":{"line":37,"column":12},"end":{"line":37,"column":89}},"22":{"start":{"line":40,"column":23},"end":{"line":40,"column":80}},"23":{"start":{"line":41,"column":8},"end":{"line":41,"column":25}},"24":{"start":{"line":43,"column":8},"end":{"line":43,"column":53}},"25":{"start":{"line":47,"column":0},"end":{"line":50,"column":1}}},"fnMap":{"0":{"name":"(anonymous_0)","decl":{"start":{"line":5,"column":28},"end":{"line":5,"column":29}},"loc":{"start":{"line":5,"column":48},"end":{"line":24,"column":1}},"line":5},"1":{"name":"(anonymous_1)","decl":{"start":{"line":26,"column":30},"end":{"line":26,"column":31}},"loc":{"start":{"line":26,"column":50},"end":{"line":45,"column":1}},"line":26}},"branchMap":{"0":{"loc":{"start":{"line":15,"column":8},"end":{"line":17,"column":9}},"type":"if","locations":[{"start":{"line":15,"column":8},"end":{"line":17,"column":9}},{"start":{},"end":{}}],"line":15},"1":{"loc":{"start":{"line":36,"column":8},"end":{"line":38,"column":9}},"type":"if","locations":[{"start":{"line":36,"column":8},"end":{"line":38,"column":9}},{"start":{},"end":{}}],"line":36}},"s":{"0":2,"1":2,"2":2,"3":2,"4":3,"5":3,"6":3,"7":3,"8":3,"9":3,"10":1,"11":2,"12":1,"13":1,"14":2,"15":1,"16":1,"17":1,"18":1,"19":1,"20":1,"21":0,"22":1,"23":1,"24":0,"25":2},"f":{"0":3,"1":1},"b":{"0":[1,2],"1":[0,1]},"_coverageSchema":"1a1c01bbd47fc00a2c39e90264f33305004495a9","hash":"cbe49fe9eff2a5781d5fd550fe2ef3a993d92d2b"}
,"C:\\Users\\canto\\Documents\\ale\\SUPSI\\Bachelor\\Tesi\\MLSmartPhysio_platform\\Backend\\src\\models\\Appointment.js": {"path":"C:\\Users\\canto\\Documents\\ale\\SUPSI\\Bachelor\\Tesi\\MLSmartPhysio_platform\\Backend\\src\\models\\Appointment.js","statementMap":{"0":{"start":{"line":1,"column":17},"end":{"line":1,"column":36}},"1":{"start":{"line":3,"column":27},"end":{"line":28,"column":2}},"2":{"start":{"line":30,"column":0},"end":{"line":30,"column":84}}},"fnMap":{},"branchMap":{},"s":{"0":8,"1":8,"2":8},"f":{},"b":{},"_coverageSchema":"1a1c01bbd47fc00a2c39e90264f33305004495a9","hash":"21e8256571d8146f8fae810315bfb6cadbb5f08b"}
,"C:\\Users\\canto\\Documents\\ale\\SUPSI\\Bachelor\\Tesi\\MLSmartPhysio_platform\\Backend\\src\\models\\Doctor.js": {"path":"C:\\Users\\canto\\Documents\\ale\\SUPSI\\Bachelor\\Tesi\\MLSmartPhysio_platform\\Backend\\src\\models\\Doctor.js","statementMap":{"0":{"start":{"line":1,"column":17},"end":{"line":1,"column":36}},"1":{"start":{"line":3,"column":21},"end":{"line":44,"column":2}},"2":{"start":{"line":46,"column":0},"end":{"line":46,"column":68}}},"fnMap":{},"branchMap":{},"s":{"0":13,"1":13,"2":13},"f":{},"b":{},"_coverageSchema":"1a1c01bbd47fc00a2c39e90264f33305004495a9","hash":"22faa3588e7564566f85d804dbbecc37fdc58c3f"}
,"C:\\Users\\canto\\Documents\\ale\\SUPSI\\Bachelor\\Tesi\\MLSmartPhysio_platform\\Backend\\src\\models\\Patient.js": {"path":"C:\\Users\\canto\\Documents\\ale\\SUPSI\\Bachelor\\Tesi\\MLSmartPhysio_platform\\Backend\\src\\models\\Patient.js","statementMap":{"0":{"start":{"line":1,"column":17},"end":{"line":1,"column":36}},"1":{"start":{"line":3,"column":22},"end":{"line":49,"column":2}},"2":{"start":{"line":51,"column":0},"end":{"line":51,"column":71}}},"fnMap":{},"branchMap":{},"s":{"0":13,"1":13,"2":13},"f":{},"b":{},"_coverageSchema":"1a1c01bbd47fc00a2c39e90264f33305004495a9","hash":"cff2e375263ea53ff7b6627fedc0c7ae2720ec3c"}
,"C:\\Users\\canto\\Documents\\ale\\SUPSI\\Bachelor\\Tesi\\MLSmartPhysio_platform\\Backend\\src\\models\\Session.js": {"path":"C:\\Users\\canto\\Documents\\ale\\SUPSI\\Bachelor\\Tesi\\MLSmartPhysio_platform\\Backend\\src\\models\\Session.js","statementMap":{"0":{"start":{"line":1,"column":17},"end":{"line":1,"column":36}},"1":{"start":{"line":3,"column":22},"end":{"line":30,"column":2}},"2":{"start":{"line":32,"column":0},"end":{"line":32,"column":71}}},"fnMap":{},"branchMap":{},"s":{"0":6,"1":6,"2":6},"f":{},"b":{},"_coverageSchema":"1a1c01bbd47fc00a2c39e90264f33305004495a9","hash":"677fc51e86573615414eeaca8305e9c1ab224064"}
,"C:\\Users\\canto\\Documents\\ale\\SUPSI\\Bachelor\\Tesi\\MLSmartPhysio_platform\\Backend\\src\\models\\inertialDataModel.js": {"path":"C:\\Users\\canto\\Documents\\ale\\SUPSI\\Bachelor\\Tesi\\MLSmartPhysio_platform\\Backend\\src\\models\\inertialDataModel.js","statementMap":{"0":{"start":{"line":1,"column":17},"end":{"line":1,"column":36}},"1":{"start":{"line":3,"column":27},"end":{"line":23,"column":2}},"2":{"start":{"line":14,"column":16},"end":{"line":14,"column":85}},"3":{"start":{"line":14,"column":60},"end":{"line":14,"column":83}},"4":{"start":{"line":25,"column":0},"end":{"line":25,"column":84}}},"fnMap":{"0":{"name":"(anonymous_0)","decl":{"start":{"line":13,"column":23},"end":{"line":13,"column":24}},"loc":{"start":{"line":13,"column":38},"end":{"line":15,"column":13}},"line":13},"1":{"name":"(anonymous_1)","decl":{"start":{"line":14,"column":53},"end":{"line":14,"column":54}},"loc":{"start":{"line":14,"column":60},"end":{"line":14,"column":83}},"line":14}},"branchMap":{"0":{"loc":{"start":{"line":14,"column":23},"end":{"line":14,"column":84}},"type":"binary-expr","locations":[{"start":{"line":14,"column":23},"end":{"line":14,"column":39}},{"start":{"line":14,"column":43},"end":{"line":14,"column":84}}],"line":14}},"s":{"0":10,"1":10,"2":3,"3":9,"4":10},"f":{"0":3,"1":9},"b":{"0":[3,1]},"_coverageSchema":"1a1c01bbd47fc00a2c39e90264f33305004495a9","hash":"a3c5d5be6bb5ebce763888045465330cca05cae6"}
,"C:\\Users\\canto\\Documents\\ale\\SUPSI\\Bachelor\\Tesi\\MLSmartPhysio_platform\\Backend\\src\\models\\sEMGdataModel.js": {"path":"C:\\Users\\canto\\Documents\\ale\\SUPSI\\Bachelor\\Tesi\\MLSmartPhysio_platform\\Backend\\src\\models\\sEMGdataModel.js","statementMap":{"0":{"start":{"line":1,"column":17},"end":{"line":1,"column":36}},"1":{"start":{"line":3,"column":23},"end":{"line":23,"column":2}},"2":{"start":{"line":14,"column":16},"end":{"line":14,"column":85}},"3":{"start":{"line":14,"column":60},"end":{"line":14,"column":83}},"4":{"start":{"line":25,"column":0},"end":{"line":25,"column":72}}},"fnMap":{"0":{"name":"(anonymous_0)","decl":{"start":{"line":13,"column":23},"end":{"line":13,"column":24}},"loc":{"start":{"line":13,"column":38},"end":{"line":15,"column":13}},"line":13},"1":{"name":"(anonymous_1)","decl":{"start":{"line":14,"column":53},"end":{"line":14,"column":54}},"loc":{"start":{"line":14,"column":60},"end":{"line":14,"column":83}},"line":14}},"branchMap":{"0":{"loc":{"start":{"line":14,"column":23},"end":{"line":14,"column":84}},"type":"binary-expr","locations":[{"start":{"line":14,"column":23},"end":{"line":14,"column":39}},{"start":{"line":14,"column":43},"end":{"line":14,"column":84}}],"line":14}},"s":{"0":10,"1":10,"2":3,"3":8,"4":10},"f":{"0":3,"1":8},"b":{"0":[3,1]},"_coverageSchema":"1a1c01bbd47fc00a2c39e90264f33305004495a9","hash":"8ef1589b3f39307b7897de5e1044ab692fc24373"}
[...]
line":127,"column":50}},"60":{"start":{"line":128,"column":23},"end":{"line":128,"column":48}},"61":{"start":{"line":130,"column":29},"end":{"line":130,"column":64}},"62":{"start":{"line":131,"column":28},"end":{"line":131,"column":62}},"63":{"start":{"line":133,"column":29},"end":{"line":133,"column":79}},"64":{"start":{"line":134,"column":29},"end":{"line":134,"column":78}},"65":{"start":{"line":136,"column":8},"end":{"line":136,"column":48}},"66":{"start":{"line":137,"column":8},"end":{"line":137,"column":47}},"67":{"start":{"line":139,"column":8},"end":{"line":139,"column":73}},"68":{"start":{"line":140,"column":8},"end":{"line":140,"column":46}},"69":{"start":{"line":143,"column":8},"end":{"line":143,"column":61}},"70":{"start":{"line":144,"column":8},"end":{"line":144,"column":72}},"71":{"start":{"line":149,"column":25},"end":{"line":155,"column":1}},"72":{"start":{"line":150,"column":25},"end":{"line":150,"column":98}},"73":{"start":{"line":151,"column":24},"end":{"line":151,"column":96}},"74":{"start":{"line":153,"column":4},"end":{"line":153,"column":65}},"75":{"start":{"line":153,"column":37},"end":{"line":153,"column":65}},"76":{"start":{"line":154,"column":4},"end":{"line":154,"column":63}},"77":{"start":{"line":154,"column":36},"end":{"line":154,"column":63}},"78":{"start":{"line":157,"column":27},"end":{"line":171,"column":1}},"79":{"start":{"line":158,"column":23},"end":{"line":158,"column":38}},"80":{"start":{"line":159,"column":4},"end":{"line":161,"column":5}},"81":{"start":{"line":160,"column":8},"end":{"line":160,"column":72}},"82":{"start":{"line":163,"column":21},"end":{"line":163,"column":63}},"83":{"start":{"line":164,"column":21},"end":{"line":164,"column":67}},"84":{"start":{"line":166,"column":4},"end":{"line":168,"column":5}},"85":{"start":{"line":167,"column":8},"end":{"line":167,"column":80}},"86":{"start":{"line":170,"column":4},"end":{"line":170,"column":20}},"87":{"start":{"line":174,"column":0},"end":{"line":184,"column":1}}},"fnMap":{"0":{"name":"(anonymous_0)","decl":{"start":{"line":13,"column":19},"end":{"line":13,"column":20}},"loc":{"start":{"line":13,"column":38},"end":{"line":15,"column":1}},"line":13},"1":{"name":"(anonymous_1)","decl":{"start":{"line":17,"column":23},"end":{"line":17,"column":24}},"loc":{"start":{"line":17,"column":54},"end":{"line":32,"column":1}},"line":17},"2":{"name":"(anonymous_2)","decl":{"start":{"line":36,"column":30},"end":{"line":36,"column":31}},"loc":{"start":{"line":36,"column":60},"end":{"line":38,"column":1}},"line":36},"3":{"name":"(anonymous_3)","decl":{"start":{"line":41,"column":22},"end":{"line":41,"column":23}},"loc":{"start":{"line":41,"column":55},"end":{"line":60,"column":1}},"line":41},"4":{"name":"(anonymous_4)","decl":{"start":{"line":62,"column":22},"end":{"line":62,"column":23}},"loc":{"start":{"line":62,"column":69},"end":{"line":76,"column":1}},"line":62},"5":{"name":"(anonymous_5)","decl":{"start":{"line":79,"column":26},"end":{"line":79,"column":27}},"loc":{"start":{"line":79,"column":57},"end":{"line":93,"column":1}},"line":79},"6":{"name":"(anonymous_6)","decl":{"start":{"line":95,"column":25},"end":{"line":95,"column":26}},"loc":{"start":{"line":95,"column":46},"end":{"line":146,"column":1}},"line":95},"7":{"name":"(anonymous_7)","decl":{"start":{"line":110,"column":42},"end":{"line":110,"column":43}},"loc":{"start":{"line":110,"column":49},"end":{"line":116,"column":9}},"line":110},"8":{"name":"(anonymous_8)","decl":{"start":{"line":112,"column":29},"end":{"line":112,"column":30}},"loc":{"start":{"line":112,"column":43},"end":{"line":114,"column":13}},"line":112},"9":{"name":"(anonymous_9)","decl":{"start":{"line":118,"column":40},"end":{"line":118,"column":41}},"loc":{"start":{"line":118,"column":47},"end":{"line":124,"column":9}},"line":118},"10":{"name":"(anonymous_10)","decl":{"start":{"line":120,"column":29},"end":{"line":120,"column":30}},"loc":{"start":{"line":120,"column":43},"end":{"line":122,"column":13}},"line":120},"11":{"name":"(anonymous_11)","decl":{"start":{"line":149,"column":25},"end":{"line":149,"column":26}},"loc":{"start":{"line":149,"column":40},"end":{"line":155,"column":1}},"line":149},"12":{"name":"(anonymous_12)","decl":{"start":{"line":157,"column":27},"end":{"line":157,"column":28}},"loc":{"start":{"line":157,"column":52},"end":{"line":171,"column":1}},"line":157}},"branchMap":{"0":{"loc":{"start":{"line":25,"column":4},"end":{"line":29,"column":5}},"type":"if","locations":[{"start":{"line":25,"column":4},"end":{"line":29,"column":5}},{"start":{"line":27,"column":11},"end":{"line":29,"column":5}}],"line":25},"1":{"loc":{"start":{"line":68,"column":4},"end":{"line":70,"column":5}},"type":"if","locations":[{"start":{"line":68,"column":4},"end":{"line":70,"column":5}},{"start":{},"end":{}}],"line":68},"2":{"loc":{"start":{"line":85,"column":4},"end":{"line":90,"column":5}},"type":"if","locations":[{"start":{"line":85,"column":4},"end":{"line":90,"column":5}},{"start":{},"end":{}}],"line":85},"3":{"loc":{"start":{"line":105,"column":8},"end":{"line":108,"column":9}},"type":"if","locations":[{"start":{"line":105,"column":8},"end":{"line":108,"column":9}},{"start":{},"end":{}}],"line":105},"4":{"loc":{"start":{"line":105,"column":12},"end":{"line":105,"column":82}},"type":"binary-expr","locations":[{"start":{"line":105,"column":12},"end":{"line":105,"column":21}},{"start":{"line":105,"column":25},"end":{"line":105,"column":33}},{"start":{"line":105,"column":37},"end":{"line":105,"column":58}},{"start":{"line":105,"column":62},"end":{"line":105,"column":82}}],"line":105},"5":{"loc":{"start":{"line":153,"column":4},"end":{"line":153,"column":65}},"type":"if","locations":[{"start":{"line":153,"column":4},"end":{"line":153,"column":65}},{"start":{},"end":{}}],"line":153},"6":{"loc":{"start":{"line":154,"column":4},"end":{"line":154,"column":63}},"type":"if","locations":[{"start":{"line":154,"column":4},"end":{"line":154,"column":63}},{"start":{},"end":{}}],"line":154},"7":{"loc":{"start":{"line":159,"column":4},"end":{"line":161,"column":5}},"type":"if","locations":[{"start":{"line":159,"column":4},"end":{"line":161,"column":5}},{"start":{},"end":{}}],"line":159},"8":{"loc":{"start":{"line":166,"column":4},"end":{"line":168,"column":5}},"type":"if","locations":[{"start":{"line":166,"column":4},"end":{"line":168,"column":5}},{"start":{},"end":{}}],"line":166}},"s":{"0":5,"1":5,"2":5,"3":5,"4":5,"5":5,"6":5,"7":5,"8":1,"9":5,"10":2,"11":2,"12":2,"13":0,"14":2,"15":2,"16":5,"17":1,"18":5,"19":1,"20":1,"21":1,"22":1,"23":1,"24":1,"25":5,"26":1,"27":1,"28":1,"29":0,"30":1,"31":1,"32":1,"33":5,"34":1,"35":1,"36":1,"37":1,"38":5,"39":0,"40":0,"41":0,"42":0,"43":0,"44":0,"45":0,"46":0,"47":0,"48":0,"49":0,"50":0,"51":0,"52":0,"53":0,"54":0,"55":0,"56":0,"57":0,"58":0,"59":0,"60":0,"61":0,"62":0,"63":0,"64":0,"65":0,"66":0,"67":0,"68":0,"69":0,"70":0,"71":5,"72":0,"73":0,"74":0,"75":0,"76":0,"77":0,"78":5,"79":0,"80":0,"81":0,"82":0,"83":0,"84":0,"85":0,"86":0,"87":5},"f":{"0":1,"1":2,"2":1,"3":1,"4":1,"5":1,"6":0,"7":0,"8":0,"9":0,"10":0,"11":0,"12":0},"b":{"0":[0,2],"1":[0,1],"2":[1,0],"3":[0,0],"4":[0,0,0,0],"5":[0,0],"6":[0,0],"7":[0,0],"8":[0,0]},"_coverageSchema":"1a1c01bbd47fc00a2c39e90264f33305004495a9","hash":"630491fff7da10f72e7755b1fc63b1975e61c4ab"}
,"C:\\Users\\canto\\Documents\\ale\\SUPSI\\Bachelor\\Tesi\\MLSmartPhysio_platform\\Backend\\src\\services\\Analysis_services\\cleaningDataServices.js": {"path":"C:\\Users\\canto\\Documents\\ale\\SUPSI\\Bachelor\\Tesi\\MLSmartPhysio_platform\\Backend\\src\\services\\Analysis_services\\cleaningDataServices.js","statementMap":{"0":{"start":{"line":1,"column":18},"end":{"line":1,"column":42}},"1":{"start":{"line":2,"column":13},"end":{"line":2,"column":28}},"2":{"start":{"line":4,"column":19},"end":{"line":4,"column":88}},"3":{"start":{"line":5,"column":19},"end":{"line":5,"column":27}},"4":{"start":{"line":8,"column":4},"end":{"line":46,"column":7}},"5":{"start":{"line":9,"column":24},"end":{"line":17,"column":10}},"6":{"start":{"line":19,"column":21},"end":{"line":19,"column":23}},"7":{"start":{"line":20,"column":20},"end":{"line":20,"column":22}},"8":{"start":{"line":22,"column":8},"end":{"line":26,"column":11}},"9":{"start":{"line":23,"column":27},"end":{"line":23,"column":42}},"10":{"start":{"line":24,"column":12},"end":{"line":24,"column":51}},"11":{"start":{"line":25,"column":12},"end":{"line":25,"column":29}},"12":{"start":{"line":28,"column":8},"end":{"line":32,"column":11}},"13":{"start":{"line":29,"column":24},"end":{"line":29,"column":39}},"14":{"start":{"line":30,"column":12},"end":{"line":30,"column":50}},"15":{"start":{"line":31,"column":12},"end":{"line":31,"column":25}},"16":{"start":{"line":34,"column":8},"end":{"line":45,"column":11}},"17":{"start":{"line":35,"column":12},"end":{"line":44,"column":13}},"18":{"start":{"line":36,"column":16},"end":{"line":36,"column":61}},"19":{"start":{"line":38,"column":16},"end":{"line":43,"column":17}},"20":{"start":{"line":39,"column":35},"end":{"line":39,"column":53}},"21":{"start":{"line":40,"column":20},"end":{"line":40,"column":36}},"22":{"start":{"line":42,"column":20},"end":{"line":42,"column":81}},"23":{"start":{"line":52,"column":4},"end":{"line":52,"column":90}},"24":{"start":{"line":56,"column":4},"end":{"line":56,"column":92}},"25":{"start":{"line":60,"column":4},"end":{"line":60,"column":91}},"26":{"start":{"line":64,"column":4},"end":{"line":64,"column":91}},"27":{"start":{"line":67,"column":0},"end":{"line":72,"column":2}}},"fnMap":{"0":{"name":"callPythonCleaning","decl":{"start":{"line":7,"column":9},"end":{"line":7,"column":27}},"loc":{"start":{"line":7,"column":88},"end":{"line":47,"column":1}},"line":7},"1":{"name":"(anonymous_1)","decl":{"start":{"line":8,"column":23},"end":{"line":8,"column":24}},"loc":{"start":{"line":8,"column":44},"end":{"line":46,"column":5}},"line":8},"2":{"name":"(anonymous_2)","decl":{"start":{"line":22,"column":34},"end":{"line":22,"column":35}},"loc":{"start":{"line":22,"column":44},"end":{"line":26,"column":9}},"line":22},"3":{"name":"(anonymous_3)","decl":{"start":{"line":28,"column":34},"end":{"line":28,"column":35}},"loc":{"start":{"line":28,"column":44},"end":{"line":32,"column":9}},"line":28},"4":{"name":"(anonymous_4)","decl":{"start":{"line":34,"column":28},"end":{"line":34,"column":29}},"loc":{"start":{"line":34,"column":38},"end":{"line":45,"column":9}},"line":34},"5":{"name":"cleanWithMean","decl":{"start":{"line":51,"column":9},"end":{"line":51,"column":22}},"loc":{"start":{"line":51,"column":75},"end":{"line":53,"column":1}},"line":51},"6":{"name":"cleanWithMedian","decl":{"start":{"line":55,"column":9},"end":{"line":55,"column":24}},"loc":{"start":{"line":55,"column":77},"end":{"line":57,"column":1}},"line":55},"7":{"name":"cleanWithForwardFill","decl":{"start":{"line":59,"column":9},"end":{"line":59,"column":29}},"loc":{"start":{"line":59,"column":82},"end":{"line":61,"column":1}},"line":59},"8":{"name":"cleanWithBackwardFill","decl":{"start":{"line":63,"column":9},"end":{"line":63,"column":30}},"loc":{"start":{"line":63,"column":83},"end":{"line":65,"column":1}},"line":63}},"branchMap":{"0":{"loc":{"start":{"line":35,"column":12},"end":{"line":44,"column":13}},"type":"if","locations":[{"start":{"line":35,"column":12},"end":{"line":44,"column":13}},{"start":{"line":37,"column":19},"end":{"line":44,"column":13}}],"line":35}},"s":{"0":3,"1":3,"2":3,"3":3,"4":6,"5":6,"6":6,"7":6,"8":6,"9":5,"10":5,"11":5,"12":6,"13":1,"14":1,"15":1,"16":6,"17":6,"18":1,"19":5,"20":5,"21":4,"22":1,"23":3,"24":1,"25":1,"26":1,"27":3},"f":{"0":6,"1":6,"2":5,"3":1,"4":6,"5":3,"6":1,"7":1,"8":1},"b":{"0":[1,5]},"_coverageSchema":"1a1c01bbd47fc00a2c39e90264f33305004495a9","hash":"da4507568795fc4bb5a97a649b639b8d4c01e77e"}
,"C:\\Users\\canto\\Documents\\ale\\SUPSI\\Bachelor\\Tesi\\MLSmartPhysio_platform\\Backend\\src\\services\\Analysis_services\\filteringDataServices.js": {"path":"C:\\Users\\canto\\Documents\\ale\\SUPSI\\Bachelor\\Tesi\\MLSmartPhysio_platform\\Backend\\src\\services\\Analysis_services\\filteringDataServices.js","statementMap":{"0":{"start":{"line":1,"column":18},"end":{"line":1,"column":42}},"1":{"start":{"line":2,"column":13},"end":{"line":2,"column":28}},"2":{"start":{"line":4,"column":19},"end":{"line":4,"column":89}},"3":{"start":{"line":5,"column":19},"end":{"line":5,"column":27}},"4":{"start":{"line":8,"column":4},"end":{"line":44,"column":7}},"5":{"start":{"line":9,"column":24},"end":{"line":15,"column":10}},"6":{"start":{"line":17,"column":21},"end":{"line":17,"column":23}},"7":{"start":{"line":18,"column":20},"end":{"line":18,"column":22}},"8":{"start":{"line":20,"column":8},"end":{"line":24,"column":11}},"9":{"start":{"line":21,"column":27},"end":{"line":21,"column":42}},"10":{"start":{"line":22,"column":12},"end":{"line":22,"column":51}},"11":{"start":{"line":23,"column":12},"end":{"line":23,"column":29}},"12":{"start":{"line":26,"column":8},"end":{"line":30,"column":11}},"13":{"start":{"line":27,"column":24},"end":{"line":27,"column":39}},"14":{"start":{"line":28,"column":12},"end":{"line":28,"column":50}},"15":{"start":{"line":29,"column":12},"end":{"line":29,"column":25}},"16":{"start":{"line":32,"column":8},"end":{"line":43,"column":11}},"17":{"start":{"line":33,"column":12},"end":{"line":42,"column":13}},"18":{"start":{"line":34,"column":16},"end":{"line":34,"column":61}},"19":{"start":{"line":36,"column":16},"end":{"line":41,"column":17}},"20":{"start":{"line":37,"column":35},"end":{"line":37,"column":53}},"21":{"start":{"line":38,"column":20},"end":{"line":38,"column":36}},"22":{"start":{"line":40,"column":20},"end":{"line":40,"column":81}},"23":{"start":{"line":50,"column":4},"end":{"line":50,"column":77}},"24":{"start":{"line":54,"column":4},"end":{"line":54,"column":78}},"25":{"start":{"line":58,"column":4},"end":{"line":58,"column":79}},"26":{"start":{"line":62,"column":0},"end":{"line":66,"column":2}}},"fnMap":{"0":{"name":"callPythonFilter","decl":{"start":{"line":7,"column":9},"end":{"line":7,"column":25}},"loc":{"start":{"line":7,"column":90},"end":{"line":45,"column":1}},"line":7},"1":{"name":"(anonymous_1)","decl":{"start":{"line":8,"column":23},"end":{"line":8,"column":24}},"loc":{"start":{"line":8,"column":44},"end":{"line":44,"column":5}},"line":8},"2":{"name":"(anonymous_2)","decl":{"start":{"line":20,"column":34},"end":{"line":20,"column":35}},"loc":{"start":{"line":20,"column":44},"end":{"line":24,"column":9}},"line":20},"3":{"name":"(anonymous_3)","decl":{"start":{"line":26,"column":34},"end":{"line":26,"column":35}},"loc":{"start":{"line":26,"column":44},"end":{"line":30,"column":9}},"line":26},"4":{"name":"(anonymous_4)","decl":{"start":{"line":32,"column":28},"end":{"line":32,"column":29}},"loc":{"start":{"line":32,"column":38},"end":{"line":43,"column":9}},"line":32},"5":{"name":"lowPassFilter","decl":{"start":{"line":49,"column":9},"end":{"line":49,"column":22}},"loc":{"start":{"line":49,"column":64},"end":{"line":51,"column":1}},"line":49},"6":{"name":"highPassFilter","decl":{"start":{"line":53,"column":9},"end":{"line":53,"column":23}},"loc":{"start":{"line":53,"column":65},"end":{"line":55,"column":1}},"line":53},"7":{"name":"notchFilter","decl":{"start":{"line":57,"column":9},"end":{"line":57,"column":20}},"loc":{"start":{"line":57,"column":62},"end":{"line":59,"column":1}},"line":57}},"branchMap":{"0":{"loc":{"start":{"line":33,"column":12},"end":{"line":42,"column":13}},"type":"if","locations":[{"start":{"line":33,"column":12},"end":{"line":42,"column":13}},{"start":{"line":35,"column":19},"end":{"line":42,"column":13}}],"line":33}},"s":{"0":3,"1":3,"2":3,"3":3,"4":5,"5":5,"6":5,"7":5,"8":5,"9":4,"10":4,"11":4,"12":5,"13":1,"14":1,"15":1,"16":5,"17":5,"18":1,"19":4,"20":4,"21":3,"22":1,"23":3,"24":1,"25":1,"26":3},"f":{"0":5,"1":5,"2":4,"3":1,"4":5,"5":3,"6":1,"7":1},"b":{"0":[1,4]},"_coverageSchema":"1a1c01bbd47fc00a2c39e90264f33305004495a9","hash":"06d781360c3871d7f300e3c05e83ed21afaf9784"}
,"C:\\Users\\canto\\Documents\\ale\\SUPSI\\Bachelor\\Tesi\\MLSmartPhysio_platform\\Backend\\src\\services\\Analysis_services\\normalizationDataServices.js": {"path":"C:\\Users\\canto\\Documents\\ale\\SUPSI\\Bachelor\\Tesi\\MLSmartPhysio_platform\\Backend\\src\\services\\Analysis_services\\normalizationDataServices.js","statementMap":{"0":{"start":{"line":1,"column":18},"end":{"line":1,"column":42}},"1":{"start":{"line":2,"column":13},"end":{"line":2,"column":28}},"2":{"start":{"line":4,"column":19},"end":{"line":4,"column":93}},"3":{"start":{"line":5,"column":19},"end":{"line":5,"column":27}},"4":{"start":{"line":8,"column":4},"end":{"line":43,"column":7}},"5":{"start":{"line":9,"column":24},"end":{"line":14,"column":10}},"6":{"start":{"line":16,"column":21},"end":{"line":16,"column":23}},"7":{"start":{"line":17,"column":20},"end":{"line":17,"column":22}},"8":{"start":{"line":19,"column":8},"end":{"line":23,"column":11}},"9":{"start":{"line":20,"column":27},"end":{"line":20,"column":42}},"10":{"start":{"line":21,"column":12},"end":{"line":21,"column":51}},"11":{"start":{"line":22,"column":12},"end":{"line":22,"column":29}},"12":{"start":{"line":25,"column":8},"end":{"line":29,"column":11}},"13":{"start":{"line":26,"column":24},"end":{"line":26,"column":39}},"14":{"start":{"line":27,"column":12},"end":{"line":27,"column":50}},"15":{"start":{"line":28,"column":12},"end":{"line":28,"column":25}},"16":{"start":{"line":31,"column":8},"end":{"line":42,"column":11}},"17":{"start":{"line":32,"column":12},"end":{"line":41,"column":13}},"18":{"start":{"line":33,"column":16},"end":{"line":33,"column":61}},"19":{"start":{"line":35,"column":16},"end":{"line":40,"column":17}},"20":{"start":{"line":36,"column":35},"end":{"line":36,"column":53}},"21":{"start":{"line":37,"column":20},"end":{"line":37,"column":36}},"22":{"start":{"line":39,"column":20},"end":{"line":39,"column":81}},"23":{"start":{"line":47,"column":4},"end":{"line":47,"column":54}},"24":{"start":{"line":51,"column":4},"end":{"line":51,"column":56}},"25":{"start":{"line":54,"column":0},"end":{"line":57,"column":1}}},"fnMap":{"0":{"name":"callPythonNormalization","decl":{"start":{"line":7,"column":9},"end":{"line":7,"column":32}},"loc":{"start":{"line":7,"column":50},"end":{"line":44,"column":1}},"line":7},"1":{"name":"(anonymous_1)","decl":{"start":{"line":8,"column":23},"end":{"line":8,"column":24}},"loc":{"start":{"line":8,"column":44},"end":{"line":43,"column":5}},"line":8},"2":{"name":"(anonymous_2)","decl":{"start":{"line":19,"column":34},"end":{"line":19,"column":35}},"loc":{"start":{"line":19,"column":44},"end":{"line":23,"column":9}},"line":19},"3":{"name":"(anonymous_3)","decl":{"start":{"line":25,"column":34},"end":{"line":25,"column":35}},"loc":{"start":{"line":25,"column":44},"end":{"line":29,"column":9}},"line":25},"4":{"name":"(anonymous_4)","decl":{"start":{"line":31,"column":28},"end":{"line":31,"column":29}},"loc":{"start":{"line":31,"column":38},"end":{"line":42,"column":9}},"line":31},"5":{"name":"minmaxNormalization","decl":{"start":{"line":46,"column":9},"end":{"line":46,"column":28}},"loc":{"start":{"line":46,"column":38},"end":{"line":48,"column":1}},"line":46},"6":{"name":"standardNormalization","decl":{"start":{"line":50,"column":9},"end":{"line":50,"column":30}},"loc":{"start":{"line":50,"column":40},"end":{"line":52,"column":1}},"line":50}},"branchMap":{"0":{"loc":{"start":{"line":32,"column":12},"end":{"line":41,"column":13}},"type":"if","locations":[{"start":{"line":32,"column":12},"end":{"line":41,"column":13}},{"start":{"line":34,"column":19},"end":{"line":41,"column":13}}],"line":32}},"s":{"0":3,"1":3,"2":3,"3":3,"4":4,"5":4,"6":4,"7":4,"8":4,"9":3,"10":3,"11":3,"12":4,"13":1,"14":1,"15":1,"16":4,"17":4,"18":1,"19":3,"20":3,"21":2,"22":1,"23":2,"24":2,"25":3},"f":{"0":4,"1":4,"2":3,"3":1,"4":4,"5":2,"6":2},"b":{"0":[1,3]},"_coverageSchema":"1a1c01bbd47fc00a2c39e90264f33305004495a9","hash":"cac23de9611daeb6fd501eecf9d377ac524af0a5"}
}
