TN:
SF:src\config\serialConfig.js
FN:21,(anonymous_0)
FN:30,(anonymous_1)
FN:32,(anonymous_2)
FN:41,(anonymous_3)
FN:47,(anonymous_4)
FN:56,(anonymous_5)
FN:61,(anonymous_6)
FN:62,(anonymous_7)
FN:74,(anonymous_8)
FN:75,(anonymous_9)
FN:109,(anonymous_10)
FN:122,(anonymous_11)
FN:131,(anonymous_12)
FN:138,(anonymous_13)
FN:171,(anonymous_14)
FN:172,(anonymous_15)
FN:180,(anonymous_16)
FN:222,(anonymous_17)
FN:222,(anonymous_18)
FN:225,(anonymous_19)
FN:266,(anonymous_20)
FN:270,(anonymous_21)
FN:279,(anonymous_22)
FN:280,(anonymous_23)
FNF:24
FNH:18
FNDA:3,(anonymous_0)
FNDA:3,(anonymous_1)
FNDA:3,(anonymous_2)
FNDA:18,(anonymous_3)
FNDA:15,(anonymous_4)
FNDA:15,(anonymous_5)
FNDA:3,(anonymous_6)
FNDA:0,(anonymous_7)
FNDA:0,(anonymous_8)
FNDA:0,(anonymous_9)
FNDA:3,(anonymous_10)
FNDA:3,(anonymous_11)
FNDA:3,(anonymous_12)
FNDA:3,(anonymous_13)
FNDA:3,(anonymous_14)
FNDA:3,(anonymous_15)
FNDA:0,(anonymous_16)
FNDA:1,(anonymous_17)
FNDA:1,(anonymous_18)
FNDA:1,(anonymous_19)
FNDA:0,(anonymous_20)
FNDA:0,(anonymous_21)
FNDA:2,(anonymous_22)
FNDA:4,(anonymous_23)
DA:2,3
DA:3,3
DA:6,3
DA:9,3
DA:12,3
DA:15,3
DA:18,3
DA:21,3
DA:22,3
DA:30,3
DA:31,3
DA:32,3
DA:33,3
DA:34,0
DA:41,3
DA:42,18
DA:43,3
DA:44,3
DA:47,15
DA:48,15
DA:51,15
DA:56,15
DA:61,3
DA:62,3
DA:63,0
DA:64,0
DA:66,0
DA:67,0
DA:68,0
DA:69,0
DA:70,0
DA:72,0
DA:73,0
DA:74,0
DA:75,0
DA:76,0
DA:77,0
DA:78,0
DA:79,0
DA:80,0
DA:81,0
DA:82,0
DA:84,0
DA:85,0
DA:86,0
DA:91,0
DA:94,0
DA:97,0
DA:98,0
DA:99,0
DA:100,0
DA:109,3
DA:110,3
DA:111,0
DA:113,0
DA:114,0
DA:115,0
DA:118,0
DA:122,3
DA:123,3
DA:124,3
DA:125,3
DA:126,3
DA:131,3
DA:133,3
DA:138,3
DA:139,3
DA:140,3
DA:142,3
DA:144,0
DA:145,0
DA:148,3
DA:150,0
DA:151,0
DA:155,3
DA:156,3
DA:158,0
DA:159,0
DA:163,3
DA:166,3
DA:168,3
DA:171,3
DA:172,3
DA:173,3
DA:174,0
DA:175,0
DA:178,3
DA:180,3
DA:182,0
DA:183,0
DA:184,0
DA:185,0
DA:186,0
DA:191,3
DA:194,3
DA:198,3
DA:199,3
DA:200,0
DA:202,0
DA:204,0
DA:205,0
DA:209,3
DA:210,3
DA:215,3
DA:216,3
DA:218,3
DA:222,3
DA:223,3
DA:225,3
DA:226,1
DA:227,0
DA:230,1
DA:231,1
DA:233,1
DA:235,1
DA:236,2
DA:237,2
DA:238,2
DA:240,2
DA:241,2
DA:242,2
DA:243,0
DA:244,0
DA:245,0
DA:248,0
DA:251,2
DA:252,1
DA:253,1
DA:254,1
DA:257,1
DA:258,1
DA:261,0
DA:262,0
DA:266,3
DA:267,0
DA:270,3
DA:271,0
DA:274,3
DA:279,2
DA:281,4
DA:282,4
DA:283,4
LF:142
LH:83
BRDA:31,0,0,3
BRDA:31,0,1,0
BRDA:31,1,0,3
BRDA:31,1,1,3
BRDA:33,2,0,0
BRDA:33,2,1,3
BRDA:41,3,0,0
BRDA:41,4,0,0
BRDA:42,5,0,3
BRDA:42,5,1,15
BRDA:43,6,0,3
BRDA:43,6,1,0
BRDA:48,7,0,0
BRDA:48,7,1,15
BRDA:67,8,0,0
BRDA:67,8,1,0
BRDA:67,9,0,0
BRDA:67,9,1,0
BRDA:73,10,0,0
BRDA:73,10,1,0
BRDA:76,11,0,0
BRDA:76,11,1,0
BRDA:76,12,0,0
BRDA:76,12,1,0
BRDA:80,13,0,0
BRDA:80,13,1,0
BRDA:97,14,0,0
BRDA:97,14,1,0
BRDA:97,15,0,0
BRDA:97,15,1,0
BRDA:109,16,0,0
BRDA:110,17,0,0
BRDA:110,17,1,3
BRDA:113,18,0,0
BRDA:113,18,1,0
BRDA:123,19,0,3
BRDA:123,19,1,0
BRDA:142,20,0,0
BRDA:142,20,1,3
BRDA:148,21,0,0
BRDA:148,21,1,3
BRDA:156,22,0,0
BRDA:156,22,1,3
BRDA:173,23,0,0
BRDA:173,23,1,3
BRDA:183,24,0,0
BRDA:183,24,1,0
BRDA:202,25,0,0
BRDA:202,25,1,0
BRDA:209,26,0,3
BRDA:209,26,1,0
BRDA:218,27,0,0
BRDA:218,27,1,3
BRDA:225,28,0,0
BRDA:225,29,0,0
BRDA:226,30,0,0
BRDA:226,30,1,1
BRDA:242,31,0,0
BRDA:242,31,1,2
BRDA:242,32,0,2
BRDA:242,32,1,0
BRDA:242,32,2,0
BRDA:251,33,0,1
BRDA:251,33,1,1
BRDA:251,34,0,2
BRDA:251,34,1,2
BRF:66
BRH:23
end_of_record
TN:
SF:src\controller\DoctorController.js
FN:7,(anonymous_0)
FN:17,(anonymous_1)
FN:26,(anonymous_2)
FN:36,(anonymous_3)
FN:47,(anonymous_4)
FNF:5
FNH:5
FNDA:1,(anonymous_0)
FNDA:1,(anonymous_1)
FNDA:1,(anonymous_2)
FNDA:1,(anonymous_3)
FNDA:1,(anonymous_4)
DA:1,2
DA:2,2
DA:4,2
DA:5,2
DA:7,2
DA:8,1
DA:9,1
DA:11,1
DA:13,0
DA:17,2
DA:18,1
DA:19,1
DA:20,1
DA:22,0
DA:26,2
DA:27,1
DA:28,1
DA:29,1
DA:31,0
DA:36,2
DA:37,1
DA:38,1
DA:39,1
DA:40,1
DA:42,0
DA:47,2
DA:48,1
DA:49,1
DA:51,1
DA:53,0
DA:57,2
LF:31
LH:26
BRF:0
BRH:0
end_of_record
TN:
SF:src\controller\appointmentsController.js
FN:3,(anonymous_0)
FN:13,(anonymous_1)
FN:22,(anonymous_2)
FN:31,(anonymous_3)
FN:41,(anonymous_4)
FN:50,(anonymous_5)
FNF:6
FNH:6
FNDA:1,(anonymous_0)
FNDA:1,(anonymous_1)
FNDA:1,(anonymous_2)
FNDA:1,(anonymous_3)
FNDA:1,(anonymous_4)
FNDA:2,(anonymous_5)
DA:1,2
DA:3,2
DA:4,1
DA:5,1
DA:6,1
DA:7,1
DA:9,0
DA:13,2
DA:14,1
DA:15,1
DA:16,1
DA:18,0
DA:22,2
DA:23,1
DA:24,1
DA:25,1
DA:27,0
DA:31,2
DA:32,1
DA:33,1
DA:34,1
DA:35,1
DA:37,0
DA:41,2
DA:42,1
DA:43,1
DA:44,1
DA:46,0
DA:50,2
DA:51,2
DA:52,2
DA:53,2
DA:54,1
DA:56,1
DA:58,0
DA:66,2
LF:36
LH:30
BRDA:33,0,0,1
BRDA:33,0,1,0
BRDA:53,1,0,1
BRDA:53,1,1,1
BRF:4
BRH:3
end_of_record
TN:
SF:src\controller\inertialDataController.js
FN:10,(anonymous_0)
FN:22,(anonymous_1)
FN:31,(anonymous_2)
FN:41,(anonymous_3)
FN:51,(anonymous_4)
FN:60,(anonymous_5)
FNF:6
FNH:4
FNDA:2,(anonymous_0)
FNDA:0,(anonymous_1)
FNDA:2,(anonymous_2)
FNDA:2,(anonymous_3)
FNDA:0,(anonymous_4)
FNDA:2,(anonymous_5)
DA:2,2
DA:4,2
DA:6,2
DA:7,2
DA:10,2
DA:11,2
DA:13,2
DA:16,2
DA:18,0
DA:22,2
DA:23,0
DA:24,0
DA:25,0
DA:27,0
DA:31,2
DA:32,2
DA:34,2
DA:36,0
DA:41,2
DA:42,2
DA:44,2
DA:45,2
DA:47,0
DA:51,2
DA:52,0
DA:53,0
DA:54,0
DA:56,0
DA:60,2
DA:61,2
DA:64,2
DA:67,2
DA:70,2
DA:73,2
DA:76,0
DA:80,2
LF:36
LH:24
BRF:0
BRH:0
end_of_record
TN:
SF:src\controller\loginController.js
FN:8,(anonymous_0)
FN:19,(anonymous_1)
FNF:2
FNH:2
FNDA:2,(anonymous_0)
FNDA:2,(anonymous_1)
DA:1,2
DA:2,2
DA:3,2
DA:5,2
DA:6,2
DA:8,2
DA:9,2
DA:10,2
DA:11,2
DA:12,2
DA:13,1
DA:15,1
DA:19,2
DA:20,2
DA:21,2
DA:22,2
DA:23,2
DA:24,2
DA:26,2
DA:27,1
DA:29,1
DA:33,2
LF:22
LH:22
BRDA:10,0,0,2
BRDA:10,0,1,0
BRDA:22,1,0,2
BRDA:22,1,1,0
BRF:4
BRH:2
end_of_record
TN:
SF:src\controller\patientController.js
FN:3,(anonymous_0)
FN:12,(anonymous_1)
FN:24,(anonymous_2)
FN:33,(anonymous_3)
FN:43,(anonymous_4)
FN:59,(anonymous_5)
FNF:6
FNH:3
FNDA:0,(anonymous_0)
FNDA:0,(anonymous_1)
FNDA:0,(anonymous_2)
FNDA:1,(anonymous_3)
FNDA:2,(anonymous_4)
FNDA:1,(anonymous_5)
DA:1,2
DA:3,2
DA:4,0
DA:5,0
DA:6,0
DA:8,0
DA:12,2
DA:13,0
DA:14,0
DA:15,0
DA:16,0
DA:18,0
DA:20,0
DA:24,2
DA:25,0
DA:26,0
DA:27,0
DA:29,0
DA:33,2
DA:34,1
DA:35,1
DA:36,1
DA:37,1
DA:39,0
DA:43,2
DA:44,2
DA:45,2
DA:48,2
DA:49,1
DA:53,1
DA:55,0
DA:59,2
DA:60,1
DA:61,1
DA:62,1
DA:68,1
DA:70,0
DA:74,2
LF:38
LH:21
BRDA:15,0,0,0
BRDA:15,0,1,0
BRDA:35,1,0,1
BRDA:35,1,1,0
BRDA:48,2,0,1
BRDA:48,2,1,1
BRDA:48,3,0,2
BRDA:48,3,1,2
BRDA:61,4,0,1
BRDA:61,4,1,0
BRF:10
BRH:6
end_of_record
TN:
SF:src\controller\sEMGdataController.js
FN:9,(anonymous_0)
FN:22,(anonymous_1)
FN:31,(anonymous_2)
FN:41,(anonymous_3)
FN:51,(anonymous_4)
FN:60,(anonymous_5)
FNF:6
FNH:4
FNDA:1,(anonymous_0)
FNDA:0,(anonymous_1)
FNDA:1,(anonymous_2)
FNDA:1,(anonymous_3)
FNDA:0,(anonymous_4)
FNDA:1,(anonymous_5)
DA:1,2
DA:3,2
DA:5,2
DA:6,2
DA:9,2
DA:10,1
DA:12,1
DA:15,1
DA:16,1
DA:18,0
DA:22,2
DA:23,0
DA:24,0
DA:25,0
DA:27,0
DA:31,2
DA:32,1
DA:34,1
DA:36,0
DA:41,2
DA:42,1
DA:44,1
DA:45,1
DA:47,0
DA:51,2
DA:52,0
DA:53,0
DA:54,0
DA:56,0
DA:60,2
DA:61,1
DA:64,1
DA:67,1
DA:70,1
DA:73,1
DA:76,0
DA:80,2
LF:37
LH:25
BRF:0
BRH:0
end_of_record
TN:
SF:src\controller\serialController.js
FN:4,(anonymous_0)
FN:13,(anonymous_1)
FN:23,(anonymous_2)
FN:29,(anonymous_3)
FNF:4
FNH:4
FNDA:1,(anonymous_0)
FNDA:1,(anonymous_1)
FNDA:1,(anonymous_2)
FNDA:3,(anonymous_3)
DA:1,2
DA:2,2
DA:4,2
DA:5,1
DA:7,1
DA:9,0
DA:13,2
DA:14,1
DA:16,1
DA:18,0
DA:23,2
DA:24,1
DA:25,1
DA:29,2
DA:30,3
DA:31,3
DA:32,3
DA:34,3
DA:35,0
DA:38,3
DA:40,3
DA:42,2
DA:43,1
DA:44,1
DA:47,2
DA:49,1
DA:50,1
DA:56,2
LF:28
LH:25
BRDA:34,0,0,0
BRDA:34,0,1,3
BRDA:42,1,0,1
BRDA:42,1,1,1
BRF:4
BRH:3
end_of_record
TN:
SF:src\controller\sessionController.js
FN:3,(anonymous_0)
FN:12,(anonymous_1)
FN:24,(anonymous_2)
FN:34,(anonymous_3)
FN:43,(anonymous_4)
FN:56,(anonymous_5)
FN:66,(anonymous_6)
FN:76,(anonymous_7)
FN:85,(anonymous_8)
FNF:9
FNH:6
FNDA:1,(anonymous_0)
FNDA:2,(anonymous_1)
FNDA:1,(anonymous_2)
FNDA:1,(anonymous_3)
FNDA:2,(anonymous_4)
FNDA:1,(anonymous_5)
FNDA:0,(anonymous_6)
FNDA:0,(anonymous_7)
FNDA:0,(anonymous_8)
DA:1,2
DA:3,2
DA:4,1
DA:5,1
DA:6,1
DA:8,0
DA:12,2
DA:13,2
DA:14,2
DA:15,2
DA:16,1
DA:18,1
DA:20,0
DA:24,2
DA:25,1
DA:26,1
DA:27,1
DA:29,0
DA:34,2
DA:35,1
DA:36,1
DA:37,1
DA:39,0
DA:43,2
DA:44,2
DA:46,2
DA:47,2
DA:48,1
DA:50,1
DA:52,0
DA:56,2
DA:57,1
DA:58,1
DA:59,1
DA:61,0
DA:62,0
DA:66,2
DA:67,0
DA:68,0
DA:69,0
DA:70,0
DA:72,0
DA:76,2
DA:77,0
DA:78,0
DA:79,0
DA:81,0
DA:85,2
DA:86,0
DA:87,0
DA:88,0
DA:90,0
DA:98,2
LF:53
LH:33
BRDA:15,0,0,1
BRDA:15,0,1,1
BRDA:47,1,0,1
BRDA:47,1,1,1
BRF:4
BRH:4
end_of_record
TN:
SF:src\controller\Analysis_controller\cleaningDataController.js
FN:7,parseBool
FN:11,(anonymous_1)
FN:32,(anonymous_2)
FN:51,(anonymous_3)
FN:69,(anonymous_4)
FNF:5
FNH:5
FNDA:9,parseBool
FNDA:3,(anonymous_1)
FNDA:1,(anonymous_2)
FNDA:1,(anonymous_3)
FNDA:1,(anonymous_4)
DA:1,2
DA:2,2
DA:3,2
DA:8,9
DA:11,2
DA:12,3
DA:13,3
DA:15,3
DA:17,3
DA:18,3
DA:21,3
DA:22,1
DA:25,2
DA:26,1
DA:28,1
DA:32,2
DA:33,1
DA:34,1
DA:36,1
DA:37,1
DA:38,1
DA:40,1
DA:41,0
DA:44,1
DA:45,1
DA:47,0
DA:51,2
DA:52,1
DA:53,1
DA:54,1
DA:55,1
DA:56,1
DA:58,1
DA:59,0
DA:62,1
DA:63,1
DA:65,0
DA:69,2
DA:70,1
DA:71,1
DA:72,1
DA:73,1
DA:74,1
DA:76,1
DA:77,0
DA:80,1
DA:81,1
DA:83,0
DA:88,2
LF:49
LH:43
BRDA:8,0,0,9
BRDA:8,0,1,6
BRDA:21,1,0,1
BRDA:21,1,1,2
BRDA:40,2,0,0
BRDA:40,2,1,1
BRDA:58,3,0,0
BRDA:58,3,1,1
BRDA:76,4,0,0
BRDA:76,4,1,1
BRF:10
BRH:7
end_of_record
TN:
SF:src\controller\Analysis_controller\filteringDataController.js
FN:7,parseBool
FN:11,(anonymous_1)
FN:32,(anonymous_2)
FN:52,(anonymous_3)
FNF:4
FNH:3
FNDA:0,parseBool
FNDA:3,(anonymous_1)
FNDA:1,(anonymous_2)
FNDA:1,(anonymous_3)
DA:1,2
DA:2,2
DA:3,2
DA:8,0
DA:11,2
DA:12,3
DA:13,3
DA:15,3
DA:17,3
DA:18,3
DA:21,3
DA:22,1
DA:25,2
DA:26,1
DA:28,1
DA:32,2
DA:33,1
DA:34,1
DA:36,1
DA:38,1
DA:39,1
DA:41,1
DA:42,0
DA:45,1
DA:46,1
DA:48,0
DA:52,2
DA:53,1
DA:54,1
DA:56,1
DA:58,1
DA:59,1
DA:61,1
DA:62,0
DA:65,1
DA:66,1
DA:68,0
DA:75,2
LF:38
LH:33
BRDA:8,0,0,0
BRDA:8,0,1,0
BRDA:21,1,0,1
BRDA:21,1,1,2
BRDA:41,2,0,0
BRDA:41,2,1,1
BRDA:61,3,0,0
BRDA:61,3,1,1
BRF:8
BRH:4
end_of_record
TN:
SF:src\controller\Analysis_controller\normalizationDataController.js
FN:5,(anonymous_0)
FN:26,(anonymous_1)
FNF:2
FNH:2
FNDA:3,(anonymous_0)
FNDA:1,(anonymous_1)
DA:1,2
DA:2,2
DA:3,2
DA:5,2
DA:6,3
DA:7,3
DA:9,3
DA:11,3
DA:12,3
DA:15,3
DA:16,1
DA:19,2
DA:20,1
DA:22,1
DA:26,2
DA:27,1
DA:28,1
DA:30,1
DA:32,1
DA:33,1
DA:36,1
DA:37,0
DA:40,1
DA:41,1
DA:43,0
DA:47,2
LF:26
LH:24
BRDA:15,0,0,1
BRDA:15,0,1,2
BRDA:36,1,0,0
BRDA:36,1,1,1
BRF:4
BRH:3
end_of_record
TN:
SF:src\models\Appointment.js
FNF:0
FNH:0
DA:1,8
DA:3,8
DA:30,8
LF:3
LH:3
BRF:0
BRH:0
end_of_record
TN:
SF:src\models\Doctor.js
FNF:0
FNH:0
DA:1,13
DA:3,13
DA:46,13
LF:3
LH:3
BRF:0
BRH:0
end_of_record
TN:
SF:src\models\Patient.js
FNF:0
FNH:0
DA:1,13
DA:3,13
DA:51,13
LF:3
LH:3
BRF:0
BRH:0
end_of_record
TN:
SF:src\models\Session.js
FNF:0
FNH:0
DA:1,6
DA:3,6
DA:32,6
LF:3
LH:3
BRF:0
BRH:0
end_of_record
TN:
SF:src\models\inertialDataModel.js
FN:13,(anonymous_0)
FN:14,(anonymous_1)
FNF:2
FNH:2
FNDA:3,(anonymous_0)
FNDA:9,(anonymous_1)
DA:1,10
DA:3,10
DA:14,9
DA:25,10
LF:4
LH:4
BRDA:14,0,0,3
BRDA:14,0,1,1
BRF:2
BRH:2
end_of_record
TN:
SF:src\models\sEMGdataModel.js
FN:13,(anonymous_0)
FN:14,(anonymous_1)
FNF:2
FNH:2
FNDA:3,(anonymous_0)
FNDA:8,(anonymous_1)
DA:1,10
DA:3,10
DA:14,8
DA:25,10
LF:4
LH:4
BRDA:14,0,0,3
BRDA:14,0,1,1
BRF:2
BRH:2
end_of_record
TN:
SF:src\routes\appointmentsRoutes.js
FNF:0
FNH:0
DA:1,1
DA:2,1
DA:4,1
DA:5,1
DA:7,1
DA:8,1
DA:9,1
DA:10,1
DA:11,1
DA:13,1
LF:10
LH:10
BRF:0
BRH:0
end_of_record
TN:
SF:src\routes\doctorRoutes.js
FNF:0
FNH:0
DA:1,1
DA:3,1
DA:5,1
DA:6,1
DA:8,1
DA:9,1
DA:10,1
DA:11,1
DA:12,1
DA:14,1
LF:10
LH:10
BRF:0
BRH:0
end_of_record
TN:
SF:src\routes\inertialDataRoutes.js
FNF:0
FNH:0
DA:1,1
DA:2,1
DA:4,1
DA:7,1
DA:8,1
DA:9,1
DA:11,1
DA:13,1
DA:14,1
DA:15,1
LF:10
LH:10
BRF:0
BRH:0
end_of_record
TN:
SF:src\routes\loginRoutes.js
FNF:0
FNH:0
DA:1,1
DA:3,1
DA:5,1
DA:7,1
DA:8,1
DA:10,1
LF:6
LH:6
BRF:0
BRH:0
end_of_record
TN:
SF:src\routes\patienceRoutes.js
FNF:0
FNH:0
DA:1,1
DA:2,1
DA:4,1
DA:5,1
DA:7,1
DA:8,1
DA:9,1
DA:10,1
DA:11,1
DA:12,1
DA:14,1
LF:11
LH:11
BRF:0
BRH:0
end_of_record
TN:
SF:src\routes\sEMGdataRoutes.js
FNF:0
FNH:0
DA:1,1
DA:2,1
DA:4,1
DA:7,1
DA:8,1
DA:9,1
DA:12,1
DA:13,1
DA:15,1
DA:17,1
LF:10
LH:10
BRF:0
BRH:0
end_of_record
TN:
SF:src\routes\serialRoutes.js
FNF:0
FNH:0
DA:1,1
DA:2,1
DA:4,1
DA:6,1
DA:7,1
DA:8,1
DA:9,1
DA:11,1
LF:8
LH:8
BRF:0
BRH:0
end_of_record
TN:
SF:src\routes\sessionRoutes.js
FN:22,(anonymous_0)
FNF:1
FNH:0
FNDA:0,(anonymous_0)
DA:1,1
DA:2,1
DA:5,1
DA:6,1
DA:8,1
DA:9,1
DA:10,1
DA:11,1
DA:12,1
DA:13,1
DA:14,1
DA:15,1
DA:16,1
DA:18,1
DA:19,1
DA:20,1
DA:22,1
DA:23,0
DA:24,0
DA:26,0
DA:27,0
DA:30,0
DA:32,0
DA:33,0
DA:34,0
DA:37,0
DA:41,1
LF:27
LH:18
BRDA:26,0,0,0
BRDA:26,0,1,0
BRDA:26,1,0,0
BRDA:26,1,1,0
BRDA:32,2,0,0
BRDA:32,2,1,0
BRF:6
BRH:0
end_of_record
TN:
SF:src\routes\Analysis_routes\cleaningDataRoutes.js
FNF:0
FNH:0
DA:1,1
DA:2,1
DA:3,1
DA:6,1
DA:9,1
DA:12,1
DA:15,1
DA:17,1
LF:8
LH:8
BRF:0
BRH:0
end_of_record
TN:
SF:src\routes\Analysis_routes\filteringDataRoutes.js
FNF:0
FNH:0
DA:1,1
DA:2,1
DA:3,1
DA:6,1
DA:9,1
DA:12,1
DA:14,1
LF:7
LH:7
BRF:0
BRH:0
end_of_record
TN:
SF:src\routes\Analysis_routes\normalizationDataRoutes.js
FNF:0
FNH:0
DA:1,1
DA:2,1
DA:3,1
DA:6,1
DA:9,1
DA:12,1
LF:6
LH:6
BRF:0
BRH:0
end_of_record
TN:
SF:src\services\AppointmentsService.js
FN:6,(anonymous_0)
FN:16,(anonymous_1)
FN:19,(anonymous_2)
FN:25,(anonymous_3)
FN:28,(anonymous_4)
FN:34,(anonymous_5)
FN:81,(anonymous_6)
FN:93,(anonymous_7)
FNF:8
FNH:7
FNDA:1,(anonymous_0)
FNDA:1,(anonymous_1)
FNDA:1,(anonymous_2)
FNDA:1,(anonymous_3)
FNDA:1,(anonymous_4)
FNDA:5,(anonymous_5)
FNDA:0,(anonymous_6)
FNDA:1,(anonymous_7)
DA:1,3
DA:2,3
DA:3,3
DA:4,3
DA:6,3
DA:7,1
DA:8,1
DA:9,1
DA:11,0
DA:16,3
DA:17,1
DA:18,1
DA:19,1
DA:21,0
DA:25,3
DA:26,1
DA:27,1
DA:28,1
DA:30,0
DA:34,3
DA:35,5
DA:37,5
DA:38,0
DA:41,5
DA:42,5
DA:44,5
DA:52,5
DA:54,5
DA:55,0
DA:58,5
DA:66,5
DA:68,5
DA:72,5
DA:76,5
DA:81,3
DA:82,0
DA:83,0
DA:84,0
DA:86,0
DA:89,0
DA:93,3
DA:95,1
DA:96,1
DA:97,0
DA:100,1
DA:102,1
DA:104,1
DA:108,1
DA:112,1
DA:117,3
LF:50
LH:39
BRDA:37,0,0,0
BRDA:37,0,1,5
BRDA:37,1,0,5
BRDA:37,1,1,5
BRDA:37,1,2,5
BRDA:54,2,0,0
BRDA:54,2,1,5
BRDA:96,3,0,0
BRDA:96,3,1,1
BRF:9
BRH:6
end_of_record
TN:
SF:src\services\DoctorServices.js
FN:4,getAllDoctors
FN:13,getDoctorById
FN:25,getDoctorByEmail
FN:30,getDoctorAppointments
FN:48,createNewDoctor
FN:64,deleteDoctor
FNF:6
FNH:5
FNDA:1,getAllDoctors
FNDA:1,getDoctorById
FNDA:9,getDoctorByEmail
FNDA:0,getDoctorAppointments
FNDA:5,createNewDoctor
FNDA:1,deleteDoctor
DA:1,6
DA:5,1
DA:6,1
DA:7,1
DA:9,0
DA:14,1
DA:15,1
DA:16,1
DA:17,0
DA:19,1
DA:21,0
DA:26,9
DA:27,9
DA:31,0
DA:32,0
DA:34,0
DA:35,0
DA:39,0
DA:41,0
DA:42,0
DA:49,5
DA:50,5
DA:51,0
DA:54,5
DA:56,5
DA:57,5
DA:59,0
DA:65,1
DA:66,1
DA:68,1
DA:69,0
DA:72,1
DA:74,0
DA:78,6
LF:34
LH:20
BRDA:16,0,0,0
BRDA:16,0,1,1
BRDA:34,1,0,0
BRDA:34,1,1,0
BRDA:39,2,0,0
BRDA:39,2,1,0
BRDA:50,3,0,0
BRDA:50,3,1,5
BRDA:68,4,0,0
BRDA:68,4,1,1
BRF:10
BRH:3
end_of_record
TN:
SF:src\services\inertialDataService.js
FN:7,getAllInertialData
FN:16,(anonymous_1)
FN:22,getDataByChannel
FN:51,deleteAllInertialData
FN:60,(anonymous_4)
FN:65,saveInertialData
FN:68,(anonymous_6)
FN:71,(anonymous_7)
FN:81,(anonymous_8)
FN:95,InertialasCSVexport
FN:101,(anonymous_10)
FN:103,(anonymous_11)
FNF:12
FNH:10
FNDA:1,getAllInertialData
FNDA:0,(anonymous_1)
FNDA:3,getDataByChannel
FNDA:1,deleteAllInertialData
FNDA:0,(anonymous_4)
FNDA:1,saveInertialData
FNDA:2,(anonymous_6)
FNDA:9,(anonymous_7)
FNDA:1,(anonymous_8)
FNDA:1,InertialasCSVexport
FNDA:2,(anonymous_10)
FNDA:6,(anonymous_11)
DA:2,5
DA:3,5
DA:8,1
DA:9,1
DA:10,1
DA:12,0
DA:16,5
DA:17,0
DA:18,0
DA:25,3
DA:26,2
DA:29,1
DA:30,1
DA:33,1
DA:35,1
DA:37,2
DA:39,2
DA:43,1
DA:46,0
DA:52,1
DA:53,1
DA:54,1
DA:56,0
DA:60,5
DA:61,0
DA:66,1
DA:68,1
DA:69,2
DA:71,9
DA:75,1
DA:76,0
DA:77,0
DA:81,1
DA:87,1
DA:89,1
DA:91,0
DA:96,1
DA:98,1
DA:101,1
DA:102,2
DA:103,2
DA:105,6
DA:107,2
DA:111,1
DA:114,1
DA:118,0
DA:124,5
LF:47
LH:37
BRDA:25,0,0,2
BRDA:25,0,1,1
BRDA:25,1,0,3
BRDA:25,1,1,2
BRDA:37,2,0,2
BRDA:37,2,1,0
BRDA:69,3,0,2
BRDA:69,3,1,2
BRDA:69,3,2,1
BRDA:75,4,0,0
BRDA:75,4,1,1
BRDA:103,5,0,2
BRDA:103,5,1,0
BRDA:105,6,0,6
BRDA:105,6,1,0
BRF:15
BRH:11
end_of_record
TN:
SF:src\services\loginServices.js
FN:8,registerNewUser
FN:69,login
FN:104,hashPassword
FNF:3
FNH:3
FNDA:6,registerNewUser
FNDA:3,login
FNDA:4,hashPassword
DA:1,3
DA:2,3
DA:3,3
DA:4,3
DA:6,3
DA:9,6
DA:10,6
DA:15,1
DA:18,5
DA:19,5
DA:20,1
DA:22,4
DA:23,4
DA:25,4
DA:26,4
DA:28,4
DA:29,0
DA:32,4
DA:34,4
DA:45,4
DA:47,4
DA:58,4
DA:65,2
DA:70,3
DA:71,3
DA:73,3
DA:74,1
DA:77,2
DA:78,2
DA:79,1
DA:82,1
DA:93,1
DA:100,2
DA:105,4
DA:106,4
DA:109,3
LF:36
LH:35
BRDA:10,0,0,1
BRDA:10,0,1,5
BRDA:11,1,0,6
BRDA:11,1,1,6
BRDA:11,1,2,6
BRDA:11,1,3,5
BRDA:11,1,4,5
BRDA:11,1,5,5
BRDA:11,1,6,5
BRDA:11,1,7,5
BRDA:19,2,0,1
BRDA:19,2,1,4
BRDA:28,3,0,0
BRDA:28,3,1,4
BRDA:73,4,0,1
BRDA:73,4,1,2
BRDA:78,5,0,1
BRDA:78,5,1,1
BRF:18
BRH:17
end_of_record
TN:
SF:src\services\patientService.js
FN:8,(anonymous_0)
FN:13,(anonymous_1)
FN:18,(anonymous_2)
FN:23,(anonymous_3)
FN:62,(anonymous_4)
FN:77,(anonymous_5)
FNF:6
FNH:6
FNDA:1,(anonymous_0)
FNDA:1,(anonymous_1)
FNDA:1,(anonymous_2)
FNDA:9,(anonymous_3)
FNDA:1,(anonymous_4)
FNDA:2,(anonymous_5)
DA:1,3
DA:2,3
DA:3,3
DA:4,3
DA:5,3
DA:8,3
DA:9,1
DA:13,3
DA:14,1
DA:18,3
DA:19,1
DA:23,3
DA:24,9
DA:29,1
DA:32,8
DA:33,8
DA:35,8
DA:36,8
DA:38,8
DA:39,1
DA:42,7
DA:47,7
DA:49,7
DA:56,7
DA:62,3
DA:63,1
DA:65,1
DA:70,1
DA:77,3
DA:79,2
DA:80,2
DA:81,0
DA:84,2
DA:89,0
DA:92,2
DA:93,2
DA:95,2
DA:96,2
DA:98,2
DA:99,1
DA:103,1
DA:104,1
DA:105,1
DA:106,1
DA:107,1
DA:108,1
DA:109,1
DA:110,1
DA:112,1
DA:113,1
DA:117,3
LF:51
LH:49
BRDA:24,0,0,1
BRDA:24,0,1,8
BRDA:25,1,0,9
BRDA:25,1,1,9
BRDA:25,1,2,9
BRDA:25,1,3,9
BRDA:25,1,4,9
BRDA:25,1,5,8
BRDA:25,1,6,8
BRDA:38,2,0,1
BRDA:38,2,1,7
BRDA:80,3,0,0
BRDA:80,3,1,2
BRDA:84,4,0,0
BRDA:84,4,1,2
BRDA:85,5,0,2
BRDA:85,5,1,2
BRDA:85,5,2,2
BRDA:85,5,3,2
BRDA:85,5,4,2
BRDA:85,5,5,2
BRDA:85,5,6,2
BRDA:98,6,0,1
BRDA:98,6,1,1
BRF:24
BRH:22
end_of_record
TN:
SF:src\services\sEMGdataService.js
FN:5,getAllsEMGdata
FN:14,(anonymous_1)
FN:20,getDataByChannel
FN:49,deleteAllsEMGdata
FN:58,(anonymous_4)
FN:64,savesEMGdata
FN:67,(anonymous_6)
FN:70,(anonymous_7)
FN:80,(anonymous_8)
FN:95,sEMGasCSVexport
FN:101,(anonymous_10)
FN:103,(anonymous_11)
FNF:12
FNH:10
FNDA:1,getAllsEMGdata
FNDA:0,(anonymous_1)
FNDA:3,getDataByChannel
FNDA:1,deleteAllsEMGdata
FNDA:0,(anonymous_4)
FNDA:1,savesEMGdata
FNDA:4,(anonymous_6)
FNDA:16,(anonymous_7)
FNDA:1,(anonymous_8)
FNDA:1,sEMGasCSVexport
FNDA:2,(anonymous_10)
FNDA:6,(anonymous_11)
DA:1,5
DA:2,5
DA:6,1
DA:7,1
DA:8,1
DA:10,0
DA:14,5
DA:15,0
DA:16,0
DA:23,3
DA:24,2
DA:27,1
DA:28,1
DA:31,1
DA:33,1
DA:35,2
DA:37,2
DA:41,1
DA:44,0
DA:50,1
DA:51,1
DA:52,1
DA:54,0
DA:58,5
DA:59,0
DA:65,1
DA:67,1
DA:68,4
DA:70,16
DA:74,1
DA:75,0
DA:76,0
DA:80,1
DA:86,1
DA:90,0
DA:96,1
DA:98,1
DA:101,1
DA:102,2
DA:103,2
DA:105,6
DA:107,2
DA:111,1
DA:114,1
DA:117,0
DA:121,5
LF:46
LH:36
BRDA:23,0,0,2
BRDA:23,0,1,1
BRDA:23,1,0,3
BRDA:23,1,1,2
BRDA:35,2,0,2
BRDA:35,2,1,0
BRDA:68,3,0,4
BRDA:68,3,1,3
BRDA:68,3,2,2
BRDA:74,4,0,0
BRDA:74,4,1,1
BRF:11
BRH:9
end_of_record
TN:
SF:src\services\serialService.js
FN:20,(anonymous_0)
FN:23,(anonymous_1)
FN:27,(anonymous_2)
FN:40,(anonymous_3)
FN:43,(anonymous_4)
FN:57,(anonymous_5)
FN:67,(anonymous_6)
FN:72,(anonymous_7)
FN:134,(anonymous_8)
FN:166,(anonymous_9)
FN:189,(anonymous_10)
FN:193,(anonymous_11)
FN:194,(anonymous_12)
FN:199,(anonymous_13)
FN:222,(anonymous_14)
FN:229,(anonymous_15)
FN:234,(anonymous_16)
FN:238,(anonymous_17)
FN:238,(anonymous_18)
FN:240,(anonymous_19)
FN:255,(anonymous_20)
FN:256,(anonymous_21)
FN:280,(anonymous_22)
FN:281,(anonymous_23)
FNF:24
FNH:17
FNDA:0,(anonymous_0)
FNDA:0,(anonymous_1)
FNDA:0,(anonymous_2)
FNDA:4,(anonymous_3)
FNDA:5,(anonymous_4)
FNDA:6,(anonymous_5)
FNDA:3,(anonymous_6)
FNDA:2,(anonymous_7)
FNDA:0,(anonymous_8)
FNDA:0,(anonymous_9)
FNDA:1,(anonymous_10)
FNDA:8,(anonymous_11)
FNDA:8,(anonymous_12)
FNDA:1,(anonymous_13)
FNDA:4,(anonymous_14)
FNDA:0,(anonymous_15)
FNDA:0,(anonymous_16)
FNDA:2,(anonymous_17)
FNDA:2,(anonymous_18)
FNDA:2,(anonymous_19)
FNDA:2,(anonymous_20)
FNDA:2,(anonymous_21)
FNDA:4,(anonymous_22)
FNDA:5,(anonymous_23)
DA:1,3
DA:2,3
DA:3,3
DA:6,3
DA:10,3
DA:16,3
DA:18,3
DA:20,3
DA:21,0
DA:23,0
DA:24,0
DA:25,0
DA:27,0
DA:28,0
DA:29,0
DA:31,0
DA:32,0
DA:33,0
DA:40,4
DA:43,3
DA:45,5
DA:46,1
DA:47,1
DA:51,4
DA:53,3
DA:55,6
DA:57,6
DA:58,6
DA:59,0
DA:61,6
DA:67,3
DA:72,3
DA:73,2
DA:75,2
DA:76,1
DA:78,1
DA:81,1
DA:83,1
DA:86,1
DA:88,1
DA:89,0
DA:90,0
DA:94,1
DA:95,0
DA:96,0
DA:100,1
DA:102,1
DA:103,1
DA:105,1
DA:106,1
DA:109,1
DA:110,0
DA:111,0
DA:115,1
DA:116,1
DA:119,1
DA:123,3
DA:126,3
DA:129,3
DA:132,3
DA:134,3
DA:136,0
DA:139,0
DA:140,0
DA:143,0
DA:146,0
DA:149,0
DA:152,0
DA:155,0
DA:158,0
DA:159,0
DA:160,0
DA:166,3
DA:167,0
DA:168,0
DA:169,0
DA:171,0
DA:173,0
DA:175,0
DA:176,0
DA:177,0
DA:178,0
DA:179,0
DA:180,0
DA:183,0
DA:189,3
DA:190,1
DA:193,8
DA:194,8
DA:199,3
DA:200,1
DA:203,1
DA:206,1
DA:208,1
DA:209,1
DA:210,9
DA:211,9
DA:212,9
DA:214,0
DA:219,1
DA:222,3
DA:223,4
DA:224,1
DA:227,4
DA:228,3
DA:229,3
DA:232,4
DA:233,3
DA:234,3
DA:238,3
DA:240,3
DA:241,2
DA:243,2
DA:244,2
DA:246,2
DA:247,1
DA:248,1
DA:251,1
DA:252,2
DA:254,2
DA:255,2
DA:256,2
DA:257,2
DA:258,0
DA:260,2
DA:262,2
DA:266,0
DA:271,1
DA:273,1
DA:274,1
DA:280,4
DA:281,3
DA:282,5
DA:283,5
DA:285,3
DA:286,3
DA:288,3
LF:137
LH:94
BRDA:31,0,0,0
BRDA:31,0,1,0
BRDA:43,1,0,1
BRDA:43,2,0,2
BRDA:45,3,0,1
BRDA:45,3,1,4
BRDA:45,4,0,5
BRDA:45,4,1,1
BRDA:51,5,0,3
BRDA:51,5,1,1
BRDA:55,6,0,6
BRDA:55,6,1,0
BRDA:55,7,0,6
BRDA:55,7,1,6
BRDA:58,8,0,0
BRDA:58,8,1,6
BRDA:75,9,0,1
BRDA:75,9,1,1
BRDA:88,10,0,0
BRDA:88,10,1,1
BRDA:94,11,0,0
BRDA:94,11,1,1
BRDA:94,12,0,1
BRDA:94,12,1,1
BRDA:109,13,0,0
BRDA:109,13,1,1
BRDA:109,14,0,1
BRDA:109,14,1,1
BRDA:149,15,0,0
BRDA:149,15,1,0
BRDA:155,16,0,0
BRDA:155,16,1,0
BRDA:158,17,0,0
BRDA:158,17,1,0
BRDA:175,18,0,0
BRDA:175,18,1,0
BRDA:177,19,0,0
BRDA:177,19,1,0
BRDA:178,20,0,0
BRDA:178,20,1,0
BRDA:208,21,0,1
BRDA:208,21,1,0
BRDA:211,22,0,9
BRDA:211,22,1,0
BRDA:223,23,0,1
BRDA:223,23,1,3
BRDA:223,24,0,4
BRDA:223,24,1,1
BRDA:227,25,0,3
BRDA:227,25,1,1
BRDA:232,26,0,3
BRDA:232,26,1,1
BRDA:246,27,0,1
BRDA:246,27,1,1
BRDA:252,28,0,2
BRDA:252,28,1,0
BRDA:254,29,0,2
BRDA:254,29,1,0
BRDA:257,30,0,0
BRDA:257,30,1,2
BRF:60
BRH:36
end_of_record
TN:
SF:src\services\sessionService.js
FN:13,(anonymous_0)
FN:17,(anonymous_1)
FN:36,(anonymous_2)
FN:41,(anonymous_3)
FN:62,(anonymous_4)
FN:79,(anonymous_5)
FN:95,(anonymous_6)
FN:110,(anonymous_7)
FN:112,(anonymous_8)
FN:118,(anonymous_9)
FN:120,(anonymous_10)
FN:149,(anonymous_11)
FN:157,(anonymous_12)
FNF:13
FNH:6
FNDA:1,(anonymous_0)
FNDA:2,(anonymous_1)
FNDA:1,(anonymous_2)
FNDA:1,(anonymous_3)
FNDA:1,(anonymous_4)
FNDA:1,(anonymous_5)
FNDA:0,(anonymous_6)
FNDA:0,(anonymous_7)
FNDA:0,(anonymous_8)
FNDA:0,(anonymous_9)
FNDA:0,(anonymous_10)
FNDA:0,(anonymous_11)
FNDA:0,(anonymous_12)
DA:2,5
DA:3,5
DA:4,5
DA:5,5
DA:8,5
DA:9,5
DA:10,5
DA:13,5
DA:14,1
DA:17,5
DA:18,2
DA:20,2
DA:25,2
DA:26,0
DA:28,2
DA:31,2
DA:36,5
DA:37,1
DA:41,5
DA:42,1
DA:43,1
DA:45,1
DA:53,1
DA:55,1
DA:59,1
DA:62,5
DA:64,1
DA:66,1
DA:68,1
DA:69,0
DA:72,1
DA:74,1
DA:75,1
DA:79,5
DA:80,1
DA:85,1
DA:87,1
DA:92,1
DA:95,5
DA:96,0
DA:97,0
DA:99,0
DA:100,0
DA:102,0
DA:103,0
DA:105,0
DA:106,0
DA:107,0
DA:110,0
DA:111,0
DA:112,0
DA:113,0
DA:115,0
DA:118,0
DA:119,0
DA:120,0
DA:121,0
DA:123,0
DA:126,0
DA:127,0
DA:128,0
DA:130,0
DA:131,0
DA:133,0
DA:134,0
DA:136,0
DA:137,0
DA:139,0
DA:140,0
DA:143,0
DA:144,0
DA:149,5
DA:150,0
DA:151,0
DA:153,0
DA:154,0
DA:157,5
DA:158,0
DA:159,0
DA:160,0
DA:163,0
DA:164,0
DA:166,0
DA:167,0
DA:170,0
DA:174,5
LF:86
LH:40
BRDA:25,0,0,0
BRDA:25,0,1,2
BRDA:68,1,0,0
BRDA:68,1,1,1
BRDA:85,2,0,1
BRDA:85,2,1,0
BRDA:105,3,0,0
BRDA:105,3,1,0
BRDA:105,4,0,0
BRDA:105,4,1,0
BRDA:105,4,2,0
BRDA:105,4,3,0
BRDA:153,5,0,0
BRDA:153,5,1,0
BRDA:154,6,0,0
BRDA:154,6,1,0
BRDA:159,7,0,0
BRDA:159,7,1,0
BRDA:166,8,0,0
BRDA:166,8,1,0
BRF:20
BRH:3
end_of_record
TN:
SF:src\services\Analysis_services\cleaningDataServices.js
FN:7,callPythonCleaning
FN:8,(anonymous_1)
FN:22,(anonymous_2)
FN:28,(anonymous_3)
FN:34,(anonymous_4)
FN:51,cleanWithMean
FN:55,cleanWithMedian
FN:59,cleanWithForwardFill
FN:63,cleanWithBackwardFill
FNF:9
FNH:9
FNDA:6,callPythonCleaning
FNDA:6,(anonymous_1)
FNDA:5,(anonymous_2)
FNDA:1,(anonymous_3)
FNDA:6,(anonymous_4)
FNDA:3,cleanWithMean
FNDA:1,cleanWithMedian
FNDA:1,cleanWithForwardFill
FNDA:1,cleanWithBackwardFill
DA:1,3
DA:2,3
DA:4,3
DA:5,3
DA:8,6
DA:9,6
DA:19,6
DA:20,6
DA:22,6
DA:23,5
DA:24,5
DA:25,5
DA:28,6
DA:29,1
DA:30,1
DA:31,1
DA:34,6
DA:35,6
DA:36,1
DA:38,5
DA:39,5
DA:40,4
DA:42,1
DA:52,3
DA:56,1
DA:60,1
DA:64,1
DA:67,3
LF:28
LH:28
BRDA:35,0,0,1
BRDA:35,0,1,5
BRF:2
BRH:2
end_of_record
TN:
SF:src\services\Analysis_services\filteringDataServices.js
FN:7,callPythonFilter
FN:8,(anonymous_1)
FN:20,(anonymous_2)
FN:26,(anonymous_3)
FN:32,(anonymous_4)
FN:49,lowPassFilter
FN:53,highPassFilter
FN:57,notchFilter
FNF:8
FNH:8
FNDA:5,callPythonFilter
FNDA:5,(anonymous_1)
FNDA:4,(anonymous_2)
FNDA:1,(anonymous_3)
FNDA:5,(anonymous_4)
FNDA:3,lowPassFilter
FNDA:1,highPassFilter
FNDA:1,notchFilter
DA:1,3
DA:2,3
DA:4,3
DA:5,3
DA:8,5
DA:9,5
DA:17,5
DA:18,5
DA:20,5
DA:21,4
DA:22,4
DA:23,4
DA:26,5
DA:27,1
DA:28,1
DA:29,1
DA:32,5
DA:33,5
DA:34,1
DA:36,4
DA:37,4
DA:38,3
DA:40,1
DA:50,3
DA:54,1
DA:58,1
DA:62,3
LF:27
LH:27
BRDA:33,0,0,1
BRDA:33,0,1,4
BRF:2
BRH:2
end_of_record
TN:
SF:src\services\Analysis_services\normalizationDataServices.js
FN:7,callPythonNormalization
FN:8,(anonymous_1)
FN:19,(anonymous_2)
FN:25,(anonymous_3)
FN:31,(anonymous_4)
FN:46,minmaxNormalization
FN:50,standardNormalization
FNF:7
FNH:7
FNDA:4,callPythonNormalization
FNDA:4,(anonymous_1)
FNDA:3,(anonymous_2)
FNDA:1,(anonymous_3)
FNDA:4,(anonymous_4)
FNDA:2,minmaxNormalization
FNDA:2,standardNormalization
DA:1,3
DA:2,3
DA:4,3
DA:5,3
DA:8,4
DA:9,4
DA:16,4
DA:17,4
DA:19,4
DA:20,3
DA:21,3
DA:22,3
DA:25,4
DA:26,1
DA:27,1
DA:28,1
DA:31,4
DA:32,4
DA:33,1
DA:35,3
DA:36,3
DA:37,2
DA:39,1
DA:47,2
DA:51,2
DA:54,3
LF:26
LH:26
BRDA:32,0,0,1
BRDA:32,0,1,3
BRF:2
BRH:2
end_of_record
